#
# There is insufficient memory for the Java Runtime Environment to continue.
# Native memory allocation (malloc) failed to allocate 32744 bytes for Chunk::new
# Possible reasons:
#   The system is out of physical RAM or swap space
#   The process is running with CompressedOops enabled, and the Java Heap may be blocking the growth of the native heap
# Possible solutions:
#   Reduce memory load on the system
#   Increase physical memory or swap space
#   Check if swap backing store is full
#   Decrease Java heap size (-Xmx/-Xms)
#   Decrease number of Java threads
#   Decrease Java thread stack sizes (-Xss)
#   Set larger code cache with -XX:ReservedCodeCacheSize=
#   JVM is running with Unscaled Compressed Oops mode in which the Java heap is
#     placed in the first 4GB address space. The Java Heap base address is the
#     maximum limit for the native heap growth. Please use -XX:HeapBaseMinAddress
#     to set the Java Heap base and to place the Java Heap above 4GB virtual address.
# This output file may be truncated or incomplete.
#
#  Out of Memory Error (arena.cpp:184), pid=12740, tid=10936
#
# JRE version: Java(TM) SE Runtime Environment (19.0+36) (build 19+36-2238)
# Java VM: Java HotSpot(TM) 64-Bit Server VM (19+36-2238, mixed mode, sharing, tiered, compressed oops, compressed class ptrs, g1 gc, windows-amd64)
# No core dump will be written. Minidumps are not enabled by default on client versions of Windows
#

---------------  S U M M A R Y ------------

Command Line: -Dorg.gradle.appname=gradlew org.gradle.wrapper.GradleWrapperMain -q -Ptarget-platform=android-x86 -Ptarget=E:\ss\flutter\zflutter project\final_project\lib\main.dart -Pbase-application-name=android.app.Application -Pdart-defines=Zmx1dHRlci5pbnNwZWN0b3Iuc3RydWN0dXJlZEVycm9ycz10cnVl,RkxVVFRFUl9XRUJfQVVUT19ERVRFQ1Q9dHJ1ZQ==,RkxVVFRFUl9XRUJfQ0FOVkFTS0lUX1VSTD1odHRwczovL3d3dy5nc3RhdGljLmNvbS9mbHV0dGVyLWNhbnZhc2tpdC9iNGZiMTEyMTRkZDJkZGE2Y2UwMTJkZDk4ZWE0OThlOWU4YjkxMjYyLw== -Pdart-obfuscation=false -Ptrack-widget-creation=true -Ptree-shake-icons=false -Pfilesystem-scheme=org-dartlang-root assembleDebug

Host: Intel(R) Core(TM) i7-8565U CPU @ 1.80GHz, 8 cores, 7G,  Windows 10 , 64 bit Build 19041 (10.0.19041.3031)
Time: Thu Jun 29 20:34:33 2023 Egypt Daylight Time elapsed time: 16.583380 seconds (0d 0h 0m 16s)

---------------  T H R E A D  ---------------

Current thread (0x000002bd7836c8d0):  JavaThread "C1 CompilerThread0" daemon [_thread_in_native, id=10936, stack(0x000000d139900000,0x000000d139a00000)]


Current CompileTask:
C1:  16583 1306       3       jdk.internal.org.objectweb.asm.MethodWriter::computeAllFrames (510 bytes)

Stack: [0x000000d139900000,0x000000d139a00000]
Native frames: (J=compiled Java code, j=interpreted, Vv=VM code, C=native code)
V  [jvm.dll+0x6ee8fa]
V  [jvm.dll+0x857a1e]
V  [jvm.dll+0x85940e]
V  [jvm.dll+0x859ac3]
V  [jvm.dll+0x28291f]
V  [jvm.dll+0xc9b5f]
V  [jvm.dll+0xc9ee5]
V  [jvm.dll+0x1a8f8f]
V  [jvm.dll+0x1a7c1b]
V  [jvm.dll+0x161743]
V  [jvm.dll+0x161022]
V  [jvm.dll+0x161278]
V  [jvm.dll+0x1606d6]
V  [jvm.dll+0x1623cd]
V  [jvm.dll+0x25b0fa]
V  [jvm.dll+0x259588]
V  [jvm.dll+0x807928]
V  [jvm.dll+0x8015fa]
V  [jvm.dll+0x6ed5eb]
C  [ucrtbase.dll+0x21bb2]
C  [KERNEL32.DLL+0x17614]
C  [ntdll.dll+0x526f1]


---------------  P R O C E S S  ---------------

Threads class SMR info:
_java_thread_list=0x000002bd7d0b3430, length=15, elements={
0x000002bd57bd2060, 0x000002bd7832b9a0, 0x000002bd7832c4d0, 0x000002bd7832e280,
0x000002bd78330cc0, 0x000002bd783319c0, 0x000002bd78332800, 0x000002bd78341130,
0x000002bd7836c8d0, 0x000002bd7836e7e0, 0x000002bd7c6327f0, 0x000002bd7c631d50,
0x000002bd7c630d60, 0x000002bd7c630810, 0x000002bd7c6312b0
}

Java Threads: ( => current thread )
  0x000002bd57bd2060 JavaThread "main" [_thread_in_native, id=2868, stack(0x000000d138b00000,0x000000d138c00000)]
  0x000002bd7832b9a0 JavaThread "Reference Handler" daemon [_thread_blocked, id=5748, stack(0x000000d139200000,0x000000d139300000)]
  0x000002bd7832c4d0 JavaThread "Finalizer" daemon [_thread_blocked, id=8136, stack(0x000000d139300000,0x000000d139400000)]
  0x000002bd7832e280 JavaThread "Signal Dispatcher" daemon [_thread_blocked, id=4676, stack(0x000000d139400000,0x000000d139500000)]
  0x000002bd78330cc0 JavaThread "Attach Listener" daemon [_thread_blocked, id=12220, stack(0x000000d139500000,0x000000d139600000)]
  0x000002bd783319c0 JavaThread "Service Thread" daemon [_thread_blocked, id=2220, stack(0x000000d139600000,0x000000d139700000)]
  0x000002bd78332800 JavaThread "Monitor Deflation Thread" daemon [_thread_blocked, id=15060, stack(0x000000d139700000,0x000000d139800000)]
  0x000002bd78341130 JavaThread "C2 CompilerThread0" daemon [_thread_in_native, id=8184, stack(0x000000d139800000,0x000000d139900000)]
=>0x000002bd7836c8d0 JavaThread "C1 CompilerThread0" daemon [_thread_in_native, id=10936, stack(0x000000d139900000,0x000000d139a00000)]
  0x000002bd7836e7e0 JavaThread "Sweeper thread" daemon [_thread_blocked, id=7788, stack(0x000000d139a00000,0x000000d139b00000)]
  0x000002bd7c6327f0 JavaThread "Notification Thread" daemon [_thread_blocked, id=13104, stack(0x000000d139b00000,0x000000d139c00000)]
  0x000002bd7c631d50 JavaThread "Common-Cleaner" daemon [_thread_blocked, id=15928, stack(0x000000d139d00000,0x000000d139e00000)]
  0x000002bd7c630d60 JavaThread "pool-1-thread-1" [_thread_blocked, id=11524, stack(0x000000d139e00000,0x000000d139f00000)]
  0x000002bd7c630810 JavaThread "DisconnectableInputStream source reader" daemon [_thread_in_native, id=13568, stack(0x000000d13a500000,0x000000d13a600000)]
  0x000002bd7c6312b0 JavaThread "Forward input" [_thread_blocked, id=13112, stack(0x000000d13a600000,0x000000d13a700000)]

Other Threads:
  0x000002bd783145a0 VMThread "VM Thread" [stack: 0x000000d139100000,0x000000d139200000] [id=13948]
  0x000002bd7c635e20 WatcherThread "VM Periodic Task Thread" [stack: 0x000000d139c00000,0x000000d139d00000] [id=10116]
  0x000002bd57c31cf0 WorkerThread "GC Thread#0" [stack: 0x000000d138c00000,0x000000d138d00000] [id=6848]
  0x000002bd7ceb9a10 WorkerThread "GC Thread#1" [stack: 0x000000d139f00000,0x000000d13a000000] [id=15308]
  0x000002bd7ceb9020 WorkerThread "GC Thread#2" [stack: 0x000000d13a000000,0x000000d13a100000] [id=15736]
  0x000002bd7cfdbe60 WorkerThread "GC Thread#3" [stack: 0x000000d13a100000,0x000000d13a200000] [id=14896]
  0x000002bd7cfdbb90 WorkerThread "GC Thread#4" [stack: 0x000000d13a200000,0x000000d13a300000] [id=2888]
  0x000002bd7cfdb8c0 WorkerThread "GC Thread#5" [stack: 0x000000d13a300000,0x000000d13a400000] [id=12692]
  0x000002bd57c43800 ConcurrentGCThread "G1 Main Marker" [stack: 0x000000d138d00000,0x000000d138e00000] [id=6992]
  0x000002bd57c44bf0 WorkerThread "G1 Conc#0" [stack: 0x000000d138e00000,0x000000d138f00000] [id=13036]
  0x000002bd781ca570 ConcurrentGCThread "G1 Refine#0" [stack: 0x000000d138f00000,0x000000d139000000] [id=9360]
  0x000002bd781cad60 ConcurrentGCThread "G1 Service" [stack: 0x000000d139000000,0x000000d139100000] [id=7020]

Threads with active compile tasks:
C2 CompilerThread0    16600 1305       4       jdk.internal.org.objectweb.asm.Frame::execute (2305 bytes)
C1 CompilerThread0    16600 1306       3       jdk.internal.org.objectweb.asm.MethodWriter::computeAllFrames (510 bytes)

VM state: not at safepoint (normal execution)

VM Mutex/Monitor currently owned by a thread: None

Heap address: 0x0000000081e00000, size: 2018 MB, Compressed Oops mode: 32-bit

CDS archive(s) mapped at: [0x0000000800000000-0x0000000800c40000-0x0000000800c40000), size 12845056, SharedBaseAddress: 0x0000000800000000, ArchiveRelocationMode: 0.
Compressed class space mapped at: 0x0000000801000000-0x0000000841000000, reserved size: 1073741824
Narrow klass base: 0x0000000800000000, Narrow klass shift: 0, Narrow klass range: 0x100000000

GC Precious Log:
 CardTable entry size: 512
 Card Set container configuration: InlinePtr #cards 5 size 8 Array Of Cards #cards 12 size 40 Howl #buckets 4 coarsen threshold 1843 Howl Bitmap #cards 512 size 80 coarsen threshold 460 Card regions per heap region 1 cards per card region 2048
 CPUs: 8 total, 8 available
 Memory: 8068M
 Large Page Support: Disabled
 NUMA Support: Disabled
 Compressed Oops: Enabled (32-bit)
 Heap Region Size: 1M
 Heap Min Capacity: 8M
 Heap Initial Capacity: 128M
 Heap Max Capacity: 2018M
 Pre-touch: Disabled
 Parallel Workers: 8
 Concurrent Workers: 2
 Concurrent Refinement Workers: 8
 Periodic GC: Disabled

Heap:
 garbage-first heap   total 131072K, used 20564K [0x0000000081e00000, 0x0000000100000000)
  region size 1024K, 15 young (15360K), 3 survivors (3072K)
 Metaspace       used 8419K, committed 8704K, reserved 1114112K
  class space    used 1120K, committed 1280K, reserved 1048576K

Heap Regions: E=young(eden), S=young(survivor), O=old, HS=humongous(starts), HC=humongous(continues), CS=collection set, F=free, OA=open archive, CA=closed archive, TAMS=top-at-mark-start (previous, next)
|   0|0x0000000081e00000, 0x0000000081f00000, 0x0000000081f00000|100%|HS|  |TAMS 0x0000000081e00000, 0x0000000081e00000| Complete 
|   1|0x0000000081f00000, 0x0000000082000000, 0x0000000082000000|100%|HC|  |TAMS 0x0000000081f00000, 0x0000000081f00000| Complete 
|   2|0x0000000082000000, 0x0000000082100000, 0x0000000082100000|100%|HC|  |TAMS 0x0000000082000000, 0x0000000082000000| Complete 
|   3|0x0000000082100000, 0x0000000082200000, 0x0000000082200000|100%| O|  |TAMS 0x0000000082100000, 0x0000000082100000| Untracked 
|   4|0x0000000082200000, 0x0000000082300000, 0x0000000082300000|100%| O|  |TAMS 0x0000000082200000, 0x0000000082200000| Untracked 
|   5|0x0000000082300000, 0x0000000082400000, 0x0000000082400000|100%| O|  |TAMS 0x0000000082300000, 0x0000000082300000| Untracked 
|   6|0x0000000082400000, 0x0000000082415200, 0x0000000082500000|  8%| O|  |TAMS 0x0000000082400000, 0x0000000082400000| Untracked 
|   7|0x0000000082500000, 0x0000000082500000, 0x0000000082600000|  0%| F|  |TAMS 0x0000000082500000, 0x0000000082500000| Untracked 
|   8|0x0000000082600000, 0x0000000082600000, 0x0000000082700000|  0%| F|  |TAMS 0x0000000082600000, 0x0000000082600000| Untracked 
|   9|0x0000000082700000, 0x0000000082700000, 0x0000000082800000|  0%| F|  |TAMS 0x0000000082700000, 0x0000000082700000| Untracked 
|  10|0x0000000082800000, 0x0000000082800000, 0x0000000082900000|  0%| F|  |TAMS 0x0000000082800000, 0x0000000082800000| Untracked 
|  11|0x0000000082900000, 0x0000000082900000, 0x0000000082a00000|  0%| F|  |TAMS 0x0000000082900000, 0x0000000082900000| Untracked 
|  12|0x0000000082a00000, 0x0000000082a00000, 0x0000000082b00000|  0%| F|  |TAMS 0x0000000082a00000, 0x0000000082a00000| Untracked 
|  13|0x0000000082b00000, 0x0000000082b00000, 0x0000000082c00000|  0%| F|  |TAMS 0x0000000082b00000, 0x0000000082b00000| Untracked 
|  14|0x0000000082c00000, 0x0000000082c00000, 0x0000000082d00000|  0%| F|  |TAMS 0x0000000082c00000, 0x0000000082c00000| Untracked 
|  15|0x0000000082d00000, 0x0000000082d00000, 0x0000000082e00000|  0%| F|  |TAMS 0x0000000082d00000, 0x0000000082d00000| Untracked 
|  16|0x0000000082e00000, 0x0000000082e00000, 0x0000000082f00000|  0%| F|  |TAMS 0x0000000082e00000, 0x0000000082e00000| Untracked 
|  17|0x0000000082f00000, 0x0000000082f00000, 0x0000000083000000|  0%| F|  |TAMS 0x0000000082f00000, 0x0000000082f00000| Untracked 
|  18|0x0000000083000000, 0x0000000083000000, 0x0000000083100000|  0%| F|  |TAMS 0x0000000083000000, 0x0000000083000000| Untracked 
|  19|0x0000000083100000, 0x0000000083100000, 0x0000000083200000|  0%| F|  |TAMS 0x0000000083100000, 0x0000000083100000| Untracked 
|  20|0x0000000083200000, 0x0000000083200000, 0x0000000083300000|  0%| F|  |TAMS 0x0000000083200000, 0x0000000083200000| Untracked 
|  21|0x0000000083300000, 0x0000000083300000, 0x0000000083400000|  0%| F|  |TAMS 0x0000000083300000, 0x0000000083300000| Untracked 
|  22|0x0000000083400000, 0x0000000083400000, 0x0000000083500000|  0%| F|  |TAMS 0x0000000083400000, 0x0000000083400000| Untracked 
|  23|0x0000000083500000, 0x0000000083500000, 0x0000000083600000|  0%| F|  |TAMS 0x0000000083500000, 0x0000000083500000| Untracked 
|  24|0x0000000083600000, 0x0000000083600000, 0x0000000083700000|  0%| F|  |TAMS 0x0000000083600000, 0x0000000083600000| Untracked 
|  25|0x0000000083700000, 0x0000000083700000, 0x0000000083800000|  0%| F|  |TAMS 0x0000000083700000, 0x0000000083700000| Untracked 
|  26|0x0000000083800000, 0x0000000083800000, 0x0000000083900000|  0%| F|  |TAMS 0x0000000083800000, 0x0000000083800000| Untracked 
|  27|0x0000000083900000, 0x0000000083900000, 0x0000000083a00000|  0%| F|  |TAMS 0x0000000083900000, 0x0000000083900000| Untracked 
|  28|0x0000000083a00000, 0x0000000083a00000, 0x0000000083b00000|  0%| F|  |TAMS 0x0000000083a00000, 0x0000000083a00000| Untracked 
|  29|0x0000000083b00000, 0x0000000083b00000, 0x0000000083c00000|  0%| F|  |TAMS 0x0000000083b00000, 0x0000000083b00000| Untracked 
|  30|0x0000000083c00000, 0x0000000083c00000, 0x0000000083d00000|  0%| F|  |TAMS 0x0000000083c00000, 0x0000000083c00000| Untracked 
|  31|0x0000000083d00000, 0x0000000083d00000, 0x0000000083e00000|  0%| F|  |TAMS 0x0000000083d00000, 0x0000000083d00000| Untracked 
|  32|0x0000000083e00000, 0x0000000083e00000, 0x0000000083f00000|  0%| F|  |TAMS 0x0000000083e00000, 0x0000000083e00000| Untracked 
|  33|0x0000000083f00000, 0x0000000083f00000, 0x0000000084000000|  0%| F|  |TAMS 0x0000000083f00000, 0x0000000083f00000| Untracked 
|  34|0x0000000084000000, 0x0000000084000000, 0x0000000084100000|  0%| F|  |TAMS 0x0000000084000000, 0x0000000084000000| Untracked 
|  35|0x0000000084100000, 0x0000000084100000, 0x0000000084200000|  0%| F|  |TAMS 0x0000000084100000, 0x0000000084100000| Untracked 
|  36|0x0000000084200000, 0x0000000084200000, 0x0000000084300000|  0%| F|  |TAMS 0x0000000084200000, 0x0000000084200000| Untracked 
|  37|0x0000000084300000, 0x0000000084300000, 0x0000000084400000|  0%| F|  |TAMS 0x0000000084300000, 0x0000000084300000| Untracked 
|  38|0x0000000084400000, 0x0000000084400000, 0x0000000084500000|  0%| F|  |TAMS 0x0000000084400000, 0x0000000084400000| Untracked 
|  39|0x0000000084500000, 0x0000000084500000, 0x0000000084600000|  0%| F|  |TAMS 0x0000000084500000, 0x0000000084500000| Untracked 
|  40|0x0000000084600000, 0x0000000084600000, 0x0000000084700000|  0%| F|  |TAMS 0x0000000084600000, 0x0000000084600000| Untracked 
|  41|0x0000000084700000, 0x0000000084700000, 0x0000000084800000|  0%| F|  |TAMS 0x0000000084700000, 0x0000000084700000| Untracked 
|  42|0x0000000084800000, 0x0000000084800000, 0x0000000084900000|  0%| F|  |TAMS 0x0000000084800000, 0x0000000084800000| Untracked 
|  43|0x0000000084900000, 0x0000000084900000, 0x0000000084a00000|  0%| F|  |TAMS 0x0000000084900000, 0x0000000084900000| Untracked 
|  44|0x0000000084a00000, 0x0000000084a00000, 0x0000000084b00000|  0%| F|  |TAMS 0x0000000084a00000, 0x0000000084a00000| Untracked 
|  45|0x0000000084b00000, 0x0000000084b00000, 0x0000000084c00000|  0%| F|  |TAMS 0x0000000084b00000, 0x0000000084b00000| Untracked 
|  46|0x0000000084c00000, 0x0000000084c00000, 0x0000000084d00000|  0%| F|  |TAMS 0x0000000084c00000, 0x0000000084c00000| Untracked 
|  47|0x0000000084d00000, 0x0000000084d00000, 0x0000000084e00000|  0%| F|  |TAMS 0x0000000084d00000, 0x0000000084d00000| Untracked 
|  48|0x0000000084e00000, 0x0000000084e00000, 0x0000000084f00000|  0%| F|  |TAMS 0x0000000084e00000, 0x0000000084e00000| Untracked 
|  49|0x0000000084f00000, 0x0000000084f00000, 0x0000000085000000|  0%| F|  |TAMS 0x0000000084f00000, 0x0000000084f00000| Untracked 
|  50|0x0000000085000000, 0x0000000085000000, 0x0000000085100000|  0%| F|  |TAMS 0x0000000085000000, 0x0000000085000000| Untracked 
|  51|0x0000000085100000, 0x0000000085100000, 0x0000000085200000|  0%| F|  |TAMS 0x0000000085100000, 0x0000000085100000| Untracked 
|  52|0x0000000085200000, 0x0000000085200000, 0x0000000085300000|  0%| F|  |TAMS 0x0000000085200000, 0x0000000085200000| Untracked 
|  53|0x0000000085300000, 0x0000000085300000, 0x0000000085400000|  0%| F|  |TAMS 0x0000000085300000, 0x0000000085300000| Untracked 
|  54|0x0000000085400000, 0x0000000085400000, 0x0000000085500000|  0%| F|  |TAMS 0x0000000085400000, 0x0000000085400000| Untracked 
|  55|0x0000000085500000, 0x0000000085500000, 0x0000000085600000|  0%| F|  |TAMS 0x0000000085500000, 0x0000000085500000| Untracked 
|  56|0x0000000085600000, 0x0000000085600000, 0x0000000085700000|  0%| F|  |TAMS 0x0000000085600000, 0x0000000085600000| Untracked 
|  57|0x0000000085700000, 0x0000000085700000, 0x0000000085800000|  0%| F|  |TAMS 0x0000000085700000, 0x0000000085700000| Untracked 
|  58|0x0000000085800000, 0x0000000085800000, 0x0000000085900000|  0%| F|  |TAMS 0x0000000085800000, 0x0000000085800000| Untracked 
|  59|0x0000000085900000, 0x0000000085900000, 0x0000000085a00000|  0%| F|  |TAMS 0x0000000085900000, 0x0000000085900000| Untracked 
|  60|0x0000000085a00000, 0x0000000085a00000, 0x0000000085b00000|  0%| F|  |TAMS 0x0000000085a00000, 0x0000000085a00000| Untracked 
|  61|0x0000000085b00000, 0x0000000085b00000, 0x0000000085c00000|  0%| F|  |TAMS 0x0000000085b00000, 0x0000000085b00000| Untracked 
|  62|0x0000000085c00000, 0x0000000085c00000, 0x0000000085d00000|  0%| F|  |TAMS 0x0000000085c00000, 0x0000000085c00000| Untracked 
|  63|0x0000000085d00000, 0x0000000085d00000, 0x0000000085e00000|  0%| F|  |TAMS 0x0000000085d00000, 0x0000000085d00000| Untracked 
|  64|0x0000000085e00000, 0x0000000085e00000, 0x0000000085f00000|  0%| F|  |TAMS 0x0000000085e00000, 0x0000000085e00000| Untracked 
|  65|0x0000000085f00000, 0x0000000085f00000, 0x0000000086000000|  0%| F|  |TAMS 0x0000000085f00000, 0x0000000085f00000| Untracked 
|  66|0x0000000086000000, 0x0000000086000000, 0x0000000086100000|  0%| F|  |TAMS 0x0000000086000000, 0x0000000086000000| Untracked 
|  67|0x0000000086100000, 0x0000000086100000, 0x0000000086200000|  0%| F|  |TAMS 0x0000000086100000, 0x0000000086100000| Untracked 
|  68|0x0000000086200000, 0x0000000086200000, 0x0000000086300000|  0%| F|  |TAMS 0x0000000086200000, 0x0000000086200000| Untracked 
|  69|0x0000000086300000, 0x0000000086300000, 0x0000000086400000|  0%| F|  |TAMS 0x0000000086300000, 0x0000000086300000| Untracked 
|  70|0x0000000086400000, 0x0000000086400000, 0x0000000086500000|  0%| F|  |TAMS 0x0000000086400000, 0x0000000086400000| Untracked 
|  71|0x0000000086500000, 0x0000000086500000, 0x0000000086600000|  0%| F|  |TAMS 0x0000000086500000, 0x0000000086500000| Untracked 
|  72|0x0000000086600000, 0x0000000086600000, 0x0000000086700000|  0%| F|  |TAMS 0x0000000086600000, 0x0000000086600000| Untracked 
|  73|0x0000000086700000, 0x0000000086700000, 0x0000000086800000|  0%| F|  |TAMS 0x0000000086700000, 0x0000000086700000| Untracked 
|  74|0x0000000086800000, 0x0000000086800000, 0x0000000086900000|  0%| F|  |TAMS 0x0000000086800000, 0x0000000086800000| Untracked 
|  75|0x0000000086900000, 0x0000000086900000, 0x0000000086a00000|  0%| F|  |TAMS 0x0000000086900000, 0x0000000086900000| Untracked 
|  76|0x0000000086a00000, 0x0000000086a00000, 0x0000000086b00000|  0%| F|  |TAMS 0x0000000086a00000, 0x0000000086a00000| Untracked 
|  77|0x0000000086b00000, 0x0000000086b00000, 0x0000000086c00000|  0%| F|  |TAMS 0x0000000086b00000, 0x0000000086b00000| Untracked 
|  78|0x0000000086c00000, 0x0000000086c00000, 0x0000000086d00000|  0%| F|  |TAMS 0x0000000086c00000, 0x0000000086c00000| Untracked 
|  79|0x0000000086d00000, 0x0000000086d00000, 0x0000000086e00000|  0%| F|  |TAMS 0x0000000086d00000, 0x0000000086d00000| Untracked 
|  80|0x0000000086e00000, 0x0000000086e00000, 0x0000000086f00000|  0%| F|  |TAMS 0x0000000086e00000, 0x0000000086e00000| Untracked 
|  81|0x0000000086f00000, 0x0000000086f00000, 0x0000000087000000|  0%| F|  |TAMS 0x0000000086f00000, 0x0000000086f00000| Untracked 
|  82|0x0000000087000000, 0x0000000087000000, 0x0000000087100000|  0%| F|  |TAMS 0x0000000087000000, 0x0000000087000000| Untracked 
|  83|0x0000000087100000, 0x0000000087100000, 0x0000000087200000|  0%| F|  |TAMS 0x0000000087100000, 0x0000000087100000| Untracked 
|  84|0x0000000087200000, 0x0000000087200000, 0x0000000087300000|  0%| F|  |TAMS 0x0000000087200000, 0x0000000087200000| Untracked 
|  85|0x0000000087300000, 0x0000000087300000, 0x0000000087400000|  0%| F|  |TAMS 0x0000000087300000, 0x0000000087300000| Untracked 
|  86|0x0000000087400000, 0x0000000087400000, 0x0000000087500000|  0%| F|  |TAMS 0x0000000087400000, 0x0000000087400000| Untracked 
|  87|0x0000000087500000, 0x0000000087500000, 0x0000000087600000|  0%| F|  |TAMS 0x0000000087500000, 0x0000000087500000| Untracked 
|  88|0x0000000087600000, 0x0000000087600000, 0x0000000087700000|  0%| F|  |TAMS 0x0000000087600000, 0x0000000087600000| Untracked 
|  89|0x0000000087700000, 0x0000000087700000, 0x0000000087800000|  0%| F|  |TAMS 0x0000000087700000, 0x0000000087700000| Untracked 
|  90|0x0000000087800000, 0x0000000087800000, 0x0000000087900000|  0%| F|  |TAMS 0x0000000087800000, 0x0000000087800000| Untracked 
|  91|0x0000000087900000, 0x0000000087900000, 0x0000000087a00000|  0%| F|  |TAMS 0x0000000087900000, 0x0000000087900000| Untracked 
|  92|0x0000000087a00000, 0x0000000087a00000, 0x0000000087b00000|  0%| F|  |TAMS 0x0000000087a00000, 0x0000000087a00000| Untracked 
|  93|0x0000000087b00000, 0x0000000087b00000, 0x0000000087c00000|  0%| F|  |TAMS 0x0000000087b00000, 0x0000000087b00000| Untracked 
|  94|0x0000000087c00000, 0x0000000087c00000, 0x0000000087d00000|  0%| F|  |TAMS 0x0000000087c00000, 0x0000000087c00000| Untracked 
|  95|0x0000000087d00000, 0x0000000087d00000, 0x0000000087e00000|  0%| F|  |TAMS 0x0000000087d00000, 0x0000000087d00000| Untracked 
|  96|0x0000000087e00000, 0x0000000087e00000, 0x0000000087f00000|  0%| F|  |TAMS 0x0000000087e00000, 0x0000000087e00000| Untracked 
|  97|0x0000000087f00000, 0x0000000087f00000, 0x0000000088000000|  0%| F|  |TAMS 0x0000000087f00000, 0x0000000087f00000| Untracked 
|  98|0x0000000088000000, 0x0000000088000000, 0x0000000088100000|  0%| F|  |TAMS 0x0000000088000000, 0x0000000088000000| Untracked 
|  99|0x0000000088100000, 0x0000000088100000, 0x0000000088200000|  0%| F|  |TAMS 0x0000000088100000, 0x0000000088100000| Untracked 
| 100|0x0000000088200000, 0x0000000088200000, 0x0000000088300000|  0%| F|  |TAMS 0x0000000088200000, 0x0000000088200000| Untracked 
| 101|0x0000000088300000, 0x0000000088300000, 0x0000000088400000|  0%| F|  |TAMS 0x0000000088300000, 0x0000000088300000| Untracked 
| 102|0x0000000088400000, 0x0000000088500000, 0x0000000088500000|100%| S|CS|TAMS 0x0000000088400000, 0x0000000088400000| Complete 
| 103|0x0000000088500000, 0x0000000088600000, 0x0000000088600000|100%| S|CS|TAMS 0x0000000088500000, 0x0000000088500000| Complete 
| 104|0x0000000088600000, 0x0000000088700000, 0x0000000088700000|100%| S|CS|TAMS 0x0000000088600000, 0x0000000088600000| Complete 
| 105|0x0000000088700000, 0x0000000088700000, 0x0000000088800000|  0%| F|  |TAMS 0x0000000088700000, 0x0000000088700000| Untracked 
| 106|0x0000000088800000, 0x0000000088800000, 0x0000000088900000|  0%| F|  |TAMS 0x0000000088800000, 0x0000000088800000| Untracked 
| 107|0x0000000088900000, 0x0000000088900000, 0x0000000088a00000|  0%| F|  |TAMS 0x0000000088900000, 0x0000000088900000| Untracked 
| 108|0x0000000088a00000, 0x0000000088a00000, 0x0000000088b00000|  0%| F|  |TAMS 0x0000000088a00000, 0x0000000088a00000| Untracked 
| 109|0x0000000088b00000, 0x0000000088b00000, 0x0000000088c00000|  0%| F|  |TAMS 0x0000000088b00000, 0x0000000088b00000| Untracked 
| 110|0x0000000088c00000, 0x0000000088c00000, 0x0000000088d00000|  0%| F|  |TAMS 0x0000000088c00000, 0x0000000088c00000| Untracked 
| 111|0x0000000088d00000, 0x0000000088d00000, 0x0000000088e00000|  0%| F|  |TAMS 0x0000000088d00000, 0x0000000088d00000| Untracked 
| 112|0x0000000088e00000, 0x0000000088e00000, 0x0000000088f00000|  0%| F|  |TAMS 0x0000000088e00000, 0x0000000088e00000| Untracked 
| 113|0x0000000088f00000, 0x0000000088f00000, 0x0000000089000000|  0%| F|  |TAMS 0x0000000088f00000, 0x0000000088f00000| Untracked 
| 114|0x0000000089000000, 0x0000000089000000, 0x0000000089100000|  0%| F|  |TAMS 0x0000000089000000, 0x0000000089000000| Untracked 
| 115|0x0000000089100000, 0x0000000089100000, 0x0000000089200000|  0%| F|  |TAMS 0x0000000089100000, 0x0000000089100000| Untracked 
| 116|0x0000000089200000, 0x0000000089267370, 0x0000000089300000| 40%| E|  |TAMS 0x0000000089200000, 0x0000000089200000| Complete 
| 117|0x0000000089300000, 0x0000000089400000, 0x0000000089400000|100%| E|CS|TAMS 0x0000000089300000, 0x0000000089300000| Complete 
| 118|0x0000000089400000, 0x0000000089500000, 0x0000000089500000|100%| E|CS|TAMS 0x0000000089400000, 0x0000000089400000| Complete 
| 119|0x0000000089500000, 0x0000000089600000, 0x0000000089600000|100%| E|CS|TAMS 0x0000000089500000, 0x0000000089500000| Complete 
| 120|0x0000000089600000, 0x0000000089700000, 0x0000000089700000|100%| E|CS|TAMS 0x0000000089600000, 0x0000000089600000| Complete 
| 121|0x0000000089700000, 0x0000000089800000, 0x0000000089800000|100%| E|CS|TAMS 0x0000000089700000, 0x0000000089700000| Complete 
| 122|0x0000000089800000, 0x0000000089900000, 0x0000000089900000|100%| E|CS|TAMS 0x0000000089800000, 0x0000000089800000| Complete 
| 123|0x0000000089900000, 0x0000000089a00000, 0x0000000089a00000|100%| E|CS|TAMS 0x0000000089900000, 0x0000000089900000| Complete 
| 124|0x0000000089a00000, 0x0000000089b00000, 0x0000000089b00000|100%| E|CS|TAMS 0x0000000089a00000, 0x0000000089a00000| Complete 
| 125|0x0000000089b00000, 0x0000000089c00000, 0x0000000089c00000|100%| E|CS|TAMS 0x0000000089b00000, 0x0000000089b00000| Complete 
| 126|0x0000000089c00000, 0x0000000089d00000, 0x0000000089d00000|100%| E|CS|TAMS 0x0000000089c00000, 0x0000000089c00000| Complete 
| 127|0x0000000089d00000, 0x0000000089e00000, 0x0000000089e00000|100%| E|CS|TAMS 0x0000000089d00000, 0x0000000089d00000| Complete 

Card table byte_map: [0x000002bd71140000,0x000002bd71540000] _byte_map_base: 0x000002bd70d31000

Marking Bits (Prev, Next): (CMBitMap*) 0x000002bd57c320e0, (CMBitMap*) 0x000002bd57c32120
 Prev Bits: [0x000002bd71940000, 0x000002bd738c8000)
 Next Bits: [0x000002bd738d0000, 0x000002bd75858000)

Polling page: 0x000002bd57b20000

Metaspace:

Usage:
  Non-class:      7.13 MB used.
      Class:      1.09 MB used.
       Both:      8.22 MB used.

Virtual space:
  Non-class space:       64.00 MB reserved,       7.25 MB ( 11%) committed,  1 nodes.
      Class space:        1.00 GB reserved,       1.25 MB ( <1%) committed,  1 nodes.
             Both:        1.06 GB reserved,       8.50 MB ( <1%) committed. 

Chunk freelists:
   Non-Class:  414.00 KB
       Class:  2.64 MB
        Both:  3.04 MB

MaxMetaspaceSize: unlimited
CompressedClassSpaceSize: 1.00 GB
Initial GC threshold: 21.00 MB
Current GC threshold: 21.00 MB
CDS: on
MetaspaceReclaimPolicy: balanced
 - commit_granule_bytes: 65536.
 - commit_granule_words: 8192.
 - virtual_space_node_default_size: 8388608.
 - enlarge_chunks_in_place: 1.
 - new_chunks_are_fully_committed: 0.
 - uncommit_free_chunks: 1.
 - use_allocation_guard: 0.


Internal statistics:

num_allocs_failed_limit: 0.
num_arena_births: 206.
num_arena_deaths: 0.
num_vsnodes_births: 2.
num_vsnodes_deaths: 0.
num_space_committed: 136.
num_space_uncommitted: 0.
num_chunks_returned_to_freelist: 0.
num_chunks_taken_from_freelist: 451.
num_chunk_merges: 0.
num_chunk_splits: 274.
num_chunks_enlarged: 203.
num_inconsistent_stats: 0.

CodeHeap 'non-profiled nmethods': size=120000Kb used=452Kb max_used=452Kb free=119548Kb
 bounds [0x000002bd68db0000, 0x000002bd69020000, 0x000002bd702e0000]
CodeHeap 'profiled nmethods': size=120000Kb used=2310Kb max_used=2310Kb free=117689Kb
 bounds [0x000002bd612e0000, 0x000002bd61550000, 0x000002bd68810000]
CodeHeap 'non-nmethods': size=5760Kb used=1260Kb max_used=1278Kb free=4499Kb
 bounds [0x000002bd68810000, 0x000002bd68a80000, 0x000002bd68db0000]
 total_blobs=1780 nmethods=1304 adapters=387
 compilation: enabled
              stopped_count=0, restarted_count=0
 full_count=0

Compilation events (20 events):
Event: 13.631 Thread 0x000002bd7836c8d0 1295       3       org.gradle.internal.logging.console.AbstractUserInputRenderer::onOutput (70 bytes)
Event: 13.633 Thread 0x000002bd7836c8d0 nmethod 1295 0x000002bd6151bd90 code [0x000002bd6151c000, 0x000002bd6151cc88]
Event: 13.633 Thread 0x000002bd7836c8d0 1296       3       org.gradle.internal.logging.console.BuildLogLevelFilterRenderer::onOutput (53 bytes)
Event: 13.634 Thread 0x000002bd7836c8d0 nmethod 1296 0x000002bd6151ce90 code [0x000002bd6151d0a0, 0x000002bd6151d7b8]
Event: 15.324 Thread 0x000002bd7836c8d0 1297       3       java.util.concurrent.ScheduledThreadPoolExecutor$ScheduledFutureTask::getDelay (16 bytes)
Event: 15.324 Thread 0x000002bd7836c8d0 nmethod 1297 0x000002bd6151d990 code [0x000002bd6151db40, 0x000002bd6151dcc8]
Event: 15.433 Thread 0x000002bd7836c8d0 1298       3       java.lang.invoke.VarHandleGuards::guard_LLL_Z (86 bytes)
Event: 15.435 Thread 0x000002bd7836c8d0 nmethod 1298 0x000002bd6151dd90 code [0x000002bd6151e0c0, 0x000002bd6151fa98]
Event: 15.526 Thread 0x000002bd7836c8d0 1300       3       java.lang.Thread::isVirtual (5 bytes)
Event: 15.526 Thread 0x000002bd7836c8d0 nmethod 1300 0x000002bd61520210 code [0x000002bd615203c0, 0x000002bd615205d8]
Event: 16.223 Thread 0x000002bd7836c8d0 1301       3       java.lang.invoke.VarHandleReferences$FieldInstanceReadWrite::compareAndSet (48 bytes)
Event: 16.223 Thread 0x000002bd7836c8d0 nmethod 1301 0x000002bd61520690 code [0x000002bd61520900, 0x000002bd61521388]
Event: 16.581 Thread 0x000002bd7836c8d0 1302       1       org.gradle.internal.dispatch.MethodInvocation::getMethod (5 bytes)
Event: 16.581 Thread 0x000002bd7836c8d0 nmethod 1302 0x000002bd68e20a10 code [0x000002bd68e20ba0, 0x000002bd68e20c58]
Event: 16.581 Thread 0x000002bd7836c8d0 1303       1       org.gradle.internal.dispatch.MethodInvocation::getArguments (5 bytes)
Event: 16.581 Thread 0x000002bd7836c8d0 nmethod 1303 0x000002bd68e20d10 code [0x000002bd68e20ea0, 0x000002bd68e20f58]
Event: 16.581 Thread 0x000002bd7836c8d0 1304       3       java.lang.invoke.MethodHandleNatives::refKindIsGetter (32 bytes)
Event: 16.581 Thread 0x000002bd78341130 1305       4       jdk.internal.org.objectweb.asm.Frame::execute (2305 bytes)
Event: 16.581 Thread 0x000002bd7836c8d0 nmethod 1304 0x000002bd61521790 code [0x000002bd61521920, 0x000002bd61521a78]
Event: 16.581 Thread 0x000002bd7836c8d0 1306       3       jdk.internal.org.objectweb.asm.MethodWriter::computeAllFrames (510 bytes)

GC Heap History (2 events):
Event: 0.436 GC heap before
{Heap before GC invocations=0 (full 0):
 garbage-first heap   total 131072K, used 25600K [0x0000000081e00000, 0x0000000100000000)
  region size 1024K, 23 young (23552K), 0 survivors (0K)
 Metaspace       used 4451K, committed 4672K, reserved 1114112K
  class space    used 576K, committed 704K, reserved 1048576K
}
Event: 0.441 GC heap after
{Heap after GC invocations=1 (full 0):
 garbage-first heap   total 131072K, used 9300K [0x0000000081e00000, 0x0000000100000000)
  region size 1024K, 3 young (3072K), 3 survivors (3072K)
 Metaspace       used 4451K, committed 4672K, reserved 1114112K
  class space    used 576K, committed 704K, reserved 1048576K
}

Dll operation events (12 events):
Event: 0.007 Loaded shared library C:\Program Files\Java\jdk-19\bin\java.dll
Event: 0.016 Loaded shared library C:\Program Files\Java\jdk-19\bin\jsvml.dll
Event: 0.040 Loaded shared library C:\Program Files\Java\jdk-19\bin\net.dll
Event: 0.041 Loaded shared library C:\Program Files\Java\jdk-19\bin\nio.dll
Event: 0.043 Loaded shared library C:\Program Files\Java\jdk-19\bin\zip.dll
Event: 0.045 Loaded shared library C:\Program Files\Java\jdk-19\bin\verify.dll
Event: 0.067 Loaded shared library C:\Program Files\Java\jdk-19\bin\jimage.dll
Event: 0.404 Loaded shared library C:\Users\User\.gradle\native\68d5fa5c4cc2d200863cafc0d521ce42e7d3e7ee720ec0a83991735586a16f82\windows-amd64\native-platform.dll
Event: 0.496 Loaded shared library C:\Program Files\Java\jdk-19\bin\management.dll
Event: 0.497 Loaded shared library C:\Program Files\Java\jdk-19\bin\management_ext.dll
Event: 0.710 Loaded shared library C:\Program Files\Java\jdk-19\bin\extnet.dll
Event: 0.778 Loaded shared library C:\Program Files\Java\jdk-19\bin\sunmscapi.dll

Deoptimization events (20 events):
Event: 0.535 Thread 0x000002bd57bd2060 DEOPT PACKING pc=0x000002bd613504d7 sp=0x000000d138bfb630
Event: 0.535 Thread 0x000002bd57bd2060 DEOPT UNPACKING pc=0x000002bd68877543 sp=0x000000d138bfaab0 mode 0
Event: 0.538 Thread 0x000002bd57bd2060 DEOPT PACKING pc=0x000002bd613c8421 sp=0x000000d138bfb5e0
Event: 0.538 Thread 0x000002bd57bd2060 DEOPT UNPACKING pc=0x000002bd68877543 sp=0x000000d138bfaae8 mode 0
Event: 0.569 Thread 0x000002bd57bd2060 Uncommon trap: trap_request=0xffffffc6 fr.pc=0x000002bd68e05aa8 relative=0x00000000000002e8
Event: 0.569 Thread 0x000002bd57bd2060 Uncommon trap: reason=bimorphic_or_optimized_type_check action=maybe_recompile pc=0x000002bd68e05aa8 method=java.util.concurrent.ConcurrentHashMap.get(Ljava/lang/Object;)Ljava/lang/Object; @ 149 c2
Event: 0.569 Thread 0x000002bd57bd2060 DEOPT PACKING pc=0x000002bd68e05aa8 sp=0x000000d138bfcda0
Event: 0.569 Thread 0x000002bd57bd2060 DEOPT UNPACKING pc=0x000002bd68876da3 sp=0x000000d138bfcd10 mode 2
Event: 0.592 Thread 0x000002bd57bd2060 Uncommon trap: trap_request=0xffffff45 fr.pc=0x000002bd68dfb2d4 relative=0x00000000000016f4
Event: 0.592 Thread 0x000002bd57bd2060 Uncommon trap: reason=unstable_if action=reinterpret pc=0x000002bd68dfb2d4 method=java.io.WinNTFileSystem.normalize(Ljava/lang/String;)Ljava/lang/String; @ 128 c2
Event: 0.592 Thread 0x000002bd57bd2060 DEOPT PACKING pc=0x000002bd68dfb2d4 sp=0x000000d138bfcd80
Event: 0.592 Thread 0x000002bd57bd2060 DEOPT UNPACKING pc=0x000002bd68876da3 sp=0x000000d138bfcd58 mode 2
Event: 0.737 Thread 0x000002bd57bd2060 Uncommon trap: trap_request=0xffffff45 fr.pc=0x000002bd68deb59c relative=0x000000000000055c
Event: 0.737 Thread 0x000002bd57bd2060 Uncommon trap: reason=unstable_if action=reinterpret pc=0x000002bd68deb59c method=java.lang.AbstractStringBuilder.append(Ljava/lang/String;)Ljava/lang/AbstractStringBuilder; @ 1 c2
Event: 0.737 Thread 0x000002bd57bd2060 DEOPT PACKING pc=0x000002bd68deb59c sp=0x000000d138bfdac0
Event: 0.737 Thread 0x000002bd57bd2060 DEOPT UNPACKING pc=0x000002bd68876da3 sp=0x000000d138bfda40 mode 2
Event: 0.737 Thread 0x000002bd57bd2060 Uncommon trap: trap_request=0xffffff45 fr.pc=0x000002bd68de5c94 relative=0x0000000000000554
Event: 0.737 Thread 0x000002bd57bd2060 Uncommon trap: reason=unstable_if action=reinterpret pc=0x000002bd68de5c94 method=java.lang.AbstractStringBuilder.append(Ljava/lang/String;)Ljava/lang/AbstractStringBuilder; @ 1 c2
Event: 0.737 Thread 0x000002bd57bd2060 DEOPT PACKING pc=0x000002bd68de5c94 sp=0x000000d138bfda50
Event: 0.737 Thread 0x000002bd57bd2060 DEOPT UNPACKING pc=0x000002bd68876da3 sp=0x000000d138bfda38 mode 2

Classes loaded (20 events):
Event: 8.192 Loading class jdk/internal/logger/LazyLoggers$1
Event: 8.192 Loading class jdk/internal/logger/LazyLoggers$1 done
Event: 8.192 Loading class jdk/internal/logger/LazyLoggers$LazyLoggerFactories
Event: 8.192 Loading class jdk/internal/logger/LazyLoggers$LazyLoggerFactories done
Event: 8.193 Loading class jdk/internal/logger/LoggerFinderLoader
Event: 8.193 Loading class jdk/internal/logger/LoggerFinderLoader done
Event: 8.194 Loading class sun/util/logging/internal/LoggingProviderImpl$JULWrapper
Event: 8.194 Loading class sun/util/logging/PlatformLogger$ConfigurableBridge$LoggerConfiguration
Event: 8.194 Loading class sun/util/logging/PlatformLogger$ConfigurableBridge$LoggerConfiguration done
Event: 8.194 Loading class sun/util/logging/internal/LoggingProviderImpl$JULWrapper done
Event: 8.195 Loading class java/io/ObjectInputFilter$Config$BuiltinFilterFactory
Event: 8.195 Loading class java/io/ObjectInputFilter$Config$BuiltinFilterFactory done
Event: 8.195 Loading class jdk/internal/access/JavaObjectInputFilterAccess
Event: 8.195 Loading class jdk/internal/access/JavaObjectInputFilterAccess done
Event: 8.195 Loading class java/lang/System$Logger$Level
Event: 8.196 Loading class java/lang/System$Logger$Level done
Event: 8.196 Loading class java/io/Bits
Event: 8.196 Loading class java/io/Bits done
Event: 16.581 Loading class java/lang/invoke/MethodHandle$1
Event: 16.581 Loading class java/lang/invoke/MethodHandle$1 done

Classes unloaded (0 events):
No events

Classes redefined (0 events):
No events

Internal exceptions (20 events):
Event: 0.106 Thread 0x000002bd57bd2060 Exception <a 'java/lang/NoSuchMethodError'{0x0000000089a7b760}: 'void java.lang.invoke.DirectMethodHandle$Holder.invokeStatic(java.lang.Object, java.lang.Object, java.lang.Object)'> (0x0000000089a7b760) 
thrown [s\open\src\hotspot\share\interpreter\linkResolver.cpp, line 774]
Event: 0.108 Thread 0x000002bd57bd2060 Exception <a 'java/lang/NoSuchMethodError'{0x0000000089a8ec48}: 'java.lang.Object java.lang.invoke.Invokers$Holder.invokeExact_MT(java.lang.Object, java.lang.Object, java.lang.Object, java.lang.Object, java.lang.Object)'> (0x0000000089a8ec48) 
thrown [s\open\src\hotspot\share\interpreter\linkResolver.cpp, line 774]
Event: 0.112 Thread 0x000002bd57bd2060 Exception <a 'java/lang/NoSuchMethodError'{0x0000000089abc3f8}: 'int java.lang.invoke.DirectMethodHandle$Holder.invokeStaticInit(java.lang.Object, java.lang.Object)'> (0x0000000089abc3f8) 
thrown [s\open\src\hotspot\share\interpreter\linkResolver.cpp, line 774]
Event: 0.380 Thread 0x000002bd57bd2060 Exception <a 'java/lang/NoSuchMethodError'{0x0000000088ac26e0}: 'void java.lang.invoke.DirectMethodHandle$Holder.invokeInterface(java.lang.Object, java.lang.Object, java.lang.Object)'> (0x0000000088ac26e0) 
thrown [s\open\src\hotspot\share\interpreter\linkResolver.cpp, line 774]
Event: 0.385 Thread 0x000002bd57bd2060 Exception <a 'java/lang/NoClassDefFoundError'{0x000000008890df40}: org/slf4j/impl/StaticMarkerBinder> (0x000000008890df40) 
thrown [s\open\src\hotspot\share\classfile\systemDictionary.cpp, line 244]
Event: 0.393 Thread 0x000002bd57bd2060 Exception <a 'java/lang/NoSuchMethodError'{0x0000000088996098}: 'java.lang.Object java.lang.invoke.DirectMethodHandle$Holder.invokeVirtual(java.lang.Object, java.lang.Object, java.lang.Object, java.lang.Object, java.lang.Object, java.lang.Object, java.lang.Object)'> (0x0000000088996098) 
thrown [s\open\src\hotspot\share\interpreter\linkResolver.cpp, line 774]
Event: 0.394 Thread 0x000002bd57bd2060 Exception <a 'java/lang/NoSuchMethodError'{0x00000000889a9d20}: 'java.lang.Object java.lang.invoke.DirectMethodHandle$Holder.invokeStatic(java.lang.Object, java.lang.Object, int)'> (0x00000000889a9d20) 
thrown [s\open\src\hotspot\share\interpreter\linkResolver.cpp, line 774]
Event: 0.395 Thread 0x000002bd57bd2060 Exception <a 'java/lang/NoSuchMethodError'{0x00000000889b5a48}: 'void java.lang.invoke.DelegatingMethodHandle$Holder.delegate(java.lang.Object, java.lang.Object, int, java.lang.Object)'> (0x00000000889b5a48) 
thrown [s\open\src\hotspot\share\interpreter\linkResolver.cpp, line 774]
Event: 0.395 Thread 0x000002bd57bd2060 Exception <a 'java/lang/NoSuchMethodError'{0x00000000889b9ba8}: 'int java.lang.invoke.DirectMethodHandle$Holder.invokeSpecial(java.lang.Object, java.lang.Object, java.lang.Object)'> (0x00000000889b9ba8) 
thrown [s\open\src\hotspot\share\interpreter\linkResolver.cpp, line 774]
Event: 0.408 Thread 0x000002bd57bd2060 Exception <a 'java/lang/NoSuchMethodError'{0x0000000088852600}: 'java.lang.Object java.lang.invoke.DirectMethodHandle$Holder.invokeVirtual(java.lang.Object, java.lang.Object, java.lang.Object)'> (0x0000000088852600) 
thrown [s\open\src\hotspot\share\interpreter\linkResolver.cpp, line 774]
Event: 0.453 Thread 0x000002bd57bd2060 Exception <a 'java/lang/NoSuchMethodError'{0x0000000089c0fbc0}: 'java.lang.Object java.lang.invoke.DirectMethodHandle$Holder.invokeVirtual(java.lang.Object, java.lang.Object, java.lang.Object, java.lang.Object)'> (0x0000000089c0fbc0) 
thrown [s\open\src\hotspot\share\interpreter\linkResolver.cpp, line 774]
Event: 0.462 Thread 0x000002bd57bd2060 Exception <a 'java/lang/NoSuchMethodError'{0x0000000089c9a6e8}: 'java.lang.Object java.lang.invoke.DirectMethodHandle$Holder.invokeVirtual(java.lang.Object, java.lang.Object, java.lang.Object, java.lang.Object, java.lang.Object, java.lang.Object)'> (0x0000000089c9a6e8) 
thrown [s\open\src\hotspot\share\interpreter\linkResolver.cpp, line 774]
Event: 0.495 Thread 0x000002bd57bd2060 Exception <a 'java/lang/NoSuchMethodError'{0x0000000089adf870}: 'java.lang.Object java.lang.invoke.DirectMethodHandle$Holder.invokeStaticInit(java.lang.Object)'> (0x0000000089adf870) 
thrown [s\open\src\hotspot\share\interpreter\linkResolver.cpp, line 774]
Event: 0.519 Thread 0x000002bd57bd2060 Exception <a 'java/lang/NoSuchMethodError'{0x00000000898255a8}: 'java.lang.Object java.lang.invoke.DirectMethodHandle$Holder.invokeVirtual(java.lang.Object, java.lang.Object, java.lang.Object, java.lang.Object, java.lang.Object)'> (0x00000000898255a8) 
thrown [s\open\src\hotspot\share\interpreter\linkResolver.cpp, line 774]
Event: 0.520 Thread 0x000002bd57bd2060 Exception <a 'java/lang/NoSuchMethodError'{0x0000000089839538}: 'java.lang.Object java.lang.invoke.Invokers$Holder.invokeExact_MT(java.lang.Object, java.lang.Object, java.lang.Object, java.lang.Object, java.lang.Object, java.lang.Object)'> (0x0000000089839538) 
thrown [s\open\src\hotspot\share\interpreter\linkResolver.cpp, line 774]
Event: 0.544 Thread 0x000002bd57bd2060 Exception <a 'java/lang/NoSuchMethodError'{0x0000000089601d50}: 'java.lang.Object java.lang.invoke.DirectMethodHandle$Holder.invokeVirtual(java.lang.Object, java.lang.Object, java.lang.Object, java.lang.Object, java.lang.Object, java.lang.Object, java.lang.Object, java.lang.Object)'> (0x0000000089601d50) 
thrown [s\open\src\hotspot\share\interpreter\linkResolver.cpp, line 774]
Event: 0.565 Thread 0x000002bd57bd2060 Exception <a 'java/lang/NoSuchMethodError'{0x0000000089529238}: 'java.lang.Object java.lang.invoke.DirectMethodHandle$Holder.invokeStaticInit(java.lang.Object, int, int, int, int)'> (0x0000000089529238) 
thrown [s\open\src\hotspot\share\interpreter\linkResolver.cpp, line 774]
Event: 0.596 Thread 0x000002bd57bd2060 Exception <a 'java/lang/NoSuchMethodError'{0x0000000089545e60}: 'java.lang.Object java.lang.invoke.DirectMethodHandle$Holder.invokeStaticInit(java.lang.Object, java.lang.Object, int, int, int, int)'> (0x0000000089545e60) 
thrown [s\open\src\hotspot\share\interpreter\linkResolver.cpp, line 774]
Event: 0.737 Thread 0x000002bd57bd2060 Implicit null exception at 0x000002bd68deb072 to 0x000002bd68deb584
Event: 0.737 Thread 0x000002bd57bd2060 Implicit null exception at 0x000002bd68de5772 to 0x000002bd68de5c7c

VM Operations (20 events):
Event: 0.044 Executing VM operation: HandshakeAllThreads
Event: 0.044 Executing VM operation: HandshakeAllThreads done
Event: 0.323 Executing VM operation: HandshakeAllThreads
Event: 0.323 Executing VM operation: HandshakeAllThreads done
Event: 0.394 Executing VM operation: HandshakeAllThreads
Event: 0.394 Executing VM operation: HandshakeAllThreads done
Event: 0.436 Executing VM operation: G1CollectForAllocation
Event: 0.441 Executing VM operation: G1CollectForAllocation done
Event: 0.446 Executing VM operation: HandshakeAllThreads
Event: 0.446 Executing VM operation: HandshakeAllThreads done
Event: 0.535 Executing VM operation: HandshakeAllThreads
Event: 0.535 Executing VM operation: HandshakeAllThreads done
Event: 0.594 Executing VM operation: HandshakeAllThreads
Event: 0.594 Executing VM operation: HandshakeAllThreads done
Event: 1.599 Executing VM operation: Cleanup
Event: 1.599 Executing VM operation: Cleanup done
Event: 7.655 Executing VM operation: Cleanup
Event: 7.655 Executing VM operation: Cleanup done
Event: 14.718 Executing VM operation: Cleanup
Event: 14.718 Executing VM operation: Cleanup done

Events (15 events):
Event: 0.016 Thread 0x000002bd57bd2060 Thread added: 0x000002bd57bd2060
Event: 0.024 Thread 0x000002bd7832b9a0 Thread added: 0x000002bd7832b9a0
Event: 0.024 Thread 0x000002bd7832c4d0 Thread added: 0x000002bd7832c4d0
Event: 0.024 Thread 0x000002bd7832e280 Thread added: 0x000002bd7832e280
Event: 0.024 Thread 0x000002bd78330cc0 Thread added: 0x000002bd78330cc0
Event: 0.024 Thread 0x000002bd783319c0 Thread added: 0x000002bd783319c0
Event: 0.024 Thread 0x000002bd78332800 Thread added: 0x000002bd78332800
Event: 0.024 Thread 0x000002bd78341130 Thread added: 0x000002bd78341130
Event: 0.024 Thread 0x000002bd7836c8d0 Thread added: 0x000002bd7836c8d0
Event: 0.024 Thread 0x000002bd7836e7e0 Thread added: 0x000002bd7836e7e0
Event: 0.036 Thread 0x000002bd7c6327f0 Thread added: 0x000002bd7c6327f0
Event: 0.038 Thread 0x000002bd7c631d50 Thread added: 0x000002bd7c631d50
Event: 0.420 Thread 0x000002bd7c630d60 Thread added: 0x000002bd7c630d60
Event: 0.966 Thread 0x000002bd7c630810 Thread added: 0x000002bd7c630810
Event: 0.968 Thread 0x000002bd7c6312b0 Thread added: 0x000002bd7c6312b0


Dynamic libraries:
0x00007ff69aec0000 - 0x00007ff69aed0000 	C:\Program Files\Java\jdk-19\bin\java.exe
0x00007ffba99d0000 - 0x00007ffba9bc8000 	C:\Windows\SYSTEM32\ntdll.dll
0x00007ffba94d0000 - 0x00007ffba958f000 	C:\Windows\System32\KERNEL32.DLL
0x00007ffba7690000 - 0x00007ffba7986000 	C:\Windows\System32\KERNELBASE.dll
0x00007ffba7260000 - 0x00007ffba7360000 	C:\Windows\System32\ucrtbase.dll
0x00007ffb91c80000 - 0x00007ffb91c9b000 	C:\Program Files\Java\jdk-19\bin\VCRUNTIME140.dll
0x00007ffb91ca0000 - 0x00007ffb91cb8000 	C:\Program Files\Java\jdk-19\bin\jli.dll
0x00007ffba9040000 - 0x00007ffba90ef000 	C:\Windows\System32\ADVAPI32.dll
0x00007ffba98f0000 - 0x00007ffba998e000 	C:\Windows\System32\msvcrt.dll
0x00007ffba8900000 - 0x00007ffba899c000 	C:\Windows\System32\sechost.dll
0x00007ffba8b70000 - 0x00007ffba8c96000 	C:\Windows\System32\RPCRT4.dll
0x00007ffba7a30000 - 0x00007ffba7bcd000 	C:\Windows\System32\USER32.dll
0x00007ffba7360000 - 0x00007ffba7382000 	C:\Windows\System32\win32u.dll
0x00007ffba8180000 - 0x00007ffba81ac000 	C:\Windows\System32\GDI32.dll
0x00007ffb90e20000 - 0x00007ffb910ba000 	C:\Windows\WinSxS\amd64_microsoft.windows.common-controls_6595b64144ccf1df_6.0.19041.1110_none_60b5254171f9507e\COMCTL32.dll
0x00007ffba7140000 - 0x00007ffba7255000 	C:\Windows\System32\gdi32full.dll
0x00007ffba7990000 - 0x00007ffba7a2d000 	C:\Windows\System32\msvcp_win.dll
0x00007ffba6c30000 - 0x00007ffba6c3a000 	C:\Windows\SYSTEM32\VERSION.dll
0x00007ffba9010000 - 0x00007ffba9040000 	C:\Windows\System32\IMM32.DLL
0x000000006dfd0000 - 0x000000006dfdc000 	C:\Program Files (x86)\360\Total Security\safemon\SafeWrapper.dll
0x00007ffb72050000 - 0x00007ffb720e2000 	C:\Program Files (x86)\360\Total Security\safemon\libzdtp64.dll
0x00007ffba81b0000 - 0x00007ffba88f4000 	C:\Windows\System32\SHELL32.dll
0x00007ffba8fa0000 - 0x00007ffba8ff5000 	C:\Windows\System32\SHLWAPI.dll
0x00007ffba1e20000 - 0x00007ffba1e2c000 	C:\Program Files\Java\jdk-19\bin\vcruntime140_1.dll
0x00007ffb71fc0000 - 0x00007ffb7204e000 	C:\Program Files\Java\jdk-19\bin\msvcp140.dll
0x00007ffb67be0000 - 0x00007ffb688a0000 	C:\Program Files\Java\jdk-19\bin\server\jvm.dll
0x00007ffba42e0000 - 0x00007ffba4307000 	C:\Windows\SYSTEM32\WINMM.dll
0x00007ffb8bf90000 - 0x00007ffb8bf99000 	C:\Windows\SYSTEM32\WSOCK32.dll
0x00007ffba7bd0000 - 0x00007ffba7c3b000 	C:\Windows\System32\WS2_32.dll
0x00007ffba5880000 - 0x00007ffba5892000 	C:\Windows\SYSTEM32\kernel.appcore.dll
0x00007ffba1d00000 - 0x00007ffba1d0a000 	C:\Program Files\Java\jdk-19\bin\jimage.dll
0x00007ffba55a0000 - 0x00007ffba5784000 	C:\Windows\SYSTEM32\DBGHELP.DLL
0x00007ffba42a0000 - 0x00007ffba42d4000 	C:\Windows\SYSTEM32\dbgcore.DLL
0x00007ffba70b0000 - 0x00007ffba7132000 	C:\Windows\System32\bcryptPrimitives.dll
0x00007ffb86500000 - 0x00007ffb86526000 	C:\Program Files\Java\jdk-19\bin\java.dll
0x00007ffb70be0000 - 0x00007ffb70cb7000 	C:\Program Files\Java\jdk-19\bin\jsvml.dll
0x00007ffba4e00000 - 0x00007ffba5593000 	C:\Windows\SYSTEM32\windows.storage.dll
0x00007ffba9590000 - 0x00007ffba98e4000 	C:\Windows\System32\combase.dll
0x00007ffba6a90000 - 0x00007ffba6abe000 	C:\Windows\SYSTEM32\Wldp.dll
0x00007ffba9220000 - 0x00007ffba92cd000 	C:\Windows\System32\SHCORE.dll
0x00007ffba6ff0000 - 0x00007ffba700f000 	C:\Windows\SYSTEM32\profapi.dll
0x00007ffb864e0000 - 0x00007ffb864f3000 	C:\Program Files\Java\jdk-19\bin\net.dll
0x00007ffb9edb0000 - 0x00007ffb9eeba000 	C:\Windows\SYSTEM32\WINHTTP.dll
0x00007ffba67f0000 - 0x00007ffba685a000 	C:\Windows\system32\mswsock.dll
0x00007ffb864c0000 - 0x00007ffb864d6000 	C:\Program Files\Java\jdk-19\bin\nio.dll
0x00007ffb83090000 - 0x00007ffb830a8000 	C:\Program Files\Java\jdk-19\bin\zip.dll
0x00007ffb9b370000 - 0x00007ffb9b380000 	C:\Program Files\Java\jdk-19\bin\verify.dll
0x00007ffb83060000 - 0x00007ffb83087000 	C:\Users\User\.gradle\native\68d5fa5c4cc2d200863cafc0d521ce42e7d3e7ee720ec0a83991735586a16f82\windows-amd64\native-platform.dll
0x00007ffb92e40000 - 0x00007ffb92e4a000 	C:\Program Files\Java\jdk-19\bin\management.dll
0x00007ffb92660000 - 0x00007ffb9266b000 	C:\Program Files\Java\jdk-19\bin\management_ext.dll
0x00007ffba8dc0000 - 0x00007ffba8dc8000 	C:\Windows\System32\PSAPI.DLL
0x00007ffba69e0000 - 0x00007ffba69f8000 	C:\Windows\SYSTEM32\CRYPTSP.dll
0x00007ffba60a0000 - 0x00007ffba60d4000 	C:\Windows\system32\rsaenh.dll
0x00007ffba7400000 - 0x00007ffba7427000 	C:\Windows\System32\bcrypt.dll
0x00007ffba6fb0000 - 0x00007ffba6fde000 	C:\Windows\SYSTEM32\USERENV.dll
0x00007ffba6a00000 - 0x00007ffba6a0c000 	C:\Windows\SYSTEM32\CRYPTBASE.dll
0x00007ffba6490000 - 0x00007ffba64cc000 	C:\Windows\SYSTEM32\IPHLPAPI.DLL
0x00007ffba9000000 - 0x00007ffba9008000 	C:\Windows\System32\NSI.dll
0x00007ffb9f7b0000 - 0x00007ffb9f7c7000 	C:\Windows\SYSTEM32\dhcpcsvc6.DLL
0x00007ffb9f9b0000 - 0x00007ffb9f9cd000 	C:\Windows\SYSTEM32\dhcpcsvc.DLL
0x00007ffba64e0000 - 0x00007ffba65aa000 	C:\Windows\SYSTEM32\DNSAPI.dll
0x00007ffb91c70000 - 0x00007ffb91c78000 	C:\Program Files\Java\jdk-19\bin\extnet.dll
0x00007ffb8f5d0000 - 0x00007ffb8f5de000 	C:\Program Files\Java\jdk-19\bin\sunmscapi.dll
0x00007ffba7530000 - 0x00007ffba768e000 	C:\Windows\System32\CRYPT32.dll
0x00007ffba6b00000 - 0x00007ffba6b28000 	C:\Windows\SYSTEM32\ncrypt.dll
0x00007ffba6ac0000 - 0x00007ffba6afb000 	C:\Windows\SYSTEM32\NTASN1.dll
0x00007ffb83690000 - 0x00007ffb83697000 	C:\Windows\system32\wshunix.dll

dbghelp: loaded successfully - version: 4.0.5 - missing functions: none
symbol engine: initialized successfully - sym options: 0x614 - pdb path: .;C:\Program Files\Java\jdk-19\bin;C:\Windows\SYSTEM32;C:\Windows\WinSxS\amd64_microsoft.windows.common-controls_6595b64144ccf1df_6.0.19041.1110_none_60b5254171f9507e;C:\Program Files (x86)\360\Total Security\safemon;C:\Program Files\Java\jdk-19\bin\server;C:\Users\User\.gradle\native\68d5fa5c4cc2d200863cafc0d521ce42e7d3e7ee720ec0a83991735586a16f82\windows-amd64

VM Arguments:
jvm_args: -Dorg.gradle.appname=gradlew 
java_command: org.gradle.wrapper.GradleWrapperMain -q -Ptarget-platform=android-x86 -Ptarget=E:\ss\flutter\zflutter project\final_project\lib\main.dart -Pbase-application-name=android.app.Application -Pdart-defines=Zmx1dHRlci5pbnNwZWN0b3Iuc3RydWN0dXJlZEVycm9ycz10cnVl,RkxVVFRFUl9XRUJfQVVUT19ERVRFQ1Q9dHJ1ZQ==,RkxVVFRFUl9XRUJfQ0FOVkFTS0lUX1VSTD1odHRwczovL3d3dy5nc3RhdGljLmNvbS9mbHV0dGVyLWNhbnZhc2tpdC9iNGZiMTEyMTRkZDJkZGE2Y2UwMTJkZDk4ZWE0OThlOWU4YjkxMjYyLw== -Pdart-obfuscation=false -Ptrack-widget-creation=true -Ptree-shake-icons=false -Pfilesystem-scheme=org-dartlang-root assembleDebug
java_class_path (initial): E:\ss\flutter\zflutter project\final_project\android\\gradle\wrapper\gradle-wrapper.jar
Launcher Type: SUN_STANDARD

[Global flags]
     intx CICompilerCount                          = 4                                         {product} {ergonomic}
     uint ConcGCThreads                            = 2                                         {product} {ergonomic}
     uint G1ConcRefinementThreads                  = 8                                         {product} {ergonomic}
   size_t G1HeapRegionSize                         = 1048576                                   {product} {ergonomic}
    uintx GCDrainStackTargetSize                   = 64                                        {product} {ergonomic}
   size_t InitialHeapSize                          = 134217728                                 {product} {ergonomic}
   size_t MarkStackSize                            = 4194304                                   {product} {ergonomic}
   size_t MaxHeapSize                              = 2116026368                                {product} {ergonomic}
   size_t MaxNewSize                               = 1268776960                                {product} {ergonomic}
   size_t MinHeapDeltaBytes                        = 1048576                                   {product} {ergonomic}
   size_t MinHeapSize                              = 8388608                                   {product} {ergonomic}
    uintx NonNMethodCodeHeapSize                   = 5839372                                {pd product} {ergonomic}
    uintx NonProfiledCodeHeapSize                  = 122909434                              {pd product} {ergonomic}
    uintx ProfiledCodeHeapSize                     = 122909434                              {pd product} {ergonomic}
    uintx ReservedCodeCacheSize                    = 251658240                              {pd product} {ergonomic}
     bool SegmentedCodeCache                       = true                                      {product} {ergonomic}
   size_t SoftMaxHeapSize                          = 2116026368                             {manageable} {ergonomic}
     bool UseCompressedClassPointers               = true                           {product lp64_product} {ergonomic}
     bool UseCompressedOops                        = true                           {product lp64_product} {ergonomic}
     bool UseG1GC                                  = true                                      {product} {ergonomic}
     bool UseLargePagesIndividualAllocation        = false                                  {pd product} {ergonomic}

Logging:
Log output configuration:
 #0: stdout all=warning uptime,level,tags foldmultilines=false
 #1: stderr all=off uptime,level,tags foldmultilines=false

Environment Variables:
JAVA_HOME=C:\Program Files\Java\jdk-19
CLASSPATH=E:\ss\flutter\zflutter project\final_project\android\\gradle\wrapper\gradle-wrapper.jar
PATH=C:\Program Files\Common Files\Oracle\Java\javapath;C:\Program Files (x86)\Common Files\Oracle\Java\javapath;C:\Windows\system32;C:\Windows;C:\Windows\System32\Wbem;C:\Windows\System32\WindowsPowerShell\v1.0\;C:\Windows\System32\OpenSSH\;"C:\src\flutter\bin;";"C:\Program Files\Dart\dart-sdk\bin;";C:\Program Files\Git\cmd;C:\Users\User\anaconda3\Lib\venv\scripts\nt;C:\Users\User\AppData\Local\Programs\Python\Python311;C:\Program Files\nodejs\;C:\Users\User\AppData\Local\Microsoft\WindowsApps;"C:\Program Files\Dart\dart-sdk\bin;";"C:\src\flutter\bin;";C:\Users\User\AppData\Local\Programs\Microsoft VS Code\bin;C:\Users\User\AppData\Local\Programs\Python\Python311;C:\src\flutter\bin;C:\Users\User\AppData\Roaming\npm;;C:\src\flutter\bin\mingit\cmd
USERNAME=User
OS=Windows_NT
PROCESSOR_IDENTIFIER=Intel64 Family 6 Model 142 Stepping 12, GenuineIntel
TMP=C:\Users\User\AppData\Local\Temp
TEMP=C:\Users\User\AppData\Local\Temp



---------------  S Y S T E M  ---------------

OS:
 Windows 10 , 64 bit Build 19041 (10.0.19041.3031)
OS uptime: 1 days 0:26 hours

CPU: total 8 (initial active 8) (4 cores per cpu, 2 threads per core) family 6 model 142 stepping 12 microcode 0xb8, cx8, cmov, fxsr, ht, mmx, 3dnowpref, sse, sse2, sse3, ssse3, sse4.1, sse4.2, popcnt, lzcnt, tsc, tscinvbit, avx, avx2, aes, erms, clmul, bmi1, bmi2, adx, fma, vzeroupper, clflush, clflushopt, rdtscp

Memory: 4k page, system-wide physical 8068M (290M free)
TotalPageFile size 18067M (AvailPageFile size 0M)
current process WorkingSet (physical memory assigned to process): 68M, peak: 87M
current process commit charge ("private bytes"): 230M, peak: 231M

vm_info: Java HotSpot(TM) 64-Bit Server VM (19+36-2238) for windows-amd64 JRE (19+36-2238), built on 2022-08-12T20:29:01Z by "mach5one" with MS VC++ 17.1 (VS2022)

END.
