#
# There is insufficient memory for the Java Runtime Environment to continue.
# Native memory allocation (malloc) failed to allocate 32744 bytes for Chunk::new
# Possible reasons:
#   The system is out of physical RAM or swap space
#   The process is running with CompressedOops enabled, and the Java Heap may be blocking the growth of the native heap
# Possible solutions:
#   Reduce memory load on the system
#   Increase physical memory or swap space
#   Check if swap backing store is full
#   Decrease Java heap size (-Xmx/-Xms)
#   Decrease number of Java threads
#   Decrease Java thread stack sizes (-Xss)
#   Set larger code cache with -XX:ReservedCodeCacheSize=
#   JVM is running with Unscaled Compressed Oops mode in which the Java heap is
#     placed in the first 4GB address space. The Java Heap base address is the
#     maximum limit for the native heap growth. Please use -XX:HeapBaseMinAddress
#     to set the Java Heap base and to place the Java Heap above 4GB virtual address.
# This output file may be truncated or incomplete.
#
#  Out of Memory Error (arena.cpp:184), pid=4848, tid=10648
#
# JRE version: Java(TM) SE Runtime Environment (19.0+36) (build 19+36-2238)
# Java VM: Java HotSpot(TM) 64-Bit Server VM (19+36-2238, mixed mode, sharing, tiered, compressed oops, compressed class ptrs, g1 gc, windows-amd64)
# No core dump will be written. Minidumps are not enabled by default on client versions of Windows
#

---------------  S U M M A R Y ------------

Command Line: -Dorg.gradle.appname=gradlew org.gradle.wrapper.GradleWrapperMain -q -Ptarget-platform=android-x86 -Ptarget=E:\ss\flutter\zflutter project\final_project\lib\main.dart -Pbase-application-name=android.app.Application -Pdart-defines=Zmx1dHRlci5pbnNwZWN0b3Iuc3RydWN0dXJlZEVycm9ycz10cnVl,RkxVVFRFUl9XRUJfQVVUT19ERVRFQ1Q9dHJ1ZQ==,RkxVVFRFUl9XRUJfQ0FOVkFTS0lUX1VSTD1odHRwczovL3d3dy5nc3RhdGljLmNvbS9mbHV0dGVyLWNhbnZhc2tpdC9iNGZiMTEyMTRkZDJkZGE2Y2UwMTJkZDk4ZWE0OThlOWU4YjkxMjYyLw== -Pdart-obfuscation=false -Ptrack-widget-creation=true -Ptree-shake-icons=false -Pfilesystem-scheme=org-dartlang-root assembleDebug

Host: Intel(R) Core(TM) i7-8565U CPU @ 1.80GHz, 8 cores, 7G,  Windows 10 , 64 bit Build 19041 (10.0.19041.3031)
Time: Sun Jul  2 08:27:33 2023 Egypt Daylight Time elapsed time: 32.542134 seconds (0d 0h 0m 32s)

---------------  T H R E A D  ---------------

Current thread (0x00000139be138bb0):  JavaThread "C1 CompilerThread0" daemon [_thread_in_native, id=10648, stack(0x0000002aae400000,0x0000002aae500000)]


Current CompileTask:
C1:  32543 1343       3       java.lang.reflect.Method::isCallerSensitive (27 bytes)

Stack: [0x0000002aae400000,0x0000002aae500000]
Native frames: (J=compiled Java code, j=interpreted, Vv=VM code, C=native code)
V  [jvm.dll+0x6ee8fa]
V  [jvm.dll+0x857a1e]
V  [jvm.dll+0x85940e]
V  [jvm.dll+0x859ac3]
V  [jvm.dll+0x28291f]
V  [jvm.dll+0xc9b5f]
V  [jvm.dll+0xc9ee5]
V  [jvm.dll+0x1bbb9c]
V  [jvm.dll+0x1670ef]
V  [jvm.dll+0x16f2be]
V  [jvm.dll+0x16d08e]
V  [jvm.dll+0x16b6f5]
V  [jvm.dll+0x173f13]
V  [jvm.dll+0x173435]
V  [jvm.dll+0x16ae65]
V  [jvm.dll+0x16d0e7]
V  [jvm.dll+0x16b6f5]
V  [jvm.dll+0x165600]
V  [jvm.dll+0x175076]
V  [jvm.dll+0x160c20]
V  [jvm.dll+0x160f93]
V  [jvm.dll+0x161278]
V  [jvm.dll+0x1606d6]
V  [jvm.dll+0x1623cd]
V  [jvm.dll+0x25b0fa]
V  [jvm.dll+0x259588]
V  [jvm.dll+0x807928]
V  [jvm.dll+0x8015fa]
V  [jvm.dll+0x6ed5eb]
C  [ucrtbase.dll+0x21bb2]
C  [KERNEL32.DLL+0x17614]
C  [ntdll.dll+0x526f1]


---------------  P R O C E S S  ---------------

Threads class SMR info:
_java_thread_list=0x00000139c3514490, length=15, elements={
0x000001399f551310, 0x00000139be126e80, 0x00000139be1279b0, 0x00000139be12c4f0,
0x00000139be12cf20, 0x00000139be12d850, 0x00000139be131f70, 0x00000139be133040,
0x00000139be138bb0, 0x00000139be13da70, 0x00000139c2938430, 0x00000139c2942020,
0x00000139c2d68dc0, 0x00000139c357cf40, 0x00000139c3591af0
}

Java Threads: ( => current thread )
  0x000001399f551310 JavaThread "main" [_thread_in_native, id=12500, stack(0x0000002aad600000,0x0000002aad700000)]
  0x00000139be126e80 JavaThread "Reference Handler" daemon [_thread_blocked, id=16764, stack(0x0000002aadd00000,0x0000002aade00000)]
  0x00000139be1279b0 JavaThread "Finalizer" daemon [_thread_blocked, id=12792, stack(0x0000002aade00000,0x0000002aadf00000)]
  0x00000139be12c4f0 JavaThread "Signal Dispatcher" daemon [_thread_blocked, id=8488, stack(0x0000002aadf00000,0x0000002aae000000)]
  0x00000139be12cf20 JavaThread "Attach Listener" daemon [_thread_blocked, id=9276, stack(0x0000002aae000000,0x0000002aae100000)]
  0x00000139be12d850 JavaThread "Service Thread" daemon [_thread_blocked, id=15068, stack(0x0000002aae100000,0x0000002aae200000)]
  0x00000139be131f70 JavaThread "Monitor Deflation Thread" daemon [_thread_blocked, id=14596, stack(0x0000002aae200000,0x0000002aae300000)]
  0x00000139be133040 JavaThread "C2 CompilerThread0" daemon [_thread_blocked, id=1768, stack(0x0000002aae300000,0x0000002aae400000)]
=>0x00000139be138bb0 JavaThread "C1 CompilerThread0" daemon [_thread_in_native, id=10648, stack(0x0000002aae400000,0x0000002aae500000)]
  0x00000139be13da70 JavaThread "Sweeper thread" daemon [_thread_blocked, id=6816, stack(0x0000002aae500000,0x0000002aae600000)]
  0x00000139c2938430 JavaThread "Notification Thread" daemon [_thread_blocked, id=11556, stack(0x0000002aae600000,0x0000002aae700000)]
  0x00000139c2942020 JavaThread "Common-Cleaner" daemon [_thread_blocked, id=9020, stack(0x0000002aae800000,0x0000002aae900000)]
  0x00000139c2d68dc0 JavaThread "pool-1-thread-1" [_thread_in_native, id=8668, stack(0x0000002aaea00000,0x0000002aaeb00000)]
  0x00000139c357cf40 JavaThread "DisconnectableInputStream source reader" daemon [_thread_in_native, id=2008, stack(0x0000002aaf100000,0x0000002aaf200000)]
  0x00000139c3591af0 JavaThread "Forward input" [_thread_blocked, id=13848, stack(0x0000002aaf200000,0x0000002aaf300000)]

Other Threads:
  0x00000139be110700 VMThread "VM Thread" [stack: 0x0000002aadc00000,0x0000002aadd00000] [id=17228]
  0x00000139c2939ba0 WatcherThread "VM Periodic Task Thread" [stack: 0x0000002aae700000,0x0000002aae800000] [id=7272]
  0x000001399f5b1fb0 WorkerThread "GC Thread#0" [stack: 0x0000002aad700000,0x0000002aad800000] [id=15744]
  0x00000139c3324110 WorkerThread "GC Thread#1" [stack: 0x0000002aaeb00000,0x0000002aaec00000] [id=17308]
  0x00000139c324e550 WorkerThread "GC Thread#2" [stack: 0x0000002aaec00000,0x0000002aaed00000] [id=13100]
  0x00000139c3329f90 WorkerThread "GC Thread#3" [stack: 0x0000002aaed00000,0x0000002aaee00000] [id=2252]
  0x00000139c3329cc0 WorkerThread "GC Thread#4" [stack: 0x0000002aaee00000,0x0000002aaef00000] [id=11128]
  0x00000139c3328eb0 WorkerThread "GC Thread#5" [stack: 0x0000002aaef00000,0x0000002aaf000000] [id=15428]
  0x000001399f5c36b0 ConcurrentGCThread "G1 Main Marker" [stack: 0x0000002aad800000,0x0000002aad900000] [id=12788]
  0x000001399f5c3e90 WorkerThread "G1 Conc#0" [stack: 0x0000002aad900000,0x0000002aada00000] [id=7028]
  0x000001399f5fdf00 ConcurrentGCThread "G1 Refine#0" [stack: 0x0000002aada00000,0x0000002aadb00000] [id=5936]
  0x000001399f5fe7f0 ConcurrentGCThread "G1 Service" [stack: 0x0000002aadb00000,0x0000002aadc00000] [id=1028]

Threads with active compile tasks:
C1 CompilerThread0    32590 1343       3       java.lang.reflect.Method::isCallerSensitive (27 bytes)

VM state: not at safepoint (normal execution)

VM Mutex/Monitor currently owned by a thread: None

Heap address: 0x0000000081e00000, size: 2018 MB, Compressed Oops mode: 32-bit

CDS archive(s) mapped at: [0x0000000800000000-0x0000000800c40000-0x0000000800c40000), size 12845056, SharedBaseAddress: 0x0000000800000000, ArchiveRelocationMode: 0.
Compressed class space mapped at: 0x0000000801000000-0x0000000841000000, reserved size: 1073741824
Narrow klass base: 0x0000000800000000, Narrow klass shift: 0, Narrow klass range: 0x100000000

GC Precious Log:
 CardTable entry size: 512
 Card Set container configuration: InlinePtr #cards 5 size 8 Array Of Cards #cards 12 size 40 Howl #buckets 4 coarsen threshold 1843 Howl Bitmap #cards 512 size 80 coarsen threshold 460 Card regions per heap region 1 cards per card region 2048
 CPUs: 8 total, 8 available
 Memory: 8068M
 Large Page Support: Disabled
 NUMA Support: Disabled
 Compressed Oops: Enabled (32-bit)
 Heap Region Size: 1M
 Heap Min Capacity: 8M
 Heap Initial Capacity: 128M
 Heap Max Capacity: 2018M
 Pre-touch: Disabled
 Parallel Workers: 8
 Concurrent Workers: 2
 Concurrent Refinement Workers: 8
 Periodic GC: Disabled

Heap:
 garbage-first heap   total 131072K, used 20473K [0x0000000081e00000, 0x0000000100000000)
  region size 1024K, 15 young (15360K), 3 survivors (3072K)
 Metaspace       used 8475K, committed 8768K, reserved 1114112K
  class space    used 1121K, committed 1280K, reserved 1048576K

Heap Regions: E=young(eden), S=young(survivor), O=old, HS=humongous(starts), HC=humongous(continues), CS=collection set, F=free, OA=open archive, CA=closed archive, TAMS=top-at-mark-start (previous, next)
|   0|0x0000000081e00000, 0x0000000081f00000, 0x0000000081f00000|100%|HS|  |TAMS 0x0000000081e00000, 0x0000000081e00000| Complete 
|   1|0x0000000081f00000, 0x0000000082000000, 0x0000000082000000|100%|HC|  |TAMS 0x0000000081f00000, 0x0000000081f00000| Complete 
|   2|0x0000000082000000, 0x0000000082100000, 0x0000000082100000|100%|HC|  |TAMS 0x0000000082000000, 0x0000000082000000| Complete 
|   3|0x0000000082100000, 0x0000000082200000, 0x0000000082200000|100%| O|  |TAMS 0x0000000082100000, 0x0000000082100000| Untracked 
|   4|0x0000000082200000, 0x0000000082300000, 0x0000000082300000|100%| O|  |TAMS 0x0000000082200000, 0x0000000082200000| Untracked 
|   5|0x0000000082300000, 0x00000000823fe400, 0x0000000082400000| 99%| O|  |TAMS 0x0000000082300000, 0x0000000082300000| Untracked 
|   6|0x0000000082400000, 0x0000000082400000, 0x0000000082500000|  0%| F|  |TAMS 0x0000000082400000, 0x0000000082400000| Untracked 
|   7|0x0000000082500000, 0x0000000082500000, 0x0000000082600000|  0%| F|  |TAMS 0x0000000082500000, 0x0000000082500000| Untracked 
|   8|0x0000000082600000, 0x0000000082600000, 0x0000000082700000|  0%| F|  |TAMS 0x0000000082600000, 0x0000000082600000| Untracked 
|   9|0x0000000082700000, 0x0000000082700000, 0x0000000082800000|  0%| F|  |TAMS 0x0000000082700000, 0x0000000082700000| Untracked 
|  10|0x0000000082800000, 0x0000000082800000, 0x0000000082900000|  0%| F|  |TAMS 0x0000000082800000, 0x0000000082800000| Untracked 
|  11|0x0000000082900000, 0x0000000082900000, 0x0000000082a00000|  0%| F|  |TAMS 0x0000000082900000, 0x0000000082900000| Untracked 
|  12|0x0000000082a00000, 0x0000000082a00000, 0x0000000082b00000|  0%| F|  |TAMS 0x0000000082a00000, 0x0000000082a00000| Untracked 
|  13|0x0000000082b00000, 0x0000000082b00000, 0x0000000082c00000|  0%| F|  |TAMS 0x0000000082b00000, 0x0000000082b00000| Untracked 
|  14|0x0000000082c00000, 0x0000000082c00000, 0x0000000082d00000|  0%| F|  |TAMS 0x0000000082c00000, 0x0000000082c00000| Untracked 
|  15|0x0000000082d00000, 0x0000000082d00000, 0x0000000082e00000|  0%| F|  |TAMS 0x0000000082d00000, 0x0000000082d00000| Untracked 
|  16|0x0000000082e00000, 0x0000000082e00000, 0x0000000082f00000|  0%| F|  |TAMS 0x0000000082e00000, 0x0000000082e00000| Untracked 
|  17|0x0000000082f00000, 0x0000000082f00000, 0x0000000083000000|  0%| F|  |TAMS 0x0000000082f00000, 0x0000000082f00000| Untracked 
|  18|0x0000000083000000, 0x0000000083000000, 0x0000000083100000|  0%| F|  |TAMS 0x0000000083000000, 0x0000000083000000| Untracked 
|  19|0x0000000083100000, 0x0000000083100000, 0x0000000083200000|  0%| F|  |TAMS 0x0000000083100000, 0x0000000083100000| Untracked 
|  20|0x0000000083200000, 0x0000000083200000, 0x0000000083300000|  0%| F|  |TAMS 0x0000000083200000, 0x0000000083200000| Untracked 
|  21|0x0000000083300000, 0x0000000083300000, 0x0000000083400000|  0%| F|  |TAMS 0x0000000083300000, 0x0000000083300000| Untracked 
|  22|0x0000000083400000, 0x0000000083400000, 0x0000000083500000|  0%| F|  |TAMS 0x0000000083400000, 0x0000000083400000| Untracked 
|  23|0x0000000083500000, 0x0000000083500000, 0x0000000083600000|  0%| F|  |TAMS 0x0000000083500000, 0x0000000083500000| Untracked 
|  24|0x0000000083600000, 0x0000000083600000, 0x0000000083700000|  0%| F|  |TAMS 0x0000000083600000, 0x0000000083600000| Untracked 
|  25|0x0000000083700000, 0x0000000083700000, 0x0000000083800000|  0%| F|  |TAMS 0x0000000083700000, 0x0000000083700000| Untracked 
|  26|0x0000000083800000, 0x0000000083800000, 0x0000000083900000|  0%| F|  |TAMS 0x0000000083800000, 0x0000000083800000| Untracked 
|  27|0x0000000083900000, 0x0000000083900000, 0x0000000083a00000|  0%| F|  |TAMS 0x0000000083900000, 0x0000000083900000| Untracked 
|  28|0x0000000083a00000, 0x0000000083a00000, 0x0000000083b00000|  0%| F|  |TAMS 0x0000000083a00000, 0x0000000083a00000| Untracked 
|  29|0x0000000083b00000, 0x0000000083b00000, 0x0000000083c00000|  0%| F|  |TAMS 0x0000000083b00000, 0x0000000083b00000| Untracked 
|  30|0x0000000083c00000, 0x0000000083c00000, 0x0000000083d00000|  0%| F|  |TAMS 0x0000000083c00000, 0x0000000083c00000| Untracked 
|  31|0x0000000083d00000, 0x0000000083d00000, 0x0000000083e00000|  0%| F|  |TAMS 0x0000000083d00000, 0x0000000083d00000| Untracked 
|  32|0x0000000083e00000, 0x0000000083e00000, 0x0000000083f00000|  0%| F|  |TAMS 0x0000000083e00000, 0x0000000083e00000| Untracked 
|  33|0x0000000083f00000, 0x0000000083f00000, 0x0000000084000000|  0%| F|  |TAMS 0x0000000083f00000, 0x0000000083f00000| Untracked 
|  34|0x0000000084000000, 0x0000000084000000, 0x0000000084100000|  0%| F|  |TAMS 0x0000000084000000, 0x0000000084000000| Untracked 
|  35|0x0000000084100000, 0x0000000084100000, 0x0000000084200000|  0%| F|  |TAMS 0x0000000084100000, 0x0000000084100000| Untracked 
|  36|0x0000000084200000, 0x0000000084200000, 0x0000000084300000|  0%| F|  |TAMS 0x0000000084200000, 0x0000000084200000| Untracked 
|  37|0x0000000084300000, 0x0000000084300000, 0x0000000084400000|  0%| F|  |TAMS 0x0000000084300000, 0x0000000084300000| Untracked 
|  38|0x0000000084400000, 0x0000000084400000, 0x0000000084500000|  0%| F|  |TAMS 0x0000000084400000, 0x0000000084400000| Untracked 
|  39|0x0000000084500000, 0x0000000084500000, 0x0000000084600000|  0%| F|  |TAMS 0x0000000084500000, 0x0000000084500000| Untracked 
|  40|0x0000000084600000, 0x0000000084600000, 0x0000000084700000|  0%| F|  |TAMS 0x0000000084600000, 0x0000000084600000| Untracked 
|  41|0x0000000084700000, 0x0000000084700000, 0x0000000084800000|  0%| F|  |TAMS 0x0000000084700000, 0x0000000084700000| Untracked 
|  42|0x0000000084800000, 0x0000000084800000, 0x0000000084900000|  0%| F|  |TAMS 0x0000000084800000, 0x0000000084800000| Untracked 
|  43|0x0000000084900000, 0x0000000084900000, 0x0000000084a00000|  0%| F|  |TAMS 0x0000000084900000, 0x0000000084900000| Untracked 
|  44|0x0000000084a00000, 0x0000000084a00000, 0x0000000084b00000|  0%| F|  |TAMS 0x0000000084a00000, 0x0000000084a00000| Untracked 
|  45|0x0000000084b00000, 0x0000000084b00000, 0x0000000084c00000|  0%| F|  |TAMS 0x0000000084b00000, 0x0000000084b00000| Untracked 
|  46|0x0000000084c00000, 0x0000000084c00000, 0x0000000084d00000|  0%| F|  |TAMS 0x0000000084c00000, 0x0000000084c00000| Untracked 
|  47|0x0000000084d00000, 0x0000000084d00000, 0x0000000084e00000|  0%| F|  |TAMS 0x0000000084d00000, 0x0000000084d00000| Untracked 
|  48|0x0000000084e00000, 0x0000000084e00000, 0x0000000084f00000|  0%| F|  |TAMS 0x0000000084e00000, 0x0000000084e00000| Untracked 
|  49|0x0000000084f00000, 0x0000000084f00000, 0x0000000085000000|  0%| F|  |TAMS 0x0000000084f00000, 0x0000000084f00000| Untracked 
|  50|0x0000000085000000, 0x0000000085000000, 0x0000000085100000|  0%| F|  |TAMS 0x0000000085000000, 0x0000000085000000| Untracked 
|  51|0x0000000085100000, 0x0000000085100000, 0x0000000085200000|  0%| F|  |TAMS 0x0000000085100000, 0x0000000085100000| Untracked 
|  52|0x0000000085200000, 0x0000000085200000, 0x0000000085300000|  0%| F|  |TAMS 0x0000000085200000, 0x0000000085200000| Untracked 
|  53|0x0000000085300000, 0x0000000085300000, 0x0000000085400000|  0%| F|  |TAMS 0x0000000085300000, 0x0000000085300000| Untracked 
|  54|0x0000000085400000, 0x0000000085400000, 0x0000000085500000|  0%| F|  |TAMS 0x0000000085400000, 0x0000000085400000| Untracked 
|  55|0x0000000085500000, 0x0000000085500000, 0x0000000085600000|  0%| F|  |TAMS 0x0000000085500000, 0x0000000085500000| Untracked 
|  56|0x0000000085600000, 0x0000000085600000, 0x0000000085700000|  0%| F|  |TAMS 0x0000000085600000, 0x0000000085600000| Untracked 
|  57|0x0000000085700000, 0x0000000085700000, 0x0000000085800000|  0%| F|  |TAMS 0x0000000085700000, 0x0000000085700000| Untracked 
|  58|0x0000000085800000, 0x0000000085800000, 0x0000000085900000|  0%| F|  |TAMS 0x0000000085800000, 0x0000000085800000| Untracked 
|  59|0x0000000085900000, 0x0000000085900000, 0x0000000085a00000|  0%| F|  |TAMS 0x0000000085900000, 0x0000000085900000| Untracked 
|  60|0x0000000085a00000, 0x0000000085a00000, 0x0000000085b00000|  0%| F|  |TAMS 0x0000000085a00000, 0x0000000085a00000| Untracked 
|  61|0x0000000085b00000, 0x0000000085b00000, 0x0000000085c00000|  0%| F|  |TAMS 0x0000000085b00000, 0x0000000085b00000| Untracked 
|  62|0x0000000085c00000, 0x0000000085c00000, 0x0000000085d00000|  0%| F|  |TAMS 0x0000000085c00000, 0x0000000085c00000| Untracked 
|  63|0x0000000085d00000, 0x0000000085d00000, 0x0000000085e00000|  0%| F|  |TAMS 0x0000000085d00000, 0x0000000085d00000| Untracked 
|  64|0x0000000085e00000, 0x0000000085e00000, 0x0000000085f00000|  0%| F|  |TAMS 0x0000000085e00000, 0x0000000085e00000| Untracked 
|  65|0x0000000085f00000, 0x0000000085f00000, 0x0000000086000000|  0%| F|  |TAMS 0x0000000085f00000, 0x0000000085f00000| Untracked 
|  66|0x0000000086000000, 0x0000000086000000, 0x0000000086100000|  0%| F|  |TAMS 0x0000000086000000, 0x0000000086000000| Untracked 
|  67|0x0000000086100000, 0x0000000086100000, 0x0000000086200000|  0%| F|  |TAMS 0x0000000086100000, 0x0000000086100000| Untracked 
|  68|0x0000000086200000, 0x0000000086200000, 0x0000000086300000|  0%| F|  |TAMS 0x0000000086200000, 0x0000000086200000| Untracked 
|  69|0x0000000086300000, 0x0000000086300000, 0x0000000086400000|  0%| F|  |TAMS 0x0000000086300000, 0x0000000086300000| Untracked 
|  70|0x0000000086400000, 0x0000000086400000, 0x0000000086500000|  0%| F|  |TAMS 0x0000000086400000, 0x0000000086400000| Untracked 
|  71|0x0000000086500000, 0x0000000086500000, 0x0000000086600000|  0%| F|  |TAMS 0x0000000086500000, 0x0000000086500000| Untracked 
|  72|0x0000000086600000, 0x0000000086600000, 0x0000000086700000|  0%| F|  |TAMS 0x0000000086600000, 0x0000000086600000| Untracked 
|  73|0x0000000086700000, 0x0000000086700000, 0x0000000086800000|  0%| F|  |TAMS 0x0000000086700000, 0x0000000086700000| Untracked 
|  74|0x0000000086800000, 0x0000000086800000, 0x0000000086900000|  0%| F|  |TAMS 0x0000000086800000, 0x0000000086800000| Untracked 
|  75|0x0000000086900000, 0x0000000086900000, 0x0000000086a00000|  0%| F|  |TAMS 0x0000000086900000, 0x0000000086900000| Untracked 
|  76|0x0000000086a00000, 0x0000000086a00000, 0x0000000086b00000|  0%| F|  |TAMS 0x0000000086a00000, 0x0000000086a00000| Untracked 
|  77|0x0000000086b00000, 0x0000000086b00000, 0x0000000086c00000|  0%| F|  |TAMS 0x0000000086b00000, 0x0000000086b00000| Untracked 
|  78|0x0000000086c00000, 0x0000000086c00000, 0x0000000086d00000|  0%| F|  |TAMS 0x0000000086c00000, 0x0000000086c00000| Untracked 
|  79|0x0000000086d00000, 0x0000000086d00000, 0x0000000086e00000|  0%| F|  |TAMS 0x0000000086d00000, 0x0000000086d00000| Untracked 
|  80|0x0000000086e00000, 0x0000000086e00000, 0x0000000086f00000|  0%| F|  |TAMS 0x0000000086e00000, 0x0000000086e00000| Untracked 
|  81|0x0000000086f00000, 0x0000000086f00000, 0x0000000087000000|  0%| F|  |TAMS 0x0000000086f00000, 0x0000000086f00000| Untracked 
|  82|0x0000000087000000, 0x0000000087000000, 0x0000000087100000|  0%| F|  |TAMS 0x0000000087000000, 0x0000000087000000| Untracked 
|  83|0x0000000087100000, 0x0000000087100000, 0x0000000087200000|  0%| F|  |TAMS 0x0000000087100000, 0x0000000087100000| Untracked 
|  84|0x0000000087200000, 0x0000000087200000, 0x0000000087300000|  0%| F|  |TAMS 0x0000000087200000, 0x0000000087200000| Untracked 
|  85|0x0000000087300000, 0x0000000087300000, 0x0000000087400000|  0%| F|  |TAMS 0x0000000087300000, 0x0000000087300000| Untracked 
|  86|0x0000000087400000, 0x0000000087400000, 0x0000000087500000|  0%| F|  |TAMS 0x0000000087400000, 0x0000000087400000| Untracked 
|  87|0x0000000087500000, 0x0000000087500000, 0x0000000087600000|  0%| F|  |TAMS 0x0000000087500000, 0x0000000087500000| Untracked 
|  88|0x0000000087600000, 0x0000000087600000, 0x0000000087700000|  0%| F|  |TAMS 0x0000000087600000, 0x0000000087600000| Untracked 
|  89|0x0000000087700000, 0x0000000087700000, 0x0000000087800000|  0%| F|  |TAMS 0x0000000087700000, 0x0000000087700000| Untracked 
|  90|0x0000000087800000, 0x0000000087800000, 0x0000000087900000|  0%| F|  |TAMS 0x0000000087800000, 0x0000000087800000| Untracked 
|  91|0x0000000087900000, 0x0000000087900000, 0x0000000087a00000|  0%| F|  |TAMS 0x0000000087900000, 0x0000000087900000| Untracked 
|  92|0x0000000087a00000, 0x0000000087a00000, 0x0000000087b00000|  0%| F|  |TAMS 0x0000000087a00000, 0x0000000087a00000| Untracked 
|  93|0x0000000087b00000, 0x0000000087b00000, 0x0000000087c00000|  0%| F|  |TAMS 0x0000000087b00000, 0x0000000087b00000| Untracked 
|  94|0x0000000087c00000, 0x0000000087c00000, 0x0000000087d00000|  0%| F|  |TAMS 0x0000000087c00000, 0x0000000087c00000| Untracked 
|  95|0x0000000087d00000, 0x0000000087d00000, 0x0000000087e00000|  0%| F|  |TAMS 0x0000000087d00000, 0x0000000087d00000| Untracked 
|  96|0x0000000087e00000, 0x0000000087e00000, 0x0000000087f00000|  0%| F|  |TAMS 0x0000000087e00000, 0x0000000087e00000| Untracked 
|  97|0x0000000087f00000, 0x0000000087f00000, 0x0000000088000000|  0%| F|  |TAMS 0x0000000087f00000, 0x0000000087f00000| Untracked 
|  98|0x0000000088000000, 0x0000000088000000, 0x0000000088100000|  0%| F|  |TAMS 0x0000000088000000, 0x0000000088000000| Untracked 
|  99|0x0000000088100000, 0x0000000088100000, 0x0000000088200000|  0%| F|  |TAMS 0x0000000088100000, 0x0000000088100000| Untracked 
| 100|0x0000000088200000, 0x0000000088200000, 0x0000000088300000|  0%| F|  |TAMS 0x0000000088200000, 0x0000000088200000| Untracked 
| 101|0x0000000088300000, 0x0000000088300000, 0x0000000088400000|  0%| F|  |TAMS 0x0000000088300000, 0x0000000088300000| Untracked 
| 102|0x0000000088400000, 0x0000000088500000, 0x0000000088500000|100%| S|CS|TAMS 0x0000000088400000, 0x0000000088400000| Complete 
| 103|0x0000000088500000, 0x0000000088600000, 0x0000000088600000|100%| S|CS|TAMS 0x0000000088500000, 0x0000000088500000| Complete 
| 104|0x0000000088600000, 0x0000000088700000, 0x0000000088700000|100%| S|CS|TAMS 0x0000000088600000, 0x0000000088600000| Complete 
| 105|0x0000000088700000, 0x0000000088700000, 0x0000000088800000|  0%| F|  |TAMS 0x0000000088700000, 0x0000000088700000| Untracked 
| 106|0x0000000088800000, 0x0000000088800000, 0x0000000088900000|  0%| F|  |TAMS 0x0000000088800000, 0x0000000088800000| Untracked 
| 107|0x0000000088900000, 0x0000000088900000, 0x0000000088a00000|  0%| F|  |TAMS 0x0000000088900000, 0x0000000088900000| Untracked 
| 108|0x0000000088a00000, 0x0000000088a00000, 0x0000000088b00000|  0%| F|  |TAMS 0x0000000088a00000, 0x0000000088a00000| Untracked 
| 109|0x0000000088b00000, 0x0000000088b00000, 0x0000000088c00000|  0%| F|  |TAMS 0x0000000088b00000, 0x0000000088b00000| Untracked 
| 110|0x0000000088c00000, 0x0000000088c00000, 0x0000000088d00000|  0%| F|  |TAMS 0x0000000088c00000, 0x0000000088c00000| Untracked 
| 111|0x0000000088d00000, 0x0000000088d00000, 0x0000000088e00000|  0%| F|  |TAMS 0x0000000088d00000, 0x0000000088d00000| Untracked 
| 112|0x0000000088e00000, 0x0000000088e00000, 0x0000000088f00000|  0%| F|  |TAMS 0x0000000088e00000, 0x0000000088e00000| Untracked 
| 113|0x0000000088f00000, 0x0000000088f00000, 0x0000000089000000|  0%| F|  |TAMS 0x0000000088f00000, 0x0000000088f00000| Untracked 
| 114|0x0000000089000000, 0x0000000089000000, 0x0000000089100000|  0%| F|  |TAMS 0x0000000089000000, 0x0000000089000000| Untracked 
| 115|0x0000000089100000, 0x0000000089100000, 0x0000000089200000|  0%| F|  |TAMS 0x0000000089100000, 0x0000000089100000| Untracked 
| 116|0x0000000089200000, 0x0000000089266e80, 0x0000000089300000| 40%| E|  |TAMS 0x0000000089200000, 0x0000000089200000| Complete 
| 117|0x0000000089300000, 0x0000000089400000, 0x0000000089400000|100%| E|CS|TAMS 0x0000000089300000, 0x0000000089300000| Complete 
| 118|0x0000000089400000, 0x0000000089500000, 0x0000000089500000|100%| E|CS|TAMS 0x0000000089400000, 0x0000000089400000| Complete 
| 119|0x0000000089500000, 0x0000000089600000, 0x0000000089600000|100%| E|CS|TAMS 0x0000000089500000, 0x0000000089500000| Complete 
| 120|0x0000000089600000, 0x0000000089700000, 0x0000000089700000|100%| E|CS|TAMS 0x0000000089600000, 0x0000000089600000| Complete 
| 121|0x0000000089700000, 0x0000000089800000, 0x0000000089800000|100%| E|CS|TAMS 0x0000000089700000, 0x0000000089700000| Complete 
| 122|0x0000000089800000, 0x0000000089900000, 0x0000000089900000|100%| E|CS|TAMS 0x0000000089800000, 0x0000000089800000| Complete 
| 123|0x0000000089900000, 0x0000000089a00000, 0x0000000089a00000|100%| E|CS|TAMS 0x0000000089900000, 0x0000000089900000| Complete 
| 124|0x0000000089a00000, 0x0000000089b00000, 0x0000000089b00000|100%| E|CS|TAMS 0x0000000089a00000, 0x0000000089a00000| Complete 
| 125|0x0000000089b00000, 0x0000000089c00000, 0x0000000089c00000|100%| E|CS|TAMS 0x0000000089b00000, 0x0000000089b00000| Complete 
| 126|0x0000000089c00000, 0x0000000089d00000, 0x0000000089d00000|100%| E|CS|TAMS 0x0000000089c00000, 0x0000000089c00000| Complete 
| 127|0x0000000089d00000, 0x0000000089e00000, 0x0000000089e00000|100%| E|CS|TAMS 0x0000000089d00000, 0x0000000089d00000| Complete 

Card table byte_map: [0x00000139b7350000,0x00000139b7750000] _byte_map_base: 0x00000139b6f41000

Marking Bits (Prev, Next): (CMBitMap*) 0x000001399f5b2390, (CMBitMap*) 0x000001399f5b23d0
 Prev Bits: [0x00000139b7b50000, 0x00000139b9ad8000)
 Next Bits: [0x00000139b9ae0000, 0x00000139bba68000)

Polling page: 0x000001399f600000

Metaspace:

Usage:
  Non-class:      7.18 MB used.
      Class:      1.10 MB used.
       Both:      8.28 MB used.

Virtual space:
  Non-class space:       64.00 MB reserved,       7.31 MB ( 11%) committed,  1 nodes.
      Class space:        1.00 GB reserved,       1.25 MB ( <1%) committed,  1 nodes.
             Both:        1.06 GB reserved,       8.56 MB ( <1%) committed. 

Chunk freelists:
   Non-Class:  398.00 KB
       Class:  2.64 MB
        Both:  3.03 MB

MaxMetaspaceSize: unlimited
CompressedClassSpaceSize: 1.00 GB
Initial GC threshold: 21.00 MB
Current GC threshold: 21.00 MB
CDS: on
MetaspaceReclaimPolicy: balanced
 - commit_granule_bytes: 65536.
 - commit_granule_words: 8192.
 - virtual_space_node_default_size: 8388608.
 - enlarge_chunks_in_place: 1.
 - new_chunks_are_fully_committed: 0.
 - uncommit_free_chunks: 1.
 - use_allocation_guard: 0.


Internal statistics:

num_allocs_failed_limit: 0.
num_arena_births: 208.
num_arena_deaths: 0.
num_vsnodes_births: 2.
num_vsnodes_deaths: 0.
num_space_committed: 137.
num_space_uncommitted: 0.
num_chunks_returned_to_freelist: 0.
num_chunks_taken_from_freelist: 452.
num_chunk_merges: 0.
num_chunk_splits: 281.
num_chunks_enlarged: 205.
num_inconsistent_stats: 0.

CodeHeap 'non-profiled nmethods': size=120000Kb used=481Kb max_used=481Kb free=119518Kb
 bounds [0x00000139aefc0000, 0x00000139af230000, 0x00000139b64f0000]
CodeHeap 'profiled nmethods': size=120000Kb used=2357Kb max_used=2357Kb free=117642Kb
 bounds [0x00000139a74f0000, 0x00000139a7760000, 0x00000139aea20000]
CodeHeap 'non-nmethods': size=5760Kb used=1261Kb max_used=1287Kb free=4498Kb
 bounds [0x00000139aea20000, 0x00000139aec90000, 0x00000139aefc0000]
 total_blobs=1817 nmethods=1341 adapters=387
 compilation: enabled
              stopped_count=0, restarted_count=0
 full_count=0

Compilation events (20 events):
Event: 26.198 Thread 0x00000139be138bb0 nmethod 1332 0x00000139a773b710 code [0x00000139a773b920, 0x00000139a773bdb8]
Event: 26.384 Thread 0x00000139be138bb0 1333       3       java.util.concurrent.locks.AbstractQueuedSynchronizer$Node::getAndUnsetStatus (14 bytes)
Event: 26.385 Thread 0x00000139be138bb0 nmethod 1333 0x00000139a773bf10 code [0x00000139a773c0c0, 0x00000139a773c3c8]
Event: 28.384 Thread 0x00000139be138bb0 1334       3       org.gradle.internal.logging.console.ThrottlingOutputEventListener::renderNow (40 bytes)
Event: 28.385 Thread 0x00000139be138bb0 nmethod 1334 0x00000139a773c510 code [0x00000139a773c700, 0x00000139a773cc28]
Event: 32.387 Thread 0x00000139be138bb0 1335       1       org.gradle.internal.dispatch.MethodInvocation::getMethod (5 bytes)
Event: 32.388 Thread 0x00000139be138bb0 nmethod 1335 0x00000139af037510 code [0x00000139af0376a0, 0x00000139af037758]
Event: 32.388 Thread 0x00000139be138bb0 1336       1       org.gradle.internal.dispatch.MethodInvocation::getArguments (5 bytes)
Event: 32.388 Thread 0x00000139be138bb0 nmethod 1336 0x00000139af037810 code [0x00000139af0379a0, 0x00000139af037a58]
Event: 32.391 Thread 0x00000139be138bb0 1337       3       java.lang.invoke.InvokerBytecodeGenerator::assertStaticType (58 bytes)
Event: 32.391 Thread 0x00000139be138bb0 nmethod 1337 0x00000139a773cd90 code [0x00000139a773cf80, 0x00000139a773d498]
Event: 32.393 Thread 0x00000139be138bb0 1338       1       org.gradle.internal.serialize.Serializers$StatefulSerializerAdapter::access$000 (5 bytes)
Event: 32.393 Thread 0x00000139be138bb0 nmethod 1338 0x00000139af037b10 code [0x00000139af037ca0, 0x00000139af037d58]
Event: 32.393 Thread 0x00000139be138bb0 1339       1       org.gradle.internal.logging.sink.OutputEventListenerManager::access$000 (5 bytes)
Event: 32.393 Thread 0x00000139be138bb0 nmethod 1339 0x00000139af037e10 code [0x00000139af037fa0, 0x00000139af038058]
Event: 32.393 Thread 0x00000139be138bb0 1340       1       org.gradle.internal.logging.sink.OutputEventListenerManager::access$100 (5 bytes)
Event: 32.393 Thread 0x00000139be138bb0 nmethod 1340 0x00000139af038110 code [0x00000139af0382a0, 0x00000139af038358]
Event: 32.393 Thread 0x00000139be138bb0 1341       1       org.gradle.internal.logging.slf4j.BuildOperationAwareLogger::isTraceEnabled (2 bytes)
Event: 32.393 Thread 0x00000139be138bb0 nmethod 1341 0x00000139af038410 code [0x00000139af0385a0, 0x00000139af038678]
Event: 32.393 Thread 0x00000139be138bb0 1343       3       java.lang.reflect.Method::isCallerSensitive (27 bytes)

GC Heap History (2 events):
Event: 0.601 GC heap before
{Heap before GC invocations=0 (full 0):
 garbage-first heap   total 131072K, used 25600K [0x0000000081e00000, 0x0000000100000000)
  region size 1024K, 23 young (23552K), 0 survivors (0K)
 Metaspace       used 4458K, committed 4672K, reserved 1114112K
  class space    used 576K, committed 704K, reserved 1048576K
}
Event: 0.606 GC heap after
{Heap after GC invocations=1 (full 0):
 garbage-first heap   total 131072K, used 9209K [0x0000000081e00000, 0x0000000100000000)
  region size 1024K, 3 young (3072K), 3 survivors (3072K)
 Metaspace       used 4458K, committed 4672K, reserved 1114112K
  class space    used 576K, committed 704K, reserved 1048576K
}

Dll operation events (12 events):
Event: 0.020 Loaded shared library C:\Program Files\Java\jdk-19\bin\java.dll
Event: 0.053 Loaded shared library C:\Program Files\Java\jdk-19\bin\jsvml.dll
Event: 0.115 Loaded shared library C:\Program Files\Java\jdk-19\bin\net.dll
Event: 0.118 Loaded shared library C:\Program Files\Java\jdk-19\bin\nio.dll
Event: 0.151 Loaded shared library C:\Program Files\Java\jdk-19\bin\zip.dll
Event: 0.156 Loaded shared library C:\Program Files\Java\jdk-19\bin\verify.dll
Event: 0.202 Loaded shared library C:\Program Files\Java\jdk-19\bin\jimage.dll
Event: 0.569 Loaded shared library C:\Users\User\.gradle\native\68d5fa5c4cc2d200863cafc0d521ce42e7d3e7ee720ec0a83991735586a16f82\windows-amd64\native-platform.dll
Event: 0.666 Loaded shared library C:\Program Files\Java\jdk-19\bin\management.dll
Event: 0.668 Loaded shared library C:\Program Files\Java\jdk-19\bin\management_ext.dll
Event: 0.874 Loaded shared library C:\Program Files\Java\jdk-19\bin\extnet.dll
Event: 0.902 Loaded shared library C:\Program Files\Java\jdk-19\bin\sunmscapi.dll

Deoptimization events (20 events):
Event: 0.704 Thread 0x000001399f551310 DEOPT PACKING pc=0x00000139a7596d65 sp=0x0000002aad6fbe10
Event: 0.704 Thread 0x000001399f551310 DEOPT UNPACKING pc=0x00000139aea87543 sp=0x0000002aad6fb260 mode 0
Event: 0.716 Thread 0x000001399f551310 DEOPT PACKING pc=0x00000139a75d37a1 sp=0x0000002aad6fb420
Event: 0.716 Thread 0x000001399f551310 DEOPT UNPACKING pc=0x00000139aea87543 sp=0x0000002aad6fa928 mode 0
Event: 0.753 Thread 0x000001399f551310 Uncommon trap: trap_request=0xffffffc6 fr.pc=0x00000139af017ab0 relative=0x00000000000002f0
Event: 0.753 Thread 0x000001399f551310 Uncommon trap: reason=bimorphic_or_optimized_type_check action=maybe_recompile pc=0x00000139af017ab0 method=java.util.concurrent.ConcurrentHashMap.get(Ljava/lang/Object;)Ljava/lang/Object; @ 149 c2
Event: 0.753 Thread 0x000001399f551310 DEOPT PACKING pc=0x00000139af017ab0 sp=0x0000002aad6fcbe0
Event: 0.753 Thread 0x000001399f551310 DEOPT UNPACKING pc=0x00000139aea86da3 sp=0x0000002aad6fcb50 mode 2
Event: 0.779 Thread 0x000001399f551310 Uncommon trap: trap_request=0xffffff45 fr.pc=0x00000139af0102c8 relative=0x00000000000016e8
Event: 0.779 Thread 0x000001399f551310 Uncommon trap: reason=unstable_if action=reinterpret pc=0x00000139af0102c8 method=java.io.WinNTFileSystem.normalize(Ljava/lang/String;)Ljava/lang/String; @ 128 c2
Event: 0.779 Thread 0x000001399f551310 DEOPT PACKING pc=0x00000139af0102c8 sp=0x0000002aad6fcbc0
Event: 0.779 Thread 0x000001399f551310 DEOPT UNPACKING pc=0x00000139aea86da3 sp=0x0000002aad6fcb98 mode 2
Event: 0.887 Thread 0x000001399f551310 Uncommon trap: trap_request=0xffffff45 fr.pc=0x00000139aeffc11c relative=0x000000000000055c
Event: 0.887 Thread 0x000001399f551310 Uncommon trap: reason=unstable_if action=reinterpret pc=0x00000139aeffc11c method=java.lang.AbstractStringBuilder.append(Ljava/lang/String;)Ljava/lang/AbstractStringBuilder; @ 1 c2
Event: 0.887 Thread 0x000001399f551310 DEOPT PACKING pc=0x00000139aeffc11c sp=0x0000002aad6fd900
Event: 0.887 Thread 0x000001399f551310 DEOPT UNPACKING pc=0x00000139aea86da3 sp=0x0000002aad6fd880 mode 2
Event: 0.887 Thread 0x000001399f551310 Uncommon trap: trap_request=0xffffff45 fr.pc=0x00000139aeff6b94 relative=0x0000000000000554
Event: 0.887 Thread 0x000001399f551310 Uncommon trap: reason=unstable_if action=reinterpret pc=0x00000139aeff6b94 method=java.lang.AbstractStringBuilder.append(Ljava/lang/String;)Ljava/lang/AbstractStringBuilder; @ 1 c2
Event: 0.887 Thread 0x000001399f551310 DEOPT PACKING pc=0x00000139aeff6b94 sp=0x0000002aad6fd890
Event: 0.887 Thread 0x000001399f551310 DEOPT UNPACKING pc=0x00000139aea86da3 sp=0x0000002aad6fd878 mode 2

Classes loaded (20 events):
Event: 16.210 Loading class jdk/internal/logger/LazyLoggers$1
Event: 16.210 Loading class jdk/internal/logger/LazyLoggers$1 done
Event: 16.210 Loading class jdk/internal/logger/LazyLoggers$LazyLoggerFactories
Event: 16.211 Loading class jdk/internal/logger/LazyLoggers$LazyLoggerFactories done
Event: 16.213 Loading class jdk/internal/logger/LoggerFinderLoader
Event: 16.214 Loading class jdk/internal/logger/LoggerFinderLoader done
Event: 16.219 Loading class sun/util/logging/internal/LoggingProviderImpl$JULWrapper
Event: 16.221 Loading class sun/util/logging/PlatformLogger$ConfigurableBridge$LoggerConfiguration
Event: 16.222 Loading class sun/util/logging/PlatformLogger$ConfigurableBridge$LoggerConfiguration done
Event: 16.222 Loading class sun/util/logging/internal/LoggingProviderImpl$JULWrapper done
Event: 16.224 Loading class java/io/ObjectInputFilter$Config$BuiltinFilterFactory
Event: 16.224 Loading class java/io/ObjectInputFilter$Config$BuiltinFilterFactory done
Event: 16.224 Loading class jdk/internal/access/JavaObjectInputFilterAccess
Event: 16.225 Loading class jdk/internal/access/JavaObjectInputFilterAccess done
Event: 16.227 Loading class java/lang/System$Logger$Level
Event: 16.227 Loading class java/lang/System$Logger$Level done
Event: 16.228 Loading class java/io/Bits
Event: 16.228 Loading class java/io/Bits done
Event: 32.388 Loading class java/lang/invoke/MethodHandle$1
Event: 32.390 Loading class java/lang/invoke/MethodHandle$1 done

Classes unloaded (0 events):
No events

Classes redefined (0 events):
No events

Internal exceptions (20 events):
Event: 0.247 Thread 0x000001399f551310 Exception <a 'java/lang/NoSuchMethodError'{0x0000000089a7b760}: 'void java.lang.invoke.DirectMethodHandle$Holder.invokeStatic(java.lang.Object, java.lang.Object, java.lang.Object)'> (0x0000000089a7b760) 
thrown [s\open\src\hotspot\share\interpreter\linkResolver.cpp, line 774]
Event: 0.250 Thread 0x000001399f551310 Exception <a 'java/lang/NoSuchMethodError'{0x0000000089a8ec48}: 'java.lang.Object java.lang.invoke.Invokers$Holder.invokeExact_MT(java.lang.Object, java.lang.Object, java.lang.Object, java.lang.Object, java.lang.Object)'> (0x0000000089a8ec48) 
thrown [s\open\src\hotspot\share\interpreter\linkResolver.cpp, line 774]
Event: 0.255 Thread 0x000001399f551310 Exception <a 'java/lang/NoSuchMethodError'{0x0000000089abc3f8}: 'int java.lang.invoke.DirectMethodHandle$Holder.invokeStaticInit(java.lang.Object, java.lang.Object)'> (0x0000000089abc3f8) 
thrown [s\open\src\hotspot\share\interpreter\linkResolver.cpp, line 774]
Event: 0.541 Thread 0x000001399f551310 Exception <a 'java/lang/NoSuchMethodError'{0x0000000088ac26e0}: 'void java.lang.invoke.DirectMethodHandle$Holder.invokeInterface(java.lang.Object, java.lang.Object, java.lang.Object)'> (0x0000000088ac26e0) 
thrown [s\open\src\hotspot\share\interpreter\linkResolver.cpp, line 774]
Event: 0.548 Thread 0x000001399f551310 Exception <a 'java/lang/NoClassDefFoundError'{0x000000008890df40}: org/slf4j/impl/StaticMarkerBinder> (0x000000008890df40) 
thrown [s\open\src\hotspot\share\classfile\systemDictionary.cpp, line 244]
Event: 0.556 Thread 0x000001399f551310 Exception <a 'java/lang/NoSuchMethodError'{0x0000000088996098}: 'java.lang.Object java.lang.invoke.DirectMethodHandle$Holder.invokeVirtual(java.lang.Object, java.lang.Object, java.lang.Object, java.lang.Object, java.lang.Object, java.lang.Object, java.lang.Object)'> (0x0000000088996098) 
thrown [s\open\src\hotspot\share\interpreter\linkResolver.cpp, line 774]
Event: 0.558 Thread 0x000001399f551310 Exception <a 'java/lang/NoSuchMethodError'{0x00000000889a9ce8}: 'java.lang.Object java.lang.invoke.DirectMethodHandle$Holder.invokeStatic(java.lang.Object, java.lang.Object, int)'> (0x00000000889a9ce8) 
thrown [s\open\src\hotspot\share\interpreter\linkResolver.cpp, line 774]
Event: 0.559 Thread 0x000001399f551310 Exception <a 'java/lang/NoSuchMethodError'{0x00000000889b5a10}: 'void java.lang.invoke.DelegatingMethodHandle$Holder.delegate(java.lang.Object, java.lang.Object, int, java.lang.Object)'> (0x00000000889b5a10) 
thrown [s\open\src\hotspot\share\interpreter\linkResolver.cpp, line 774]
Event: 0.559 Thread 0x000001399f551310 Exception <a 'java/lang/NoSuchMethodError'{0x00000000889b9b70}: 'int java.lang.invoke.DirectMethodHandle$Holder.invokeSpecial(java.lang.Object, java.lang.Object, java.lang.Object)'> (0x00000000889b9b70) 
thrown [s\open\src\hotspot\share\interpreter\linkResolver.cpp, line 774]
Event: 0.573 Thread 0x000001399f551310 Exception <a 'java/lang/NoSuchMethodError'{0x0000000088852600}: 'java.lang.Object java.lang.invoke.DirectMethodHandle$Holder.invokeVirtual(java.lang.Object, java.lang.Object, java.lang.Object)'> (0x0000000088852600) 
thrown [s\open\src\hotspot\share\interpreter\linkResolver.cpp, line 774]
Event: 0.619 Thread 0x000001399f551310 Exception <a 'java/lang/NoSuchMethodError'{0x0000000089c10498}: 'java.lang.Object java.lang.invoke.DirectMethodHandle$Holder.invokeVirtual(java.lang.Object, java.lang.Object, java.lang.Object, java.lang.Object)'> (0x0000000089c10498) 
thrown [s\open\src\hotspot\share\interpreter\linkResolver.cpp, line 774]
Event: 0.628 Thread 0x000001399f551310 Exception <a 'java/lang/NoSuchMethodError'{0x0000000089c9a670}: 'java.lang.Object java.lang.invoke.DirectMethodHandle$Holder.invokeVirtual(java.lang.Object, java.lang.Object, java.lang.Object, java.lang.Object, java.lang.Object, java.lang.Object)'> (0x0000000089c9a670) 
thrown [s\open\src\hotspot\share\interpreter\linkResolver.cpp, line 774]
Event: 0.664 Thread 0x000001399f551310 Exception <a 'java/lang/NoSuchMethodError'{0x0000000089add6a0}: 'java.lang.Object java.lang.invoke.DirectMethodHandle$Holder.invokeStaticInit(java.lang.Object)'> (0x0000000089add6a0) 
thrown [s\open\src\hotspot\share\interpreter\linkResolver.cpp, line 774]
Event: 0.690 Thread 0x000001399f551310 Exception <a 'java/lang/NoSuchMethodError'{0x0000000089833820}: 'java.lang.Object java.lang.invoke.DirectMethodHandle$Holder.invokeVirtual(java.lang.Object, java.lang.Object, java.lang.Object, java.lang.Object, java.lang.Object)'> (0x0000000089833820) 
thrown [s\open\src\hotspot\share\interpreter\linkResolver.cpp, line 774]
Event: 0.692 Thread 0x000001399f551310 Exception <a 'java/lang/NoSuchMethodError'{0x0000000089847818}: 'java.lang.Object java.lang.invoke.Invokers$Holder.invokeExact_MT(java.lang.Object, java.lang.Object, java.lang.Object, java.lang.Object, java.lang.Object, java.lang.Object)'> (0x0000000089847818) 
thrown [s\open\src\hotspot\share\interpreter\linkResolver.cpp, line 774]
Event: 0.726 Thread 0x000001399f551310 Exception <a 'java/lang/NoSuchMethodError'{0x0000000089606570}: 'java.lang.Object java.lang.invoke.DirectMethodHandle$Holder.invokeVirtual(java.lang.Object, java.lang.Object, java.lang.Object, java.lang.Object, java.lang.Object, java.lang.Object, java.lang.Object, java.lang.Object)'> (0x0000000089606570) 
thrown [s\open\src\hotspot\share\interpreter\linkResolver.cpp, line 774]
Event: 0.747 Thread 0x000001399f551310 Exception <a 'java/lang/NoSuchMethodError'{0x000000008952efa8}: 'java.lang.Object java.lang.invoke.DirectMethodHandle$Holder.invokeStaticInit(java.lang.Object, int, int, int, int)'> (0x000000008952efa8) 
thrown [s\open\src\hotspot\share\interpreter\linkResolver.cpp, line 774]
Event: 0.784 Thread 0x000001399f551310 Exception <a 'java/lang/NoSuchMethodError'{0x000000008955b198}: 'java.lang.Object java.lang.invoke.DirectMethodHandle$Holder.invokeStaticInit(java.lang.Object, java.lang.Object, int, int, int, int)'> (0x000000008955b198) 
thrown [s\open\src\hotspot\share\interpreter\linkResolver.cpp, line 774]
Event: 0.887 Thread 0x000001399f551310 Implicit null exception at 0x00000139aeffbbf2 to 0x00000139aeffc104
Event: 0.887 Thread 0x000001399f551310 Implicit null exception at 0x00000139aeff6672 to 0x00000139aeff6b7c

VM Operations (20 events):
Event: 0.152 Executing VM operation: HandshakeAllThreads
Event: 0.152 Executing VM operation: HandshakeAllThreads done
Event: 0.468 Executing VM operation: HandshakeAllThreads
Event: 0.469 Executing VM operation: HandshakeAllThreads done
Event: 0.558 Executing VM operation: HandshakeAllThreads
Event: 0.558 Executing VM operation: HandshakeAllThreads done
Event: 0.600 Executing VM operation: G1CollectForAllocation
Event: 0.606 Executing VM operation: G1CollectForAllocation done
Event: 0.612 Executing VM operation: HandshakeAllThreads
Event: 0.612 Executing VM operation: HandshakeAllThreads done
Event: 0.712 Executing VM operation: HandshakeAllThreads
Event: 0.712 Executing VM operation: HandshakeAllThreads done
Event: 0.780 Executing VM operation: HandshakeAllThreads
Event: 0.780 Executing VM operation: HandshakeAllThreads done
Event: 1.794 Executing VM operation: Cleanup
Event: 1.794 Executing VM operation: Cleanup done
Event: 15.923 Executing VM operation: Cleanup
Event: 15.924 Executing VM operation: Cleanup done
Event: 27.021 Executing VM operation: Cleanup
Event: 27.022 Executing VM operation: Cleanup done

Events (19 events):
Event: 0.054 Thread 0x000001399f551310 Thread added: 0x000001399f551310
Event: 0.073 Thread 0x00000139be126e80 Thread added: 0x00000139be126e80
Event: 0.073 Thread 0x00000139be1279b0 Thread added: 0x00000139be1279b0
Event: 0.074 Thread 0x00000139be12c4f0 Thread added: 0x00000139be12c4f0
Event: 0.074 Thread 0x00000139be12cf20 Thread added: 0x00000139be12cf20
Event: 0.074 Thread 0x00000139be12d850 Thread added: 0x00000139be12d850
Event: 0.074 Thread 0x00000139be131f70 Thread added: 0x00000139be131f70
Event: 0.074 Thread 0x00000139be133040 Thread added: 0x00000139be133040
Event: 0.074 Thread 0x00000139be138bb0 Thread added: 0x00000139be138bb0
Event: 0.074 Thread 0x00000139be13da70 Thread added: 0x00000139be13da70
Event: 0.104 Thread 0x00000139c2938430 Thread added: 0x00000139c2938430
Event: 0.110 Thread 0x00000139c2942020 Thread added: 0x00000139c2942020
Event: 0.375 Thread 0x00000139c2bf69b0 Thread added: 0x00000139c2bf69b0
Event: 0.584 Thread 0x00000139c2d68dc0 Thread added: 0x00000139c2d68dc0
Event: 0.888 Thread 0x00000139c2bf69b0 Thread exited: 0x00000139c2bf69b0
Event: 0.910 Thread 0x00000139c35b64d0 Thread added: 0x00000139c35b64d0
Event: 0.951 Thread 0x00000139c357cf40 Thread added: 0x00000139c357cf40
Event: 0.953 Thread 0x00000139c3591af0 Thread added: 0x00000139c3591af0
Event: 1.996 Thread 0x00000139c35b64d0 Thread exited: 0x00000139c35b64d0


Dynamic libraries:
0x00007ff6001f0000 - 0x00007ff600200000 	C:\Program Files\Java\jdk-19\bin\java.exe
0x00007ffa3cf90000 - 0x00007ffa3d188000 	C:\Windows\SYSTEM32\ntdll.dll
0x00007ffa3ba80000 - 0x00007ffa3bb3f000 	C:\Windows\System32\KERNEL32.DLL
0x00007ffa3ab80000 - 0x00007ffa3ae76000 	C:\Windows\System32\KERNELBASE.dll
0x00007ffa3a6a0000 - 0x00007ffa3a7a0000 	C:\Windows\System32\ucrtbase.dll
0x00007ffa2e9f0000 - 0x00007ffa2ea08000 	C:\Program Files\Java\jdk-19\bin\jli.dll
0x00007ffa35510000 - 0x00007ffa3552b000 	C:\Program Files\Java\jdk-19\bin\VCRUNTIME140.dll
0x00007ffa3bb40000 - 0x00007ffa3bbef000 	C:\Windows\System32\ADVAPI32.dll
0x00007ffa3c4f0000 - 0x00007ffa3c58e000 	C:\Windows\System32\msvcrt.dll
0x00007ffa3cde0000 - 0x00007ffa3ce7c000 	C:\Windows\System32\sechost.dll
0x00007ffa3aff0000 - 0x00007ffa3b116000 	C:\Windows\System32\RPCRT4.dll
0x00007ffa3c350000 - 0x00007ffa3c4ed000 	C:\Windows\System32\USER32.dll
0x00007ffa3a670000 - 0x00007ffa3a692000 	C:\Windows\System32\win32u.dll
0x00007ffa3c640000 - 0x00007ffa3c66c000 	C:\Windows\System32\GDI32.dll
0x00007ffa3ae80000 - 0x00007ffa3af95000 	C:\Windows\System32\gdi32full.dll
0x00007ffa3a950000 - 0x00007ffa3a9ed000 	C:\Windows\System32\msvcp_win.dll
0x00007ffa24a60000 - 0x00007ffa24cfa000 	C:\Windows\WinSxS\amd64_microsoft.windows.common-controls_6595b64144ccf1df_6.0.19041.1110_none_60b5254171f9507e\COMCTL32.dll
0x00007ffa3a1f0000 - 0x00007ffa3a1fa000 	C:\Windows\SYSTEM32\VERSION.dll
0x00007ffa3b970000 - 0x00007ffa3b9a0000 	C:\Windows\System32\IMM32.DLL
0x000000005e3f0000 - 0x000000005e3fc000 	C:\Program Files (x86)\360\Total Security\safemon\SafeWrapper.dll
0x00007ffa0e520000 - 0x00007ffa0e5b2000 	C:\Program Files (x86)\360\Total Security\safemon\libzdtp64.dll
0x00007ffa3bbf0000 - 0x00007ffa3c334000 	C:\Windows\System32\SHELL32.dll
0x00007ffa3b9a0000 - 0x00007ffa3b9f5000 	C:\Windows\System32\SHLWAPI.dll
0x00007ffa36440000 - 0x00007ffa3644c000 	C:\Program Files\Java\jdk-19\bin\vcruntime140_1.dll
0x00007ffa0d3e0000 - 0x00007ffa0d46e000 	C:\Program Files\Java\jdk-19\bin\msvcp140.dll
0x00007ff9fae10000 - 0x00007ff9fbad0000 	C:\Program Files\Java\jdk-19\bin\server\jvm.dll
0x00007ffa257d0000 - 0x00007ffa257f7000 	C:\Windows\SYSTEM32\WINMM.dll
0x00007ffa36430000 - 0x00007ffa36439000 	C:\Windows\SYSTEM32\WSOCK32.dll
0x00007ffa3ba00000 - 0x00007ffa3ba6b000 	C:\Windows\System32\ws2_32.DLL
0x00007ffa38e40000 - 0x00007ffa38e52000 	C:\Windows\SYSTEM32\kernel.appcore.dll
0x00007ffa36410000 - 0x00007ffa3641a000 	C:\Program Files\Java\jdk-19\bin\jimage.dll
0x00007ffa38b70000 - 0x00007ffa38d54000 	C:\Windows\SYSTEM32\DBGHELP.DLL
0x00007ffa24450000 - 0x00007ffa24484000 	C:\Windows\SYSTEM32\dbgcore.DLL
0x00007ffa3a810000 - 0x00007ffa3a892000 	C:\Windows\System32\bcryptPrimitives.dll
0x00007ffa2d440000 - 0x00007ffa2d466000 	C:\Program Files\Java\jdk-19\bin\java.dll
0x00007ffa0d300000 - 0x00007ffa0d3d7000 	C:\Program Files\Java\jdk-19\bin\jsvml.dll
0x00007ffa38300000 - 0x00007ffa38a93000 	C:\Windows\SYSTEM32\windows.storage.dll
0x00007ffa3c670000 - 0x00007ffa3c9c4000 	C:\Windows\System32\combase.dll
0x00007ffa3a050000 - 0x00007ffa3a07e000 	C:\Windows\SYSTEM32\Wldp.dll
0x00007ffa3cd30000 - 0x00007ffa3cddd000 	C:\Windows\System32\SHCORE.dll
0x00007ffa3a5b0000 - 0x00007ffa3a5cf000 	C:\Windows\SYSTEM32\profapi.dll
0x00007ffa2d4e0000 - 0x00007ffa2d4f3000 	C:\Program Files\Java\jdk-19\bin\net.dll
0x00007ffa31390000 - 0x00007ffa3149a000 	C:\Windows\SYSTEM32\WINHTTP.dll
0x00007ffa39db0000 - 0x00007ffa39e1a000 	C:\Windows\system32\mswsock.dll
0x00007ffa2d420000 - 0x00007ffa2d436000 	C:\Program Files\Java\jdk-19\bin\nio.dll
0x00007ffa2d340000 - 0x00007ffa2d358000 	C:\Program Files\Java\jdk-19\bin\zip.dll
0x00007ffa354c0000 - 0x00007ffa354d0000 	C:\Program Files\Java\jdk-19\bin\verify.dll
0x00007ffa2d310000 - 0x00007ffa2d337000 	C:\Users\User\.gradle\native\68d5fa5c4cc2d200863cafc0d521ce42e7d3e7ee720ec0a83991735586a16f82\windows-amd64\native-platform.dll
0x00007ffa35060000 - 0x00007ffa3506a000 	C:\Program Files\Java\jdk-19\bin\management.dll
0x00007ffa34b80000 - 0x00007ffa34b8b000 	C:\Program Files\Java\jdk-19\bin\management_ext.dll
0x00007ffa3ba70000 - 0x00007ffa3ba78000 	C:\Windows\System32\PSAPI.DLL
0x00007ffa39fa0000 - 0x00007ffa39fb8000 	C:\Windows\SYSTEM32\CRYPTSP.dll
0x00007ffa39660000 - 0x00007ffa39694000 	C:\Windows\system32\rsaenh.dll
0x00007ffa3a9f0000 - 0x00007ffa3aa17000 	C:\Windows\System32\bcrypt.dll
0x00007ffa3a570000 - 0x00007ffa3a59e000 	C:\Windows\SYSTEM32\USERENV.dll
0x00007ffa39fc0000 - 0x00007ffa39fcc000 	C:\Windows\SYSTEM32\CRYPTBASE.dll
0x00007ffa39a50000 - 0x00007ffa39a8c000 	C:\Windows\SYSTEM32\IPHLPAPI.DLL
0x00007ffa3b960000 - 0x00007ffa3b968000 	C:\Windows\System32\NSI.dll
0x00007ffa32010000 - 0x00007ffa32027000 	C:\Windows\SYSTEM32\dhcpcsvc6.DLL
0x00007ffa324c0000 - 0x00007ffa324dd000 	C:\Windows\SYSTEM32\dhcpcsvc.DLL
0x00007ffa39a90000 - 0x00007ffa39b5a000 	C:\Windows\SYSTEM32\DNSAPI.dll
0x00007ffa34b60000 - 0x00007ffa34b68000 	C:\Program Files\Java\jdk-19\bin\extnet.dll
0x00007ffa2e640000 - 0x00007ffa2e64e000 	C:\Program Files\Java\jdk-19\bin\sunmscapi.dll
0x00007ffa3aa20000 - 0x00007ffa3ab7e000 	C:\Windows\System32\CRYPT32.dll
0x00007ffa3a0c0000 - 0x00007ffa3a0e8000 	C:\Windows\SYSTEM32\ncrypt.dll
0x00007ffa3a080000 - 0x00007ffa3a0bb000 	C:\Windows\SYSTEM32\NTASN1.dll
0x00007ffa2fff0000 - 0x00007ffa2fff7000 	C:\Windows\system32\wshunix.dll

dbghelp: loaded successfully - version: 4.0.5 - missing functions: none
symbol engine: initialized successfully - sym options: 0x614 - pdb path: .;C:\Program Files\Java\jdk-19\bin;C:\Windows\SYSTEM32;C:\Windows\WinSxS\amd64_microsoft.windows.common-controls_6595b64144ccf1df_6.0.19041.1110_none_60b5254171f9507e;C:\Program Files (x86)\360\Total Security\safemon;C:\Program Files\Java\jdk-19\bin\server;C:\Users\User\.gradle\native\68d5fa5c4cc2d200863cafc0d521ce42e7d3e7ee720ec0a83991735586a16f82\windows-amd64

VM Arguments:
jvm_args: -Dorg.gradle.appname=gradlew 
java_command: org.gradle.wrapper.GradleWrapperMain -q -Ptarget-platform=android-x86 -Ptarget=E:\ss\flutter\zflutter project\final_project\lib\main.dart -Pbase-application-name=android.app.Application -Pdart-defines=Zmx1dHRlci5pbnNwZWN0b3Iuc3RydWN0dXJlZEVycm9ycz10cnVl,RkxVVFRFUl9XRUJfQVVUT19ERVRFQ1Q9dHJ1ZQ==,RkxVVFRFUl9XRUJfQ0FOVkFTS0lUX1VSTD1odHRwczovL3d3dy5nc3RhdGljLmNvbS9mbHV0dGVyLWNhbnZhc2tpdC9iNGZiMTEyMTRkZDJkZGE2Y2UwMTJkZDk4ZWE0OThlOWU4YjkxMjYyLw== -Pdart-obfuscation=false -Ptrack-widget-creation=true -Ptree-shake-icons=false -Pfilesystem-scheme=org-dartlang-root assembleDebug
java_class_path (initial): E:\ss\flutter\zflutter project\final_project\android\\gradle\wrapper\gradle-wrapper.jar
Launcher Type: SUN_STANDARD

[Global flags]
     intx CICompilerCount                          = 4                                         {product} {ergonomic}
     uint ConcGCThreads                            = 2                                         {product} {ergonomic}
     uint G1ConcRefinementThreads                  = 8                                         {product} {ergonomic}
   size_t G1HeapRegionSize                         = 1048576                                   {product} {ergonomic}
    uintx GCDrainStackTargetSize                   = 64                                        {product} {ergonomic}
   size_t InitialHeapSize                          = 134217728                                 {product} {ergonomic}
   size_t MarkStackSize                            = 4194304                                   {product} {ergonomic}
   size_t MaxHeapSize                              = 2116026368                                {product} {ergonomic}
   size_t MaxNewSize                               = 1268776960                                {product} {ergonomic}
   size_t MinHeapDeltaBytes                        = 1048576                                   {product} {ergonomic}
   size_t MinHeapSize                              = 8388608                                   {product} {ergonomic}
    uintx NonNMethodCodeHeapSize                   = 5839372                                {pd product} {ergonomic}
    uintx NonProfiledCodeHeapSize                  = 122909434                              {pd product} {ergonomic}
    uintx ProfiledCodeHeapSize                     = 122909434                              {pd product} {ergonomic}
    uintx ReservedCodeCacheSize                    = 251658240                              {pd product} {ergonomic}
     bool SegmentedCodeCache                       = true                                      {product} {ergonomic}
   size_t SoftMaxHeapSize                          = 2116026368                             {manageable} {ergonomic}
     bool UseCompressedClassPointers               = true                           {product lp64_product} {ergonomic}
     bool UseCompressedOops                        = true                           {product lp64_product} {ergonomic}
     bool UseG1GC                                  = true                                      {product} {ergonomic}
     bool UseLargePagesIndividualAllocation        = false                                  {pd product} {ergonomic}

Logging:
Log output configuration:
 #0: stdout all=warning uptime,level,tags foldmultilines=false
 #1: stderr all=off uptime,level,tags foldmultilines=false

Environment Variables:
JAVA_HOME=C:\Program Files\Java\jdk-19
CLASSPATH=E:\ss\flutter\zflutter project\final_project\android\\gradle\wrapper\gradle-wrapper.jar
PATH=C:\Program Files\Common Files\Oracle\Java\javapath;C:\Program Files (x86)\Common Files\Oracle\Java\javapath;C:\Windows\system32;C:\Windows;C:\Windows\System32\Wbem;C:\Windows\System32\WindowsPowerShell\v1.0\;C:\Windows\System32\OpenSSH\;"C:\src\flutter\bin;";"C:\Program Files\Dart\dart-sdk\bin;";C:\Program Files\Git\cmd;C:\Users\User\anaconda3\Lib\venv\scripts\nt;C:\Users\User\AppData\Local\Programs\Python\Python311;C:\Program Files\nodejs\;C:\Users\User\AppData\Local\Microsoft\WindowsApps;"C:\Program Files\Dart\dart-sdk\bin;";"C:\src\flutter\bin;";C:\Users\User\AppData\Local\Programs\Microsoft VS Code\bin;C:\Users\User\AppData\Local\Programs\Python\Python311;C:\src\flutter\bin;C:\Users\User\AppData\Roaming\npm;;C:\src\flutter\bin\mingit\cmd
USERNAME=User
OS=Windows_NT
PROCESSOR_IDENTIFIER=Intel64 Family 6 Model 142 Stepping 12, GenuineIntel
TMP=C:\Users\User\AppData\Local\Temp
TEMP=C:\Users\User\AppData\Local\Temp



---------------  S Y S T E M  ---------------

OS:
 Windows 10 , 64 bit Build 19041 (10.0.19041.3031)
OS uptime: 2 days 0:43 hours

CPU: total 8 (initial active 8) (4 cores per cpu, 2 threads per core) family 6 model 142 stepping 12 microcode 0xb8, cx8, cmov, fxsr, ht, mmx, 3dnowpref, sse, sse2, sse3, ssse3, sse4.1, sse4.2, popcnt, lzcnt, tsc, tscinvbit, avx, avx2, aes, erms, clmul, bmi1, bmi2, adx, fma, vzeroupper, clflush, clflushopt, rdtscp

Memory: 4k page, system-wide physical 8068M (285M free)
TotalPageFile size 18067M (AvailPageFile size 0M)
current process WorkingSet (physical memory assigned to process): 27M, peak: 88M
current process commit charge ("private bytes"): 230M, peak: 232M

vm_info: Java HotSpot(TM) 64-Bit Server VM (19+36-2238) for windows-amd64 JRE (19+36-2238), built on 2022-08-12T20:29:01Z by "mach5one" with MS VC++ 17.1 (VS2022)

END.
