#
# There is insufficient memory for the Java Runtime Environment to continue.
# Native memory allocation (malloc) failed to allocate 224896 bytes for Chunk::new
# Possible reasons:
#   The system is out of physical RAM or swap space
#   The process is running with CompressedOops enabled, and the Java Heap may be blocking the growth of the native heap
# Possible solutions:
#   Reduce memory load on the system
#   Increase physical memory or swap space
#   Check if swap backing store is full
#   Decrease Java heap size (-Xmx/-Xms)
#   Decrease number of Java threads
#   Decrease Java thread stack sizes (-Xss)
#   Set larger code cache with -XX:ReservedCodeCacheSize=
#   JVM is running with Unscaled Compressed Oops mode in which the Java heap is
#     placed in the first 4GB address space. The Java Heap base address is the
#     maximum limit for the native heap growth. Please use -XX:HeapBaseMinAddress
#     to set the Java Heap base and to place the Java Heap above 4GB virtual address.
# This output file may be truncated or incomplete.
#
#  Out of Memory Error (arena.cpp:184), pid=5768, tid=3028
#
# JRE version: Java(TM) SE Runtime Environment (19.0+36) (build 19+36-2238)
# Java VM: Java HotSpot(TM) 64-Bit Server VM (19+36-2238, mixed mode, sharing, tiered, compressed oops, compressed class ptrs, g1 gc, windows-amd64)
# No core dump will be written. Minidumps are not enabled by default on client versions of Windows
#

---------------  S U M M A R Y ------------

Command Line: -Dorg.gradle.appname=gradlew org.gradle.wrapper.GradleWrapperMain -q -Ptarget-platform=android-x86 -Ptarget=E:\ss\flutter\zflutter project\final_project\lib\main.dart -Pbase-application-name=android.app.Application -Pdart-defines=Zmx1dHRlci5pbnNwZWN0b3Iuc3RydWN0dXJlZEVycm9ycz10cnVl,RkxVVFRFUl9XRUJfQVVUT19ERVRFQ1Q9dHJ1ZQ==,RkxVVFRFUl9XRUJfQ0FOVkFTS0lUX1VSTD1odHRwczovL3d3dy5nc3RhdGljLmNvbS9mbHV0dGVyLWNhbnZhc2tpdC9iNGZiMTEyMTRkZDJkZGE2Y2UwMTJkZDk4ZWE0OThlOWU4YjkxMjYyLw== -Pdart-obfuscation=false -Ptrack-widget-creation=true -Ptree-shake-icons=false -Pfilesystem-scheme=org-dartlang-root assembleDebug

Host: Intel(R) Core(TM) i7-8565U CPU @ 1.80GHz, 8 cores, 7G,  Windows 10 , 64 bit Build 19041 (10.0.19041.3031)
Time: Thu Jun 29 08:16:18 2023 Egypt Daylight Time elapsed time: 18.023309 seconds (0d 0h 0m 18s)

---------------  T H R E A D  ---------------

Current thread (0x000001b61e7a20a0):  JavaThread "C2 CompilerThread0" daemon [_thread_in_native, id=3028, stack(0x0000006c7f400000,0x0000006c7f500000)]


Current CompileTask:
C2:  18023 1309       4       jdk.internal.org.objectweb.asm.Frame::execute (2305 bytes)

Stack: [0x0000006c7f400000,0x0000006c7f500000]
Native frames: (J=compiled Java code, j=interpreted, Vv=VM code, C=native code)
V  [jvm.dll+0x6ee8fa]
V  [jvm.dll+0x857a1e]
V  [jvm.dll+0x85940e]
V  [jvm.dll+0x859ac3]
V  [jvm.dll+0x28291f]
V  [jvm.dll+0xc9b5f]
V  [jvm.dll+0xc9ee5]
V  [jvm.dll+0x2f7c6f]
V  [jvm.dll+0x5f0c5b]
V  [jvm.dll+0x2551fc]
V  [jvm.dll+0x24e097]
V  [jvm.dll+0x24b563]
V  [jvm.dll+0x1d6d61]
V  [jvm.dll+0x25b0fa]
V  [jvm.dll+0x259588]
V  [jvm.dll+0x807928]
V  [jvm.dll+0x8015fa]
V  [jvm.dll+0x6ed5eb]
C  [ucrtbase.dll+0x21bb2]
C  [KERNEL32.DLL+0x17614]
C  [ntdll.dll+0x526f1]


---------------  P R O C E S S  ---------------

Threads class SMR info:
_java_thread_list=0x000001b623575910, length=15, elements={
0x000001b600050600, 0x000001b61e7982f0, 0x000001b61e7990e0, 0x000001b61e79b590,
0x000001b61e79f160, 0x000001b61e7a0230, 0x000001b61e7a0b60, 0x000001b61e7a20a0,
0x000001b61e7a31b0, 0x000001b61e7a92b0, 0x000001b622a200d0, 0x000001b622a26cf0,
0x000001b6232cb050, 0x000001b62356e030, 0x000001b62356eee0
}

Java Threads: ( => current thread )
  0x000001b600050600 JavaThread "main" [_thread_in_native, id=16328, stack(0x0000006c7e700000,0x0000006c7e800000)]
  0x000001b61e7982f0 JavaThread "Reference Handler" daemon [_thread_blocked, id=3040, stack(0x0000006c7ee00000,0x0000006c7ef00000)]
  0x000001b61e7990e0 JavaThread "Finalizer" daemon [_thread_blocked, id=9192, stack(0x0000006c7ef00000,0x0000006c7f000000)]
  0x000001b61e79b590 JavaThread "Signal Dispatcher" daemon [_thread_blocked, id=2964, stack(0x0000006c7f000000,0x0000006c7f100000)]
  0x000001b61e79f160 JavaThread "Attach Listener" daemon [_thread_blocked, id=7132, stack(0x0000006c7f100000,0x0000006c7f200000)]
  0x000001b61e7a0230 JavaThread "Service Thread" daemon [_thread_blocked, id=6568, stack(0x0000006c7f200000,0x0000006c7f300000)]
  0x000001b61e7a0b60 JavaThread "Monitor Deflation Thread" daemon [_thread_blocked, id=1104, stack(0x0000006c7f300000,0x0000006c7f400000)]
=>0x000001b61e7a20a0 JavaThread "C2 CompilerThread0" daemon [_thread_in_native, id=3028, stack(0x0000006c7f400000,0x0000006c7f500000)]
  0x000001b61e7a31b0 JavaThread "C1 CompilerThread0" daemon [_thread_blocked, id=2844, stack(0x0000006c7f500000,0x0000006c7f600000)]
  0x000001b61e7a92b0 JavaThread "Sweeper thread" daemon [_thread_blocked, id=14696, stack(0x0000006c7f600000,0x0000006c7f700000)]
  0x000001b622a200d0 JavaThread "Notification Thread" daemon [_thread_blocked, id=6212, stack(0x0000006c7f700000,0x0000006c7f800000)]
  0x000001b622a26cf0 JavaThread "Common-Cleaner" daemon [_thread_blocked, id=11464, stack(0x0000006c7f900000,0x0000006c7fa00000)]
  0x000001b6232cb050 JavaThread "pool-1-thread-1" [_thread_blocked, id=7744, stack(0x0000006c7fa00000,0x0000006c7fb00000)]
  0x000001b62356e030 JavaThread "DisconnectableInputStream source reader" daemon [_thread_in_native, id=6276, stack(0x0000006c00100000,0x0000006c00200000)]
  0x000001b62356eee0 JavaThread "Forward input" [_thread_blocked, id=15820, stack(0x0000006c00200000,0x0000006c00300000)]

Other Threads:
  0x000001b61e781860 VMThread "VM Thread" [stack: 0x0000006c7ed00000,0x0000006c7ee00000] [id=11636]
  0x000001b622a22a30 WatcherThread "VM Periodic Task Thread" [stack: 0x0000006c7f800000,0x0000006c7f900000] [id=13848]
  0x000001b6000b0970 WorkerThread "GC Thread#0" [stack: 0x0000006c7e800000,0x0000006c7e900000] [id=7468]
  0x000001b6232b2d60 WorkerThread "GC Thread#1" [stack: 0x0000006c7fb00000,0x0000006c7fc00000] [id=15520]
  0x000001b622cdf8d0 WorkerThread "GC Thread#2" [stack: 0x0000006c7fc00000,0x0000006c7fd00000] [id=15384]
  0x000001b62337ea30 WorkerThread "GC Thread#3" [stack: 0x0000006c7fd00000,0x0000006c7fe00000] [id=12952]
  0x000001b62337f840 WorkerThread "GC Thread#4" [stack: 0x0000006c7fe00000,0x0000006c7ff00000] [id=11164]
  0x000001b62337fb10 WorkerThread "GC Thread#5" [stack: 0x0000006c7ff00000,0x0000006c80000000] [id=776]
  0x000001b6000c31e0 ConcurrentGCThread "G1 Main Marker" [stack: 0x0000006c7e900000,0x0000006c7ea00000] [id=8780]
  0x000001b6000c3b20 WorkerThread "G1 Conc#0" [stack: 0x0000006c7ea00000,0x0000006c7eb00000] [id=6380]
  0x000001b61e638590 ConcurrentGCThread "G1 Refine#0" [stack: 0x0000006c7eb00000,0x0000006c7ec00000] [id=5008]
  0x000001b61e638ee0 ConcurrentGCThread "G1 Service" [stack: 0x0000006c7ec00000,0x0000006c7ed00000] [id=1468]

Threads with active compile tasks:
C2 CompilerThread0    18058 1309       4       jdk.internal.org.objectweb.asm.Frame::execute (2305 bytes)

VM state: not at safepoint (normal execution)

VM Mutex/Monitor currently owned by a thread: None

Heap address: 0x0000000081e00000, size: 2018 MB, Compressed Oops mode: 32-bit

CDS archive(s) mapped at: [0x0000000800000000-0x0000000800c40000-0x0000000800c40000), size 12845056, SharedBaseAddress: 0x0000000800000000, ArchiveRelocationMode: 0.
Compressed class space mapped at: 0x0000000801000000-0x0000000841000000, reserved size: 1073741824
Narrow klass base: 0x0000000800000000, Narrow klass shift: 0, Narrow klass range: 0x100000000

GC Precious Log:
 CardTable entry size: 512
 Card Set container configuration: InlinePtr #cards 5 size 8 Array Of Cards #cards 12 size 40 Howl #buckets 4 coarsen threshold 1843 Howl Bitmap #cards 512 size 80 coarsen threshold 460 Card regions per heap region 1 cards per card region 2048
 CPUs: 8 total, 8 available
 Memory: 8068M
 Large Page Support: Disabled
 NUMA Support: Disabled
 Compressed Oops: Enabled (32-bit)
 Heap Region Size: 1M
 Heap Min Capacity: 8M
 Heap Initial Capacity: 128M
 Heap Max Capacity: 2018M
 Pre-touch: Disabled
 Parallel Workers: 8
 Concurrent Workers: 2
 Concurrent Refinement Workers: 8
 Periodic GC: Disabled

Heap:
 garbage-first heap   total 131072K, used 20395K [0x0000000081e00000, 0x0000000100000000)
  region size 1024K, 15 young (15360K), 3 survivors (3072K)
 Metaspace       used 8422K, committed 8704K, reserved 1114112K
  class space    used 1119K, committed 1280K, reserved 1048576K

Heap Regions: E=young(eden), S=young(survivor), O=old, HS=humongous(starts), HC=humongous(continues), CS=collection set, F=free, OA=open archive, CA=closed archive, TAMS=top-at-mark-start (previous, next)
|   0|0x0000000081e00000, 0x0000000081f00000, 0x0000000081f00000|100%|HS|  |TAMS 0x0000000081e00000, 0x0000000081e00000| Complete 
|   1|0x0000000081f00000, 0x0000000082000000, 0x0000000082000000|100%|HC|  |TAMS 0x0000000081f00000, 0x0000000081f00000| Complete 
|   2|0x0000000082000000, 0x0000000082100000, 0x0000000082100000|100%|HC|  |TAMS 0x0000000082000000, 0x0000000082000000| Complete 
|   3|0x0000000082100000, 0x0000000082200000, 0x0000000082200000|100%| O|  |TAMS 0x0000000082100000, 0x0000000082100000| Untracked 
|   4|0x0000000082200000, 0x0000000082300000, 0x0000000082300000|100%| O|  |TAMS 0x0000000082200000, 0x0000000082200000| Untracked 
|   5|0x0000000082300000, 0x00000000823eae00, 0x0000000082400000| 91%| O|  |TAMS 0x0000000082300000, 0x0000000082300000| Untracked 
|   6|0x0000000082400000, 0x0000000082400000, 0x0000000082500000|  0%| F|  |TAMS 0x0000000082400000, 0x0000000082400000| Untracked 
|   7|0x0000000082500000, 0x0000000082500000, 0x0000000082600000|  0%| F|  |TAMS 0x0000000082500000, 0x0000000082500000| Untracked 
|   8|0x0000000082600000, 0x0000000082600000, 0x0000000082700000|  0%| F|  |TAMS 0x0000000082600000, 0x0000000082600000| Untracked 
|   9|0x0000000082700000, 0x0000000082700000, 0x0000000082800000|  0%| F|  |TAMS 0x0000000082700000, 0x0000000082700000| Untracked 
|  10|0x0000000082800000, 0x0000000082800000, 0x0000000082900000|  0%| F|  |TAMS 0x0000000082800000, 0x0000000082800000| Untracked 
|  11|0x0000000082900000, 0x0000000082900000, 0x0000000082a00000|  0%| F|  |TAMS 0x0000000082900000, 0x0000000082900000| Untracked 
|  12|0x0000000082a00000, 0x0000000082a00000, 0x0000000082b00000|  0%| F|  |TAMS 0x0000000082a00000, 0x0000000082a00000| Untracked 
|  13|0x0000000082b00000, 0x0000000082b00000, 0x0000000082c00000|  0%| F|  |TAMS 0x0000000082b00000, 0x0000000082b00000| Untracked 
|  14|0x0000000082c00000, 0x0000000082c00000, 0x0000000082d00000|  0%| F|  |TAMS 0x0000000082c00000, 0x0000000082c00000| Untracked 
|  15|0x0000000082d00000, 0x0000000082d00000, 0x0000000082e00000|  0%| F|  |TAMS 0x0000000082d00000, 0x0000000082d00000| Untracked 
|  16|0x0000000082e00000, 0x0000000082e00000, 0x0000000082f00000|  0%| F|  |TAMS 0x0000000082e00000, 0x0000000082e00000| Untracked 
|  17|0x0000000082f00000, 0x0000000082f00000, 0x0000000083000000|  0%| F|  |TAMS 0x0000000082f00000, 0x0000000082f00000| Untracked 
|  18|0x0000000083000000, 0x0000000083000000, 0x0000000083100000|  0%| F|  |TAMS 0x0000000083000000, 0x0000000083000000| Untracked 
|  19|0x0000000083100000, 0x0000000083100000, 0x0000000083200000|  0%| F|  |TAMS 0x0000000083100000, 0x0000000083100000| Untracked 
|  20|0x0000000083200000, 0x0000000083200000, 0x0000000083300000|  0%| F|  |TAMS 0x0000000083200000, 0x0000000083200000| Untracked 
|  21|0x0000000083300000, 0x0000000083300000, 0x0000000083400000|  0%| F|  |TAMS 0x0000000083300000, 0x0000000083300000| Untracked 
|  22|0x0000000083400000, 0x0000000083400000, 0x0000000083500000|  0%| F|  |TAMS 0x0000000083400000, 0x0000000083400000| Untracked 
|  23|0x0000000083500000, 0x0000000083500000, 0x0000000083600000|  0%| F|  |TAMS 0x0000000083500000, 0x0000000083500000| Untracked 
|  24|0x0000000083600000, 0x0000000083600000, 0x0000000083700000|  0%| F|  |TAMS 0x0000000083600000, 0x0000000083600000| Untracked 
|  25|0x0000000083700000, 0x0000000083700000, 0x0000000083800000|  0%| F|  |TAMS 0x0000000083700000, 0x0000000083700000| Untracked 
|  26|0x0000000083800000, 0x0000000083800000, 0x0000000083900000|  0%| F|  |TAMS 0x0000000083800000, 0x0000000083800000| Untracked 
|  27|0x0000000083900000, 0x0000000083900000, 0x0000000083a00000|  0%| F|  |TAMS 0x0000000083900000, 0x0000000083900000| Untracked 
|  28|0x0000000083a00000, 0x0000000083a00000, 0x0000000083b00000|  0%| F|  |TAMS 0x0000000083a00000, 0x0000000083a00000| Untracked 
|  29|0x0000000083b00000, 0x0000000083b00000, 0x0000000083c00000|  0%| F|  |TAMS 0x0000000083b00000, 0x0000000083b00000| Untracked 
|  30|0x0000000083c00000, 0x0000000083c00000, 0x0000000083d00000|  0%| F|  |TAMS 0x0000000083c00000, 0x0000000083c00000| Untracked 
|  31|0x0000000083d00000, 0x0000000083d00000, 0x0000000083e00000|  0%| F|  |TAMS 0x0000000083d00000, 0x0000000083d00000| Untracked 
|  32|0x0000000083e00000, 0x0000000083e00000, 0x0000000083f00000|  0%| F|  |TAMS 0x0000000083e00000, 0x0000000083e00000| Untracked 
|  33|0x0000000083f00000, 0x0000000083f00000, 0x0000000084000000|  0%| F|  |TAMS 0x0000000083f00000, 0x0000000083f00000| Untracked 
|  34|0x0000000084000000, 0x0000000084000000, 0x0000000084100000|  0%| F|  |TAMS 0x0000000084000000, 0x0000000084000000| Untracked 
|  35|0x0000000084100000, 0x0000000084100000, 0x0000000084200000|  0%| F|  |TAMS 0x0000000084100000, 0x0000000084100000| Untracked 
|  36|0x0000000084200000, 0x0000000084200000, 0x0000000084300000|  0%| F|  |TAMS 0x0000000084200000, 0x0000000084200000| Untracked 
|  37|0x0000000084300000, 0x0000000084300000, 0x0000000084400000|  0%| F|  |TAMS 0x0000000084300000, 0x0000000084300000| Untracked 
|  38|0x0000000084400000, 0x0000000084400000, 0x0000000084500000|  0%| F|  |TAMS 0x0000000084400000, 0x0000000084400000| Untracked 
|  39|0x0000000084500000, 0x0000000084500000, 0x0000000084600000|  0%| F|  |TAMS 0x0000000084500000, 0x0000000084500000| Untracked 
|  40|0x0000000084600000, 0x0000000084600000, 0x0000000084700000|  0%| F|  |TAMS 0x0000000084600000, 0x0000000084600000| Untracked 
|  41|0x0000000084700000, 0x0000000084700000, 0x0000000084800000|  0%| F|  |TAMS 0x0000000084700000, 0x0000000084700000| Untracked 
|  42|0x0000000084800000, 0x0000000084800000, 0x0000000084900000|  0%| F|  |TAMS 0x0000000084800000, 0x0000000084800000| Untracked 
|  43|0x0000000084900000, 0x0000000084900000, 0x0000000084a00000|  0%| F|  |TAMS 0x0000000084900000, 0x0000000084900000| Untracked 
|  44|0x0000000084a00000, 0x0000000084a00000, 0x0000000084b00000|  0%| F|  |TAMS 0x0000000084a00000, 0x0000000084a00000| Untracked 
|  45|0x0000000084b00000, 0x0000000084b00000, 0x0000000084c00000|  0%| F|  |TAMS 0x0000000084b00000, 0x0000000084b00000| Untracked 
|  46|0x0000000084c00000, 0x0000000084c00000, 0x0000000084d00000|  0%| F|  |TAMS 0x0000000084c00000, 0x0000000084c00000| Untracked 
|  47|0x0000000084d00000, 0x0000000084d00000, 0x0000000084e00000|  0%| F|  |TAMS 0x0000000084d00000, 0x0000000084d00000| Untracked 
|  48|0x0000000084e00000, 0x0000000084e00000, 0x0000000084f00000|  0%| F|  |TAMS 0x0000000084e00000, 0x0000000084e00000| Untracked 
|  49|0x0000000084f00000, 0x0000000084f00000, 0x0000000085000000|  0%| F|  |TAMS 0x0000000084f00000, 0x0000000084f00000| Untracked 
|  50|0x0000000085000000, 0x0000000085000000, 0x0000000085100000|  0%| F|  |TAMS 0x0000000085000000, 0x0000000085000000| Untracked 
|  51|0x0000000085100000, 0x0000000085100000, 0x0000000085200000|  0%| F|  |TAMS 0x0000000085100000, 0x0000000085100000| Untracked 
|  52|0x0000000085200000, 0x0000000085200000, 0x0000000085300000|  0%| F|  |TAMS 0x0000000085200000, 0x0000000085200000| Untracked 
|  53|0x0000000085300000, 0x0000000085300000, 0x0000000085400000|  0%| F|  |TAMS 0x0000000085300000, 0x0000000085300000| Untracked 
|  54|0x0000000085400000, 0x0000000085400000, 0x0000000085500000|  0%| F|  |TAMS 0x0000000085400000, 0x0000000085400000| Untracked 
|  55|0x0000000085500000, 0x0000000085500000, 0x0000000085600000|  0%| F|  |TAMS 0x0000000085500000, 0x0000000085500000| Untracked 
|  56|0x0000000085600000, 0x0000000085600000, 0x0000000085700000|  0%| F|  |TAMS 0x0000000085600000, 0x0000000085600000| Untracked 
|  57|0x0000000085700000, 0x0000000085700000, 0x0000000085800000|  0%| F|  |TAMS 0x0000000085700000, 0x0000000085700000| Untracked 
|  58|0x0000000085800000, 0x0000000085800000, 0x0000000085900000|  0%| F|  |TAMS 0x0000000085800000, 0x0000000085800000| Untracked 
|  59|0x0000000085900000, 0x0000000085900000, 0x0000000085a00000|  0%| F|  |TAMS 0x0000000085900000, 0x0000000085900000| Untracked 
|  60|0x0000000085a00000, 0x0000000085a00000, 0x0000000085b00000|  0%| F|  |TAMS 0x0000000085a00000, 0x0000000085a00000| Untracked 
|  61|0x0000000085b00000, 0x0000000085b00000, 0x0000000085c00000|  0%| F|  |TAMS 0x0000000085b00000, 0x0000000085b00000| Untracked 
|  62|0x0000000085c00000, 0x0000000085c00000, 0x0000000085d00000|  0%| F|  |TAMS 0x0000000085c00000, 0x0000000085c00000| Untracked 
|  63|0x0000000085d00000, 0x0000000085d00000, 0x0000000085e00000|  0%| F|  |TAMS 0x0000000085d00000, 0x0000000085d00000| Untracked 
|  64|0x0000000085e00000, 0x0000000085e00000, 0x0000000085f00000|  0%| F|  |TAMS 0x0000000085e00000, 0x0000000085e00000| Untracked 
|  65|0x0000000085f00000, 0x0000000085f00000, 0x0000000086000000|  0%| F|  |TAMS 0x0000000085f00000, 0x0000000085f00000| Untracked 
|  66|0x0000000086000000, 0x0000000086000000, 0x0000000086100000|  0%| F|  |TAMS 0x0000000086000000, 0x0000000086000000| Untracked 
|  67|0x0000000086100000, 0x0000000086100000, 0x0000000086200000|  0%| F|  |TAMS 0x0000000086100000, 0x0000000086100000| Untracked 
|  68|0x0000000086200000, 0x0000000086200000, 0x0000000086300000|  0%| F|  |TAMS 0x0000000086200000, 0x0000000086200000| Untracked 
|  69|0x0000000086300000, 0x0000000086300000, 0x0000000086400000|  0%| F|  |TAMS 0x0000000086300000, 0x0000000086300000| Untracked 
|  70|0x0000000086400000, 0x0000000086400000, 0x0000000086500000|  0%| F|  |TAMS 0x0000000086400000, 0x0000000086400000| Untracked 
|  71|0x0000000086500000, 0x0000000086500000, 0x0000000086600000|  0%| F|  |TAMS 0x0000000086500000, 0x0000000086500000| Untracked 
|  72|0x0000000086600000, 0x0000000086600000, 0x0000000086700000|  0%| F|  |TAMS 0x0000000086600000, 0x0000000086600000| Untracked 
|  73|0x0000000086700000, 0x0000000086700000, 0x0000000086800000|  0%| F|  |TAMS 0x0000000086700000, 0x0000000086700000| Untracked 
|  74|0x0000000086800000, 0x0000000086800000, 0x0000000086900000|  0%| F|  |TAMS 0x0000000086800000, 0x0000000086800000| Untracked 
|  75|0x0000000086900000, 0x0000000086900000, 0x0000000086a00000|  0%| F|  |TAMS 0x0000000086900000, 0x0000000086900000| Untracked 
|  76|0x0000000086a00000, 0x0000000086a00000, 0x0000000086b00000|  0%| F|  |TAMS 0x0000000086a00000, 0x0000000086a00000| Untracked 
|  77|0x0000000086b00000, 0x0000000086b00000, 0x0000000086c00000|  0%| F|  |TAMS 0x0000000086b00000, 0x0000000086b00000| Untracked 
|  78|0x0000000086c00000, 0x0000000086c00000, 0x0000000086d00000|  0%| F|  |TAMS 0x0000000086c00000, 0x0000000086c00000| Untracked 
|  79|0x0000000086d00000, 0x0000000086d00000, 0x0000000086e00000|  0%| F|  |TAMS 0x0000000086d00000, 0x0000000086d00000| Untracked 
|  80|0x0000000086e00000, 0x0000000086e00000, 0x0000000086f00000|  0%| F|  |TAMS 0x0000000086e00000, 0x0000000086e00000| Untracked 
|  81|0x0000000086f00000, 0x0000000086f00000, 0x0000000087000000|  0%| F|  |TAMS 0x0000000086f00000, 0x0000000086f00000| Untracked 
|  82|0x0000000087000000, 0x0000000087000000, 0x0000000087100000|  0%| F|  |TAMS 0x0000000087000000, 0x0000000087000000| Untracked 
|  83|0x0000000087100000, 0x0000000087100000, 0x0000000087200000|  0%| F|  |TAMS 0x0000000087100000, 0x0000000087100000| Untracked 
|  84|0x0000000087200000, 0x0000000087200000, 0x0000000087300000|  0%| F|  |TAMS 0x0000000087200000, 0x0000000087200000| Untracked 
|  85|0x0000000087300000, 0x0000000087300000, 0x0000000087400000|  0%| F|  |TAMS 0x0000000087300000, 0x0000000087300000| Untracked 
|  86|0x0000000087400000, 0x0000000087400000, 0x0000000087500000|  0%| F|  |TAMS 0x0000000087400000, 0x0000000087400000| Untracked 
|  87|0x0000000087500000, 0x0000000087500000, 0x0000000087600000|  0%| F|  |TAMS 0x0000000087500000, 0x0000000087500000| Untracked 
|  88|0x0000000087600000, 0x0000000087600000, 0x0000000087700000|  0%| F|  |TAMS 0x0000000087600000, 0x0000000087600000| Untracked 
|  89|0x0000000087700000, 0x0000000087700000, 0x0000000087800000|  0%| F|  |TAMS 0x0000000087700000, 0x0000000087700000| Untracked 
|  90|0x0000000087800000, 0x0000000087800000, 0x0000000087900000|  0%| F|  |TAMS 0x0000000087800000, 0x0000000087800000| Untracked 
|  91|0x0000000087900000, 0x0000000087900000, 0x0000000087a00000|  0%| F|  |TAMS 0x0000000087900000, 0x0000000087900000| Untracked 
|  92|0x0000000087a00000, 0x0000000087a00000, 0x0000000087b00000|  0%| F|  |TAMS 0x0000000087a00000, 0x0000000087a00000| Untracked 
|  93|0x0000000087b00000, 0x0000000087b00000, 0x0000000087c00000|  0%| F|  |TAMS 0x0000000087b00000, 0x0000000087b00000| Untracked 
|  94|0x0000000087c00000, 0x0000000087c00000, 0x0000000087d00000|  0%| F|  |TAMS 0x0000000087c00000, 0x0000000087c00000| Untracked 
|  95|0x0000000087d00000, 0x0000000087d00000, 0x0000000087e00000|  0%| F|  |TAMS 0x0000000087d00000, 0x0000000087d00000| Untracked 
|  96|0x0000000087e00000, 0x0000000087e00000, 0x0000000087f00000|  0%| F|  |TAMS 0x0000000087e00000, 0x0000000087e00000| Untracked 
|  97|0x0000000087f00000, 0x0000000087f00000, 0x0000000088000000|  0%| F|  |TAMS 0x0000000087f00000, 0x0000000087f00000| Untracked 
|  98|0x0000000088000000, 0x0000000088000000, 0x0000000088100000|  0%| F|  |TAMS 0x0000000088000000, 0x0000000088000000| Untracked 
|  99|0x0000000088100000, 0x0000000088100000, 0x0000000088200000|  0%| F|  |TAMS 0x0000000088100000, 0x0000000088100000| Untracked 
| 100|0x0000000088200000, 0x0000000088200000, 0x0000000088300000|  0%| F|  |TAMS 0x0000000088200000, 0x0000000088200000| Untracked 
| 101|0x0000000088300000, 0x0000000088300000, 0x0000000088400000|  0%| F|  |TAMS 0x0000000088300000, 0x0000000088300000| Untracked 
| 102|0x0000000088400000, 0x0000000088500000, 0x0000000088500000|100%| S|CS|TAMS 0x0000000088400000, 0x0000000088400000| Complete 
| 103|0x0000000088500000, 0x0000000088600000, 0x0000000088600000|100%| S|CS|TAMS 0x0000000088500000, 0x0000000088500000| Complete 
| 104|0x0000000088600000, 0x0000000088700000, 0x0000000088700000|100%| S|CS|TAMS 0x0000000088600000, 0x0000000088600000| Complete 
| 105|0x0000000088700000, 0x0000000088700000, 0x0000000088800000|  0%| F|  |TAMS 0x0000000088700000, 0x0000000088700000| Untracked 
| 106|0x0000000088800000, 0x0000000088800000, 0x0000000088900000|  0%| F|  |TAMS 0x0000000088800000, 0x0000000088800000| Untracked 
| 107|0x0000000088900000, 0x0000000088900000, 0x0000000088a00000|  0%| F|  |TAMS 0x0000000088900000, 0x0000000088900000| Untracked 
| 108|0x0000000088a00000, 0x0000000088a00000, 0x0000000088b00000|  0%| F|  |TAMS 0x0000000088a00000, 0x0000000088a00000| Untracked 
| 109|0x0000000088b00000, 0x0000000088b00000, 0x0000000088c00000|  0%| F|  |TAMS 0x0000000088b00000, 0x0000000088b00000| Untracked 
| 110|0x0000000088c00000, 0x0000000088c00000, 0x0000000088d00000|  0%| F|  |TAMS 0x0000000088c00000, 0x0000000088c00000| Untracked 
| 111|0x0000000088d00000, 0x0000000088d00000, 0x0000000088e00000|  0%| F|  |TAMS 0x0000000088d00000, 0x0000000088d00000| Untracked 
| 112|0x0000000088e00000, 0x0000000088e00000, 0x0000000088f00000|  0%| F|  |TAMS 0x0000000088e00000, 0x0000000088e00000| Untracked 
| 113|0x0000000088f00000, 0x0000000088f00000, 0x0000000089000000|  0%| F|  |TAMS 0x0000000088f00000, 0x0000000088f00000| Untracked 
| 114|0x0000000089000000, 0x0000000089000000, 0x0000000089100000|  0%| F|  |TAMS 0x0000000089000000, 0x0000000089000000| Untracked 
| 115|0x0000000089100000, 0x0000000089100000, 0x0000000089200000|  0%| F|  |TAMS 0x0000000089100000, 0x0000000089100000| Untracked 
| 116|0x0000000089200000, 0x0000000089267088, 0x0000000089300000| 40%| E|  |TAMS 0x0000000089200000, 0x0000000089200000| Complete 
| 117|0x0000000089300000, 0x0000000089400000, 0x0000000089400000|100%| E|CS|TAMS 0x0000000089300000, 0x0000000089300000| Complete 
| 118|0x0000000089400000, 0x0000000089500000, 0x0000000089500000|100%| E|CS|TAMS 0x0000000089400000, 0x0000000089400000| Complete 
| 119|0x0000000089500000, 0x0000000089600000, 0x0000000089600000|100%| E|CS|TAMS 0x0000000089500000, 0x0000000089500000| Complete 
| 120|0x0000000089600000, 0x0000000089700000, 0x0000000089700000|100%| E|CS|TAMS 0x0000000089600000, 0x0000000089600000| Complete 
| 121|0x0000000089700000, 0x0000000089800000, 0x0000000089800000|100%| E|CS|TAMS 0x0000000089700000, 0x0000000089700000| Complete 
| 122|0x0000000089800000, 0x0000000089900000, 0x0000000089900000|100%| E|CS|TAMS 0x0000000089800000, 0x0000000089800000| Complete 
| 123|0x0000000089900000, 0x0000000089a00000, 0x0000000089a00000|100%| E|CS|TAMS 0x0000000089900000, 0x0000000089900000| Complete 
| 124|0x0000000089a00000, 0x0000000089b00000, 0x0000000089b00000|100%| E|CS|TAMS 0x0000000089a00000, 0x0000000089a00000| Complete 
| 125|0x0000000089b00000, 0x0000000089c00000, 0x0000000089c00000|100%| E|CS|TAMS 0x0000000089b00000, 0x0000000089b00000| Complete 
| 126|0x0000000089c00000, 0x0000000089d00000, 0x0000000089d00000|100%| E|CS|TAMS 0x0000000089c00000, 0x0000000089c00000| Complete 
| 127|0x0000000089d00000, 0x0000000089e00000, 0x0000000089e00000|100%| E|CS|TAMS 0x0000000089d00000, 0x0000000089d00000| Complete 

Card table byte_map: [0x000001b6175b0000,0x000001b6179b0000] _byte_map_base: 0x000001b6171a1000

Marking Bits (Prev, Next): (CMBitMap*) 0x000001b6000b0eb0, (CMBitMap*) 0x000001b6000b0ef0
 Prev Bits: [0x000001b617db0000, 0x000001b619d38000)
 Next Bits: [0x000001b619d40000, 0x000001b61bcc8000)

Polling page: 0x000001b67f730000

Metaspace:

Usage:
  Non-class:      7.13 MB used.
      Class:      1.09 MB used.
       Both:      8.23 MB used.

Virtual space:
  Non-class space:       64.00 MB reserved,       7.25 MB ( 11%) committed,  1 nodes.
      Class space:        1.00 GB reserved,       1.25 MB ( <1%) committed,  1 nodes.
             Both:        1.06 GB reserved,       8.50 MB ( <1%) committed. 

Chunk freelists:
   Non-Class:  400.00 KB
       Class:  2.64 MB
        Both:  3.03 MB

MaxMetaspaceSize: unlimited
CompressedClassSpaceSize: 1.00 GB
Initial GC threshold: 21.00 MB
Current GC threshold: 21.00 MB
CDS: on
MetaspaceReclaimPolicy: balanced
 - commit_granule_bytes: 65536.
 - commit_granule_words: 8192.
 - virtual_space_node_default_size: 8388608.
 - enlarge_chunks_in_place: 1.
 - new_chunks_are_fully_committed: 0.
 - uncommit_free_chunks: 1.
 - use_allocation_guard: 0.


Internal statistics:

num_allocs_failed_limit: 0.
num_arena_births: 206.
num_arena_deaths: 0.
num_vsnodes_births: 2.
num_vsnodes_deaths: 0.
num_space_committed: 136.
num_space_uncommitted: 0.
num_chunks_returned_to_freelist: 0.
num_chunks_taken_from_freelist: 448.
num_chunk_merges: 0.
num_chunk_splits: 276.
num_chunks_enlarged: 204.
num_inconsistent_stats: 0.

CodeHeap 'non-profiled nmethods': size=120000Kb used=459Kb max_used=459Kb free=119540Kb
 bounds [0x000001b60fa60000, 0x000001b60fcd0000, 0x000001b616f90000]
CodeHeap 'profiled nmethods': size=120000Kb used=2372Kb max_used=2372Kb free=117628Kb
 bounds [0x000001b607f90000, 0x000001b608200000, 0x000001b60f4c0000]
CodeHeap 'non-nmethods': size=5760Kb used=1261Kb max_used=1279Kb free=4499Kb
 bounds [0x000001b60f4c0000, 0x000001b60f730000, 0x000001b60fa60000]
 total_blobs=1804 nmethods=1328 adapters=387
 compilation: enabled
              stopped_count=0, restarted_count=0
 full_count=0

Compilation events (20 events):
Event: 17.910 Thread 0x000001b61e7a31b0 nmethod 1307 0x000001b60fad1d10 code [0x000001b60fad1ea0, 0x000001b60fad1f58]
Event: 17.911 Thread 0x000001b61e7a31b0 1308       3       java.lang.invoke.MethodHandleNatives::refKindIsGetter (32 bytes)
Event: 17.911 Thread 0x000001b61e7a31b0 nmethod 1308 0x000001b6081d4510 code [0x000001b6081d46a0, 0x000001b6081d47f8]
Event: 17.912 Thread 0x000001b61e7a20a0 1309       4       jdk.internal.org.objectweb.asm.Frame::execute (2305 bytes)
Event: 17.912 Thread 0x000001b61e7a31b0 1310       3       jdk.internal.org.objectweb.asm.MethodWriter::computeAllFrames (510 bytes)
Event: 17.915 Thread 0x000001b61e7a31b0 nmethod 1310 0x000001b6081d4890 code [0x000001b6081d4be0, 0x000001b6081d6048]
Event: 17.915 Thread 0x000001b61e7a31b0 1311       3       jdk.internal.org.objectweb.asm.Frame::setInputFrameFromDescriptor (175 bytes)
Event: 17.915 Thread 0x000001b61e7a31b0 nmethod 1311 0x000001b6081d6b10 code [0x000001b6081d6d40, 0x000001b6081d7518]
Event: 17.915 Thread 0x000001b61e7a31b0 1312       3       jdk.internal.org.objectweb.asm.Type::getArgumentTypes (154 bytes)
Event: 17.918 Thread 0x000001b61e7a31b0 nmethod 1312 0x000001b6081d7910 code [0x000001b6081d7dc0, 0x000001b6081da6a8]
Event: 17.918 Thread 0x000001b61e7a31b0 1314       1       org.gradle.internal.logging.sink.OutputEventListenerManager::access$000 (5 bytes)
Event: 17.918 Thread 0x000001b61e7a31b0 nmethod 1314 0x000001b60fad2010 code [0x000001b60fad21a0, 0x000001b60fad2258]
Event: 17.918 Thread 0x000001b61e7a31b0 1315       1       org.gradle.internal.logging.sink.OutputEventListenerManager::access$100 (5 bytes)
Event: 17.918 Thread 0x000001b61e7a31b0 nmethod 1315 0x000001b60fad2310 code [0x000001b60fad24a0, 0x000001b60fad2558]
Event: 17.918 Thread 0x000001b61e7a31b0 1313       1       org.gradle.internal.serialize.Serializers$StatefulSerializerAdapter::access$000 (5 bytes)
Event: 17.918 Thread 0x000001b61e7a31b0 nmethod 1313 0x000001b60fad2610 code [0x000001b60fad27a0, 0x000001b60fad2858]
Event: 17.918 Thread 0x000001b61e7a31b0 1316       1       org.gradle.internal.logging.slf4j.BuildOperationAwareLogger::isTraceEnabled (2 bytes)
Event: 17.919 Thread 0x000001b61e7a31b0 nmethod 1316 0x000001b60fad2910 code [0x000001b60fad2aa0, 0x000001b60fad2b78]
Event: 17.919 Thread 0x000001b61e7a31b0 1317       1       org.gradle.launcher.daemon.protocol.OutputMessage::getEvent (5 bytes)
Event: 17.919 Thread 0x000001b61e7a31b0 nmethod 1317 0x000001b60fad2c10 code [0x000001b60fad2da0, 0x000001b60fad2e58]

GC Heap History (2 events):
Event: 1.210 GC heap before
{Heap before GC invocations=0 (full 0):
 garbage-first heap   total 131072K, used 25600K [0x0000000081e00000, 0x0000000100000000)
  region size 1024K, 23 young (23552K), 0 survivors (0K)
 Metaspace       used 4454K, committed 4672K, reserved 1114112K
  class space    used 576K, committed 704K, reserved 1048576K
}
Event: 1.218 GC heap after
{Heap after GC invocations=1 (full 0):
 garbage-first heap   total 131072K, used 9131K [0x0000000081e00000, 0x0000000100000000)
  region size 1024K, 3 young (3072K), 3 survivors (3072K)
 Metaspace       used 4454K, committed 4672K, reserved 1114112K
  class space    used 576K, committed 704K, reserved 1048576K
}

Dll operation events (12 events):
Event: 0.038 Loaded shared library C:\Program Files\Java\jdk-19\bin\java.dll
Event: 0.088 Loaded shared library C:\Program Files\Java\jdk-19\bin\jsvml.dll
Event: 0.179 Loaded shared library C:\Program Files\Java\jdk-19\bin\net.dll
Event: 0.191 Loaded shared library C:\Program Files\Java\jdk-19\bin\nio.dll
Event: 0.228 Loaded shared library C:\Program Files\Java\jdk-19\bin\zip.dll
Event: 0.236 Loaded shared library C:\Program Files\Java\jdk-19\bin\verify.dll
Event: 0.300 Loaded shared library C:\Program Files\Java\jdk-19\bin\jimage.dll
Event: 1.159 Loaded shared library C:\Users\User\.gradle\native\68d5fa5c4cc2d200863cafc0d521ce42e7d3e7ee720ec0a83991735586a16f82\windows-amd64\native-platform.dll
Event: 1.298 Loaded shared library C:\Program Files\Java\jdk-19\bin\management.dll
Event: 1.302 Loaded shared library C:\Program Files\Java\jdk-19\bin\management_ext.dll
Event: 1.599 Loaded shared library C:\Program Files\Java\jdk-19\bin\extnet.dll
Event: 1.669 Loaded shared library C:\Program Files\Java\jdk-19\bin\sunmscapi.dll

Deoptimization events (20 events):
Event: 1.362 Thread 0x000001b600050600 DEOPT PACKING pc=0x000001b608001b57 sp=0x0000006c7e7fb6a0
Event: 1.362 Thread 0x000001b600050600 DEOPT UNPACKING pc=0x000001b60f527543 sp=0x0000006c7e7fab20 mode 0
Event: 1.376 Thread 0x000001b600050600 DEOPT PACKING pc=0x000001b608080121 sp=0x0000006c7e7fb650
Event: 1.376 Thread 0x000001b600050600 DEOPT UNPACKING pc=0x000001b60f527543 sp=0x0000006c7e7fab58 mode 0
Event: 1.433 Thread 0x000001b600050600 Uncommon trap: trap_request=0xffffffc6 fr.pc=0x000001b60fab76b0 relative=0x00000000000002f0
Event: 1.433 Thread 0x000001b600050600 Uncommon trap: reason=bimorphic_or_optimized_type_check action=maybe_recompile pc=0x000001b60fab76b0 method=java.util.concurrent.ConcurrentHashMap.get(Ljava/lang/Object;)Ljava/lang/Object; @ 149 c2
Event: 1.433 Thread 0x000001b600050600 DEOPT PACKING pc=0x000001b60fab76b0 sp=0x0000006c7e7fce10
Event: 1.433 Thread 0x000001b600050600 DEOPT UNPACKING pc=0x000001b60f526da3 sp=0x0000006c7e7fcd80 mode 2
Event: 1.464 Thread 0x000001b600050600 Uncommon trap: trap_request=0xffffff45 fr.pc=0x000001b60faacfc8 relative=0x00000000000016e8
Event: 1.464 Thread 0x000001b600050600 Uncommon trap: reason=unstable_if action=reinterpret pc=0x000001b60faacfc8 method=java.io.WinNTFileSystem.normalize(Ljava/lang/String;)Ljava/lang/String; @ 128 c2
Event: 1.464 Thread 0x000001b600050600 DEOPT PACKING pc=0x000001b60faacfc8 sp=0x0000006c7e7fcdf0
Event: 1.464 Thread 0x000001b600050600 DEOPT UNPACKING pc=0x000001b60f526da3 sp=0x0000006c7e7fcdc8 mode 2
Event: 1.618 Thread 0x000001b600050600 Uncommon trap: trap_request=0xffffff45 fr.pc=0x000001b60fa95b9c relative=0x000000000000055c
Event: 1.618 Thread 0x000001b600050600 Uncommon trap: reason=unstable_if action=reinterpret pc=0x000001b60fa95b9c method=java.lang.AbstractStringBuilder.append(Ljava/lang/String;)Ljava/lang/AbstractStringBuilder; @ 1 c2
Event: 1.618 Thread 0x000001b600050600 DEOPT PACKING pc=0x000001b60fa95b9c sp=0x0000006c7e7fdb30
Event: 1.618 Thread 0x000001b600050600 DEOPT UNPACKING pc=0x000001b60f526da3 sp=0x0000006c7e7fdab0 mode 2
Event: 1.618 Thread 0x000001b600050600 Uncommon trap: trap_request=0xffffff45 fr.pc=0x000001b60fa9f594 relative=0x0000000000000554
Event: 1.618 Thread 0x000001b600050600 Uncommon trap: reason=unstable_if action=reinterpret pc=0x000001b60fa9f594 method=java.lang.AbstractStringBuilder.append(Ljava/lang/String;)Ljava/lang/AbstractStringBuilder; @ 1 c2
Event: 1.618 Thread 0x000001b600050600 DEOPT PACKING pc=0x000001b60fa9f594 sp=0x0000006c7e7fdac0
Event: 1.618 Thread 0x000001b600050600 DEOPT UNPACKING pc=0x000001b60f526da3 sp=0x0000006c7e7fdaa8 mode 2

Classes loaded (20 events):
Event: 7.870 Loading class jdk/internal/logger/LazyLoggers$1
Event: 7.871 Loading class jdk/internal/logger/LazyLoggers$1 done
Event: 7.871 Loading class jdk/internal/logger/LazyLoggers$LazyLoggerFactories
Event: 7.871 Loading class jdk/internal/logger/LazyLoggers$LazyLoggerFactories done
Event: 7.872 Loading class jdk/internal/logger/LoggerFinderLoader
Event: 7.872 Loading class jdk/internal/logger/LoggerFinderLoader done
Event: 7.873 Loading class sun/util/logging/internal/LoggingProviderImpl$JULWrapper
Event: 7.873 Loading class sun/util/logging/PlatformLogger$ConfigurableBridge$LoggerConfiguration
Event: 7.873 Loading class sun/util/logging/PlatformLogger$ConfigurableBridge$LoggerConfiguration done
Event: 7.873 Loading class sun/util/logging/internal/LoggingProviderImpl$JULWrapper done
Event: 7.874 Loading class java/io/ObjectInputFilter$Config$BuiltinFilterFactory
Event: 7.874 Loading class java/io/ObjectInputFilter$Config$BuiltinFilterFactory done
Event: 7.874 Loading class jdk/internal/access/JavaObjectInputFilterAccess
Event: 7.874 Loading class jdk/internal/access/JavaObjectInputFilterAccess done
Event: 7.874 Loading class java/lang/System$Logger$Level
Event: 7.875 Loading class java/lang/System$Logger$Level done
Event: 7.875 Loading class java/io/Bits
Event: 7.875 Loading class java/io/Bits done
Event: 17.910 Loading class java/lang/invoke/MethodHandle$1
Event: 17.911 Loading class java/lang/invoke/MethodHandle$1 done

Classes unloaded (0 events):
No events

Classes redefined (0 events):
No events

Internal exceptions (20 events):
Event: 0.412 Thread 0x000001b600050600 Exception <a 'java/lang/NoSuchMethodError'{0x0000000089a7b760}: 'void java.lang.invoke.DirectMethodHandle$Holder.invokeStatic(java.lang.Object, java.lang.Object, java.lang.Object)'> (0x0000000089a7b760) 
thrown [s\open\src\hotspot\share\interpreter\linkResolver.cpp, line 774]
Event: 0.416 Thread 0x000001b600050600 Exception <a 'java/lang/NoSuchMethodError'{0x0000000089a8ec48}: 'java.lang.Object java.lang.invoke.Invokers$Holder.invokeExact_MT(java.lang.Object, java.lang.Object, java.lang.Object, java.lang.Object, java.lang.Object)'> (0x0000000089a8ec48) 
thrown [s\open\src\hotspot\share\interpreter\linkResolver.cpp, line 774]
Event: 0.424 Thread 0x000001b600050600 Exception <a 'java/lang/NoSuchMethodError'{0x0000000089abc4f8}: 'int java.lang.invoke.DirectMethodHandle$Holder.invokeStaticInit(java.lang.Object, java.lang.Object)'> (0x0000000089abc4f8) 
thrown [s\open\src\hotspot\share\interpreter\linkResolver.cpp, line 774]
Event: 1.113 Thread 0x000001b600050600 Exception <a 'java/lang/NoSuchMethodError'{0x0000000088ac35d8}: 'void java.lang.invoke.DirectMethodHandle$Holder.invokeInterface(java.lang.Object, java.lang.Object, java.lang.Object)'> (0x0000000088ac35d8) 
thrown [s\open\src\hotspot\share\interpreter\linkResolver.cpp, line 774]
Event: 1.124 Thread 0x000001b600050600 Exception <a 'java/lang/NoClassDefFoundError'{0x000000008890eac8}: org/slf4j/impl/StaticMarkerBinder> (0x000000008890eac8) 
thrown [s\open\src\hotspot\share\classfile\systemDictionary.cpp, line 244]
Event: 1.138 Thread 0x000001b600050600 Exception <a 'java/lang/NoSuchMethodError'{0x0000000088995b28}: 'java.lang.Object java.lang.invoke.DirectMethodHandle$Holder.invokeVirtual(java.lang.Object, java.lang.Object, java.lang.Object, java.lang.Object, java.lang.Object, java.lang.Object, java.lang.Object)'> (0x0000000088995b28) 
thrown [s\open\src\hotspot\share\interpreter\linkResolver.cpp, line 774]
Event: 1.142 Thread 0x000001b600050600 Exception <a 'java/lang/NoSuchMethodError'{0x00000000889a9778}: 'java.lang.Object java.lang.invoke.DirectMethodHandle$Holder.invokeStatic(java.lang.Object, java.lang.Object, int)'> (0x00000000889a9778) 
thrown [s\open\src\hotspot\share\interpreter\linkResolver.cpp, line 774]
Event: 1.143 Thread 0x000001b600050600 Exception <a 'java/lang/NoSuchMethodError'{0x00000000889b54a0}: 'void java.lang.invoke.DelegatingMethodHandle$Holder.delegate(java.lang.Object, java.lang.Object, int, java.lang.Object)'> (0x00000000889b54a0) 
thrown [s\open\src\hotspot\share\interpreter\linkResolver.cpp, line 774]
Event: 1.144 Thread 0x000001b600050600 Exception <a 'java/lang/NoSuchMethodError'{0x00000000889b9600}: 'int java.lang.invoke.DirectMethodHandle$Holder.invokeSpecial(java.lang.Object, java.lang.Object, java.lang.Object)'> (0x00000000889b9600) 
thrown [s\open\src\hotspot\share\interpreter\linkResolver.cpp, line 774]
Event: 1.167 Thread 0x000001b600050600 Exception <a 'java/lang/NoSuchMethodError'{0x0000000088852080}: 'java.lang.Object java.lang.invoke.DirectMethodHandle$Holder.invokeVirtual(java.lang.Object, java.lang.Object, java.lang.Object)'> (0x0000000088852080) 
thrown [s\open\src\hotspot\share\interpreter\linkResolver.cpp, line 774]
Event: 1.234 Thread 0x000001b600050600 Exception <a 'java/lang/NoSuchMethodError'{0x0000000089c11278}: 'java.lang.Object java.lang.invoke.DirectMethodHandle$Holder.invokeVirtual(java.lang.Object, java.lang.Object, java.lang.Object, java.lang.Object)'> (0x0000000089c11278) 
thrown [s\open\src\hotspot\share\interpreter\linkResolver.cpp, line 774]
Event: 1.247 Thread 0x000001b600050600 Exception <a 'java/lang/NoSuchMethodError'{0x0000000089c9c288}: 'java.lang.Object java.lang.invoke.DirectMethodHandle$Holder.invokeVirtual(java.lang.Object, java.lang.Object, java.lang.Object, java.lang.Object, java.lang.Object, java.lang.Object)'> (0x0000000089c9c288) 
thrown [s\open\src\hotspot\share\interpreter\linkResolver.cpp, line 774]
Event: 1.296 Thread 0x000001b600050600 Exception <a 'java/lang/NoSuchMethodError'{0x0000000089adc168}: 'java.lang.Object java.lang.invoke.DirectMethodHandle$Holder.invokeStaticInit(java.lang.Object)'> (0x0000000089adc168) 
thrown [s\open\src\hotspot\share\interpreter\linkResolver.cpp, line 774]
Event: 1.337 Thread 0x000001b600050600 Exception <a 'java/lang/NoSuchMethodError'{0x000000008985a438}: 'java.lang.Object java.lang.invoke.DirectMethodHandle$Holder.invokeVirtual(java.lang.Object, java.lang.Object, java.lang.Object, java.lang.Object, java.lang.Object)'> (0x000000008985a438) 
thrown [s\open\src\hotspot\share\interpreter\linkResolver.cpp, line 774]
Event: 1.338 Thread 0x000001b600050600 Exception <a 'java/lang/NoSuchMethodError'{0x000000008986e620}: 'java.lang.Object java.lang.invoke.Invokers$Holder.invokeExact_MT(java.lang.Object, java.lang.Object, java.lang.Object, java.lang.Object, java.lang.Object, java.lang.Object)'> (0x000000008986e620) 
thrown [s\open\src\hotspot\share\interpreter\linkResolver.cpp, line 774]
Event: 1.390 Thread 0x000001b600050600 Exception <a 'java/lang/NoSuchMethodError'{0x0000000089605160}: 'java.lang.Object java.lang.invoke.DirectMethodHandle$Holder.invokeVirtual(java.lang.Object, java.lang.Object, java.lang.Object, java.lang.Object, java.lang.Object, java.lang.Object, java.lang.Object, java.lang.Object)'> (0x0000000089605160) 
thrown [s\open\src\hotspot\share\interpreter\linkResolver.cpp, line 774]
Event: 1.425 Thread 0x000001b600050600 Exception <a 'java/lang/NoSuchMethodError'{0x000000008952c480}: 'java.lang.Object java.lang.invoke.DirectMethodHandle$Holder.invokeStaticInit(java.lang.Object, int, int, int, int)'> (0x000000008952c480) 
thrown [s\open\src\hotspot\share\interpreter\linkResolver.cpp, line 774]
Event: 1.469 Thread 0x000001b600050600 Exception <a 'java/lang/NoSuchMethodError'{0x0000000089549480}: 'java.lang.Object java.lang.invoke.DirectMethodHandle$Holder.invokeStaticInit(java.lang.Object, java.lang.Object, int, int, int, int)'> (0x0000000089549480) 
thrown [s\open\src\hotspot\share\interpreter\linkResolver.cpp, line 774]
Event: 1.618 Thread 0x000001b600050600 Implicit null exception at 0x000001b60fa95672 to 0x000001b60fa95b84
Event: 1.618 Thread 0x000001b600050600 Implicit null exception at 0x000001b60fa9f072 to 0x000001b60fa9f57c

VM Operations (20 events):
Event: 0.917 Executing VM operation: HandshakeAllThreads
Event: 0.917 Executing VM operation: HandshakeAllThreads done
Event: 0.935 Executing VM operation: HandshakeAllThreads
Event: 0.935 Executing VM operation: HandshakeAllThreads done
Event: 1.141 Executing VM operation: HandshakeAllThreads
Event: 1.141 Executing VM operation: HandshakeAllThreads done
Event: 1.141 Executing VM operation: Cleanup
Event: 1.142 Executing VM operation: Cleanup done
Event: 1.209 Executing VM operation: G1CollectForAllocation
Event: 1.218 Executing VM operation: G1CollectForAllocation done
Event: 1.224 Executing VM operation: HandshakeAllThreads
Event: 1.224 Executing VM operation: HandshakeAllThreads done
Event: 1.362 Executing VM operation: HandshakeAllThreads
Event: 1.362 Executing VM operation: HandshakeAllThreads done
Event: 1.467 Executing VM operation: HandshakeAllThreads
Event: 1.467 Executing VM operation: HandshakeAllThreads done
Event: 2.472 Executing VM operation: Cleanup
Event: 2.473 Executing VM operation: Cleanup done
Event: 14.561 Executing VM operation: Cleanup
Event: 14.561 Executing VM operation: Cleanup done

Events (15 events):
Event: 0.091 Thread 0x000001b600050600 Thread added: 0x000001b600050600
Event: 0.122 Thread 0x000001b61e7982f0 Thread added: 0x000001b61e7982f0
Event: 0.122 Thread 0x000001b61e7990e0 Thread added: 0x000001b61e7990e0
Event: 0.123 Thread 0x000001b61e79b590 Thread added: 0x000001b61e79b590
Event: 0.123 Thread 0x000001b61e79f160 Thread added: 0x000001b61e79f160
Event: 0.123 Thread 0x000001b61e7a0230 Thread added: 0x000001b61e7a0230
Event: 0.123 Thread 0x000001b61e7a0b60 Thread added: 0x000001b61e7a0b60
Event: 0.124 Thread 0x000001b61e7a20a0 Thread added: 0x000001b61e7a20a0
Event: 0.124 Thread 0x000001b61e7a31b0 Thread added: 0x000001b61e7a31b0
Event: 0.124 Thread 0x000001b61e7a92b0 Thread added: 0x000001b61e7a92b0
Event: 0.159 Thread 0x000001b622a200d0 Thread added: 0x000001b622a200d0
Event: 0.168 Thread 0x000001b622a26cf0 Thread added: 0x000001b622a26cf0
Event: 1.186 Thread 0x000001b6232cb050 Thread added: 0x000001b6232cb050
Event: 1.771 Thread 0x000001b62356e030 Thread added: 0x000001b62356e030
Event: 1.773 Thread 0x000001b62356eee0 Thread added: 0x000001b62356eee0


Dynamic libraries:
0x00007ff76fc10000 - 0x00007ff76fc20000 	C:\Program Files\Java\jdk-19\bin\java.exe
0x00007ffba99d0000 - 0x00007ffba9bc8000 	C:\Windows\SYSTEM32\ntdll.dll
0x00007ffba94d0000 - 0x00007ffba958f000 	C:\Windows\System32\KERNEL32.DLL
0x00007ffba7690000 - 0x00007ffba7986000 	C:\Windows\System32\KERNELBASE.dll
0x00007ffba7260000 - 0x00007ffba7360000 	C:\Windows\System32\ucrtbase.dll
0x00007ffb9f0d0000 - 0x00007ffb9f0e8000 	C:\Program Files\Java\jdk-19\bin\jli.dll
0x00007ffb9f0f0000 - 0x00007ffb9f10b000 	C:\Program Files\Java\jdk-19\bin\VCRUNTIME140.dll
0x00007ffba9040000 - 0x00007ffba90ef000 	C:\Windows\System32\ADVAPI32.dll
0x00007ffba98f0000 - 0x00007ffba998e000 	C:\Windows\System32\msvcrt.dll
0x00007ffba8900000 - 0x00007ffba899c000 	C:\Windows\System32\sechost.dll
0x00007ffba8b70000 - 0x00007ffba8c96000 	C:\Windows\System32\RPCRT4.dll
0x00007ffba7a30000 - 0x00007ffba7bcd000 	C:\Windows\System32\USER32.dll
0x00007ffba7360000 - 0x00007ffba7382000 	C:\Windows\System32\win32u.dll
0x00007ffba8180000 - 0x00007ffba81ac000 	C:\Windows\System32\GDI32.dll
0x00007ffba7140000 - 0x00007ffba7255000 	C:\Windows\System32\gdi32full.dll
0x00007ffba7990000 - 0x00007ffba7a2d000 	C:\Windows\System32\msvcp_win.dll
0x00007ffb90e20000 - 0x00007ffb910ba000 	C:\Windows\WinSxS\amd64_microsoft.windows.common-controls_6595b64144ccf1df_6.0.19041.1110_none_60b5254171f9507e\COMCTL32.dll
0x00007ffba6c30000 - 0x00007ffba6c3a000 	C:\Windows\SYSTEM32\VERSION.dll
0x00007ffba9010000 - 0x00007ffba9040000 	C:\Windows\System32\IMM32.DLL
0x000000006da20000 - 0x000000006da2c000 	C:\Program Files (x86)\360\Total Security\safemon\SafeWrapper.dll
0x00007ffb797e0000 - 0x00007ffb79872000 	C:\Program Files (x86)\360\Total Security\safemon\libzdtp64.dll
0x00007ffba81b0000 - 0x00007ffba88f4000 	C:\Windows\System32\SHELL32.dll
0x00007ffba8fa0000 - 0x00007ffba8ff5000 	C:\Windows\System32\SHLWAPI.dll
0x00007ffba1240000 - 0x00007ffba124c000 	C:\Program Files\Java\jdk-19\bin\vcruntime140_1.dll
0x00007ffb79a40000 - 0x00007ffb79ace000 	C:\Program Files\Java\jdk-19\bin\msvcp140.dll
0x00007ffb5a020000 - 0x00007ffb5ace0000 	C:\Program Files\Java\jdk-19\bin\server\jvm.dll
0x00007ffba42e0000 - 0x00007ffba4307000 	C:\Windows\SYSTEM32\WINMM.dll
0x00007ffba0fb0000 - 0x00007ffba0fb9000 	C:\Windows\SYSTEM32\WSOCK32.dll
0x00007ffba7bd0000 - 0x00007ffba7c3b000 	C:\Windows\System32\ws2_32.DLL
0x00007ffba5880000 - 0x00007ffba5892000 	C:\Windows\SYSTEM32\kernel.appcore.dll
0x00007ffba1180000 - 0x00007ffba118a000 	C:\Program Files\Java\jdk-19\bin\jimage.dll
0x00007ffba55a0000 - 0x00007ffba5784000 	C:\Windows\SYSTEM32\DBGHELP.DLL
0x00007ffba42a0000 - 0x00007ffba42d4000 	C:\Windows\SYSTEM32\dbgcore.DLL
0x00007ffba70b0000 - 0x00007ffba7132000 	C:\Windows\System32\bcryptPrimitives.dll
0x00007ffb86550000 - 0x00007ffb86576000 	C:\Program Files\Java\jdk-19\bin\java.dll
0x00007ffb6d6f0000 - 0x00007ffb6d7c7000 	C:\Program Files\Java\jdk-19\bin\jsvml.dll
0x00007ffba4e00000 - 0x00007ffba5593000 	C:\Windows\SYSTEM32\windows.storage.dll
0x00007ffba9590000 - 0x00007ffba98e4000 	C:\Windows\System32\combase.dll
0x00007ffba6a90000 - 0x00007ffba6abe000 	C:\Windows\SYSTEM32\Wldp.dll
0x00007ffba9220000 - 0x00007ffba92cd000 	C:\Windows\System32\SHCORE.dll
0x00007ffba6ff0000 - 0x00007ffba700f000 	C:\Windows\SYSTEM32\profapi.dll
0x00007ffb9b100000 - 0x00007ffb9b113000 	C:\Program Files\Java\jdk-19\bin\net.dll
0x00007ffb9edb0000 - 0x00007ffb9eeba000 	C:\Windows\SYSTEM32\WINHTTP.dll
0x00007ffba67f0000 - 0x00007ffba685a000 	C:\Windows\system32\mswsock.dll
0x00007ffb8dca0000 - 0x00007ffb8dcb6000 	C:\Program Files\Java\jdk-19\bin\nio.dll
0x00007ffb8da20000 - 0x00007ffb8da38000 	C:\Program Files\Java\jdk-19\bin\zip.dll
0x00007ffb92250000 - 0x00007ffb92260000 	C:\Program Files\Java\jdk-19\bin\verify.dll
0x00007ffb85bc0000 - 0x00007ffb85be7000 	C:\Users\User\.gradle\native\68d5fa5c4cc2d200863cafc0d521ce42e7d3e7ee720ec0a83991735586a16f82\windows-amd64\native-platform.dll
0x00007ffb918a0000 - 0x00007ffb918aa000 	C:\Program Files\Java\jdk-19\bin\management.dll
0x00007ffb8fdb0000 - 0x00007ffb8fdbb000 	C:\Program Files\Java\jdk-19\bin\management_ext.dll
0x00007ffba8dc0000 - 0x00007ffba8dc8000 	C:\Windows\System32\PSAPI.DLL
0x00007ffba69e0000 - 0x00007ffba69f8000 	C:\Windows\SYSTEM32\CRYPTSP.dll
0x00007ffba60a0000 - 0x00007ffba60d4000 	C:\Windows\system32\rsaenh.dll
0x00007ffba7400000 - 0x00007ffba7427000 	C:\Windows\System32\bcrypt.dll
0x00007ffba6fb0000 - 0x00007ffba6fde000 	C:\Windows\SYSTEM32\USERENV.dll
0x00007ffba6a00000 - 0x00007ffba6a0c000 	C:\Windows\SYSTEM32\CRYPTBASE.dll
0x00007ffba6490000 - 0x00007ffba64cc000 	C:\Windows\SYSTEM32\IPHLPAPI.DLL
0x00007ffba9000000 - 0x00007ffba9008000 	C:\Windows\System32\NSI.dll
0x00007ffb9f7b0000 - 0x00007ffb9f7c7000 	C:\Windows\SYSTEM32\dhcpcsvc6.DLL
0x00007ffb9f9b0000 - 0x00007ffb9f9cd000 	C:\Windows\SYSTEM32\dhcpcsvc.DLL
0x00007ffba64e0000 - 0x00007ffba65aa000 	C:\Windows\SYSTEM32\DNSAPI.dll
0x00007ffb8dc10000 - 0x00007ffb8dc18000 	C:\Program Files\Java\jdk-19\bin\extnet.dll
0x00007ffb8d920000 - 0x00007ffb8d92e000 	C:\Program Files\Java\jdk-19\bin\sunmscapi.dll
0x00007ffba7530000 - 0x00007ffba768e000 	C:\Windows\System32\CRYPT32.dll
0x00007ffba6b00000 - 0x00007ffba6b28000 	C:\Windows\SYSTEM32\ncrypt.dll
0x00007ffba6ac0000 - 0x00007ffba6afb000 	C:\Windows\SYSTEM32\NTASN1.dll
0x00007ffb7df60000 - 0x00007ffb7df67000 	C:\Windows\system32\wshunix.dll

dbghelp: loaded successfully - version: 4.0.5 - missing functions: none
symbol engine: initialized successfully - sym options: 0x614 - pdb path: .;C:\Program Files\Java\jdk-19\bin;C:\Windows\SYSTEM32;C:\Windows\WinSxS\amd64_microsoft.windows.common-controls_6595b64144ccf1df_6.0.19041.1110_none_60b5254171f9507e;C:\Program Files (x86)\360\Total Security\safemon;C:\Program Files\Java\jdk-19\bin\server;C:\Users\User\.gradle\native\68d5fa5c4cc2d200863cafc0d521ce42e7d3e7ee720ec0a83991735586a16f82\windows-amd64

VM Arguments:
jvm_args: -Dorg.gradle.appname=gradlew 
java_command: org.gradle.wrapper.GradleWrapperMain -q -Ptarget-platform=android-x86 -Ptarget=E:\ss\flutter\zflutter project\final_project\lib\main.dart -Pbase-application-name=android.app.Application -Pdart-defines=Zmx1dHRlci5pbnNwZWN0b3Iuc3RydWN0dXJlZEVycm9ycz10cnVl,RkxVVFRFUl9XRUJfQVVUT19ERVRFQ1Q9dHJ1ZQ==,RkxVVFRFUl9XRUJfQ0FOVkFTS0lUX1VSTD1odHRwczovL3d3dy5nc3RhdGljLmNvbS9mbHV0dGVyLWNhbnZhc2tpdC9iNGZiMTEyMTRkZDJkZGE2Y2UwMTJkZDk4ZWE0OThlOWU4YjkxMjYyLw== -Pdart-obfuscation=false -Ptrack-widget-creation=true -Ptree-shake-icons=false -Pfilesystem-scheme=org-dartlang-root assembleDebug
java_class_path (initial): E:\ss\flutter\zflutter project\final_project\android\\gradle\wrapper\gradle-wrapper.jar
Launcher Type: SUN_STANDARD

[Global flags]
     intx CICompilerCount                          = 4                                         {product} {ergonomic}
     uint ConcGCThreads                            = 2                                         {product} {ergonomic}
     uint G1ConcRefinementThreads                  = 8                                         {product} {ergonomic}
   size_t G1HeapRegionSize                         = 1048576                                   {product} {ergonomic}
    uintx GCDrainStackTargetSize                   = 64                                        {product} {ergonomic}
   size_t InitialHeapSize                          = 134217728                                 {product} {ergonomic}
   size_t MarkStackSize                            = 4194304                                   {product} {ergonomic}
   size_t MaxHeapSize                              = 2116026368                                {product} {ergonomic}
   size_t MaxNewSize                               = 1268776960                                {product} {ergonomic}
   size_t MinHeapDeltaBytes                        = 1048576                                   {product} {ergonomic}
   size_t MinHeapSize                              = 8388608                                   {product} {ergonomic}
    uintx NonNMethodCodeHeapSize                   = 5839372                                {pd product} {ergonomic}
    uintx NonProfiledCodeHeapSize                  = 122909434                              {pd product} {ergonomic}
    uintx ProfiledCodeHeapSize                     = 122909434                              {pd product} {ergonomic}
    uintx ReservedCodeCacheSize                    = 251658240                              {pd product} {ergonomic}
     bool SegmentedCodeCache                       = true                                      {product} {ergonomic}
   size_t SoftMaxHeapSize                          = 2116026368                             {manageable} {ergonomic}
     bool UseCompressedClassPointers               = true                           {product lp64_product} {ergonomic}
     bool UseCompressedOops                        = true                           {product lp64_product} {ergonomic}
     bool UseG1GC                                  = true                                      {product} {ergonomic}
     bool UseLargePagesIndividualAllocation        = false                                  {pd product} {ergonomic}

Logging:
Log output configuration:
 #0: stdout all=warning uptime,level,tags foldmultilines=false
 #1: stderr all=off uptime,level,tags foldmultilines=false

Environment Variables:
JAVA_HOME=C:\Program Files\Java\jdk-19
CLASSPATH=E:\ss\flutter\zflutter project\final_project\android\\gradle\wrapper\gradle-wrapper.jar
PATH=C:\Program Files\Common Files\Oracle\Java\javapath;C:\Program Files (x86)\Common Files\Oracle\Java\javapath;C:\Windows\system32;C:\Windows;C:\Windows\System32\Wbem;C:\Windows\System32\WindowsPowerShell\v1.0\;C:\Windows\System32\OpenSSH\;"C:\src\flutter\bin;";"C:\Program Files\Dart\dart-sdk\bin;";C:\Program Files\Git\cmd;C:\Users\User\anaconda3\Lib\venv\scripts\nt;C:\Users\User\AppData\Local\Programs\Python\Python311;C:\Program Files\nodejs\;C:\Users\User\AppData\Local\Microsoft\WindowsApps;"C:\Program Files\Dart\dart-sdk\bin;";"C:\src\flutter\bin;";C:\Users\User\AppData\Local\Programs\Microsoft VS Code\bin;C:\Users\User\AppData\Local\Programs\Python\Python311;C:\src\flutter\bin;C:\Users\User\AppData\Roaming\npm;;C:\src\flutter\bin\mingit\cmd
USERNAME=User
OS=Windows_NT
PROCESSOR_IDENTIFIER=Intel64 Family 6 Model 142 Stepping 12, GenuineIntel
TMP=C:\Users\User\AppData\Local\Temp
TEMP=C:\Users\User\AppData\Local\Temp



---------------  S Y S T E M  ---------------

OS:
 Windows 10 , 64 bit Build 19041 (10.0.19041.3031)
OS uptime: 0 days 12:08 hours

CPU: total 8 (initial active 8) (4 cores per cpu, 2 threads per core) family 6 model 142 stepping 12 microcode 0xb8, cx8, cmov, fxsr, ht, mmx, 3dnowpref, sse, sse2, sse3, ssse3, sse4.1, sse4.2, popcnt, lzcnt, tsc, tscinvbit, avx, avx2, aes, erms, clmul, bmi1, bmi2, adx, fma, vzeroupper, clflush, clflushopt, rdtscp

Memory: 4k page, system-wide physical 8068M (144M free)
TotalPageFile size 18067M (AvailPageFile size 129M)
current process WorkingSet (physical memory assigned to process): 39M, peak: 88M
current process commit charge ("private bytes"): 231M, peak: 232M

vm_info: Java HotSpot(TM) 64-Bit Server VM (19+36-2238) for windows-amd64 JRE (19+36-2238), built on 2022-08-12T20:29:01Z by "mach5one" with MS VC++ 17.1 (VS2022)

END.
