#
# There is insufficient memory for the Java Runtime Environment to continue.
# Native memory allocation (mmap) failed to map 65536 bytes for Failed to commit metaspace.
# Possible reasons:
#   The process is running with CompressedOops enabled, and the Java Heap may be blocking the growth of the native heap
# Possible solutions:
#   Reduce memory load on the system
#   Increase physical memory or swap space
#   Check if swap backing store is full
#   Decrease Java heap size (-Xmx/-Xms)
#   Decrease number of Java threads
#   Decrease Java thread stack sizes (-Xss)
#   JVM is running with Unscaled Compressed Oops mode in which the Java heap is
#     maximum limit for the native heap growth. Please use -XX:HeapBaseMinAddress
#     to set the Java Heap base and to place the Java Heap above 4GB virtual address.
# This output file may be truncated or incomplete.
#
#  Out of Memory Error (virtualSpaceNode.cpp:110), pid=14232, tid=3420
#
# JRE version: Java(TM) SE Runtime Environment (19.0+36) (build 19+36-2238)
# Java VM: Java HotSpot(TM) 64-Bit Server VM (19+36-2238, mixed mode, sharing, tiered, compressed oops, compressed class ptrs, g1 gc, windows-amd64)
# No core dump will be written. Minidumps are not enabled by default on client versions of Windows
#

---------------  S U M M A R Y ------------

Command Line: -Dorg.gradle.appname=gradlew org.gradle.wrapper.GradleWrapperMain -q -Ptarget-platform=android-x86 -Ptarget=E:\ss\flutter\zflutter project\final_project\lib\main.dart -Pbase-application-name=android.app.Application -Pdart-defines=Zmx1dHRlci5pbnNwZWN0b3Iuc3RydWN0dXJlZEVycm9ycz10cnVl,RkxVVFRFUl9XRUJfQVVUT19ERVRFQ1Q9dHJ1ZQ==,RkxVVFRFUl9XRUJfQ0FOVkFTS0lUX1VSTD1odHRwczovL3d3dy5nc3RhdGljLmNvbS9mbHV0dGVyLWNhbnZhc2tpdC9iNGZiMTEyMTRkZDJkZGE2Y2UwMTJkZDk4ZWE0OThlOWU4YjkxMjYyLw== -Pdart-obfuscation=false -Ptrack-widget-creation=true -Ptree-shake-icons=false -Pfilesystem-scheme=org-dartlang-root assembleDebug

Host: Intel(R) Core(TM) i7-8565U CPU @ 1.80GHz, 8 cores, 7G,  Windows 10 , 64 bit Build 19041 (10.0.19041.3031)
Time: Sat Jul  1 03:52:55 2023 Egypt Daylight Time elapsed time: 3.462235 seconds (0d 0h 0m 3s)

---------------  T H R E A D  ---------------

Current thread (0x000001c544030b70):  JavaThread "main" [_thread_in_vm, id=3420, stack(0x00000068ff400000,0x00000068ff500000)]

Stack: [0x00000068ff400000,0x00000068ff500000]
Native frames: (J=compiled Java code, j=interpreted, Vv=VM code, C=native code)
V  [jvm.dll+0x6ee8fa]
V  [jvm.dll+0x857a1e]
V  [jvm.dll+0x85940e]
V  [jvm.dll+0x859ac3]
V  [jvm.dll+0x28291f]
V  [jvm.dll+0x85369b]
V  [jvm.dll+0x693276]
V  [jvm.dll+0x1f29b7]
V  [jvm.dll+0x695cb2]
V  [jvm.dll+0x695a9e]
V  [jvm.dll+0x693c9e]
V  [jvm.dll+0x69e347]
V  [jvm.dll+0x21df42]
V  [jvm.dll+0x21e475]
V  [jvm.dll+0x21edd1]
V  [jvm.dll+0x214571]
V  [jvm.dll+0x5aa2d6]
V  [jvm.dll+0x7cd793]
V  [jvm.dll+0x7cd874]
V  [jvm.dll+0x46b0b4]
V  [jvm.dll+0x4706bf]
C  [java.dll+0x17ec]

Java frames: (J=compiled Java code, j=interpreted, Vv=VM code)
J 820  java.lang.ClassLoader.defineClass1(Ljava/lang/ClassLoader;Ljava/lang/String;[BIILjava/security/ProtectionDomain;Ljava/lang/String;)Ljava/lang/Class; java.base@19 (0 bytes) @ 0x000001c553ad4283 [0x000001c553ad41c0+0x00000000000000c3]
J 985 c1 java.lang.ClassLoader.defineClass(Ljava/lang/String;[BIILjava/security/ProtectionDomain;)Ljava/lang/Class; java.base@19 (43 bytes) @ 0x000001c54c17e454 [0x000001c54c17e100+0x0000000000000354]
J 887 c1 java.security.SecureClassLoader.defineClass(Ljava/lang/String;[BIILjava/security/CodeSource;)Ljava/lang/Class; java.base@19 (16 bytes) @ 0x000001c54c14e88c [0x000001c54c14e7c0+0x00000000000000cc]
J 809 c1 java.net.URLClassLoader.defineClass(Ljava/lang/String;Ljdk/internal/loader/Resource;)Ljava/lang/Class; java.base@19 (224 bytes) @ 0x000001c54c1281ac [0x000001c54c126a60+0x000000000000174c]
J 771 c1 java.net.URLClassLoader$1.run()Ljava/lang/Class; java.base@19 (81 bytes) @ 0x000001c54c1108cc [0x000001c54c10fca0+0x0000000000000c2c]
J 726 c1 java.net.URLClassLoader$1.run()Ljava/lang/Object; java.base@19 (5 bytes) @ 0x000001c54c0fb3c4 [0x000001c54c0fb340+0x0000000000000084]
J 694 c1 java.security.AccessController.doPrivileged(Ljava/security/PrivilegedExceptionAction;Ljava/security/AccessControlContext;)Ljava/lang/Object; java.base@19 (26 bytes) @ 0x000001c54c0e607c [0x000001c54c0e5ea0+0x00000000000001dc]
J 724 c1 java.net.URLClassLoader.findClass(Ljava/lang/String;)Ljava/lang/Class; java.base@19 (47 bytes) @ 0x000001c54c0fa61c [0x000001c54c0fa480+0x000000000000019c]
J 737 c1 java.lang.ClassLoader.loadClass(Ljava/lang/String;Z)Ljava/lang/Class; java.base@19 (121 bytes) @ 0x000001c54c0ff3f4 [0x000001c54c0fee40+0x00000000000005b4]
J 612 c1 java.lang.ClassLoader.loadClass(Ljava/lang/String;)Ljava/lang/Class; java.base@19 (7 bytes) @ 0x000001c54c0b6acc [0x000001c54c0b69c0+0x000000000000010c]
v  ~StubRoutines::call_stub 0x000001c5534f100e
j  org.gradle.internal.logging.serializer.SpanSerializer.read(Lorg/gradle/internal/serialize/Decoder;)Lorg/gradle/internal/logging/events/StyledTextOutputEvent$Span;+0
j  org.gradle.internal.logging.serializer.SpanSerializer.read(Lorg/gradle/internal/serialize/Decoder;)Ljava/lang/Object;+2
j  org.gradle.internal.serialize.AbstractCollectionSerializer.read(Lorg/gradle/internal/serialize/Decoder;)Ljava/util/Collection;+28
j  org.gradle.internal.serialize.AbstractCollectionSerializer.read(Lorg/gradle/internal/serialize/Decoder;)Ljava/lang/Object;+2
j  org.gradle.internal.logging.serializer.StyledTextOutputEventSerializer.read(Lorg/gradle/internal/serialize/Decoder;)Lorg/gradle/internal/logging/events/StyledTextOutputEvent;+63
j  org.gradle.internal.logging.serializer.StyledTextOutputEventSerializer.read(Lorg/gradle/internal/serialize/Decoder;)Ljava/lang/Object;+2
j  org.gradle.internal.serialize.DefaultSerializerRegistry$TaggedTypeSerializer.read(Lorg/gradle/internal/serialize/Decoder;)Ljava/lang/Object;+60
j  org.gradle.launcher.daemon.protocol.DaemonMessageSerializer$OutputMessageSerializer.read(Lorg/gradle/internal/serialize/Decoder;)Lorg/gradle/launcher/daemon/protocol/OutputMessage;+9
j  org.gradle.launcher.daemon.protocol.DaemonMessageSerializer$OutputMessageSerializer.read(Lorg/gradle/internal/serialize/Decoder;)Ljava/lang/Object;+2
j  org.gradle.internal.serialize.DefaultSerializerRegistry$TaggedTypeSerializer.read(Lorg/gradle/internal/serialize/Decoder;)Ljava/lang/Object;+60
j  org.gradle.internal.serialize.Serializers$StatefulSerializerAdapter$1.read()Ljava/lang/Object;+11
j  org.gradle.internal.remote.internal.inet.SocketConnection.receive()Ljava/lang/Object;+4
j  org.gradle.launcher.daemon.client.DaemonClientConnection.receive()Lorg/gradle/launcher/daemon/protocol/Message;+4
j  org.gradle.launcher.daemon.client.DaemonClientConnection.receive()Ljava/lang/Object;+1
j  org.gradle.launcher.daemon.client.DaemonClient.monitorBuild(Lorg/gradle/launcher/daemon/protocol/Build;Lorg/gradle/launcher/daemon/diagnostics/DaemonDiagnostics;Lorg/gradle/internal/remote/internal/Connection;Lorg/gradle/initialization/BuildCancellationToken;Lorg/gradle/initialization/BuildEventConsumer;)Ljava/lang/Object;+44
j  org.gradle.launcher.daemon.client.DaemonClient.executeBuild(Lorg/gradle/launcher/daemon/protocol/Build;Lorg/gradle/launcher/daemon/client/DaemonClientConnection;Lorg/gradle/initialization/BuildCancellationToken;Lorg/gradle/initialization/BuildEventConsumer;)Lorg/gradle/launcher/exec/BuildActionResult;+128
j  org.gradle.launcher.daemon.client.DaemonClient.execute(Lorg/gradle/internal/invocation/BuildAction;Lorg/gradle/launcher/exec/BuildActionParameters;Lorg/gradle/initialization/BuildRequestContext;)Lorg/gradle/launcher/exec/BuildActionResult;+135
j  org.gradle.launcher.daemon.client.DaemonClient.execute(Lorg/gradle/internal/invocation/BuildAction;Ljava/lang/Object;Ljava/lang/Object;)Lorg/gradle/launcher/exec/BuildActionResult;+10
j  org.gradle.launcher.cli.RunBuildAction.run()V+74
j  org.gradle.internal.Actions$RunnableActionAdapter.execute(Ljava/lang/Object;)V+4
j  org.gradle.launcher.cli.DefaultCommandLineActionFactory$ParseAndBuildAction.execute(Lorg/gradle/launcher/bootstrap/ExecutionListener;)V+60
j  org.gradle.launcher.cli.DefaultCommandLineActionFactory$ParseAndBuildAction.execute(Ljava/lang/Object;)V+5
j  org.gradle.launcher.cli.DebugLoggerWarningAction.execute(Lorg/gradle/launcher/bootstrap/ExecutionListener;)V+9
j  org.gradle.launcher.cli.DebugLoggerWarningAction.execute(Ljava/lang/Object;)V+5
j  org.gradle.launcher.cli.WelcomeMessageAction.execute(Lorg/gradle/launcher/bootstrap/ExecutionListener;)V+218
j  org.gradle.launcher.cli.WelcomeMessageAction.execute(Ljava/lang/Object;)V+5
j  org.gradle.launcher.cli.NativeServicesInitializingAction.execute(Lorg/gradle/launcher/bootstrap/ExecutionListener;)V+35
j  org.gradle.launcher.cli.NativeServicesInitializingAction.execute(Ljava/lang/Object;)V+5
j  org.gradle.launcher.cli.ExceptionReportingAction.execute(Lorg/gradle/launcher/bootstrap/ExecutionListener;)V+5
j  org.gradle.launcher.cli.ExceptionReportingAction.execute(Ljava/lang/Object;)V+5
j  org.gradle.launcher.cli.DefaultCommandLineActionFactory$WithLogging.execute(Lorg/gradle/launcher/bootstrap/ExecutionListener;)V+299
j  org.gradle.launcher.Main.doAction([Ljava/lang/String;Lorg/gradle/launcher/bootstrap/ExecutionListener;)V+14
j  org.gradle.launcher.bootstrap.EntryPoint.run([Ljava/lang/String;)V+12
j  java.lang.invoke.DirectMethodHandle$Holder.invokeVirtual(Ljava/lang/Object;Ljava/lang/Object;Ljava/lang/Object;)V+11 java.base@19
j  java.lang.invoke.LambdaForm$MH+0x0000000801012800.invoke(Ljava/lang/Object;Ljava/lang/Object;Ljava/lang/Object;)Ljava/lang/Object;+52 java.base@19
j  java.lang.invoke.Invokers$Holder.invokeExact_MT(Ljava/lang/Object;Ljava/lang/Object;Ljava/lang/Object;Ljava/lang/Object;)Ljava/lang/Object;+20 java.base@19
j  jdk.internal.reflect.DirectMethodHandleAccessor.invokeImpl(Ljava/lang/Object;[Ljava/lang/Object;)Ljava/lang/Object;+55 java.base@19
j  jdk.internal.reflect.DirectMethodHandleAccessor.invoke(Ljava/lang/Object;[Ljava/lang/Object;)Ljava/lang/Object;+23 java.base@19
j  java.lang.reflect.Method.invoke(Ljava/lang/Object;[Ljava/lang/Object;)Ljava/lang/Object;+102 java.base@19
j  org.gradle.launcher.bootstrap.ProcessBootstrap.runNoExit(Ljava/lang/String;[Ljava/lang/String;)V+159
j  org.gradle.launcher.bootstrap.ProcessBootstrap.run(Ljava/lang/String;[Ljava/lang/String;)V+2
j  java.lang.invoke.LambdaForm$DMH+0x0000000801008400.invokeStatic(Ljava/lang/Object;Ljava/lang/Object;Ljava/lang/Object;)V+11 java.base@19
j  java.lang.invoke.LambdaForm$MH+0x0000000801009c00.invoke(Ljava/lang/Object;Ljava/lang/Object;Ljava/lang/Object;Ljava/lang/Object;)Ljava/lang/Object;+54 java.base@19
j  java.lang.invoke.LambdaForm$MH+0x000000080100a000.invokeExact_MT(Ljava/lang/Object;Ljava/lang/Object;Ljava/lang/Object;Ljava/lang/Object;Ljava/lang/Object;)Ljava/lang/Object;+22 java.base@19
j  jdk.internal.reflect.DirectMethodHandleAccessor.invokeImpl(Ljava/lang/Object;[Ljava/lang/Object;)Ljava/lang/Object;+72 java.base@19
j  jdk.internal.reflect.DirectMethodHandleAccessor.invoke(Ljava/lang/Object;[Ljava/lang/Object;)Ljava/lang/Object;+23 java.base@19
j  java.lang.reflect.Method.invoke(Ljava/lang/Object;[Ljava/lang/Object;)Ljava/lang/Object;+102 java.base@19
j  org.gradle.launcher.GradleMain.main([Ljava/lang/String;)V+100
j  java.lang.invoke.LambdaForm$DMH+0x0000000801004400.invokeStatic(Ljava/lang/Object;Ljava/lang/Object;)V+10 java.base@19
j  java.lang.invoke.LambdaForm$MH+0x0000000801008000.invoke(Ljava/lang/Object;Ljava/lang/Object;Ljava/lang/Object;)Ljava/lang/Object;+33 java.base@19
j  java.lang.invoke.Invokers$Holder.invokeExact_MT(Ljava/lang/Object;Ljava/lang/Object;Ljava/lang/Object;Ljava/lang/Object;)Ljava/lang/Object;+20 java.base@19
j  jdk.internal.reflect.DirectMethodHandleAccessor.invokeImpl(Ljava/lang/Object;[Ljava/lang/Object;)Ljava/lang/Object;+55 java.base@19
j  jdk.internal.reflect.DirectMethodHandleAccessor.invoke(Ljava/lang/Object;[Ljava/lang/Object;)Ljava/lang/Object;+23 java.base@19
j  java.lang.reflect.Method.invoke(Ljava/lang/Object;[Ljava/lang/Object;)Ljava/lang/Object;+102 java.base@19
j  org.gradle.wrapper.BootstrapMainStarter.start([Ljava/lang/String;Ljava/io/File;)V+82
j  org.gradle.wrapper.WrapperExecutor.execute([Ljava/lang/String;Lorg/gradle/wrapper/Install;Lorg/gradle/wrapper/BootstrapMainStarter;)V+14
j  org.gradle.wrapper.GradleWrapperMain.main([Ljava/lang/String;)V+190
v  ~StubRoutines::call_stub 0x000001c5534f100e

Compiled method (n/a)    3492  820     n 0       java.lang.ClassLoader::defineClass1 (native)
 total in heap  [0x000001c553ad4010,0x000001c553ad4668] = 1624
 relocation     [0x000001c553ad4170,0x000001c553ad41a8] = 56
 main code      [0x000001c553ad41c0,0x000001c553ad4662] = 1186
 stub code      [0x000001c553ad4662,0x000001c553ad4668] = 6

[Constant Pool (empty)]

[MachCode]
[Entry Point]
  # {method} {0x00000008004352d8} 'defineClass1' '(Ljava/lang/ClassLoader;Ljava/lang/String;[BIILjava/security/ProtectionDomain;Ljava/lang/String;)Ljava/lang/Class;' in 'java/lang/ClassLoader'
  # parm0:    rdx:rdx   = 'java/lang/ClassLoader'
  # parm1:    r8:r8     = 'java/lang/String'
  # parm2:    r9:r9     = '[B'
  # parm3:    rdi       = int
  # parm4:    rsi       = int
  # parm5:    rcx:rcx   = 'java/security/ProtectionDomain'
  # parm6:    [sp+0xa0]   = 'java/lang/String'  (sp of caller)
  0x000001c553ad41c0: 448b 5208 | 49bb 0000 | 0000 0800 | 0000 4d03 | d349 3bc2 | 0f84 0600 

  0x000001c553ad41d8: ;   {runtime_call ic_miss_stub}
  0x000001c553ad41d8: 0000 e9a1 | d5a7 ff90 
[Verified Entry Point]
  0x000001c553ad41e0: 8984 2400 | 90ff ff55 | 488b ec48 | 81ec 9000 | 0000 4881 | 7d10 0000 | 0000 488d | 4510 480f 
  0x000001c553ad4200: 4445 1048 | 8944 2440 | 4889 4c24 | 7048 83f9 | 0048 8d44 | 2470 480f | 4444 2470 | 4889 4424 
  0x000001c553ad4220: 3848 8974 | 2430 4889 | 7c24 284c | 894c 2458 | 4983 f900 | 488d 4424 | 5848 0f44 | 4424 5848 
  0x000001c553ad4240: 8944 2420 | 4c89 4424 | 5049 83f8 | 004c 8d4c | 2450 4c0f | 444c 2450 | 4889 5424 | 4848 83fa 
  0x000001c553ad4260: 004c 8d44 | 2448 4c0f | 4444 2448 

  0x000001c553ad426c: ;   {oop(a 'java/lang/Class'{0x000000008863c6e0} = 'java/lang/ClassLoader')}
  0x000001c553ad426c: 49be e0c6 | 6388 0000 | 0000 4c89 | 7424 784c | 8d74 2478 | 498b d6c5 

  0x000001c553ad4284: ;   {internal_word}
  0x000001c553ad4284: f877 49ba | 8342 ad53 | c501 0000 | 4d89 97c8 | 0200 0049 | 89a7 c002 

  0x000001c553ad429c: ;   {external_word}
  0x000001c553ad429c: 0000 49ba | d984 9efb | f97f 0000 | 4180 3a00 | 0f84 5000 | 0000 5241 

  0x000001c553ad42b4: ;   {metadata({method} {0x00000008004352d8} 'defineClass1' '(Ljava/lang/ClassLoader;Ljava/lang/String;[BIILjava/security/ProtectionDomain;Ljava/lang/String;)Ljava/lang/Class;' in 'java/lang/ClassLoader')}
  0x000001c553ad42b4: 5041 5148 | bad0 5243 | 0008 0000 | 0049 8bcf | 4883 ec20 | 40f6 c40f | 0f84 1a00 | 0000 4883 
  0x000001c553ad42d4: ;   {runtime_call}
  0x000001c553ad42d4: ec08 49ba | 902b 56fb | f97f 0000 | 41ff d248 | 83c4 08e9 | 0d00 0000 

  0x000001c553ad42ec: ;   {runtime_call}
  0x000001c553ad42ec: 49ba 902b | 56fb f97f | 0000 41ff | d248 83c4 | 2041 5941 | 585a 498d | 8fe0 0200 | 0041 c787 
  0x000001c553ad430c: 7403 0000 | 0400 0000 

  0x000001c553ad4314: ;   {runtime_call}
  0x000001c553ad4314: 49ba ac16 | 4216 fa7f | 0000 41ff | d2c5 f877 | 41c7 8774 | 0300 0005 | 0000 00f0 | 8344 24c0 
  0x000001c553ad4334: 0049 3baf | 7803 0000 | 0f87 1100 | 0000 4181 | bf70 0300 | 0000 0000 | 000f 842c | 0000 00c5 
  0x000001c553ad4354: f877 4889 | 45f8 498b | cf4c 8be4 | 4883 ec20 | 4883 e4f0 

  0x000001c553ad4368: ;   {runtime_call}
  0x000001c553ad4368: 49ba a018 | 61fb f97f | 0000 41ff | d249 8be4 | 4d33 e448 | 8b45 f841 | c787 7403 | 0000 0800 
  0x000001c553ad4388: 0000 4181 | bfe8 0300 | 0002 0000 | 000f 8499 

  0x000001c553ad4398: ;   {external_word}
  0x000001c553ad4398: 0200 0049 | bad9 849e | fbf9 7f00 | 0041 803a | 000f 844e | 0000 0048 

  0x000001c553ad43b0: ;   {metadata({method} {0x00000008004352d8} 'defineClass1' '(Ljava/lang/ClassLoader;Ljava/lang/String;[BIILjava/security/ProtectionDomain;Ljava/lang/String;)Ljava/lang/Class;' in 'java/lang/ClassLoader')}
  0x000001c553ad43b0: 8945 f848 | bad0 5243 | 0008 0000 | 0049 8bcf | 4883 ec20 | 40f6 c40f | 0f84 1a00 | 0000 4883 
  0x000001c553ad43d0: ;   {runtime_call}
  0x000001c553ad43d0: ec08 49ba | 902b 56fb | f97f 0000 | 41ff d248 | 83c4 08e9 | 0d00 0000 

  0x000001c553ad43e8: ;   {runtime_call}
  0x000001c553ad43e8: 49ba 902b | 56fb f97f | 0000 41ff | d248 83c4 | 2048 8b45 | f849 c787 | c002 0000 | 0000 0000 
  0x000001c553ad4408: 49c7 87c8 | 0200 0000 | 0000 00c5 | f877 4885 | c00f 84ef | 0100 00a8 | 010f 84e4 | 0100 0048 
  0x000001c553ad4428: 8b40 ff41 | 807f 4000 | 0f84 d001 | 0000 4883 | f800 0f84 | c601 0000 | 498b 4f28 | 4883 f900 
  0x000001c553ad4448: 0f84 1400 | 0000 4883 | e908 4989 | 4f28 4903 | 4f38 4889 | 01e9 a401 | 0000 4881 | ecd0 0000 
  0x000001c553ad4468: 0048 8904 | 2448 894c | 2408 4889 | 5424 1048 | 8974 2418 | 4889 7c24 | 204c 8944 | 2428 4c89 
  0x000001c553ad4488: 4c24 304c | 8954 2438 | 4c89 5c24 | 40c5 fb11 | 4424 50c5 | fb11 4c24 | 58c5 fb11 | 5424 60c5 
  0x000001c553ad44a8: fb11 5c24 | 68c5 fb11 | 6424 70c5 | fb11 6c24 | 78c5 fb11 | b424 8000 | 0000 c5fb | 11bc 2488 
  0x000001c553ad44c8: 0000 00c5 | 7b11 8424 | 9000 0000 | c57b 118c | 2498 0000 | 00c5 7b11 | 9424 a000 | 0000 c57b 
  0x000001c553ad44e8: 119c 24a8 | 0000 00c5 | 7b11 a424 | b000 0000 | c57b 11ac | 24b8 0000 | 00c5 7b11 | b424 c000 
  0x000001c553ad4508: 0000 c57b | 11bc 24c8 | 0000 0049 | 8bd7 488b | c848 83ec | 2040 f6c4 | 0f0f 841a | 0000 0048 
  0x000001c553ad4528: ;   {runtime_call}
  0x000001c553ad4528: 83ec 0849 | bab0 1b13 | fbf9 7f00 | 0041 ffd2 | 4883 c408 | e90d 0000 

  0x000001c553ad4540: ;   {runtime_call}
  0x000001c553ad4540: 0049 bab0 | 1b13 fbf9 | 7f00 0041 | ffd2 4883 | c420 c57b | 10bc 24c8 | 0000 00c5 | 7b10 b424 
  0x000001c553ad4560: c000 0000 | c57b 10ac | 24b8 0000 | 00c5 7b10 | a424 b000 | 0000 c57b | 109c 24a8 | 0000 00c5 
  0x000001c553ad4580: 7b10 9424 | a000 0000 | c57b 108c | 2498 0000 | 00c5 7b10 | 8424 9000 | 0000 c5fb | 10bc 2488 
  0x000001c553ad45a0: 0000 00c5 | fb10 b424 | 8000 0000 | c5fb 106c | 2478 c5fb | 1064 2470 | c5fb 105c | 2468 c5fb 
  0x000001c553ad45c0: 1054 2460 | c5fb 104c | 2458 c5fb | 1044 2450 | 4c8b 5c24 | 404c 8b54 | 2438 4c8b | 4c24 304c 
  0x000001c553ad45e0: 8b44 2428 | 488b 7c24 | 2048 8b74 | 2418 488b | 5424 1048 | 8b4c 2408 | 488b 0424 | 4881 c4d0 
  0x000001c553ad4600: 0000 00c5 | f877 e903 | 0000 0048 | 8b00 498b | 8f50 0300 | 00c7 8100 | 0100 0000 | 0000 00c9 
  0x000001c553ad4620: 4981 7f08 | 0000 0000 | 0f85 0100 

  0x000001c553ad462c: ;   {runtime_call StubRoutines (1)}
  0x000001c553ad462c: 0000 c3e9 | ccc8 a1ff | c5f8 7748 | 8945 f84c | 8be4 4883 | ec20 4883 

  0x000001c553ad4644: ;   {runtime_call}
  0x000001c553ad4644: e4f0 49ba | d05f 56fb | f97f 0000 | 41ff d249 | 8be4 4d33 | e448 8b45 | f8e9 39fd | ffff f4f4 
  0x000001c553ad4664: f4f4 f4f4 
[/MachCode]


Compiled method (c1)    3582  985       3       java.lang.ClassLoader::defineClass (43 bytes)
 total in heap  [0x000001c54c17df10,0x000001c54c17e848] = 2360
 relocation     [0x000001c54c17e070,0x000001c54c17e100] = 144
 main code      [0x000001c54c17e100,0x000001c54c17e5a0] = 1184
 stub code      [0x000001c54c17e5a0,0x000001c54c17e618] = 120
 metadata       [0x000001c54c17e618,0x000001c54c17e648] = 48
 scopes data    [0x000001c54c17e648,0x000001c54c17e738] = 240
 scopes pcs     [0x000001c54c17e738,0x000001c54c17e818] = 224
 dependencies   [0x000001c54c17e818,0x000001c54c17e820] = 8
 nul chk table  [0x000001c54c17e820,0x000001c54c17e848] = 40

[Constant Pool (empty)]

[MachCode]
[Entry Point]
  # {method} {0x0000000800435600} 'defineClass' '(Ljava/lang/String;[BIILjava/security/ProtectionDomain;)Ljava/lang/Class;' in 'java/lang/ClassLoader'
  # this:     rdx:rdx   = 'java/lang/ClassLoader'
  # parm0:    r8:r8     = 'java/lang/String'
  # parm1:    r9:r9     = '[B'
  # parm2:    rdi       = int
  # parm3:    rsi       = int
  # parm4:    rcx:rcx   = 'java/security/ProtectionDomain'
  #           [sp+0xc0]  (sp of caller)
  0x000001c54c17e100: 448b 5208 | 49bb 0000 | 0000 0800 | 0000 4d03 | d34c 3bd0 

  0x000001c54c17e114: ;   {runtime_call ic_miss_stub}
  0x000001c54c17e114: 0f85 6636 | 3d07 660f | 1f44 0000 
[Verified Entry Point]
  0x000001c54c17e120: 8984 2400 | 90ff ff55 | 4881 ecb0 | 0000 0048 | 8954 2478 

  0x000001c54c17e134: ;   {metadata(method data for {method} {0x0000000800435600} 'defineClass' '(Ljava/lang/String;[BIILjava/security/ProtectionDomain;)Ljava/lang/Class;' in 'java/lang/ClassLoader')}
  0x000001c54c17e134: 48bb 3046 | 5f63 c501 | 0000 8b83 | cc00 0000 | 83c0 0289 | 83cc 0000 | 0025 fe07 | 0000 83f8 
  0x000001c54c17e154: 000f 844f | 0300 0089 | b424 9400 | 0000 89bc | 2490 0000 | 004c 898c | 2488 0000 | 0048 8bda 
  0x000001c54c17e174: ;   {metadata(method data for {method} {0x0000000800435600} 'defineClass' '(Ljava/lang/String;[BIILjava/security/ProtectionDomain;)Ljava/lang/Class;' in 'java/lang/ClassLoader')}
  0x000001c54c17e174: 48b8 3046 | 5f63 c501 | 0000 4883 | 8010 0100 | 0001 498b | d84c 8bc3 | 4c8b c948 | 8bca 488b 
  0x000001c54c17e194: d148 899c | 2480 0000 

  0x000001c54c17e19c: ;   {optimized virtual_call}
  0x000001c54c17e19c: 0066 90e8 

  0x000001c54c17e1a0: ; ImmutableOopMap {[120]=Oop [128]=Oop [136]=Oop }
                      ;*invokevirtual preDefineClass {reexecute=0 rethrow=0 return_oop=0}
                      ; - java.lang.ClassLoader::defineClass@4 (line 1011)
  0x000001c54c17e1a0: dc3a fdff | 4889 8424 | 9800 0000 | 488b 5424 

  0x000001c54c17e1b0: ;   {metadata(method data for {method} {0x0000000800435600} 'defineClass' '(Ljava/lang/String;[BIILjava/security/ProtectionDomain;)Ljava/lang/Class;' in 'java/lang/ClassLoader')}
  0x000001c54c17e1b0: 7849 b830 | 465f 63c5 | 0100 0049 | 8380 4801 

  0x000001c54c17e1c0: ;   {metadata(method data for {method} {0x0000000800435340} 'defineClassSourceLocation' '(Ljava/security/ProtectionDomain;)Ljava/lang/String;' in 'java/lang/ClassLoader')}
  0x000001c54c17e1c0: 0000 0149 | b878 565f | 63c5 0100 | 0041 8b90 | cc00 0000 | 83c2 0241 | 8990 cc00 | 0000 81e2 
  0x000001c54c17e1e0: feff 1f00 | 83fa 000f | 84de 0200 | 0048 3b00 

  0x000001c54c17e1f0: ;   {metadata(method data for {method} {0x0000000800435340} 'defineClassSourceLocation' '(Ljava/security/ProtectionDomain;)Ljava/lang/String;' in 'java/lang/ClassLoader')}
  0x000001c54c17e1f0: 4c8b c048 | ba78 565f | 63c5 0100 | 0048 8382 | 1001 0000 | 0144 8b40 | 1049 83f8 

  0x000001c54c17e20c: ;   {metadata(method data for {method} {0x0000000800435340} 'defineClassSourceLocation' '(Ljava/security/ProtectionDomain;)Ljava/lang/String;' in 'java/lang/ClassLoader')}
  0x000001c54c17e20c: 0048 ba78 | 565f 63c5 | 0100 0048 | be58 0100 | 0000 0000 | 000f 850a | 0000 0048 | be48 0100 
  0x000001c54c17e22c: 0000 0000 | 0048 8b3c | 3248 8d7f | 0148 893c | 320f 850f 

  0x000001c54c17e240: ;   {oop(NULL)}
  0x000001c54c17e240: 0000 0048 | bb00 0000 | 0000 0000 | 00e9 ad01 | 0000 493b | 0049 8bd0 

  0x000001c54c17e258: ;   {metadata(method data for {method} {0x0000000800435340} 'defineClassSourceLocation' '(Ljava/security/ProtectionDomain;)Ljava/lang/String;' in 'java/lang/ClassLoader')}
  0x000001c54c17e258: 48be 7856 | 5f63 c501 | 0000 4883 | 8668 0100 | 0001 418b | 500c 4883 

  0x000001c54c17e270: ;   {metadata(method data for {method} {0x0000000800435340} 'defineClassSourceLocation' '(Ljava/security/ProtectionDomain;)Ljava/lang/String;' in 'java/lang/ClassLoader')}
  0x000001c54c17e270: fa00 48be | 7856 5f63 | c501 0000 | 48bf b001 | 0000 0000 | 0000 0f85 | 0a00 0000 | 48bf a001 
  0x000001c54c17e290: 0000 0000 | 0000 488b | 1c3e 488d | 5b01 4889 | 1c3e 0f85 | 0f00 0000 

  0x000001c54c17e2a8: ;   {oop(NULL)}
  0x000001c54c17e2a8: 48bb 0000 | 0000 0000 | 0000 e948 

  0x000001c54c17e2b4: ;   {metadata(method data for {method} {0x0000000800435340} 'defineClassSourceLocation' '(Ljava/security/ProtectionDomain;)Ljava/lang/String;' in 'java/lang/ClassLoader')}
  0x000001c54c17e2b4: 0100 0048 | be78 565f | 63c5 0100 | 0048 8386 | c001 0000 | 0148 3b02 

  0x000001c54c17e2cc: ;   {metadata(method data for {method} {0x0000000800435340} 'defineClassSourceLocation' '(Ljava/security/ProtectionDomain;)Ljava/lang/String;' in 'java/lang/ClassLoader')}
  0x000001c54c17e2cc: 4c8b c248 | be78 565f | 63c5 0100 | 0048 8386 | f801 0000 

  0x000001c54c17e2e0: ;   {metadata(method data for {method} {0x0000000800068558} 'toString' '()Ljava/lang/String;' in 'java/net/URL')}
  0x000001c54c17e2e0: 0149 b868 | ee57 63c5 | 0100 0041 | 8bb0 cc00 | 0000 83c6 | 0241 89b0 | cc00 0000 | 81e6 feff 
  0x000001c54c17e300: 1f00 83fe | 000f 84f0 | 0100 004c 

  0x000001c54c17e30c: ;   {metadata(method data for {method} {0x0000000800068558} 'toString' '()Ljava/lang/String;' in 'java/net/URL')}
  0x000001c54c17e30c: 8bc2 48be | 68ee 5763 | c501 0000 | 4883 8610 | 0100 0001 

  0x000001c54c17e320: ;   {metadata(method data for {method} {0x0000000800068df0} 'toExternalForm' '()Ljava/lang/String;' in 'java/net/URL')}
  0x000001c54c17e320: 49b8 f0ef | 5763 c501 | 0000 418b | b0cc 0000 | 0083 c602 | 4189 b0cc | 0000 0081 | e6fe ff1f 
  0x000001c54c17e340: 0083 fe00 | 0f84 d201 | 0000 8b72 | 3848 3b06 

  0x000001c54c17e350: ;   {metadata(method data for {method} {0x0000000800068df0} 'toExternalForm' '()Ljava/lang/String;' in 'java/net/URL')}
  0x000001c54c17e350: 4c8b c648 | bff0 ef57 | 63c5 0100 | 0045 8b40 | 0849 ba00 | 0000 0008 | 0000 004d | 03c2 4c3b 
  0x000001c54c17e370: 8720 0100 | 0075 0d48 | 8387 2801 | 0000 01e9 | 6600 0000 | 4c3b 8730 | 0100 0075 | 0d48 8387 
  0x000001c54c17e390: 3801 0000 | 01e9 5000 | 0000 4881 | bf20 0100 | 0000 0000 | 0075 174c | 8987 2001 | 0000 48c7 
  0x000001c54c17e3b0: 8728 0100 | 0001 0000 | 00e9 2c00 | 0000 4881 | bf30 0100 | 0000 0000 | 0075 174c | 8987 3001 
  0x000001c54c17e3d0: 0000 48c7 | 8738 0100 | 0001 0000 | 00e9 0800 | 0000 4883 | 8710 0100 | 0001 4c8b | c248 8bd6 
  0x000001c54c17e3f0: 0f1f 8000 

  0x000001c54c17e3f4: ;   {optimized virtual_call}
  0x000001c54c17e3f4: 0000 00e8 

  0x000001c54c17e3f8: ; ImmutableOopMap {[120]=Oop [128]=Oop [136]=Oop [152]=Oop }
                      ;*invokevirtual toExternalForm {reexecute=0 rethrow=0 return_oop=0}
                      ; - java.net.URL::toExternalForm@5 (line 1040)
                      ; - java.net.URL::toString@1 (line 1026)
                      ; - java.lang.ClassLoader::defineClassSourceLocation@22 (line 913)
                      ; - java.lang.ClassLoader::defineClass@12 (line 1012)
  0x000001c54c17e3f8: 84c8 f8ff | 488b d848 | 8b84 2498 | 0000 008b | b424 9400 | 0000 8bbc | 2490 0000 | 004c 8b8c 
  0x000001c54c17e418: 2488 0000 | 004c 8b84 | 2480 0000 | 0048 8b54 

  0x000001c54c17e428: ;   {metadata(method data for {method} {0x0000000800435600} 'defineClass' '(Ljava/lang/String;[BIILjava/security/ProtectionDomain;)Ljava/lang/Class;' in 'java/lang/ClassLoader')}
  0x000001c54c17e428: 2478 48b9 | 3046 5f63 | c501 0000 | 4883 8180 | 0100 0001 | 4c8b da49 | 8bd3 488b | c848 891c 
  0x000001c54c17e448: 2466 0f1f 

  0x000001c54c17e44c: ;   {static_call}
  0x000001c54c17e44c: 4400 00e8 

  0x000001c54c17e450: ; ImmutableOopMap {[120]=Oop [152]=Oop }
                      ;*invokestatic defineClass1 {reexecute=0 rethrow=0 return_oop=0}
                      ; - java.lang.ClassLoader::defineClass@27 (line 1013)
  0x000001c54c17e450: 8c5d 9507 | 488b 5424 

  0x000001c54c17e458: ;   {metadata(method data for {method} {0x0000000800435600} 'defineClass' '(Ljava/lang/String;[BIILjava/security/ProtectionDomain;)Ljava/lang/Class;' in 'java/lang/ClassLoader')}
  0x000001c54c17e458: 7849 b830 | 465f 63c5 | 0100 0049 | 8380 9001 | 0000 014c | 8bc0 4c8b | 8c24 9800 | 0000 488b 
  0x000001c54c17e478: 5424 7848 | 8984 24a0 | 0000 000f 

  0x000001c54c17e484: ;   {optimized virtual_call}
  0x000001c54c17e484: 1f40 00e8 

  0x000001c54c17e488: ; ImmutableOopMap {[160]=Oop }
                      ;*invokevirtual postDefineClass {reexecute=0 rethrow=0 return_oop=0}
                      ; - java.lang.ClassLoader::defineClass@37 (line 1014)
  0x000001c54c17e488: 9451 fbff | 488b 8424 | a000 0000 | 4881 c4b0 | 0000 005d 

  0x000001c54c17e49c: ;   {poll_return}
  0x000001c54c17e49c: 493b a778 | 0300 000f | 8799 0000 

  0x000001c54c17e4a8: ;   {metadata({method} {0x0000000800435600} 'defineClass' '(Ljava/lang/String;[BIILjava/security/ProtectionDomain;)Ljava/lang/Class;' in 'java/lang/ClassLoader')}
  0x000001c54c17e4a8: 00c3 49ba | f855 4300 | 0800 0000 | 4c89 5424 | 0848 c704 | 24ff ffff 

  0x000001c54c17e4c0: ;   {runtime_call counter_overflow Runtime1 stub}
  0x000001c54c17e4c0: ffe8 3a2d 

  0x000001c54c17e4c4: ; ImmutableOopMap {rdx=Oop r8=Oop r9=Oop rcx=Oop [120]=Oop }
                      ;*synchronization entry
                      ; - java.lang.ClassLoader::defineClass@-1 (line 1011)
  0x000001c54c17e4c4: 4807 e990 

  0x000001c54c17e4c8: ;   {metadata({method} {0x0000000800435340} 'defineClassSourceLocation' '(Ljava/security/ProtectionDomain;)Ljava/lang/String;' in 'java/lang/ClassLoader')}
  0x000001c54c17e4c8: fcff ff49 | ba38 5343 | 0008 0000 | 004c 8954 | 2408 48c7 | 0424 ffff 

  0x000001c54c17e4e0: ;   {runtime_call counter_overflow Runtime1 stub}
  0x000001c54c17e4e0: ffff e819 

  0x000001c54c17e4e4: ; ImmutableOopMap {rax=Oop [120]=Oop [128]=Oop [136]=Oop [152]=Oop }
                      ;*synchronization entry
                      ; - java.lang.ClassLoader::defineClassSourceLocation@-1 (line 910)
                      ; - java.lang.ClassLoader::defineClass@12 (line 1012)
  0x000001c54c17e4e4: 2d48 07e9 | 01fd ffff 

  0x000001c54c17e4ec: ;   {runtime_call throw_null_pointer_exception Runtime1 stub}
  0x000001c54c17e4ec: e8af c047 

  0x000001c54c17e4f0: ; ImmutableOopMap {rax=Oop [120]=Oop [128]=Oop [136]=Oop [152]=Oop }
                      ;*invokevirtual getCodeSource {reexecute=0 rethrow=0 return_oop=0}
                      ; - java.lang.ClassLoader::defineClassSourceLocation@1 (line 910)
                      ; - java.lang.ClassLoader::defineClass@12 (line 1012)
                      ;   {runtime_call throw_null_pointer_exception Runtime1 stub}
  0x000001c54c17e4f0: 07e8 aac0 

  0x000001c54c17e4f4: ; ImmutableOopMap {rax=Oop r8=Oop [120]=Oop [128]=Oop [136]=Oop [152]=Oop }
                      ;*invokevirtual getLocation {reexecute=0 rethrow=0 return_oop=0}
                      ; - java.lang.ClassLoader::defineClassSourceLocation@12 (line 912)
                      ; - java.lang.ClassLoader::defineClass@12 (line 1012)
                      ;   {runtime_call throw_null_pointer_exception Runtime1 stub}
  0x000001c54c17e4f4: 4707 e8a5 

  0x000001c54c17e4f8: ; ImmutableOopMap {rdx=Oop [120]=Oop [128]=Oop [136]=Oop [152]=Oop }
                      ;*invokevirtual toString {reexecute=0 rethrow=0 return_oop=0}
                      ; - java.lang.ClassLoader::defineClassSourceLocation@22 (line 913)
                      ; - java.lang.ClassLoader::defineClass@12 (line 1012)
                      ;   {metadata({method} {0x0000000800068558} 'toString' '()Ljava/lang/String;' in 'java/net/URL')}
  0x000001c54c17e4f8: c047 0749 | ba50 8506 | 0008 0000 | 004c 8954 | 2408 48c7 | 0424 ffff 

  0x000001c54c17e510: ;   {runtime_call counter_overflow Runtime1 stub}
  0x000001c54c17e510: ffff e8e9 

  0x000001c54c17e514: ; ImmutableOopMap {rdx=Oop [120]=Oop [128]=Oop [136]=Oop [152]=Oop }
                      ;*synchronization entry
                      ; - java.net.URL::toString@-1 (line 1026)
                      ; - java.lang.ClassLoader::defineClassSourceLocation@22 (line 913)
                      ; - java.lang.ClassLoader::defineClass@12 (line 1012)
  0x000001c54c17e514: 2c48 07e9 | effd ffff 

  0x000001c54c17e51c: ;   {metadata({method} {0x0000000800068df0} 'toExternalForm' '()Ljava/lang/String;' in 'java/net/URL')}
  0x000001c54c17e51c: 49ba e88d | 0600 0800 | 0000 4c89 | 5424 0848 | c704 24ff 

  0x000001c54c17e530: ;   {runtime_call counter_overflow Runtime1 stub}
  0x000001c54c17e530: ffff ffe8 

  0x000001c54c17e534: ; ImmutableOopMap {rdx=Oop [120]=Oop [128]=Oop [136]=Oop [152]=Oop }
                      ;*synchronization entry
                      ; - java.net.URL::toExternalForm@-1 (line 1040)
                      ; - java.net.URL::toString@1 (line 1026)
                      ; - java.lang.ClassLoader::defineClassSourceLocation@22 (line 913)
                      ; - java.lang.ClassLoader::defineClass@12 (line 1012)
  0x000001c54c17e534: c82c 4807 | e90d feff 

  0x000001c54c17e53c: ;   {runtime_call throw_null_pointer_exception Runtime1 stub}
  0x000001c54c17e53c: ffe8 5ec0 

  0x000001c54c17e540: ; ImmutableOopMap {rdx=Oop rsi=Oop [120]=Oop [128]=Oop [136]=Oop [152]=Oop }
                      ;*invokevirtual toExternalForm {reexecute=0 rethrow=0 return_oop=0}
                      ; - java.net.URL::toExternalForm@5 (line 1040)
                      ; - java.net.URL::toString@1 (line 1026)
                      ; - java.lang.ClassLoader::defineClassSourceLocation@22 (line 913)
                      ; - java.lang.ClassLoader::defineClass@12 (line 1012)
                      ;   {internal_word}
  0x000001c54c17e540: 4707 49ba | 9ce4 174c | c501 0000 | 4d89 9790 

  0x000001c54c17e550: ;   {runtime_call SafepointBlob}
  0x000001c54c17e550: 0300 00e9 | a898 3d07 | 498b 8720 | 0400 0049 | c787 2004 | 0000 0000 | 0000 49c7 | 8728 0400 
  0x000001c54c17e570: 0000 0000 | 0048 81c4 | b000 0000 

  0x000001c54c17e57c: ;   {runtime_call unwind_exception Runtime1 stub}
  0x000001c54c17e57c: 5de9 feb0 | 4707 f4f4 | f4f4 f4f4 | f4f4 f4f4 | f4f4 f4f4 | f4f4 f4f4 | f4f4 f4f4 | f4f4 f4f4 
  0x000001c54c17e59c: f4f4 f4f4 
[Stub Code]
  0x000001c54c17e5a0: ;   {no_reloc}
  0x000001c54c17e5a0: 0f1f 4400 

  0x000001c54c17e5a4: ;   {static_stub}
  0x000001c54c17e5a4: 0048 bb00 | 0000 0000 

  0x000001c54c17e5ac: ;   {runtime_call}
  0x000001c54c17e5ac: 0000 00e9 | fbff ffff 

  0x000001c54c17e5b4: ;   {static_stub}
  0x000001c54c17e5b4: 9048 bb00 | 0000 0000 

  0x000001c54c17e5bc: ;   {runtime_call}
  0x000001c54c17e5bc: 0000 00e9 | fbff ffff 

  0x000001c54c17e5c4: ;   {static_stub}
  0x000001c54c17e5c4: 9048 bb00 | 0000 0000 

  0x000001c54c17e5cc: ;   {runtime_call}
  0x000001c54c17e5cc: 0000 00e9 | fbff ffff 

  0x000001c54c17e5d4: ;   {static_stub}
  0x000001c54c17e5d4: 9048 bb00 | 0000 0000 

  0x000001c54c17e5dc: ;   {runtime_call}
  0x000001c54c17e5dc: 0000 00e9 | fbff ffff 
[Exception Handler]
  0x000001c54c17e5e4: ;   {runtime_call handle_exception_from_callee Runtime1 stub}
  0x000001c54c17e5e4: e817 f647 

  0x000001c54c17e5e8: ;   {external_word}
  0x000001c54c17e5e8: 0748 b938 | 4977 fbf9 | 7f00 0048 

  0x000001c54c17e5f4: ;   {runtime_call}
  0x000001c54c17e5f4: 83e4 f049 | ba00 fe42 | fbf9 7f00 | 0041 ffd2 

  0x000001c54c17e604: ;   {section_word}
  0x000001c54c17e604: f449 ba05 | e617 4cc5 | 0100 0041 

  0x000001c54c17e610: ;   {runtime_call DeoptimizationBlob}
  0x000001c54c17e610: 52e9 8a8a | 3d07 f4f4 
[/MachCode]


Compiled method (c1)    3591  887       3       java.security.SecureClassLoader::defineClass (16 bytes)
 total in heap  [0x000001c54c14e610,0x000001c54c14ea00] = 1008
 relocation     [0x000001c54c14e770,0x000001c54c14e7b8] = 72
 main code      [0x000001c54c14e7c0,0x000001c54c14e900] = 320
 stub code      [0x000001c54c14e900,0x000001c54c14e958] = 88
 metadata       [0x000001c54c14e958,0x000001c54c14e960] = 8
 scopes data    [0x000001c54c14e960,0x000001c54c14e9a8] = 72
 scopes pcs     [0x000001c54c14e9a8,0x000001c54c14e9f8] = 80
 dependencies   [0x000001c54c14e9f8,0x000001c54c14ea00] = 8

[Constant Pool (empty)]

[MachCode]
[Entry Point]
  # {method} {0x0000000800066a48} 'defineClass' '(Ljava/lang/String;[BIILjava/security/CodeSource;)Ljava/lang/Class;' in 'java/security/SecureClassLoader'
  # this:     rdx:rdx   = 'java/security/SecureClassLoader'
  # parm0:    r8:r8     = 'java/lang/String'
  # parm1:    r9:r9     = '[B'
  # parm2:    rdi       = int
  # parm3:    rsi       = int
  # parm4:    rcx:rcx   = 'java/security/CodeSource'
  #           [sp+0x80]  (sp of caller)
  0x000001c54c14e7c0: 448b 5208 | 49bb 0000 | 0000 0800 | 0000 4d03 | d34c 3bd0 

  0x000001c54c14e7d4: ;   {runtime_call ic_miss_stub}
  0x000001c54c14e7d4: 0f85 a62f | 4007 660f | 1f44 0000 
[Verified Entry Point]
  0x000001c54c14e7e0: 8984 2400 | 90ff ff55 | 4883 ec70 

  0x000001c54c14e7ec: ;   {metadata(method data for {method} {0x0000000800066a48} 'defineClass' '(Ljava/lang/String;[BIILjava/security/CodeSource;)Ljava/lang/Class;' in 'java/security/SecureClassLoader')}
  0x000001c54c14e7ec: 48bb 48c6 | 5c63 c501 | 0000 8b83 | cc00 0000 | 83c0 0289 | 83cc 0000 | 0025 fe07 | 0000 83f8 
  0x000001c54c14e80c: 000f 848c | 0000 0089 | 7424 5c89 | 7c24 584c | 894c 2450 | 4c89 4424 | 4848 8bda 

  0x000001c54c14e828: ;   {metadata(method data for {method} {0x0000000800066a48} 'defineClass' '(Ljava/lang/String;[BIILjava/security/CodeSource;)Ljava/lang/Class;' in 'java/security/SecureClassLoader')}
  0x000001c54c14e828: 48b8 48c6 | 5c63 c501 | 0000 4883 | 8010 0100 | 0001 4c8b | c148 8bc2 | 488b d048 | 8944 2440 
  0x000001c54c14e848: 0f1f 8000 

  0x000001c54c14e84c: ;   {optimized virtual_call}
  0x000001c54c14e84c: 0000 00e8 

  0x000001c54c14e850: ; ImmutableOopMap {[64]=Oop [72]=Oop [80]=Oop }
                      ;*invokevirtual getProtectionDomain {reexecute=0 rethrow=0 return_oop=0}
                      ; - java.security.SecureClassLoader::defineClass@9 (line 150)
  0x000001c54c14e850: 4ce7 0200 | 488b 5424 

  0x000001c54c14e858: ;   {metadata(method data for {method} {0x0000000800066a48} 'defineClass' '(Ljava/lang/String;[BIILjava/security/CodeSource;)Ljava/lang/Class;' in 'java/security/SecureClassLoader')}
  0x000001c54c14e858: 4049 b848 | c65c 63c5 | 0100 0049 | 8380 4801 | 0000 014c | 8b44 2448 | 4c8b 4c24 | 508b 7c24 
  0x000001c54c14e878: 588b 7424 | 5c48 8bc8 | 488b 5424 

  0x000001c54c14e884: ;   {optimized virtual_call}
  0x000001c54c14e884: 4066 90e8 

  0x000001c54c14e888: ; ImmutableOopMap {}
                      ;*invokevirtual defineClass {reexecute=0 rethrow=0 return_oop=0}
                      ; - java.security.SecureClassLoader::defineClass@12 (line 150)
  0x000001c54c14e888: 94f8 0200 | 4883 c470 

  0x000001c54c14e890: ;   {poll_return}
  0x000001c54c14e890: 5d49 3ba7 | 7803 0000 | 0f87 2200 

  0x000001c54c14e89c: ;   {metadata({method} {0x0000000800066a48} 'defineClass' '(Ljava/lang/String;[BIILjava/security/CodeSource;)Ljava/lang/Class;' in 'java/security/SecureClassLoader')}
  0x000001c54c14e89c: 0000 c349 | ba40 6a06 | 0008 0000 | 004c 8954 | 2408 48c7 | 0424 ffff 

  0x000001c54c14e8b4: ;   {runtime_call counter_overflow Runtime1 stub}
  0x000001c54c14e8b4: ffff e845 

  0x000001c54c14e8b8: ; ImmutableOopMap {rdx=Oop r8=Oop r9=Oop rcx=Oop }
                      ;*synchronization entry
                      ; - java.security.SecureClassLoader::defineClass@-1 (line 150)
  0x000001c54c14e8b8: 294b 07e9 | 53ff ffff 

  0x000001c54c14e8c0: ;   {internal_word}
  0x000001c54c14e8c0: 49ba 91e8 | 144c c501 | 0000 4d89 | 9790 0300 

  0x000001c54c14e8d0: ;   {runtime_call SafepointBlob}
  0x000001c54c14e8d0: 00e9 2a95 | 4007 498b | 8720 0400 | 0049 c787 | 2004 0000 | 0000 0000 | 49c7 8728 | 0400 0000 
  0x000001c54c14e8f0: 0000 0048 | 83c4 705d 

  0x000001c54c14e8f8: ;   {runtime_call unwind_exception Runtime1 stub}
  0x000001c54c14e8f8: e983 ad4a | 07f4 f4f4 
[Stub Code]
  0x000001c54c14e900: ;   {no_reloc}
  0x000001c54c14e900: 0f1f 4400 

  0x000001c54c14e904: ;   {static_stub}
  0x000001c54c14e904: 0048 bb90 | 6906 0008 

  0x000001c54c14e90c: ;   {runtime_call I2C/C2I adapters}
  0x000001c54c14e90c: 0000 00e9 | 4981 4007 

  0x000001c54c14e914: ;   {static_stub}
  0x000001c54c14e914: 9048 bbf8 | 5543 0008 

  0x000001c54c14e91c: ;   {runtime_call I2C/C2I adapters}
  0x000001c54c14e91c: 0000 00e9 | c793 3f07 
[Exception Handler]
  0x000001c54c14e924: ;   {runtime_call handle_exception_from_callee Runtime1 stub}
  0x000001c54c14e924: e8d7 f24a 

  0x000001c54c14e928: ;   {external_word}
  0x000001c54c14e928: 0748 b938 | 4977 fbf9 | 7f00 0048 

  0x000001c54c14e934: ;   {runtime_call}
  0x000001c54c14e934: 83e4 f049 | ba00 fe42 | fbf9 7f00 | 0041 ffd2 

  0x000001c54c14e944: ;   {section_word}
  0x000001c54c14e944: f449 ba45 | e914 4cc5 | 0100 0041 

  0x000001c54c14e950: ;   {runtime_call DeoptimizationBlob}
  0x000001c54c14e950: 52e9 4a87 | 4007 f4f4 
[/MachCode]


---------------  P R O C E S S  ---------------

Threads class SMR info:
_java_thread_list=0x000001c5680e8220, length=15, elements={
0x000001c544030b70, 0x000001c56305b7d0, 0x000001c56305d310, 0x000001c567400300,
0x000001c567422c50, 0x000001c567423990, 0x000001c567425850, 0x000001c56742b120,
0x000001c5674310e0, 0x000001c5674262f0, 0x000001c567424860, 0x000001c567425da0,
0x000001c567424310, 0x000001c567426840, 0x000001c567426d90
}

Java Threads: ( => current thread )
=>0x000001c544030b70 JavaThread "main" [_thread_in_vm, id=3420, stack(0x00000068ff400000,0x00000068ff500000)]
  0x000001c56305b7d0 JavaThread "Reference Handler" daemon [_thread_blocked, id=9196, stack(0x00000068ffb00000,0x00000068ffc00000)]
  0x000001c56305d310 JavaThread "Finalizer" daemon [_thread_blocked, id=14632, stack(0x00000068ffc00000,0x00000068ffd00000)]
  0x000001c567400300 JavaThread "Signal Dispatcher" daemon [_thread_blocked, id=7884, stack(0x00000068ffd00000,0x00000068ffe00000)]
  0x000001c567422c50 JavaThread "Attach Listener" daemon [_thread_blocked, id=10696, stack(0x00000068ffe00000,0x00000068fff00000)]
  0x000001c567423990 JavaThread "Service Thread" daemon [_thread_blocked, id=7160, stack(0x00000068fff00000,0x0000006900000000)]
  0x000001c567425850 JavaThread "Monitor Deflation Thread" daemon [_thread_blocked, id=7656, stack(0x0000006880000000,0x0000006880100000)]
  0x000001c56742b120 JavaThread "C2 CompilerThread0" daemon [_thread_blocked, id=15260, stack(0x0000006880100000,0x0000006880200000)]
  0x000001c5674310e0 JavaThread "C1 CompilerThread0" daemon [_thread_blocked, id=10220, stack(0x0000006880200000,0x0000006880300000)]
  0x000001c5674262f0 JavaThread "Sweeper thread" daemon [_thread_blocked, id=2140, stack(0x0000006880300000,0x0000006880400000)]
  0x000001c567424860 JavaThread "Notification Thread" daemon [_thread_blocked, id=12444, stack(0x0000006880400000,0x0000006880500000)]
  0x000001c567425da0 JavaThread "Common-Cleaner" daemon [_thread_blocked, id=2132, stack(0x0000006880600000,0x0000006880700000)]
  0x000001c567424310 JavaThread "pool-1-thread-1" [_thread_blocked, id=5188, stack(0x0000006880700000,0x0000006880800000)]
  0x000001c567426840 JavaThread "DisconnectableInputStream source reader" daemon [_thread_in_native, id=13424, stack(0x0000006880e00000,0x0000006880f00000)]
  0x000001c567426d90 JavaThread "Forward input" [_thread_blocked, id=7076, stack(0x0000006880f00000,0x0000006881000000)]

Other Threads:
  0x000001c563045e80 VMThread "VM Thread" [stack: 0x00000068ffa00000,0x00000068ffb00000] [id=4988]
  0x000001c567574430 WatcherThread "VM Periodic Task Thread" [stack: 0x0000006880500000,0x0000006880600000] [id=7828]
  0x000001c5440907f0 WorkerThread "GC Thread#0" [stack: 0x00000068ff500000,0x00000068ff600000] [id=15228]
  0x000001c5678e7660 WorkerThread "GC Thread#1" [stack: 0x0000006880800000,0x0000006880900000] [id=776]
  0x000001c5678a74a0 WorkerThread "GC Thread#2" [stack: 0x0000006880900000,0x0000006880a00000] [id=15048]
  0x000001c567e47ea0 WorkerThread "GC Thread#3" [stack: 0x0000006880a00000,0x0000006880b00000] [id=4740]
  0x000001c567e47360 WorkerThread "GC Thread#4" [stack: 0x0000006880b00000,0x0000006880c00000] [id=10132]
  0x000001c567e47900 WorkerThread "GC Thread#5" [stack: 0x0000006880c00000,0x0000006880d00000] [id=2284]
  0x000001c5440a2450 ConcurrentGCThread "G1 Main Marker" [stack: 0x00000068ff600000,0x00000068ff700000] [id=10612]
  0x000001c5440a3530 WorkerThread "G1 Conc#0" [stack: 0x00000068ff700000,0x00000068ff800000] [id=11488]
  0x000001c562f01060 ConcurrentGCThread "G1 Refine#0" [stack: 0x00000068ff800000,0x00000068ff900000] [id=15256]
  0x000001c562f01ab0 ConcurrentGCThread "G1 Service" [stack: 0x00000068ff900000,0x00000068ffa00000] [id=2948]

Threads with active compile tasks:

VM state: not at safepoint (normal execution)

VM Mutex/Monitor currently owned by a thread:  ([mutex/lock_event])
[0x000001c54402c930] Metaspace_lock - owner thread: 0x000001c544030b70

Heap address: 0x0000000081e00000, size: 2018 MB, Compressed Oops mode: 32-bit

CDS archive(s) mapped at: [0x0000000800000000-0x0000000800c40000-0x0000000800c40000), size 12845056, SharedBaseAddress: 0x0000000800000000, ArchiveRelocationMode: 0.
Compressed class space mapped at: 0x0000000801000000-0x0000000841000000, reserved size: 1073741824
Narrow klass base: 0x0000000800000000, Narrow klass shift: 0, Narrow klass range: 0x100000000

GC Precious Log:
 CardTable entry size: 512
 Card Set container configuration: InlinePtr #cards 5 size 8 Array Of Cards #cards 12 size 40 Howl #buckets 4 coarsen threshold 1843 Howl Bitmap #cards 512 size 80 coarsen threshold 460 Card regions per heap region 1 cards per card region 2048
 CPUs: 8 total, 8 available
 Memory: 8068M
 Large Page Support: Disabled
 NUMA Support: Disabled
 Compressed Oops: Enabled (32-bit)
 Heap Region Size: 1M
 Heap Min Capacity: 8M
 Heap Initial Capacity: 128M
 Heap Max Capacity: 2018M
 Pre-touch: Disabled
 Parallel Workers: 8
 Concurrent Workers: 2
 Concurrent Refinement Workers: 8
 Periodic GC: Disabled

Heap:
 garbage-first heap   total 131072K, used 20434K [0x0000000081e00000, 0x0000000100000000)
  region size 1024K, 15 young (15360K), 3 survivors (3072K)
 Metaspace       used 8173K, committed 8384K, reserved 1114112K
  class space    used 1096K, committed 1216K, reserved 1048576K

Heap Regions: E=young(eden), S=young(survivor), O=old, HS=humongous(starts), HC=humongous(continues), CS=collection set, F=free, OA=open archive, CA=closed archive, TAMS=top-at-mark-start (previous, next)
|   0|0x0000000081e00000, 0x0000000081f00000, 0x0000000081f00000|100%|HS|  |TAMS 0x0000000081e00000, 0x0000000081e00000| Complete 
|   1|0x0000000081f00000, 0x0000000082000000, 0x0000000082000000|100%|HC|  |TAMS 0x0000000081f00000, 0x0000000081f00000| Complete 
|   2|0x0000000082000000, 0x0000000082100000, 0x0000000082100000|100%|HC|  |TAMS 0x0000000082000000, 0x0000000082000000| Complete 
|   3|0x0000000082100000, 0x0000000082200000, 0x0000000082200000|100%| O|  |TAMS 0x0000000082100000, 0x0000000082100000| Untracked 
|   4|0x0000000082200000, 0x0000000082300000, 0x0000000082300000|100%| O|  |TAMS 0x0000000082200000, 0x0000000082200000| Untracked 
|   5|0x0000000082300000, 0x00000000823f4a00, 0x0000000082400000| 95%| O|  |TAMS 0x0000000082300000, 0x0000000082300000| Untracked 
|   6|0x0000000082400000, 0x0000000082400000, 0x0000000082500000|  0%| F|  |TAMS 0x0000000082400000, 0x0000000082400000| Untracked 
|   7|0x0000000082500000, 0x0000000082500000, 0x0000000082600000|  0%| F|  |TAMS 0x0000000082500000, 0x0000000082500000| Untracked 
|   8|0x0000000082600000, 0x0000000082600000, 0x0000000082700000|  0%| F|  |TAMS 0x0000000082600000, 0x0000000082600000| Untracked 
|   9|0x0000000082700000, 0x0000000082700000, 0x0000000082800000|  0%| F|  |TAMS 0x0000000082700000, 0x0000000082700000| Untracked 
|  10|0x0000000082800000, 0x0000000082800000, 0x0000000082900000|  0%| F|  |TAMS 0x0000000082800000, 0x0000000082800000| Untracked 
|  11|0x0000000082900000, 0x0000000082900000, 0x0000000082a00000|  0%| F|  |TAMS 0x0000000082900000, 0x0000000082900000| Untracked 
|  12|0x0000000082a00000, 0x0000000082a00000, 0x0000000082b00000|  0%| F|  |TAMS 0x0000000082a00000, 0x0000000082a00000| Untracked 
|  13|0x0000000082b00000, 0x0000000082b00000, 0x0000000082c00000|  0%| F|  |TAMS 0x0000000082b00000, 0x0000000082b00000| Untracked 
|  14|0x0000000082c00000, 0x0000000082c00000, 0x0000000082d00000|  0%| F|  |TAMS 0x0000000082c00000, 0x0000000082c00000| Untracked 
|  15|0x0000000082d00000, 0x0000000082d00000, 0x0000000082e00000|  0%| F|  |TAMS 0x0000000082d00000, 0x0000000082d00000| Untracked 
|  16|0x0000000082e00000, 0x0000000082e00000, 0x0000000082f00000|  0%| F|  |TAMS 0x0000000082e00000, 0x0000000082e00000| Untracked 
|  17|0x0000000082f00000, 0x0000000082f00000, 0x0000000083000000|  0%| F|  |TAMS 0x0000000082f00000, 0x0000000082f00000| Untracked 
|  18|0x0000000083000000, 0x0000000083000000, 0x0000000083100000|  0%| F|  |TAMS 0x0000000083000000, 0x0000000083000000| Untracked 
|  19|0x0000000083100000, 0x0000000083100000, 0x0000000083200000|  0%| F|  |TAMS 0x0000000083100000, 0x0000000083100000| Untracked 
|  20|0x0000000083200000, 0x0000000083200000, 0x0000000083300000|  0%| F|  |TAMS 0x0000000083200000, 0x0000000083200000| Untracked 
|  21|0x0000000083300000, 0x0000000083300000, 0x0000000083400000|  0%| F|  |TAMS 0x0000000083300000, 0x0000000083300000| Untracked 
|  22|0x0000000083400000, 0x0000000083400000, 0x0000000083500000|  0%| F|  |TAMS 0x0000000083400000, 0x0000000083400000| Untracked 
|  23|0x0000000083500000, 0x0000000083500000, 0x0000000083600000|  0%| F|  |TAMS 0x0000000083500000, 0x0000000083500000| Untracked 
|  24|0x0000000083600000, 0x0000000083600000, 0x0000000083700000|  0%| F|  |TAMS 0x0000000083600000, 0x0000000083600000| Untracked 
|  25|0x0000000083700000, 0x0000000083700000, 0x0000000083800000|  0%| F|  |TAMS 0x0000000083700000, 0x0000000083700000| Untracked 
|  26|0x0000000083800000, 0x0000000083800000, 0x0000000083900000|  0%| F|  |TAMS 0x0000000083800000, 0x0000000083800000| Untracked 
|  27|0x0000000083900000, 0x0000000083900000, 0x0000000083a00000|  0%| F|  |TAMS 0x0000000083900000, 0x0000000083900000| Untracked 
|  28|0x0000000083a00000, 0x0000000083a00000, 0x0000000083b00000|  0%| F|  |TAMS 0x0000000083a00000, 0x0000000083a00000| Untracked 
|  29|0x0000000083b00000, 0x0000000083b00000, 0x0000000083c00000|  0%| F|  |TAMS 0x0000000083b00000, 0x0000000083b00000| Untracked 
|  30|0x0000000083c00000, 0x0000000083c00000, 0x0000000083d00000|  0%| F|  |TAMS 0x0000000083c00000, 0x0000000083c00000| Untracked 
|  31|0x0000000083d00000, 0x0000000083d00000, 0x0000000083e00000|  0%| F|  |TAMS 0x0000000083d00000, 0x0000000083d00000| Untracked 
|  32|0x0000000083e00000, 0x0000000083e00000, 0x0000000083f00000|  0%| F|  |TAMS 0x0000000083e00000, 0x0000000083e00000| Untracked 
|  33|0x0000000083f00000, 0x0000000083f00000, 0x0000000084000000|  0%| F|  |TAMS 0x0000000083f00000, 0x0000000083f00000| Untracked 
|  34|0x0000000084000000, 0x0000000084000000, 0x0000000084100000|  0%| F|  |TAMS 0x0000000084000000, 0x0000000084000000| Untracked 
|  35|0x0000000084100000, 0x0000000084100000, 0x0000000084200000|  0%| F|  |TAMS 0x0000000084100000, 0x0000000084100000| Untracked 
|  36|0x0000000084200000, 0x0000000084200000, 0x0000000084300000|  0%| F|  |TAMS 0x0000000084200000, 0x0000000084200000| Untracked 
|  37|0x0000000084300000, 0x0000000084300000, 0x0000000084400000|  0%| F|  |TAMS 0x0000000084300000, 0x0000000084300000| Untracked 
|  38|0x0000000084400000, 0x0000000084400000, 0x0000000084500000|  0%| F|  |TAMS 0x0000000084400000, 0x0000000084400000| Untracked 
|  39|0x0000000084500000, 0x0000000084500000, 0x0000000084600000|  0%| F|  |TAMS 0x0000000084500000, 0x0000000084500000| Untracked 
|  40|0x0000000084600000, 0x0000000084600000, 0x0000000084700000|  0%| F|  |TAMS 0x0000000084600000, 0x0000000084600000| Untracked 
|  41|0x0000000084700000, 0x0000000084700000, 0x0000000084800000|  0%| F|  |TAMS 0x0000000084700000, 0x0000000084700000| Untracked 
|  42|0x0000000084800000, 0x0000000084800000, 0x0000000084900000|  0%| F|  |TAMS 0x0000000084800000, 0x0000000084800000| Untracked 
|  43|0x0000000084900000, 0x0000000084900000, 0x0000000084a00000|  0%| F|  |TAMS 0x0000000084900000, 0x0000000084900000| Untracked 
|  44|0x0000000084a00000, 0x0000000084a00000, 0x0000000084b00000|  0%| F|  |TAMS 0x0000000084a00000, 0x0000000084a00000| Untracked 
|  45|0x0000000084b00000, 0x0000000084b00000, 0x0000000084c00000|  0%| F|  |TAMS 0x0000000084b00000, 0x0000000084b00000| Untracked 
|  46|0x0000000084c00000, 0x0000000084c00000, 0x0000000084d00000|  0%| F|  |TAMS 0x0000000084c00000, 0x0000000084c00000| Untracked 
|  47|0x0000000084d00000, 0x0000000084d00000, 0x0000000084e00000|  0%| F|  |TAMS 0x0000000084d00000, 0x0000000084d00000| Untracked 
|  48|0x0000000084e00000, 0x0000000084e00000, 0x0000000084f00000|  0%| F|  |TAMS 0x0000000084e00000, 0x0000000084e00000| Untracked 
|  49|0x0000000084f00000, 0x0000000084f00000, 0x0000000085000000|  0%| F|  |TAMS 0x0000000084f00000, 0x0000000084f00000| Untracked 
|  50|0x0000000085000000, 0x0000000085000000, 0x0000000085100000|  0%| F|  |TAMS 0x0000000085000000, 0x0000000085000000| Untracked 
|  51|0x0000000085100000, 0x0000000085100000, 0x0000000085200000|  0%| F|  |TAMS 0x0000000085100000, 0x0000000085100000| Untracked 
|  52|0x0000000085200000, 0x0000000085200000, 0x0000000085300000|  0%| F|  |TAMS 0x0000000085200000, 0x0000000085200000| Untracked 
|  53|0x0000000085300000, 0x0000000085300000, 0x0000000085400000|  0%| F|  |TAMS 0x0000000085300000, 0x0000000085300000| Untracked 
|  54|0x0000000085400000, 0x0000000085400000, 0x0000000085500000|  0%| F|  |TAMS 0x0000000085400000, 0x0000000085400000| Untracked 
|  55|0x0000000085500000, 0x0000000085500000, 0x0000000085600000|  0%| F|  |TAMS 0x0000000085500000, 0x0000000085500000| Untracked 
|  56|0x0000000085600000, 0x0000000085600000, 0x0000000085700000|  0%| F|  |TAMS 0x0000000085600000, 0x0000000085600000| Untracked 
|  57|0x0000000085700000, 0x0000000085700000, 0x0000000085800000|  0%| F|  |TAMS 0x0000000085700000, 0x0000000085700000| Untracked 
|  58|0x0000000085800000, 0x0000000085800000, 0x0000000085900000|  0%| F|  |TAMS 0x0000000085800000, 0x0000000085800000| Untracked 
|  59|0x0000000085900000, 0x0000000085900000, 0x0000000085a00000|  0%| F|  |TAMS 0x0000000085900000, 0x0000000085900000| Untracked 
|  60|0x0000000085a00000, 0x0000000085a00000, 0x0000000085b00000|  0%| F|  |TAMS 0x0000000085a00000, 0x0000000085a00000| Untracked 
|  61|0x0000000085b00000, 0x0000000085b00000, 0x0000000085c00000|  0%| F|  |TAMS 0x0000000085b00000, 0x0000000085b00000| Untracked 
|  62|0x0000000085c00000, 0x0000000085c00000, 0x0000000085d00000|  0%| F|  |TAMS 0x0000000085c00000, 0x0000000085c00000| Untracked 
|  63|0x0000000085d00000, 0x0000000085d00000, 0x0000000085e00000|  0%| F|  |TAMS 0x0000000085d00000, 0x0000000085d00000| Untracked 
|  64|0x0000000085e00000, 0x0000000085e00000, 0x0000000085f00000|  0%| F|  |TAMS 0x0000000085e00000, 0x0000000085e00000| Untracked 
|  65|0x0000000085f00000, 0x0000000085f00000, 0x0000000086000000|  0%| F|  |TAMS 0x0000000085f00000, 0x0000000085f00000| Untracked 
|  66|0x0000000086000000, 0x0000000086000000, 0x0000000086100000|  0%| F|  |TAMS 0x0000000086000000, 0x0000000086000000| Untracked 
|  67|0x0000000086100000, 0x0000000086100000, 0x0000000086200000|  0%| F|  |TAMS 0x0000000086100000, 0x0000000086100000| Untracked 
|  68|0x0000000086200000, 0x0000000086200000, 0x0000000086300000|  0%| F|  |TAMS 0x0000000086200000, 0x0000000086200000| Untracked 
|  69|0x0000000086300000, 0x0000000086300000, 0x0000000086400000|  0%| F|  |TAMS 0x0000000086300000, 0x0000000086300000| Untracked 
|  70|0x0000000086400000, 0x0000000086400000, 0x0000000086500000|  0%| F|  |TAMS 0x0000000086400000, 0x0000000086400000| Untracked 
|  71|0x0000000086500000, 0x0000000086500000, 0x0000000086600000|  0%| F|  |TAMS 0x0000000086500000, 0x0000000086500000| Untracked 
|  72|0x0000000086600000, 0x0000000086600000, 0x0000000086700000|  0%| F|  |TAMS 0x0000000086600000, 0x0000000086600000| Untracked 
|  73|0x0000000086700000, 0x0000000086700000, 0x0000000086800000|  0%| F|  |TAMS 0x0000000086700000, 0x0000000086700000| Untracked 
|  74|0x0000000086800000, 0x0000000086800000, 0x0000000086900000|  0%| F|  |TAMS 0x0000000086800000, 0x0000000086800000| Untracked 
|  75|0x0000000086900000, 0x0000000086900000, 0x0000000086a00000|  0%| F|  |TAMS 0x0000000086900000, 0x0000000086900000| Untracked 
|  76|0x0000000086a00000, 0x0000000086a00000, 0x0000000086b00000|  0%| F|  |TAMS 0x0000000086a00000, 0x0000000086a00000| Untracked 
|  77|0x0000000086b00000, 0x0000000086b00000, 0x0000000086c00000|  0%| F|  |TAMS 0x0000000086b00000, 0x0000000086b00000| Untracked 
|  78|0x0000000086c00000, 0x0000000086c00000, 0x0000000086d00000|  0%| F|  |TAMS 0x0000000086c00000, 0x0000000086c00000| Untracked 
|  79|0x0000000086d00000, 0x0000000086d00000, 0x0000000086e00000|  0%| F|  |TAMS 0x0000000086d00000, 0x0000000086d00000| Untracked 
|  80|0x0000000086e00000, 0x0000000086e00000, 0x0000000086f00000|  0%| F|  |TAMS 0x0000000086e00000, 0x0000000086e00000| Untracked 
|  81|0x0000000086f00000, 0x0000000086f00000, 0x0000000087000000|  0%| F|  |TAMS 0x0000000086f00000, 0x0000000086f00000| Untracked 
|  82|0x0000000087000000, 0x0000000087000000, 0x0000000087100000|  0%| F|  |TAMS 0x0000000087000000, 0x0000000087000000| Untracked 
|  83|0x0000000087100000, 0x0000000087100000, 0x0000000087200000|  0%| F|  |TAMS 0x0000000087100000, 0x0000000087100000| Untracked 
|  84|0x0000000087200000, 0x0000000087200000, 0x0000000087300000|  0%| F|  |TAMS 0x0000000087200000, 0x0000000087200000| Untracked 
|  85|0x0000000087300000, 0x0000000087300000, 0x0000000087400000|  0%| F|  |TAMS 0x0000000087300000, 0x0000000087300000| Untracked 
|  86|0x0000000087400000, 0x0000000087400000, 0x0000000087500000|  0%| F|  |TAMS 0x0000000087400000, 0x0000000087400000| Untracked 
|  87|0x0000000087500000, 0x0000000087500000, 0x0000000087600000|  0%| F|  |TAMS 0x0000000087500000, 0x0000000087500000| Untracked 
|  88|0x0000000087600000, 0x0000000087600000, 0x0000000087700000|  0%| F|  |TAMS 0x0000000087600000, 0x0000000087600000| Untracked 
|  89|0x0000000087700000, 0x0000000087700000, 0x0000000087800000|  0%| F|  |TAMS 0x0000000087700000, 0x0000000087700000| Untracked 
|  90|0x0000000087800000, 0x0000000087800000, 0x0000000087900000|  0%| F|  |TAMS 0x0000000087800000, 0x0000000087800000| Untracked 
|  91|0x0000000087900000, 0x0000000087900000, 0x0000000087a00000|  0%| F|  |TAMS 0x0000000087900000, 0x0000000087900000| Untracked 
|  92|0x0000000087a00000, 0x0000000087a00000, 0x0000000087b00000|  0%| F|  |TAMS 0x0000000087a00000, 0x0000000087a00000| Untracked 
|  93|0x0000000087b00000, 0x0000000087b00000, 0x0000000087c00000|  0%| F|  |TAMS 0x0000000087b00000, 0x0000000087b00000| Untracked 
|  94|0x0000000087c00000, 0x0000000087c00000, 0x0000000087d00000|  0%| F|  |TAMS 0x0000000087c00000, 0x0000000087c00000| Untracked 
|  95|0x0000000087d00000, 0x0000000087d00000, 0x0000000087e00000|  0%| F|  |TAMS 0x0000000087d00000, 0x0000000087d00000| Untracked 
|  96|0x0000000087e00000, 0x0000000087e00000, 0x0000000087f00000|  0%| F|  |TAMS 0x0000000087e00000, 0x0000000087e00000| Untracked 
|  97|0x0000000087f00000, 0x0000000087f00000, 0x0000000088000000|  0%| F|  |TAMS 0x0000000087f00000, 0x0000000087f00000| Untracked 
|  98|0x0000000088000000, 0x0000000088000000, 0x0000000088100000|  0%| F|  |TAMS 0x0000000088000000, 0x0000000088000000| Untracked 
|  99|0x0000000088100000, 0x0000000088100000, 0x0000000088200000|  0%| F|  |TAMS 0x0000000088100000, 0x0000000088100000| Untracked 
| 100|0x0000000088200000, 0x0000000088200000, 0x0000000088300000|  0%| F|  |TAMS 0x0000000088200000, 0x0000000088200000| Untracked 
| 101|0x0000000088300000, 0x0000000088300000, 0x0000000088400000|  0%| F|  |TAMS 0x0000000088300000, 0x0000000088300000| Untracked 
| 102|0x0000000088400000, 0x0000000088500000, 0x0000000088500000|100%| S|CS|TAMS 0x0000000088400000, 0x0000000088400000| Complete 
| 103|0x0000000088500000, 0x0000000088600000, 0x0000000088600000|100%| S|CS|TAMS 0x0000000088500000, 0x0000000088500000| Complete 
| 104|0x0000000088600000, 0x0000000088700000, 0x0000000088700000|100%| S|CS|TAMS 0x0000000088600000, 0x0000000088600000| Complete 
| 105|0x0000000088700000, 0x0000000088700000, 0x0000000088800000|  0%| F|  |TAMS 0x0000000088700000, 0x0000000088700000| Untracked 
| 106|0x0000000088800000, 0x0000000088800000, 0x0000000088900000|  0%| F|  |TAMS 0x0000000088800000, 0x0000000088800000| Untracked 
| 107|0x0000000088900000, 0x0000000088900000, 0x0000000088a00000|  0%| F|  |TAMS 0x0000000088900000, 0x0000000088900000| Untracked 
| 108|0x0000000088a00000, 0x0000000088a00000, 0x0000000088b00000|  0%| F|  |TAMS 0x0000000088a00000, 0x0000000088a00000| Untracked 
| 109|0x0000000088b00000, 0x0000000088b00000, 0x0000000088c00000|  0%| F|  |TAMS 0x0000000088b00000, 0x0000000088b00000| Untracked 
| 110|0x0000000088c00000, 0x0000000088c00000, 0x0000000088d00000|  0%| F|  |TAMS 0x0000000088c00000, 0x0000000088c00000| Untracked 
| 111|0x0000000088d00000, 0x0000000088d00000, 0x0000000088e00000|  0%| F|  |TAMS 0x0000000088d00000, 0x0000000088d00000| Untracked 
| 112|0x0000000088e00000, 0x0000000088e00000, 0x0000000088f00000|  0%| F|  |TAMS 0x0000000088e00000, 0x0000000088e00000| Untracked 
| 113|0x0000000088f00000, 0x0000000088f00000, 0x0000000089000000|  0%| F|  |TAMS 0x0000000088f00000, 0x0000000088f00000| Untracked 
| 114|0x0000000089000000, 0x0000000089000000, 0x0000000089100000|  0%| F|  |TAMS 0x0000000089000000, 0x0000000089000000| Untracked 
| 115|0x0000000089100000, 0x0000000089100000, 0x0000000089200000|  0%| F|  |TAMS 0x0000000089100000, 0x0000000089100000| Untracked 
| 116|0x0000000089200000, 0x00000000892f3e70, 0x0000000089300000| 95%| E|  |TAMS 0x0000000089200000, 0x0000000089200000| Complete 
| 117|0x0000000089300000, 0x0000000089400000, 0x0000000089400000|100%| E|CS|TAMS 0x0000000089300000, 0x0000000089300000| Complete 
| 118|0x0000000089400000, 0x0000000089500000, 0x0000000089500000|100%| E|CS|TAMS 0x0000000089400000, 0x0000000089400000| Complete 
| 119|0x0000000089500000, 0x0000000089600000, 0x0000000089600000|100%| E|CS|TAMS 0x0000000089500000, 0x0000000089500000| Complete 
| 120|0x0000000089600000, 0x0000000089700000, 0x0000000089700000|100%| E|CS|TAMS 0x0000000089600000, 0x0000000089600000| Complete 
| 121|0x0000000089700000, 0x0000000089800000, 0x0000000089800000|100%| E|CS|TAMS 0x0000000089700000, 0x0000000089700000| Complete 
| 122|0x0000000089800000, 0x0000000089900000, 0x0000000089900000|100%| E|CS|TAMS 0x0000000089800000, 0x0000000089800000| Complete 
| 123|0x0000000089900000, 0x0000000089a00000, 0x0000000089a00000|100%| E|CS|TAMS 0x0000000089900000, 0x0000000089900000| Complete 
| 124|0x0000000089a00000, 0x0000000089b00000, 0x0000000089b00000|100%| E|CS|TAMS 0x0000000089a00000, 0x0000000089a00000| Complete 
| 125|0x0000000089b00000, 0x0000000089c00000, 0x0000000089c00000|100%| E|CS|TAMS 0x0000000089b00000, 0x0000000089b00000| Complete 
| 126|0x0000000089c00000, 0x0000000089d00000, 0x0000000089d00000|100%| E|CS|TAMS 0x0000000089c00000, 0x0000000089c00000| Complete 
| 127|0x0000000089d00000, 0x0000000089e00000, 0x0000000089e00000|100%| E|CS|TAMS 0x0000000089d00000, 0x0000000089d00000| Complete 

Card table byte_map: [0x000001c55be30000,0x000001c55c230000] _byte_map_base: 0x000001c55ba21000

Marking Bits (Prev, Next): (CMBitMap*) 0x000001c544090d30, (CMBitMap*) 0x000001c544090d70
 Prev Bits: [0x000001c55c630000, 0x000001c55e5b8000)
 Next Bits: [0x000001c55e5c0000, 0x000001c560548000)

Polling page: 0x000001c5426f0000

Metaspace:

Usage:
  Non-class:      6.91 MB used.
      Class:      1.07 MB used.
       Both:      7.98 MB used.

Virtual space:
  Non-class space:       64.00 MB reserved,       7.00 MB ( 11%) committed,  1 nodes.
      Class space:        1.00 GB reserved,       1.19 MB ( <1%) committed,  1 nodes.
             Both:        1.06 GB reserved,       8.19 MB ( <1%) committed. 

Chunk freelists:
   Non-Class:  432.00 KB
       Class:  2.64 MB
        Both:  3.06 MB

MaxMetaspaceSize: unlimited
CompressedClassSpaceSize: 1.00 GB
Initial GC threshold: 21.00 MB
Current GC threshold: 21.00 MB
CDS: on
MetaspaceReclaimPolicy: balanced
 - commit_granule_bytes: 65536.
 - commit_granule_words: 8192.
 - virtual_space_node_default_size: 8388608.
 - enlarge_chunks_in_place: 1.
 - new_chunks_are_fully_committed: 0.
 - uncommit_free_chunks: 1.
 - use_allocation_guard: 0.


Internal statistics:

num_allocs_failed_limit: 0.
num_arena_births: 208.
num_arena_deaths: 0.
num_vsnodes_births: 2.
num_vsnodes_deaths: 0.
num_space_committed: 131.
num_space_uncommitted: 0.
num_chunks_returned_to_freelist: 0.
num_chunks_taken_from_freelist: 447.
num_chunk_merges: 0.
num_chunk_splits: 276.
num_chunks_enlarged: 203.
num_inconsistent_stats: 0.

CodeHeap 'non-profiled nmethods': size=120000Kb used=440Kb max_used=440Kb free=119559Kb
 bounds [0x000001c553a90000, 0x000001c553d00000, 0x000001c55afc0000]
CodeHeap 'profiled nmethods': size=120000Kb used=2233Kb max_used=2233Kb free=117766Kb
 bounds [0x000001c54bfc0000, 0x000001c54c230000, 0x000001c5534f0000]
CodeHeap 'non-nmethods': size=5760Kb used=1259Kb max_used=1279Kb free=4500Kb
 bounds [0x000001c5534f0000, 0x000001c553760000, 0x000001c553a90000]
 total_blobs=1723 nmethods=1249 adapters=385
 compilation: enabled
              stopped_count=0, restarted_count=0
 full_count=0

Compilation events (20 events):
Event: 0.926 Thread 0x000001c5674310e0 1239       3       java.lang.invoke.VarHandleByteArrayAsInts$ArrayHandle::set (39 bytes)
Event: 0.927 Thread 0x000001c5674310e0 nmethod 1239 0x000001c54c1e8b90 code [0x000001c54c1e8d60, 0x000001c54c1e91a8]
Event: 0.936 Thread 0x000001c5674310e0 1241       3       java.lang.Long::<init> (10 bytes)
Event: 0.937 Thread 0x000001c5674310e0 nmethod 1241 0x000001c54c1e9390 code [0x000001c54c1e9540, 0x000001c54c1e9718]
Event: 0.937 Thread 0x000001c5674310e0 1242       3       com.esotericsoftware.kryo.io.Output::writeString (125 bytes)
Event: 0.937 Thread 0x000001c5674310e0 nmethod 1242 0x000001c54c1e9810 code [0x000001c54c1e9a40, 0x000001c54c1ea098]
Event: 0.937 Thread 0x000001c5674310e0 1243       3       com.esotericsoftware.kryo.io.Output::require (209 bytes)
Event: 0.938 Thread 0x000001c5674310e0 nmethod 1243 0x000001c54c1ea290 code [0x000001c54c1ea5e0, 0x000001c54c1eb7f8]
Event: 0.938 Thread 0x000001c5674310e0 1244       3       org.gradle.internal.serialize.kryo.KryoBackedEncoder::writeString (23 bytes)
Event: 0.938 Thread 0x000001c5674310e0 nmethod 1244 0x000001c54c1ebe90 code [0x000001c54c1ec060, 0x000001c54c1ec2b8]
Event: 1.055 Thread 0x000001c5674310e0 1245   !   3       java.io.BufferedInputStream::read (69 bytes)
Event: 1.055 Thread 0x000001c5674310e0 nmethod 1245 0x000001c54c1ec410 code [0x000001c54c1ec6a0, 0x000001c54c1ed338]
Event: 1.055 Thread 0x000001c5674310e0 1246       3       java.io.BufferedInputStream::implRead (113 bytes)
Event: 1.056 Thread 0x000001c5674310e0 nmethod 1246 0x000001c54c1ed810 code [0x000001c54c1eda40, 0x000001c54c1ee1d8]
Event: 2.320 Thread 0x000001c5674310e0 1247       3       java.util.ArrayList::isEmpty (13 bytes)
Event: 2.320 Thread 0x000001c5674310e0 nmethod 1247 0x000001c54c1ee410 code [0x000001c54c1ee5a0, 0x000001c54c1ee718]
Event: 2.521 Thread 0x000001c5674310e0 1248       1       java.util.concurrent.atomic.AtomicInteger::get (5 bytes)
Event: 2.521 Thread 0x000001c5674310e0 nmethod 1248 0x000001c553afdc90 code [0x000001c553afde20, 0x000001c553afded8]
Event: 3.224 Thread 0x000001c56742b120 1249       4       java.util.concurrent.locks.AbstractQueuedSynchronizer::compareAndSetState (13 bytes)
Event: 3.225 Thread 0x000001c56742b120 nmethod 1249 0x000001c553afdf90 code [0x000001c553afe100, 0x000001c553afe198]

GC Heap History (2 events):
Event: 0.518 GC heap before
{Heap before GC invocations=0 (full 0):
 garbage-first heap   total 131072K, used 25600K [0x0000000081e00000, 0x0000000100000000)
  region size 1024K, 23 young (23552K), 0 survivors (0K)
 Metaspace       used 4282K, committed 4480K, reserved 1114112K
  class space    used 539K, committed 640K, reserved 1048576K
}
Event: 0.521 GC heap after
{Heap after GC invocations=1 (full 0):
 garbage-first heap   total 131072K, used 9170K [0x0000000081e00000, 0x0000000100000000)
  region size 1024K, 3 young (3072K), 3 survivors (3072K)
 Metaspace       used 4282K, committed 4480K, reserved 1114112K
  class space    used 539K, committed 640K, reserved 1048576K
}

Dll operation events (12 events):
Event: 0.006 Loaded shared library C:\Program Files\Java\jdk-19\bin\java.dll
Event: 0.012 Loaded shared library C:\Program Files\Java\jdk-19\bin\jsvml.dll
Event: 0.038 Loaded shared library C:\Program Files\Java\jdk-19\bin\net.dll
Event: 0.039 Loaded shared library C:\Program Files\Java\jdk-19\bin\nio.dll
Event: 0.041 Loaded shared library C:\Program Files\Java\jdk-19\bin\zip.dll
Event: 0.043 Loaded shared library C:\Program Files\Java\jdk-19\bin\verify.dll
Event: 0.064 Loaded shared library C:\Program Files\Java\jdk-19\bin\jimage.dll
Event: 0.500 Loaded shared library C:\Users\User\.gradle\native\68d5fa5c4cc2d200863cafc0d521ce42e7d3e7ee720ec0a83991735586a16f82\windows-amd64\native-platform.dll
Event: 0.592 Loaded shared library C:\Program Files\Java\jdk-19\bin\management.dll
Event: 0.595 Loaded shared library C:\Program Files\Java\jdk-19\bin\management_ext.dll
Event: 0.846 Loaded shared library C:\Program Files\Java\jdk-19\bin\extnet.dll
Event: 0.896 Loaded shared library C:\Program Files\Java\jdk-19\bin\sunmscapi.dll

Deoptimization events (20 events):
Event: 0.655 Thread 0x000001c544030b70 DEOPT PACKING pc=0x000001c54c069965 sp=0x00000068ff4fcfb0
Event: 0.655 Thread 0x000001c544030b70 DEOPT UNPACKING pc=0x000001c553557543 sp=0x00000068ff4fc400 mode 0
Event: 0.662 Thread 0x000001c544030b70 Uncommon trap: trap_request=0xffffffc6 fr.pc=0x000001c553ae6148 relative=0x0000000000000308
Event: 0.662 Thread 0x000001c544030b70 Uncommon trap: reason=bimorphic_or_optimized_type_check action=maybe_recompile pc=0x000001c553ae6148 method=java.util.concurrent.ConcurrentHashMap.get(Ljava/lang/Object;)Ljava/lang/Object; @ 149 c2
Event: 0.662 Thread 0x000001c544030b70 DEOPT PACKING pc=0x000001c553ae6148 sp=0x00000068ff4fcba0
Event: 0.662 Thread 0x000001c544030b70 DEOPT UNPACKING pc=0x000001c553556da3 sp=0x00000068ff4fcb10 mode 2
Event: 0.695 Thread 0x000001c544030b70 Uncommon trap: trap_request=0xffffff45 fr.pc=0x000001c553ae45c8 relative=0x00000000000016e8
Event: 0.695 Thread 0x000001c544030b70 Uncommon trap: reason=unstable_if action=reinterpret pc=0x000001c553ae45c8 method=java.io.WinNTFileSystem.normalize(Ljava/lang/String;)Ljava/lang/String; @ 128 c2
Event: 0.695 Thread 0x000001c544030b70 DEOPT PACKING pc=0x000001c553ae45c8 sp=0x00000068ff4fcb80
Event: 0.695 Thread 0x000001c544030b70 DEOPT UNPACKING pc=0x000001c553556da3 sp=0x00000068ff4fcb58 mode 2
Event: 0.861 Thread 0x000001c544030b70 DEOPT PACKING pc=0x000001c54c0aca21 sp=0x00000068ff4faf90
Event: 0.861 Thread 0x000001c544030b70 DEOPT UNPACKING pc=0x000001c553557543 sp=0x00000068ff4fa498 mode 0
Event: 0.871 Thread 0x000001c544030b70 Uncommon trap: trap_request=0xffffff45 fr.pc=0x000001c553ac6c9c relative=0x000000000000055c
Event: 0.871 Thread 0x000001c544030b70 Uncommon trap: reason=unstable_if action=reinterpret pc=0x000001c553ac6c9c method=java.lang.AbstractStringBuilder.append(Ljava/lang/String;)Ljava/lang/AbstractStringBuilder; @ 1 c2
Event: 0.871 Thread 0x000001c544030b70 DEOPT PACKING pc=0x000001c553ac6c9c sp=0x00000068ff4fd8c0
Event: 0.871 Thread 0x000001c544030b70 DEOPT UNPACKING pc=0x000001c553556da3 sp=0x00000068ff4fd840 mode 2
Event: 0.871 Thread 0x000001c544030b70 Uncommon trap: trap_request=0xffffff45 fr.pc=0x000001c553ad2394 relative=0x0000000000000554
Event: 0.871 Thread 0x000001c544030b70 Uncommon trap: reason=unstable_if action=reinterpret pc=0x000001c553ad2394 method=java.lang.AbstractStringBuilder.append(Ljava/lang/String;)Ljava/lang/AbstractStringBuilder; @ 1 c2
Event: 0.871 Thread 0x000001c544030b70 DEOPT PACKING pc=0x000001c553ad2394 sp=0x00000068ff4fd880
Event: 0.871 Thread 0x000001c544030b70 DEOPT UNPACKING pc=0x000001c553556da3 sp=0x00000068ff4fd858 mode 2

Classes loaded (20 events):
Event: 0.926 Loading class java/nio/channels/Pipe$SinkChannel done
Event: 0.926 Loading class sun/nio/ch/SinkChannelImpl done
Event: 0.928 Loading class sun/nio/ch/SelectionKeyImpl
Event: 0.928 Loading class java/nio/channels/spi/AbstractSelectionKey
Event: 0.928 Loading class java/nio/channels/SelectionKey
Event: 0.928 Loading class java/nio/channels/SelectionKey done
Event: 0.928 Loading class java/nio/channels/spi/AbstractSelectionKey done
Event: 0.928 Loading class sun/nio/ch/SelectionKeyImpl done
Event: 0.928 Loading class java/lang/invoke/ConstantBootstraps
Event: 0.928 Loading class java/lang/invoke/ConstantBootstraps done
Event: 0.937 Loading class java/nio/channels/spi/AbstractSelector$1
Event: 0.937 Loading class java/nio/channels/spi/AbstractSelector$1 done
Event: 1.055 Loading class java/lang/Thread$ThreadNumbering
Event: 1.055 Loading class java/lang/Thread$ThreadNumbering done
Event: 1.055 Loading class java/nio/charset/CharacterCodingException
Event: 1.055 Loading class java/nio/charset/CharacterCodingException done
Event: 1.056 Loading class java/nio/channels/AsynchronousCloseException
Event: 1.056 Loading class java/nio/channels/ClosedChannelException
Event: 1.056 Loading class java/nio/channels/ClosedChannelException done
Event: 1.056 Loading class java/nio/channels/AsynchronousCloseException done

Classes unloaded (0 events):
No events

Classes redefined (0 events):
No events

Internal exceptions (20 events):
Event: 0.102 Thread 0x000001c544030b70 Exception <a 'java/lang/NoSuchMethodError'{0x0000000089a7b760}: 'void java.lang.invoke.DirectMethodHandle$Holder.invokeStatic(java.lang.Object, java.lang.Object, java.lang.Object)'> (0x0000000089a7b760) 
thrown [s\open\src\hotspot\share\interpreter\linkResolver.cpp, line 774]
Event: 0.104 Thread 0x000001c544030b70 Exception <a 'java/lang/NoSuchMethodError'{0x0000000089a8ec48}: 'java.lang.Object java.lang.invoke.Invokers$Holder.invokeExact_MT(java.lang.Object, java.lang.Object, java.lang.Object, java.lang.Object, java.lang.Object)'> (0x0000000089a8ec48) 
thrown [s\open\src\hotspot\share\interpreter\linkResolver.cpp, line 774]
Event: 0.108 Thread 0x000001c544030b70 Exception <a 'java/lang/NoSuchMethodError'{0x0000000089abc3f8}: 'int java.lang.invoke.DirectMethodHandle$Holder.invokeStaticInit(java.lang.Object, java.lang.Object)'> (0x0000000089abc3f8) 
thrown [s\open\src\hotspot\share\interpreter\linkResolver.cpp, line 774]
Event: 0.475 Thread 0x000001c544030b70 Exception <a 'java/lang/NoSuchMethodError'{0x0000000088926400}: 'void java.lang.invoke.DirectMethodHandle$Holder.invokeInterface(java.lang.Object, java.lang.Object, java.lang.Object)'> (0x0000000088926400) 
thrown [s\open\src\hotspot\share\interpreter\linkResolver.cpp, line 774]
Event: 0.481 Thread 0x000001c544030b70 Exception <a 'java/lang/NoClassDefFoundError'{0x0000000088971150}: org/slf4j/impl/StaticMarkerBinder> (0x0000000088971150) 
thrown [s\open\src\hotspot\share\classfile\systemDictionary.cpp, line 244]
Event: 0.489 Thread 0x000001c544030b70 Exception <a 'java/lang/NoSuchMethodError'{0x00000000889f8ad0}: 'java.lang.Object java.lang.invoke.DirectMethodHandle$Holder.invokeVirtual(java.lang.Object, java.lang.Object, java.lang.Object, java.lang.Object, java.lang.Object, java.lang.Object, java.lang.Object)'> (0x00000000889f8ad0) 
thrown [s\open\src\hotspot\share\interpreter\linkResolver.cpp, line 774]
Event: 0.490 Thread 0x000001c544030b70 Exception <a 'java/lang/NoSuchMethodError'{0x000000008880cdb8}: 'java.lang.Object java.lang.invoke.DirectMethodHandle$Holder.invokeStatic(java.lang.Object, java.lang.Object, int)'> (0x000000008880cdb8) 
thrown [s\open\src\hotspot\share\interpreter\linkResolver.cpp, line 774]
Event: 0.491 Thread 0x000001c544030b70 Exception <a 'java/lang/NoSuchMethodError'{0x0000000088818ae0}: 'void java.lang.invoke.DelegatingMethodHandle$Holder.delegate(java.lang.Object, java.lang.Object, int, java.lang.Object)'> (0x0000000088818ae0) 
thrown [s\open\src\hotspot\share\interpreter\linkResolver.cpp, line 774]
Event: 0.492 Thread 0x000001c544030b70 Exception <a 'java/lang/NoSuchMethodError'{0x000000008881cc40}: 'int java.lang.invoke.DirectMethodHandle$Holder.invokeSpecial(java.lang.Object, java.lang.Object, java.lang.Object)'> (0x000000008881cc40) 
thrown [s\open\src\hotspot\share\interpreter\linkResolver.cpp, line 774]
Event: 0.504 Thread 0x000001c544030b70 Exception <a 'java/lang/NoSuchMethodError'{0x00000000888b57f0}: 'java.lang.Object java.lang.invoke.DirectMethodHandle$Holder.invokeVirtual(java.lang.Object, java.lang.Object, java.lang.Object)'> (0x00000000888b57f0) 
thrown [s\open\src\hotspot\share\interpreter\linkResolver.cpp, line 774]
Event: 0.542 Thread 0x000001c544030b70 Exception <a 'java/lang/NoSuchMethodError'{0x0000000089ca32b8}: 'java.lang.Object java.lang.invoke.DirectMethodHandle$Holder.invokeVirtual(java.lang.Object, java.lang.Object, java.lang.Object, java.lang.Object)'> (0x0000000089ca32b8) 
thrown [s\open\src\hotspot\share\interpreter\linkResolver.cpp, line 774]
Event: 0.552 Thread 0x000001c544030b70 Exception <a 'java/lang/NoSuchMethodError'{0x0000000089b6af90}: 'java.lang.Object java.lang.invoke.DirectMethodHandle$Holder.invokeVirtual(java.lang.Object, java.lang.Object, java.lang.Object, java.lang.Object, java.lang.Object, java.lang.Object)'> (0x0000000089b6af90) 
thrown [s\open\src\hotspot\share\interpreter\linkResolver.cpp, line 774]
Event: 0.591 Thread 0x000001c544030b70 Exception <a 'java/lang/NoSuchMethodError'{0x00000000899aa028}: 'java.lang.Object java.lang.invoke.DirectMethodHandle$Holder.invokeStaticInit(java.lang.Object)'> (0x00000000899aa028) 
thrown [s\open\src\hotspot\share\interpreter\linkResolver.cpp, line 774]
Event: 0.617 Thread 0x000001c544030b70 Exception <a 'java/lang/NoSuchMethodError'{0x00000000898f4810}: 'java.lang.Object java.lang.invoke.DirectMethodHandle$Holder.invokeVirtual(java.lang.Object, java.lang.Object, java.lang.Object, java.lang.Object, java.lang.Object)'> (0x00000000898f4810) 
thrown [s\open\src\hotspot\share\interpreter\linkResolver.cpp, line 774]
Event: 0.618 Thread 0x000001c544030b70 Exception <a 'java/lang/NoSuchMethodError'{0x0000000089708e80}: 'java.lang.Object java.lang.invoke.Invokers$Holder.invokeExact_MT(java.lang.Object, java.lang.Object, java.lang.Object, java.lang.Object, java.lang.Object, java.lang.Object)'> (0x0000000089708e80) 
thrown [s\open\src\hotspot\share\interpreter\linkResolver.cpp, line 774]
Event: 0.641 Thread 0x000001c544030b70 Exception <a 'java/lang/NoSuchMethodError'{0x00000000896d17e0}: 'java.lang.Object java.lang.invoke.DirectMethodHandle$Holder.invokeVirtual(java.lang.Object, java.lang.Object, java.lang.Object, java.lang.Object, java.lang.Object, java.lang.Object, java.lang.Object, java.lang.Object)'> (0x00000000896d17e0) 
thrown [s\open\src\hotspot\share\interpreter\linkResolver.cpp, line 774]
Event: 0.657 Thread 0x000001c544030b70 Exception <a 'java/lang/NoSuchMethodError'{0x00000000895f8658}: 'java.lang.Object java.lang.invoke.DirectMethodHandle$Holder.invokeStaticInit(java.lang.Object, int, int, int, int)'> (0x00000000895f8658) 
thrown [s\open\src\hotspot\share\interpreter\linkResolver.cpp, line 774]
Event: 0.699 Thread 0x000001c544030b70 Exception <a 'java/lang/NoSuchMethodError'{0x0000000089417cf0}: 'java.lang.Object java.lang.invoke.DirectMethodHandle$Holder.invokeStaticInit(java.lang.Object, java.lang.Object, int, int, int, int)'> (0x0000000089417cf0) 
thrown [s\open\src\hotspot\share\interpreter\linkResolver.cpp, line 774]
Event: 0.871 Thread 0x000001c544030b70 Implicit null exception at 0x000001c553ac6772 to 0x000001c553ac6c84
Event: 0.871 Thread 0x000001c544030b70 Implicit null exception at 0x000001c553ad1e72 to 0x000001c553ad237c

VM Operations (16 events):
Event: 0.041 Executing VM operation: HandshakeAllThreads
Event: 0.041 Executing VM operation: HandshakeAllThreads done
Event: 0.399 Executing VM operation: HandshakeAllThreads
Event: 0.399 Executing VM operation: HandshakeAllThreads done
Event: 0.490 Executing VM operation: HandshakeAllThreads
Event: 0.490 Executing VM operation: HandshakeAllThreads done
Event: 0.517 Executing VM operation: G1CollectForAllocation
Event: 0.521 Executing VM operation: G1CollectForAllocation done
Event: 0.535 Executing VM operation: HandshakeAllThreads
Event: 0.535 Executing VM operation: HandshakeAllThreads done
Event: 0.633 Executing VM operation: HandshakeAllThreads
Event: 0.633 Executing VM operation: HandshakeAllThreads done
Event: 0.696 Executing VM operation: HandshakeAllThreads
Event: 0.696 Executing VM operation: HandshakeAllThreads done
Event: 1.700 Executing VM operation: Cleanup
Event: 1.701 Executing VM operation: Cleanup done

Events (15 events):
Event: 0.012 Thread 0x000001c544030b70 Thread added: 0x000001c544030b70
Event: 0.020 Thread 0x000001c56305b7d0 Thread added: 0x000001c56305b7d0
Event: 0.020 Thread 0x000001c56305d310 Thread added: 0x000001c56305d310
Event: 0.021 Thread 0x000001c567400300 Thread added: 0x000001c567400300
Event: 0.021 Thread 0x000001c567422c50 Thread added: 0x000001c567422c50
Event: 0.021 Thread 0x000001c567423990 Thread added: 0x000001c567423990
Event: 0.021 Thread 0x000001c567425850 Thread added: 0x000001c567425850
Event: 0.021 Thread 0x000001c56742b120 Thread added: 0x000001c56742b120
Event: 0.021 Thread 0x000001c5674310e0 Thread added: 0x000001c5674310e0
Event: 0.021 Thread 0x000001c5674262f0 Thread added: 0x000001c5674262f0
Event: 0.033 Thread 0x000001c567424860 Thread added: 0x000001c567424860
Event: 0.035 Thread 0x000001c567425da0 Thread added: 0x000001c567425da0
Event: 0.514 Thread 0x000001c567424310 Thread added: 0x000001c567424310
Event: 1.055 Thread 0x000001c567426840 Thread added: 0x000001c567426840
Event: 1.056 Thread 0x000001c567426d90 Thread added: 0x000001c567426d90


Dynamic libraries:
0x00007ff635580000 - 0x00007ff635590000 	C:\Program Files\Java\jdk-19\bin\java.exe
0x00007ffa3cf90000 - 0x00007ffa3d188000 	C:\Windows\SYSTEM32\ntdll.dll
0x00007ffa3ba80000 - 0x00007ffa3bb3f000 	C:\Windows\System32\KERNEL32.DLL
0x00007ffa3ab80000 - 0x00007ffa3ae76000 	C:\Windows\System32\KERNELBASE.dll
0x00007ffa3a6a0000 - 0x00007ffa3a7a0000 	C:\Windows\System32\ucrtbase.dll
0x00007ffa23850000 - 0x00007ffa23868000 	C:\Program Files\Java\jdk-19\bin\jli.dll
0x00007ffa26850000 - 0x00007ffa2686b000 	C:\Program Files\Java\jdk-19\bin\VCRUNTIME140.dll
0x00007ffa3bb40000 - 0x00007ffa3bbef000 	C:\Windows\System32\ADVAPI32.dll
0x00007ffa3c4f0000 - 0x00007ffa3c58e000 	C:\Windows\System32\msvcrt.dll
0x00007ffa3cde0000 - 0x00007ffa3ce7c000 	C:\Windows\System32\sechost.dll
0x00007ffa3aff0000 - 0x00007ffa3b116000 	C:\Windows\System32\RPCRT4.dll
0x00007ffa3c350000 - 0x00007ffa3c4ed000 	C:\Windows\System32\USER32.dll
0x00007ffa3a670000 - 0x00007ffa3a692000 	C:\Windows\System32\win32u.dll
0x00007ffa3c640000 - 0x00007ffa3c66c000 	C:\Windows\System32\GDI32.dll
0x00007ffa24a60000 - 0x00007ffa24cfa000 	C:\Windows\WinSxS\amd64_microsoft.windows.common-controls_6595b64144ccf1df_6.0.19041.1110_none_60b5254171f9507e\COMCTL32.dll
0x00007ffa3ae80000 - 0x00007ffa3af95000 	C:\Windows\System32\gdi32full.dll
0x00007ffa3a950000 - 0x00007ffa3a9ed000 	C:\Windows\System32\msvcp_win.dll
0x00007ffa3a1f0000 - 0x00007ffa3a1fa000 	C:\Windows\SYSTEM32\VERSION.dll
0x00007ffa3b970000 - 0x00007ffa3b9a0000 	C:\Windows\System32\IMM32.DLL
0x000000005e3f0000 - 0x000000005e3fc000 	C:\Program Files (x86)\360\Total Security\safemon\SafeWrapper.dll
0x00007ffa088c0000 - 0x00007ffa08952000 	C:\Program Files (x86)\360\Total Security\safemon\libzdtp64.dll
0x00007ffa3bbf0000 - 0x00007ffa3c334000 	C:\Windows\System32\SHELL32.dll
0x00007ffa3b9a0000 - 0x00007ffa3b9f5000 	C:\Windows\System32\SHLWAPI.dll
0x00007ffa27ed0000 - 0x00007ffa27edc000 	C:\Program Files\Java\jdk-19\bin\vcruntime140_1.dll
0x00007ffa08830000 - 0x00007ffa088be000 	C:\Program Files\Java\jdk-19\bin\msvcp140.dll
0x00007ff9fae10000 - 0x00007ff9fbad0000 	C:\Program Files\Java\jdk-19\bin\server\jvm.dll
0x00007ffa257d0000 - 0x00007ffa257f7000 	C:\Windows\SYSTEM32\WINMM.dll
0x00007ffa36430000 - 0x00007ffa36439000 	C:\Windows\SYSTEM32\WSOCK32.dll
0x00007ffa3ba00000 - 0x00007ffa3ba6b000 	C:\Windows\System32\WS2_32.dll
0x00007ffa38e40000 - 0x00007ffa38e52000 	C:\Windows\SYSTEM32\kernel.appcore.dll
0x00007ffa266a0000 - 0x00007ffa266aa000 	C:\Program Files\Java\jdk-19\bin\jimage.dll
0x00007ffa38b70000 - 0x00007ffa38d54000 	C:\Windows\SYSTEM32\DBGHELP.DLL
0x00007ffa24450000 - 0x00007ffa24484000 	C:\Windows\SYSTEM32\dbgcore.DLL
0x00007ffa3a810000 - 0x00007ffa3a892000 	C:\Windows\System32\bcryptPrimitives.dll
0x00007ffa16420000 - 0x00007ffa16446000 	C:\Program Files\Java\jdk-19\bin\java.dll
0x00007ffa04a10000 - 0x00007ffa04ae7000 	C:\Program Files\Java\jdk-19\bin\jsvml.dll
0x00007ffa38300000 - 0x00007ffa38a93000 	C:\Windows\SYSTEM32\windows.storage.dll
0x00007ffa3c670000 - 0x00007ffa3c9c4000 	C:\Windows\System32\combase.dll
0x00007ffa3a050000 - 0x00007ffa3a07e000 	C:\Windows\SYSTEM32\Wldp.dll
0x00007ffa3cd30000 - 0x00007ffa3cddd000 	C:\Windows\System32\SHCORE.dll
0x00007ffa3a5b0000 - 0x00007ffa3a5cf000 	C:\Windows\SYSTEM32\profapi.dll
0x00007ffa15e70000 - 0x00007ffa15e83000 	C:\Program Files\Java\jdk-19\bin\net.dll
0x00007ffa31390000 - 0x00007ffa3149a000 	C:\Windows\SYSTEM32\WINHTTP.dll
0x00007ffa39db0000 - 0x00007ffa39e1a000 	C:\Windows\system32\mswsock.dll
0x00007ffa13870000 - 0x00007ffa13886000 	C:\Program Files\Java\jdk-19\bin\nio.dll
0x00007ffa13780000 - 0x00007ffa13798000 	C:\Program Files\Java\jdk-19\bin\zip.dll
0x00007ffa251e0000 - 0x00007ffa251f0000 	C:\Program Files\Java\jdk-19\bin\verify.dll
0x00007ffa13660000 - 0x00007ffa13687000 	C:\Users\User\.gradle\native\68d5fa5c4cc2d200863cafc0d521ce42e7d3e7ee720ec0a83991735586a16f82\windows-amd64\native-platform.dll
0x00007ffa23b40000 - 0x00007ffa23b4a000 	C:\Program Files\Java\jdk-19\bin\management.dll
0x00007ffa22440000 - 0x00007ffa2244b000 	C:\Program Files\Java\jdk-19\bin\management_ext.dll
0x00007ffa3ba70000 - 0x00007ffa3ba78000 	C:\Windows\System32\PSAPI.DLL
0x00007ffa39fa0000 - 0x00007ffa39fb8000 	C:\Windows\SYSTEM32\CRYPTSP.dll
0x00007ffa39660000 - 0x00007ffa39694000 	C:\Windows\system32\rsaenh.dll
0x00007ffa3a9f0000 - 0x00007ffa3aa17000 	C:\Windows\System32\bcrypt.dll
0x00007ffa3a570000 - 0x00007ffa3a59e000 	C:\Windows\SYSTEM32\USERENV.dll
0x00007ffa39fc0000 - 0x00007ffa39fcc000 	C:\Windows\SYSTEM32\CRYPTBASE.dll
0x00007ffa39a50000 - 0x00007ffa39a8c000 	C:\Windows\SYSTEM32\IPHLPAPI.DLL
0x00007ffa3b960000 - 0x00007ffa3b968000 	C:\Windows\System32\NSI.dll
0x00007ffa32010000 - 0x00007ffa32027000 	C:\Windows\SYSTEM32\dhcpcsvc6.DLL
0x00007ffa324c0000 - 0x00007ffa324dd000 	C:\Windows\SYSTEM32\dhcpcsvc.DLL
0x00007ffa39a90000 - 0x00007ffa39b5a000 	C:\Windows\SYSTEM32\DNSAPI.dll
0x00007ffa22420000 - 0x00007ffa22428000 	C:\Program Files\Java\jdk-19\bin\extnet.dll
0x00007ffa22330000 - 0x00007ffa2233e000 	C:\Program Files\Java\jdk-19\bin\sunmscapi.dll
0x00007ffa3aa20000 - 0x00007ffa3ab7e000 	C:\Windows\System32\CRYPT32.dll
0x00007ffa3a0c0000 - 0x00007ffa3a0e8000 	C:\Windows\SYSTEM32\ncrypt.dll
0x00007ffa3a080000 - 0x00007ffa3a0bb000 	C:\Windows\SYSTEM32\NTASN1.dll
0x00007ffa2fff0000 - 0x00007ffa2fff7000 	C:\Windows\system32\wshunix.dll

dbghelp: loaded successfully - version: 4.0.5 - missing functions: none
symbol engine: initialized successfully - sym options: 0x614 - pdb path: .;C:\Program Files\Java\jdk-19\bin;C:\Windows\SYSTEM32;C:\Windows\WinSxS\amd64_microsoft.windows.common-controls_6595b64144ccf1df_6.0.19041.1110_none_60b5254171f9507e;C:\Program Files (x86)\360\Total Security\safemon;C:\Program Files\Java\jdk-19\bin\server;C:\Users\User\.gradle\native\68d5fa5c4cc2d200863cafc0d521ce42e7d3e7ee720ec0a83991735586a16f82\windows-amd64

VM Arguments:
jvm_args: -Dorg.gradle.appname=gradlew 
java_command: org.gradle.wrapper.GradleWrapperMain -q -Ptarget-platform=android-x86 -Ptarget=E:\ss\flutter\zflutter project\final_project\lib\main.dart -Pbase-application-name=android.app.Application -Pdart-defines=Zmx1dHRlci5pbnNwZWN0b3Iuc3RydWN0dXJlZEVycm9ycz10cnVl,RkxVVFRFUl9XRUJfQVVUT19ERVRFQ1Q9dHJ1ZQ==,RkxVVFRFUl9XRUJfQ0FOVkFTS0lUX1VSTD1odHRwczovL3d3dy5nc3RhdGljLmNvbS9mbHV0dGVyLWNhbnZhc2tpdC9iNGZiMTEyMTRkZDJkZGE2Y2UwMTJkZDk4ZWE0OThlOWU4YjkxMjYyLw== -Pdart-obfuscation=false -Ptrack-widget-creation=true -Ptree-shake-icons=false -Pfilesystem-scheme=org-dartlang-root assembleDebug
java_class_path (initial): E:\ss\flutter\zflutter project\final_project\android\\gradle\wrapper\gradle-wrapper.jar
Launcher Type: SUN_STANDARD

[Global flags]
     intx CICompilerCount                          = 4                                         {product} {ergonomic}
     uint ConcGCThreads                            = 2                                         {product} {ergonomic}
     uint G1ConcRefinementThreads                  = 8                                         {product} {ergonomic}
   size_t G1HeapRegionSize                         = 1048576                                   {product} {ergonomic}
    uintx GCDrainStackTargetSize                   = 64                                        {product} {ergonomic}
   size_t InitialHeapSize                          = 134217728                                 {product} {ergonomic}
   size_t MarkStackSize                            = 4194304                                   {product} {ergonomic}
   size_t MaxHeapSize                              = 2116026368                                {product} {ergonomic}
   size_t MaxNewSize                               = 1268776960                                {product} {ergonomic}
   size_t MinHeapDeltaBytes                        = 1048576                                   {product} {ergonomic}
   size_t MinHeapSize                              = 8388608                                   {product} {ergonomic}
    uintx NonNMethodCodeHeapSize                   = 5839372                                {pd product} {ergonomic}
    uintx NonProfiledCodeHeapSize                  = 122909434                              {pd product} {ergonomic}
    uintx ProfiledCodeHeapSize                     = 122909434                              {pd product} {ergonomic}
    uintx ReservedCodeCacheSize                    = 251658240                              {pd product} {ergonomic}
     bool SegmentedCodeCache                       = true                                      {product} {ergonomic}
   size_t SoftMaxHeapSize                          = 2116026368                             {manageable} {ergonomic}
     bool UseCompressedClassPointers               = true                           {product lp64_product} {ergonomic}
     bool UseCompressedOops                        = true                           {product lp64_product} {ergonomic}
     bool UseG1GC                                  = true                                      {product} {ergonomic}
     bool UseLargePagesIndividualAllocation        = false                                  {pd product} {ergonomic}

Logging:
Log output configuration:
 #0: stdout all=warning uptime,level,tags foldmultilines=false
 #1: stderr all=off uptime,level,tags foldmultilines=false

Environment Variables:
JAVA_HOME=C:\Program Files\Java\jdk-19
CLASSPATH=E:\ss\flutter\zflutter project\final_project\android\\gradle\wrapper\gradle-wrapper.jar
PATH=C:\Program Files\Common Files\Oracle\Java\javapath;C:\Program Files (x86)\Common Files\Oracle\Java\javapath;C:\Windows\system32;C:\Windows;C:\Windows\System32\Wbem;C:\Windows\System32\WindowsPowerShell\v1.0\;C:\Windows\System32\OpenSSH\;"C:\src\flutter\bin;";"C:\Program Files\Dart\dart-sdk\bin;";C:\Program Files\Git\cmd;C:\Users\User\anaconda3\Lib\venv\scripts\nt;C:\Users\User\AppData\Local\Programs\Python\Python311;C:\Program Files\nodejs\;C:\Users\User\AppData\Local\Microsoft\WindowsApps;"C:\Program Files\Dart\dart-sdk\bin;";"C:\src\flutter\bin;";C:\Users\User\AppData\Local\Programs\Microsoft VS Code\bin;C:\Users\User\AppData\Local\Programs\Python\Python311;C:\src\flutter\bin;C:\Users\User\AppData\Roaming\npm;;C:\src\flutter\bin\mingit\cmd
USERNAME=User
OS=Windows_NT
PROCESSOR_IDENTIFIER=Intel64 Family 6 Model 142 Stepping 12, GenuineIntel
TMP=C:\Users\User\AppData\Local\Temp
TEMP=C:\Users\User\AppData\Local\Temp



---------------  S Y S T E M  ---------------

OS:
 Windows 10 , 64 bit Build 19041 (10.0.19041.3031)
OS uptime: 0 days 20:08 hours

CPU: total 8 (initial active 8) (4 cores per cpu, 2 threads per core) family 6 model 142 stepping 12 microcode 0xb8, cx8, cmov, fxsr, ht, mmx, 3dnowpref, sse, sse2, sse3, ssse3, sse4.1, sse4.2, popcnt, lzcnt, tsc, tscinvbit, avx, avx2, aes, erms, clmul, bmi1, bmi2, adx, fma, vzeroupper, clflush, clflushopt, rdtscp

Memory: 4k page, system-wide physical 8068M (463M free)
TotalPageFile size 18067M (AvailPageFile size 0M)
current process WorkingSet (physical memory assigned to process): 88M, peak: 88M
current process commit charge ("private bytes"): 231M, peak: 232M

vm_info: Java HotSpot(TM) 64-Bit Server VM (19+36-2238) for windows-amd64 JRE (19+36-2238), built on 2022-08-12T20:29:01Z by "mach5one" with MS VC++ 17.1 (VS2022)

END.
