#
# There is insufficient memory for the Java Runtime Environment to continue.
# Native memory allocation (mmap) failed to map 220200960 bytes for G1 virtual space
# Possible reasons:
#   The system is out of physical RAM or swap space
#   The process is running with CompressedOops enabled, and the Java Heap may be blocking the growth of the native heap
# Possible solutions:
#   Reduce memory load on the system
#   Increase physical memory or swap space
#   Check if swap backing store is full
#   Decrease Java heap size (-Xmx/-Xms)
#   Decrease number of Java threads
#   Decrease Java thread stack sizes (-Xss)
#   Set larger code cache with -XX:ReservedCodeCacheSize=
#   JVM is running with Unscaled Compressed Oops mode in which the Java heap is
#     placed in the first 4GB address space. The Java Heap base address is the
#     maximum limit for the native heap growth. Please use -XX:HeapBaseMinAddress
#     to set the Java Heap base and to place the Java Heap above 4GB virtual address.
# This output file may be truncated or incomplete.
#
#  Out of Memory Error (os_windows.cpp:3527), pid=4484, tid=12824
#
# JRE version: Java(TM) SE Runtime Environment (19.0+36) (build 19+36-2238)
# Java VM: Java HotSpot(TM) 64-Bit Server VM (19+36-2238, mixed mode, sharing, tiered, compressed oops, compressed class ptrs, g1 gc, windows-amd64)
# No core dump will be written. Minidumps are not enabled by default on client versions of Windows
#

---------------  S U M M A R Y ------------

Command Line: --add-opens=java.base/java.util=ALL-UNNAMED --add-opens=java.base/java.lang=ALL-UNNAMED --add-opens=java.base/java.lang.invoke=ALL-UNNAMED --add-opens=java.prefs/java.util.prefs=ALL-UNNAMED --add-opens=java.base/java.nio.charset=ALL-UNNAMED --add-opens=java.base/java.net=ALL-UNNAMED --add-opens=java.base/java.util.concurrent.atomic=ALL-UNNAMED -Xmx1536M -Dfile.encoding=UTF-8 -Duser.country=US -Duser.language=en -Duser.variant org.gradle.launcher.daemon.bootstrap.GradleDaemon 7.6

Host: Intel(R) Core(TM) i7-8565U CPU @ 1.80GHz, 8 cores, 7G,  Windows 10 , 64 bit Build 19041 (10.0.19041.3031)
Time: Fri Jun 30 02:55:26 2023 Egypt Daylight Time elapsed time: 105.160053 seconds (0d 0h 1m 45s)

---------------  T H R E A D  ---------------

Current thread (0x0000020dafbff290):  VMThread "VM Thread" [stack: 0x000000314d900000,0x000000314da00000] [id=12824]

Stack: [0x000000314d900000,0x000000314da00000]
Native frames: (J=compiled Java code, j=interpreted, Vv=VM code, C=native code)
V  [jvm.dll+0x6ee8fa]
V  [jvm.dll+0x857a1e]
V  [jvm.dll+0x85940e]
V  [jvm.dll+0x859ac3]
V  [jvm.dll+0x28291f]
V  [jvm.dll+0x6eb6e9]
V  [jvm.dll+0x6e028a]
V  [jvm.dll+0x357136]
V  [jvm.dll+0x35eb96]
V  [jvm.dll+0x3b555e]
V  [jvm.dll+0x3b578f]
V  [jvm.dll+0x32c6ea]
V  [jvm.dll+0x32c797]
V  [jvm.dll+0x374b52]
V  [jvm.dll+0x37328f]
V  [jvm.dll+0x32bf10]
V  [jvm.dll+0x37282b]
V  [jvm.dll+0x85ef83]
V  [jvm.dll+0x85fd49]
V  [jvm.dll+0x86027d]
V  [jvm.dll+0x86070b]
V  [jvm.dll+0x8607c7]
V  [jvm.dll+0x8015fa]
V  [jvm.dll+0x6ed5eb]
C  [ucrtbase.dll+0x21bb2]
C  [KERNEL32.DLL+0x17614]
C  [ntdll.dll+0x526f1]

VM_Operation (0x000000314f4fe3c0): G1CollectForAllocation, mode: safepoint, requested by thread 0x0000020db42aa580


---------------  P R O C E S S  ---------------

Threads class SMR info:
_java_thread_list=0x0000020db93a6cf0, length=126, elements={
0x0000020d92680510, 0x0000020dafc165f0, 0x0000020dafc175b0, 0x0000020dafc1af80,
0x0000020dafc1c8c0, 0x0000020dafc1d5c0, 0x0000020dafc1e400, 0x0000020dafc21a00,
0x0000020dafc23380, 0x0000020dafc517d0, 0x0000020db411be90, 0x0000020db4121a50,
0x0000020db50bb550, 0x0000020db551ee30, 0x0000020db5fb6080, 0x0000020db4050720,
0x0000020db49ae990, 0x0000020db4204970, 0x0000020db49b5db0, 0x0000020db53ec8c0,
0x0000020db42a9040, 0x0000020db42a9590, 0x0000020db42aa580, 0x0000020db42a7060,
0x0000020db42a9ae0, 0x0000020db42aa030, 0x0000020db42a7b00, 0x0000020db42a8050,
0x0000020db42a85a0, 0x0000020db42a8af0, 0x0000020db4ff0080, 0x0000020db4ff05d0,
0x0000020db4fecb60, 0x0000020db4ff0b20, 0x0000020db4ff1070, 0x0000020db4feeb40,
0x0000020db4fee5f0, 0x0000020db4fea630, 0x0000020db4ff1b10, 0x0000020db4fee0a0,
0x0000020db4fefb30, 0x0000020db4fedb50, 0x0000020db4ff2060, 0x0000020db4feab80,
0x0000020db4fec610, 0x0000020db4febb70, 0x0000020db4feb0d0, 0x0000020db4feb620,
0x0000020db5ab54e0, 0x0000020db5ab74c0, 0x0000020db5ab99f0, 0x0000020db5ab2fb0,
0x0000020db5ab7f60, 0x0000020db5ab9f40, 0x0000020db5ab6a20, 0x0000020db5ab2a60,
0x0000020db5ab5a30, 0x0000020db5ab3500, 0x0000020db5ab94a0, 0x0000020db5ab84b0,
0x0000020db5ab3a50, 0x0000020db5aba490, 0x0000020db5ab7a10, 0x0000020db5ab3fa0,
0x0000020db5ab8a00, 0x0000020db5ab6f70, 0x0000020db5ab44f0, 0x0000020db5ab8f50,
0x0000020db5ab4f90, 0x0000020db5ab5f80, 0x0000020db5ab4a40, 0x0000020db5ab64d0,
0x0000020db61ee040, 0x0000020db61f2000, 0x0000020db61ec060, 0x0000020db61f2550,
0x0000020db61f1010, 0x0000020db61f2aa0, 0x0000020db61f1ab0, 0x0000020db61f1560,
0x0000020db61f3a90, 0x0000020db61ed5a0, 0x0000020db61f3540, 0x0000020db61f2ff0,
0x0000020db61eeae0, 0x0000020db61ee590, 0x0000020db61f0ac0, 0x0000020db61ec5b0,
0x0000020db61f0020, 0x0000020db61ecb00, 0x0000020db61ef580, 0x0000020db61ef030,
0x0000020db61efad0, 0x0000020db61f0570, 0x0000020db61ed050, 0x0000020db61edaf0,
0x0000020db673f9d0, 0x0000020db673ff20, 0x0000020db673ef30, 0x0000020db6741f00,
0x0000020db6744430, 0x0000020db673f480, 0x0000020db6743990, 0x0000020db6740470,
0x0000020db6742ef0, 0x0000020db6744ed0, 0x0000020db673e490, 0x0000020db67409c0,
0x0000020db6743ee0, 0x0000020db6745420, 0x0000020db6740f10, 0x0000020db67419b0,
0x0000020db6743440, 0x0000020db6744980, 0x0000020db6741460, 0x0000020db6742450,
0x0000020db67429a0, 0x0000020db6745970, 0x0000020db673df40, 0x0000020db673e9e0,
0x0000020db7a9fa90, 0x0000020db7a9eaa0, 0x0000020db7a98b00, 0x0000020db7a98060,
0x0000020db7a9e000, 0x0000020db83e0080
}

Java Threads: ( => current thread )
  0x0000020d92680510 JavaThread "main" [_thread_blocked, id=8528, stack(0x000000314d300000,0x000000314d400000)]
  0x0000020dafc165f0 JavaThread "Reference Handler" daemon [_thread_blocked, id=8588, stack(0x000000314da00000,0x000000314db00000)]
  0x0000020dafc175b0 JavaThread "Finalizer" daemon [_thread_blocked, id=17120, stack(0x000000314db00000,0x000000314dc00000)]
  0x0000020dafc1af80 JavaThread "Signal Dispatcher" daemon [_thread_blocked, id=17380, stack(0x000000314dc00000,0x000000314dd00000)]
  0x0000020dafc1c8c0 JavaThread "Attach Listener" daemon [_thread_blocked, id=16800, stack(0x000000314dd00000,0x000000314de00000)]
  0x0000020dafc1d5c0 JavaThread "Service Thread" daemon [_thread_blocked, id=3036, stack(0x000000314de00000,0x000000314df00000)]
  0x0000020dafc1e400 JavaThread "Monitor Deflation Thread" daemon [_thread_blocked, id=8460, stack(0x000000314df00000,0x000000314e000000)]
  0x0000020dafc21a00 JavaThread "C2 CompilerThread0" daemon [_thread_blocked, id=13568, stack(0x000000314e000000,0x000000314e100000)]
  0x0000020dafc23380 JavaThread "C1 CompilerThread0" daemon [_thread_blocked, id=1408, stack(0x000000314e100000,0x000000314e200000)]
  0x0000020dafc517d0 JavaThread "Sweeper thread" daemon [_thread_blocked, id=8780, stack(0x000000314e200000,0x000000314e300000)]
  0x0000020db411be90 JavaThread "Common-Cleaner" daemon [_thread_blocked, id=10656, stack(0x000000314e300000,0x000000314e400000)]
  0x0000020db4121a50 JavaThread "Notification Thread" daemon [_thread_blocked, id=16408, stack(0x000000314e400000,0x000000314e500000)]
  0x0000020db50bb550 JavaThread "Daemon health stats" [_thread_blocked, id=12720, stack(0x000000314ea00000,0x000000314eb00000)]
  0x0000020db551ee30 JavaThread "Incoming local TCP Connector on port 59885" [_thread_in_native, id=3032, stack(0x000000314eb00000,0x000000314ec00000)]
  0x0000020db5fb6080 JavaThread "Daemon periodic checks" [_thread_blocked, id=7712, stack(0x000000314ec00000,0x000000314ed00000)]
  0x0000020db4050720 JavaThread "Daemon" [_thread_blocked, id=1308, stack(0x000000314ed00000,0x000000314ee00000)]
  0x0000020db49ae990 JavaThread "Handler for socket connection from /127.0.0.1:59885 to /127.0.0.1:59886" [_thread_in_native, id=5364, stack(0x000000314ee00000,0x000000314ef00000)]
  0x0000020db4204970 JavaThread "Cancel handler" [_thread_blocked, id=2080, stack(0x000000314ef00000,0x000000314f000000)]
  0x0000020db49b5db0 JavaThread "Daemon worker" [_thread_blocked, id=11524, stack(0x000000314f000000,0x000000314f100000)]
  0x0000020db53ec8c0 JavaThread "Asynchronous log dispatcher for DefaultDaemonConnection: socket connection from /127.0.0.1:59885 to /127.0.0.1:59886" [_thread_blocked, id=13724, stack(0x000000314f100000,0x000000314f200000)]
  0x0000020db42a9040 JavaThread "Stdin handler" [_thread_blocked, id=2028, stack(0x000000314f200000,0x000000314f300000)]
  0x0000020db42a9590 JavaThread "Daemon client event forwarder" [_thread_blocked, id=9184, stack(0x000000314f300000,0x000000314f400000)]
  0x0000020db42aa580 JavaThread "Cache worker for journal cache (C:\Users\User\.gradle\caches\journal-1)" [_thread_blocked, id=12424, stack(0x000000314f400000,0x000000314f500000)]
  0x0000020db42a7060 JavaThread "File lock request listener" [_thread_in_native, id=13416, stack(0x000000314f500000,0x000000314f600000)]
  0x0000020db42a9ae0 JavaThread "Cache worker for file hash cache (C:\Users\User\.gradle\caches\7.6\fileHashes)" [_thread_blocked, id=15372, stack(0x000000314f600000,0x000000314f700000)]
  0x0000020db42aa030 JavaThread "File watcher server" daemon [_thread_in_native, id=6988, stack(0x000000314fa00000,0x000000314fb00000)]
  0x0000020db42a7b00 JavaThread "File watcher consumer" daemon [_thread_blocked, id=13608, stack(0x000000314fb00000,0x000000314fc00000)]
  0x0000020db42a8050 JavaThread "Cache worker for checksums cache (E:\ss\flutter\zflutter project\final_project\android\.gradle\7.6\checksums)" [_thread_blocked, id=4196, stack(0x000000314fd00000,0x000000314fe00000)]
  0x0000020db42a85a0 JavaThread "Cache worker for cache directory md-rule (C:\Users\User\.gradle\caches\7.6\md-rule)" [_thread_blocked, id=7696, stack(0x000000314fe00000,0x000000314ff00000)]
  0x0000020db42a8af0 JavaThread "Cache worker for file content cache (C:\Users\User\.gradle\caches\7.6\fileContent)" [_thread_blocked, id=9028, stack(0x000000314ff00000,0x0000003150000000)]
  0x0000020db4ff0080 JavaThread "Cache worker for file hash cache (E:\ss\flutter\zflutter project\final_project\android\.gradle\7.6\fileHashes)" [_thread_blocked, id=15448, stack(0x0000003150000000,0x0000003150100000)]
  0x0000020db4ff05d0 JavaThread "Cache worker for cache directory md-supplier (C:\Users\User\.gradle\caches\7.6\md-supplier)" [_thread_blocked, id=7468, stack(0x0000003150100000,0x0000003150200000)]
  0x0000020db4fecb60 JavaThread "Cache worker for execution history cache (C:\Users\User\.gradle\caches\7.6\executionHistory)" [_thread_blocked, id=17396, stack(0x0000003150200000,0x0000003150300000)]
  0x0000020db4ff0b20 JavaThread "jar transforms" [_thread_blocked, id=15500, stack(0x0000003150300000,0x0000003150400000)]
  0x0000020db4ff1070 JavaThread "jar transforms Thread 2" [_thread_blocked, id=16976, stack(0x0000003150400000,0x0000003150500000)]
  0x0000020db4feeb40 JavaThread "jar transforms Thread 3" [_thread_blocked, id=12864, stack(0x0000003150500000,0x0000003150600000)]
  0x0000020db4fee5f0 JavaThread "jar transforms Thread 4" [_thread_blocked, id=13924, stack(0x0000003150600000,0x0000003150700000)]
  0x0000020db4fea630 JavaThread "Cache worker for dependencies-accessors (E:\ss\flutter\zflutter project\final_project\android\.gradle\7.6\dependencies-accessors)" [_thread_blocked, id=9992, stack(0x0000003150700000,0x0000003150800000)]
  0x0000020db4ff1b10 JavaThread "jar transforms Thread 5" [_thread_blocked, id=16552, stack(0x0000003150800000,0x0000003150900000)]
  0x0000020db4fee0a0 JavaThread "Cache worker for Build Output Cleanup Cache (E:\ss\flutter\zflutter project\final_project\android\.gradle\buildOutputCleanup)" [_thread_blocked, id=1064, stack(0x0000003150900000,0x0000003150a00000)]
  0x0000020db4fefb30 JavaThread "Unconstrained build operations" [_thread_blocked, id=2104, stack(0x0000003150a00000,0x0000003150b00000)]
  0x0000020db4fedb50 JavaThread "Unconstrained build operations Thread 2" [_thread_blocked, id=1300, stack(0x0000003150b00000,0x0000003150c00000)]
  0x0000020db4ff2060 JavaThread "Unconstrained build operations Thread 3" [_thread_blocked, id=15392, stack(0x0000003150c00000,0x0000003150d00000)]
  0x0000020db4feab80 JavaThread "Unconstrained build operations Thread 4" [_thread_blocked, id=10424, stack(0x0000003150d00000,0x0000003150e00000)]
  0x0000020db4fec610 JavaThread "Unconstrained build operations Thread 5" [_thread_blocked, id=5380, stack(0x0000003150e00000,0x0000003150f00000)]
  0x0000020db4febb70 JavaThread "Unconstrained build operations Thread 6" [_thread_blocked, id=12088, stack(0x0000003150f00000,0x0000003151000000)]
  0x0000020db4feb0d0 JavaThread "Unconstrained build operations Thread 7" [_thread_blocked, id=4324, stack(0x0000003151000000,0x0000003151100000)]
  0x0000020db4feb620 JavaThread "Unconstrained build operations Thread 8" [_thread_blocked, id=2516, stack(0x0000003151100000,0x0000003151200000)]
  0x0000020db5ab54e0 JavaThread "Unconstrained build operations Thread 9" [_thread_blocked, id=10464, stack(0x0000003151200000,0x0000003151300000)]
  0x0000020db5ab74c0 JavaThread "Unconstrained build operations Thread 10" [_thread_blocked, id=11716, stack(0x0000003151300000,0x0000003151400000)]
  0x0000020db5ab99f0 JavaThread "Unconstrained build operations Thread 11" [_thread_blocked, id=5412, stack(0x0000003151400000,0x0000003151500000)]
  0x0000020db5ab2fb0 JavaThread "Unconstrained build operations Thread 12" [_thread_blocked, id=16332, stack(0x0000003151500000,0x0000003151600000)]
  0x0000020db5ab7f60 JavaThread "Unconstrained build operations Thread 13" [_thread_blocked, id=15184, stack(0x0000003151600000,0x0000003151700000)]
  0x0000020db5ab9f40 JavaThread "Unconstrained build operations Thread 14" [_thread_blocked, id=11972, stack(0x0000003151700000,0x0000003151800000)]
  0x0000020db5ab6a20 JavaThread "Unconstrained build operations Thread 15" [_thread_blocked, id=8656, stack(0x0000003151800000,0x0000003151900000)]
  0x0000020db5ab2a60 JavaThread "Unconstrained build operations Thread 16" [_thread_blocked, id=16700, stack(0x0000003151900000,0x0000003151a00000)]
  0x0000020db5ab5a30 JavaThread "Unconstrained build operations Thread 17" [_thread_blocked, id=14820, stack(0x0000003151a00000,0x0000003151b00000)]
  0x0000020db5ab3500 JavaThread "Unconstrained build operations Thread 18" [_thread_blocked, id=404, stack(0x0000003151b00000,0x0000003151c00000)]
  0x0000020db5ab94a0 JavaThread "Unconstrained build operations Thread 19" [_thread_blocked, id=17072, stack(0x0000003151c00000,0x0000003151d00000)]
  0x0000020db5ab84b0 JavaThread "Unconstrained build operations Thread 20" [_thread_blocked, id=11400, stack(0x0000003151d00000,0x0000003151e00000)]
  0x0000020db5ab3a50 JavaThread "Unconstrained build operations Thread 21" [_thread_blocked, id=17176, stack(0x0000003151e00000,0x0000003151f00000)]
  0x0000020db5aba490 JavaThread "Unconstrained build operations Thread 22" [_thread_blocked, id=15100, stack(0x0000003151f00000,0x0000003152000000)]
  0x0000020db5ab7a10 JavaThread "Unconstrained build operations Thread 23" [_thread_blocked, id=3932, stack(0x0000003152000000,0x0000003152100000)]
  0x0000020db5ab3fa0 JavaThread "Unconstrained build operations Thread 24" [_thread_blocked, id=13172, stack(0x0000003152100000,0x0000003152200000)]
  0x0000020db5ab8a00 JavaThread "Unconstrained build operations Thread 25" [_thread_blocked, id=6036, stack(0x0000003152200000,0x0000003152300000)]
  0x0000020db5ab6f70 JavaThread "Unconstrained build operations Thread 26" [_thread_blocked, id=16732, stack(0x0000003152300000,0x0000003152400000)]
  0x0000020db5ab44f0 JavaThread "Unconstrained build operations Thread 27" [_thread_blocked, id=7480, stack(0x0000003152400000,0x0000003152500000)]
  0x0000020db5ab8f50 JavaThread "Unconstrained build operations Thread 28" [_thread_blocked, id=3408, stack(0x0000003152500000,0x0000003152600000)]
  0x0000020db5ab4f90 JavaThread "Unconstrained build operations Thread 29" [_thread_blocked, id=1688, stack(0x0000003152600000,0x0000003152700000)]
  0x0000020db5ab5f80 JavaThread "Unconstrained build operations Thread 30" [_thread_blocked, id=16556, stack(0x0000003152700000,0x0000003152800000)]
  0x0000020db5ab4a40 JavaThread "Unconstrained build operations Thread 31" [_thread_blocked, id=3604, stack(0x0000003152800000,0x0000003152900000)]
  0x0000020db5ab64d0 JavaThread "Unconstrained build operations Thread 32" [_thread_blocked, id=13092, stack(0x0000003152900000,0x0000003152a00000)]
  0x0000020db61ee040 JavaThread "Unconstrained build operations Thread 33" [_thread_blocked, id=940, stack(0x0000003152a00000,0x0000003152b00000)]
  0x0000020db61f2000 JavaThread "Unconstrained build operations Thread 34" [_thread_blocked, id=10032, stack(0x0000003152b00000,0x0000003152c00000)]
  0x0000020db61ec060 JavaThread "Unconstrained build operations Thread 35" [_thread_blocked, id=16948, stack(0x0000003152c00000,0x0000003152d00000)]
  0x0000020db61f2550 JavaThread "Unconstrained build operations Thread 36" [_thread_blocked, id=10920, stack(0x0000003152d00000,0x0000003152e00000)]
  0x0000020db61f1010 JavaThread "Unconstrained build operations Thread 37" [_thread_blocked, id=540, stack(0x0000003152e00000,0x0000003152f00000)]
  0x0000020db61f2aa0 JavaThread "Unconstrained build operations Thread 38" [_thread_blocked, id=15112, stack(0x0000003152f00000,0x0000003153000000)]
  0x0000020db61f1ab0 JavaThread "Unconstrained build operations Thread 39" [_thread_blocked, id=8948, stack(0x0000003153000000,0x0000003153100000)]
  0x0000020db61f1560 JavaThread "Unconstrained build operations Thread 40" [_thread_blocked, id=10092, stack(0x0000003153100000,0x0000003153200000)]
  0x0000020db61f3a90 JavaThread "Unconstrained build operations Thread 41" [_thread_blocked, id=11428, stack(0x0000003153200000,0x0000003153300000)]
  0x0000020db61ed5a0 JavaThread "Unconstrained build operations Thread 42" [_thread_blocked, id=16112, stack(0x0000003153300000,0x0000003153400000)]
  0x0000020db61f3540 JavaThread "Unconstrained build operations Thread 43" [_thread_blocked, id=16892, stack(0x0000003153400000,0x0000003153500000)]
  0x0000020db61f2ff0 JavaThread "Unconstrained build operations Thread 44" [_thread_blocked, id=3068, stack(0x0000003153500000,0x0000003153600000)]
  0x0000020db61eeae0 JavaThread "Unconstrained build operations Thread 45" [_thread_blocked, id=10408, stack(0x0000003153600000,0x0000003153700000)]
  0x0000020db61ee590 JavaThread "Unconstrained build operations Thread 46" [_thread_blocked, id=17132, stack(0x0000003153700000,0x0000003153800000)]
  0x0000020db61f0ac0 JavaThread "Unconstrained build operations Thread 47" [_thread_blocked, id=15648, stack(0x0000003153800000,0x0000003153900000)]
  0x0000020db61ec5b0 JavaThread "Unconstrained build operations Thread 48" [_thread_blocked, id=2864, stack(0x0000003153900000,0x0000003153a00000)]
  0x0000020db61f0020 JavaThread "Unconstrained build operations Thread 49" [_thread_blocked, id=7052, stack(0x0000003153a00000,0x0000003153b00000)]
  0x0000020db61ecb00 JavaThread "Unconstrained build operations Thread 50" [_thread_blocked, id=13316, stack(0x0000003153b00000,0x0000003153c00000)]
  0x0000020db61ef580 JavaThread "Unconstrained build operations Thread 51" [_thread_blocked, id=3580, stack(0x0000003153c00000,0x0000003153d00000)]
  0x0000020db61ef030 JavaThread "Unconstrained build operations Thread 52" [_thread_blocked, id=16852, stack(0x0000003153d00000,0x0000003153e00000)]
  0x0000020db61efad0 JavaThread "Unconstrained build operations Thread 53" [_thread_blocked, id=15152, stack(0x0000003153e00000,0x0000003153f00000)]
  0x0000020db61f0570 JavaThread "Unconstrained build operations Thread 54" [_thread_blocked, id=11408, stack(0x0000003153f00000,0x0000003154000000)]
  0x0000020db61ed050 JavaThread "Unconstrained build operations Thread 55" [_thread_blocked, id=14240, stack(0x0000003154000000,0x0000003154100000)]
  0x0000020db61edaf0 JavaThread "Unconstrained build operations Thread 56" [_thread_blocked, id=5904, stack(0x0000003154100000,0x0000003154200000)]
  0x0000020db673f9d0 JavaThread "Unconstrained build operations Thread 57" [_thread_blocked, id=11224, stack(0x0000003154200000,0x0000003154300000)]
  0x0000020db673ff20 JavaThread "Unconstrained build operations Thread 58" [_thread_blocked, id=8804, stack(0x0000003154300000,0x0000003154400000)]
  0x0000020db673ef30 JavaThread "Unconstrained build operations Thread 59" [_thread_blocked, id=5344, stack(0x0000003154400000,0x0000003154500000)]
  0x0000020db6741f00 JavaThread "Unconstrained build operations Thread 60" [_thread_blocked, id=16388, stack(0x0000003154500000,0x0000003154600000)]
  0x0000020db6744430 JavaThread "Unconstrained build operations Thread 61" [_thread_blocked, id=13616, stack(0x0000003154600000,0x0000003154700000)]
  0x0000020db673f480 JavaThread "Unconstrained build operations Thread 62" [_thread_blocked, id=9452, stack(0x0000003154700000,0x0000003154800000)]
  0x0000020db6743990 JavaThread "Unconstrained build operations Thread 63" [_thread_blocked, id=12280, stack(0x0000003154800000,0x0000003154900000)]
  0x0000020db6740470 JavaThread "Unconstrained build operations Thread 64" [_thread_blocked, id=1876, stack(0x0000003154900000,0x0000003154a00000)]
  0x0000020db6742ef0 JavaThread "Unconstrained build operations Thread 65" [_thread_blocked, id=15592, stack(0x0000003154a00000,0x0000003154b00000)]
  0x0000020db6744ed0 JavaThread "Unconstrained build operations Thread 66" [_thread_blocked, id=12252, stack(0x0000003154b00000,0x0000003154c00000)]
  0x0000020db673e490 JavaThread "Unconstrained build operations Thread 67" [_thread_blocked, id=7512, stack(0x0000003154c00000,0x0000003154d00000)]
  0x0000020db67409c0 JavaThread "Unconstrained build operations Thread 68" [_thread_blocked, id=15920, stack(0x0000003154d00000,0x0000003154e00000)]
  0x0000020db6743ee0 JavaThread "Unconstrained build operations Thread 69" [_thread_blocked, id=13932, stack(0x0000003154e00000,0x0000003154f00000)]
  0x0000020db6745420 JavaThread "Unconstrained build operations Thread 70" [_thread_blocked, id=4936, stack(0x0000003154f00000,0x0000003155000000)]
  0x0000020db6740f10 JavaThread "Unconstrained build operations Thread 71" [_thread_blocked, id=2804, stack(0x0000003155000000,0x0000003155100000)]
  0x0000020db67419b0 JavaThread "Unconstrained build operations Thread 72" [_thread_blocked, id=5952, stack(0x0000003155100000,0x0000003155200000)]
  0x0000020db6743440 JavaThread "Unconstrained build operations Thread 73" [_thread_blocked, id=8316, stack(0x0000003155200000,0x0000003155300000)]
  0x0000020db6744980 JavaThread "Unconstrained build operations Thread 74" [_thread_blocked, id=11348, stack(0x0000003155300000,0x0000003155400000)]
  0x0000020db6741460 JavaThread "Unconstrained build operations Thread 75" [_thread_blocked, id=2812, stack(0x0000003155400000,0x0000003155500000)]
  0x0000020db6742450 JavaThread "Unconstrained build operations Thread 76" [_thread_blocked, id=10744, stack(0x0000003155500000,0x0000003155600000)]
  0x0000020db67429a0 JavaThread "Unconstrained build operations Thread 77" [_thread_blocked, id=13368, stack(0x0000003155600000,0x0000003155700000)]
  0x0000020db6745970 JavaThread "Unconstrained build operations Thread 78" [_thread_blocked, id=4708, stack(0x0000003155700000,0x0000003155800000)]
  0x0000020db673df40 JavaThread "Unconstrained build operations Thread 79" [_thread_blocked, id=8936, stack(0x0000003155800000,0x0000003155900000)]
  0x0000020db673e9e0 JavaThread "Unconstrained build operations Thread 80" [_thread_blocked, id=16256, stack(0x0000003155900000,0x0000003155a00000)]
  0x0000020db7a9fa90 JavaThread "jar transforms Thread 6" [_thread_blocked, id=11436, stack(0x0000003155a00000,0x0000003155b00000)]
  0x0000020db7a9eaa0 JavaThread "jar transforms Thread 7" [_thread_blocked, id=17264, stack(0x0000003155b00000,0x0000003155c00000)]
  0x0000020db7a98b00 JavaThread "jar transforms Thread 8" [_thread_blocked, id=14576, stack(0x0000003155c00000,0x0000003155d00000)]
  0x0000020db7a98060 JavaThread "Memory manager" [_thread_blocked, id=1376, stack(0x0000003155f00000,0x0000003156000000)]
  0x0000020db7a9e000 JavaThread "Cache worker for kotlin-dsl (C:\Users\User\.gradle\caches\7.6\kotlin-dsl)" [_thread_blocked, id=7656, stack(0x000000314d000000,0x000000314d100000)]
  0x0000020db83e0080 JavaThread "C2 CompilerThread1" daemon [_thread_blocked, id=11168, stack(0x000000314d100000,0x000000314d200000)]

Other Threads:
=>0x0000020dafbff290 VMThread "VM Thread" [stack: 0x000000314d900000,0x000000314da00000] [id=12824]
  0x0000020db4121f90 WatcherThread "VM Periodic Task Thread" [stack: 0x000000314e500000,0x000000314e600000] [id=6820]
  0x0000020d926d03e0 WorkerThread "GC Thread#0" [stack: 0x000000314d400000,0x000000314d500000] [id=2972]
  0x0000020db4964eb0 WorkerThread "GC Thread#1" [stack: 0x000000314e600000,0x000000314e700000] [id=6616]
  0x0000020db4965180 WorkerThread "GC Thread#2" [stack: 0x000000314e700000,0x000000314e800000] [id=15220]
  0x0000020db41ad640 WorkerThread "GC Thread#3" [stack: 0x000000314e800000,0x000000314e900000] [id=12044]
  0x0000020db4b6fa50 WorkerThread "GC Thread#4" [stack: 0x000000314e900000,0x000000314ea00000] [id=4872]
  0x0000020db60ffeb0 WorkerThread "GC Thread#5" [stack: 0x000000314f700000,0x000000314f800000] [id=8428]
  0x0000020db6100f90 WorkerThread "GC Thread#6" [stack: 0x000000314f800000,0x000000314f900000] [id=10220]
  0x0000020db6100cc0 WorkerThread "GC Thread#7" [stack: 0x000000314f900000,0x000000314fa00000] [id=4144]
  0x0000020d926de400 ConcurrentGCThread "G1 Main Marker" [stack: 0x000000314d500000,0x000000314d600000] [id=6920]
  0x0000020d926df950 WorkerThread "G1 Conc#0" [stack: 0x000000314d600000,0x000000314d700000] [id=784]
  0x0000020db6100720 WorkerThread "G1 Conc#1" [stack: 0x000000314fc00000,0x000000314fd00000] [id=6848]
  0x0000020dafab40f0 ConcurrentGCThread "G1 Refine#0" [stack: 0x000000314d700000,0x000000314d800000] [id=13124]
  0x0000020dafab4b40 ConcurrentGCThread "G1 Service" [stack: 0x000000314d800000,0x000000314d900000] [id=5920]

Threads with active compile tasks:
C2 CompilerThread0   105593 12597   !   4       org.gradle.launcher.daemon.server.exec.DaemonConnectionBackedEventConsumer$ForwardEvents::getNextEvent (27 bytes)
C2 CompilerThread1   105594 12600       4       org.gradle.internal.serialize.kryo.KryoBackedEncoder::writeString (23 bytes)

VM state: at safepoint (normal execution)

VM Mutex/Monitor currently owned by a thread:  ([mutex/lock_event])
[0x0000020d9267c7e0] Threads_lock - owner thread: 0x0000020dafbff290
[0x0000020d9267ca20] Heap_lock - owner thread: 0x0000020db42aa580

Heap address: 0x00000000a0000000, size: 1536 MB, Compressed Oops mode: 32-bit

CDS archive(s) mapped at: [0x0000000800000000-0x0000000800c40000-0x0000000800c40000), size 12845056, SharedBaseAddress: 0x0000000800000000, ArchiveRelocationMode: 0.
Compressed class space mapped at: 0x0000000801000000-0x0000000841000000, reserved size: 1073741824
Narrow klass base: 0x0000000800000000, Narrow klass shift: 0, Narrow klass range: 0x100000000

GC Precious Log:
 CardTable entry size: 512
 Card Set container configuration: InlinePtr #cards 5 size 8 Array Of Cards #cards 12 size 40 Howl #buckets 4 coarsen threshold 1843 Howl Bitmap #cards 512 size 80 coarsen threshold 460 Card regions per heap region 1 cards per card region 2048
 CPUs: 8 total, 8 available
 Memory: 8068M
 Large Page Support: Disabled
 NUMA Support: Disabled
 Compressed Oops: Enabled (32-bit)
 Heap Region Size: 1M
 Heap Min Capacity: 8M
 Heap Initial Capacity: 128M
 Heap Max Capacity: 1536M
 Pre-touch: Disabled
 Parallel Workers: 8
 Concurrent Workers: 2
 Concurrent Refinement Workers: 8
 Periodic GC: Disabled

Heap:
 garbage-first heap   total 215040K, used 141060K [0x00000000a0000000, 0x0000000100000000)
  region size 1024K, 5 young (5120K), 5 survivors (5120K)
 Metaspace       used 78614K, committed 80896K, reserved 1179648K
  class space    used 10613K, committed 11712K, reserved 1048576K

Heap Regions: E=young(eden), S=young(survivor), O=old, HS=humongous(starts), HC=humongous(continues), CS=collection set, F=free, OA=open archive, CA=closed archive, TAMS=top-at-mark-start (previous, next)
|   0|0x00000000a0000000, 0x00000000a0100000, 0x00000000a0100000|100%|HS|  |TAMS 0x00000000a0100000, 0x00000000a0000000| Complete 
|   1|0x00000000a0100000, 0x00000000a0200000, 0x00000000a0200000|100%|HC|  |TAMS 0x00000000a0200000, 0x00000000a0100000| Complete 
|   2|0x00000000a0200000, 0x00000000a0300000, 0x00000000a0300000|100%|HC|  |TAMS 0x00000000a0300000, 0x00000000a0200000| Complete 
|   3|0x00000000a0300000, 0x00000000a0400000, 0x00000000a0400000|100%| O|  |TAMS 0x00000000a0400000, 0x00000000a0300000| Untracked 
|   4|0x00000000a0400000, 0x00000000a0500000, 0x00000000a0500000|100%| O|  |TAMS 0x00000000a0500000, 0x00000000a0400000| Untracked 
|   5|0x00000000a0500000, 0x00000000a0600000, 0x00000000a0600000|100%| O|  |TAMS 0x00000000a0600000, 0x00000000a0500000| Untracked 
|   6|0x00000000a0600000, 0x00000000a0700000, 0x00000000a0700000|100%| O|  |TAMS 0x00000000a0700000, 0x00000000a0600000| Untracked 
|   7|0x00000000a0700000, 0x00000000a0800000, 0x00000000a0800000|100%| O|  |TAMS 0x00000000a0800000, 0x00000000a0700000| Untracked 
|   8|0x00000000a0800000, 0x00000000a0900000, 0x00000000a0900000|100%| O|  |TAMS 0x00000000a0900000, 0x00000000a0800000| Untracked 
|   9|0x00000000a0900000, 0x00000000a0a00000, 0x00000000a0a00000|100%| O|  |TAMS 0x00000000a0a00000, 0x00000000a0900000| Untracked 
|  10|0x00000000a0a00000, 0x00000000a0b00000, 0x00000000a0b00000|100%| O|  |TAMS 0x00000000a0b00000, 0x00000000a0a00000| Untracked 
|  11|0x00000000a0b00000, 0x00000000a0c00000, 0x00000000a0c00000|100%| O|  |TAMS 0x00000000a0c00000, 0x00000000a0b00000| Untracked 
|  12|0x00000000a0c00000, 0x00000000a0d00000, 0x00000000a0d00000|100%| O|  |TAMS 0x00000000a0d00000, 0x00000000a0c00000| Untracked 
|  13|0x00000000a0d00000, 0x00000000a0e00000, 0x00000000a0e00000|100%| O|  |TAMS 0x00000000a0e00000, 0x00000000a0d00000| Untracked 
|  14|0x00000000a0e00000, 0x00000000a0f00000, 0x00000000a0f00000|100%| O|  |TAMS 0x00000000a0f00000, 0x00000000a0e00000| Untracked 
|  15|0x00000000a0f00000, 0x00000000a1000000, 0x00000000a1000000|100%| O|  |TAMS 0x00000000a1000000, 0x00000000a0f00000| Untracked 
|  16|0x00000000a1000000, 0x00000000a1100000, 0x00000000a1100000|100%| O|  |TAMS 0x00000000a1100000, 0x00000000a1000000| Untracked 
|  17|0x00000000a1100000, 0x00000000a1200000, 0x00000000a1200000|100%| O|  |TAMS 0x00000000a1200000, 0x00000000a1100000| Untracked 
|  18|0x00000000a1200000, 0x00000000a1300000, 0x00000000a1300000|100%| O|  |TAMS 0x00000000a1300000, 0x00000000a1200000| Untracked 
|  19|0x00000000a1300000, 0x00000000a1400000, 0x00000000a1400000|100%| O|  |TAMS 0x00000000a1400000, 0x00000000a1300000| Untracked 
|  20|0x00000000a1400000, 0x00000000a1500000, 0x00000000a1500000|100%| O|  |TAMS 0x00000000a1500000, 0x00000000a1400000| Untracked 
|  21|0x00000000a1500000, 0x00000000a1600000, 0x00000000a1600000|100%| O|  |TAMS 0x00000000a1600000, 0x00000000a1500000| Untracked 
|  22|0x00000000a1600000, 0x00000000a1700000, 0x00000000a1700000|100%| O|  |TAMS 0x00000000a1700000, 0x00000000a1600000| Untracked 
|  23|0x00000000a1700000, 0x00000000a1800000, 0x00000000a1800000|100%| O|  |TAMS 0x00000000a1800000, 0x00000000a1700000| Untracked 
|  24|0x00000000a1800000, 0x00000000a1900000, 0x00000000a1900000|100%| O|  |TAMS 0x00000000a1900000, 0x00000000a1800000| Untracked 
|  25|0x00000000a1900000, 0x00000000a1a00000, 0x00000000a1a00000|100%| O|  |TAMS 0x00000000a1a00000, 0x00000000a1900000| Untracked 
|  26|0x00000000a1a00000, 0x00000000a1b00000, 0x00000000a1b00000|100%| O|  |TAMS 0x00000000a1b00000, 0x00000000a1a00000| Untracked 
|  27|0x00000000a1b00000, 0x00000000a1c00000, 0x00000000a1c00000|100%| O|  |TAMS 0x00000000a1c00000, 0x00000000a1b00000| Untracked 
|  28|0x00000000a1c00000, 0x00000000a1d00000, 0x00000000a1d00000|100%| O|  |TAMS 0x00000000a1d00000, 0x00000000a1c00000| Untracked 
|  29|0x00000000a1d00000, 0x00000000a1e00000, 0x00000000a1e00000|100%| O|  |TAMS 0x00000000a1e00000, 0x00000000a1d00000| Untracked 
|  30|0x00000000a1e00000, 0x00000000a1f00000, 0x00000000a1f00000|100%| O|  |TAMS 0x00000000a1f00000, 0x00000000a1e00000| Untracked 
|  31|0x00000000a1f00000, 0x00000000a2000000, 0x00000000a2000000|100%| O|  |TAMS 0x00000000a2000000, 0x00000000a1f00000| Untracked 
|  32|0x00000000a2000000, 0x00000000a2100000, 0x00000000a2100000|100%| O|  |TAMS 0x00000000a2100000, 0x00000000a2000000| Untracked 
|  33|0x00000000a2100000, 0x00000000a2200000, 0x00000000a2200000|100%| O|  |TAMS 0x00000000a2200000, 0x00000000a2100000| Untracked 
|  34|0x00000000a2200000, 0x00000000a2300000, 0x00000000a2300000|100%|HS|  |TAMS 0x00000000a2300000, 0x00000000a2200000| Complete 
|  35|0x00000000a2300000, 0x00000000a2400000, 0x00000000a2400000|100%|HS|  |TAMS 0x00000000a2400000, 0x00000000a2300000| Complete 
|  36|0x00000000a2400000, 0x00000000a2500000, 0x00000000a2500000|100%| O|  |TAMS 0x00000000a2500000, 0x00000000a2400000| Untracked 
|  37|0x00000000a2500000, 0x00000000a2600000, 0x00000000a2600000|100%| O|  |TAMS 0x00000000a2600000, 0x00000000a2500000| Untracked 
|  38|0x00000000a2600000, 0x00000000a2700000, 0x00000000a2700000|100%| O|  |TAMS 0x00000000a2700000, 0x00000000a2600000| Untracked 
|  39|0x00000000a2700000, 0x00000000a2800000, 0x00000000a2800000|100%| O|  |TAMS 0x00000000a2800000, 0x00000000a2700000| Untracked 
|  40|0x00000000a2800000, 0x00000000a2900000, 0x00000000a2900000|100%|HS|  |TAMS 0x00000000a2900000, 0x00000000a2800000| Complete 
|  41|0x00000000a2900000, 0x00000000a2a00000, 0x00000000a2a00000|100%|HS|  |TAMS 0x00000000a2a00000, 0x00000000a2900000| Complete 
|  42|0x00000000a2a00000, 0x00000000a2b00000, 0x00000000a2b00000|100%|HC|  |TAMS 0x00000000a2b00000, 0x00000000a2a00000| Complete 
|  43|0x00000000a2b00000, 0x00000000a2c00000, 0x00000000a2c00000|100%|HC|  |TAMS 0x00000000a2c00000, 0x00000000a2b00000| Complete 
|  44|0x00000000a2c00000, 0x00000000a2d00000, 0x00000000a2d00000|100%| O|  |TAMS 0x00000000a2d00000, 0x00000000a2c00000| Untracked 
|  45|0x00000000a2d00000, 0x00000000a2e00000, 0x00000000a2e00000|100%|HS|  |TAMS 0x00000000a2e00000, 0x00000000a2d00000| Complete 
|  46|0x00000000a2e00000, 0x00000000a2f00000, 0x00000000a2f00000|100%|HC|  |TAMS 0x00000000a2f00000, 0x00000000a2e00000| Complete 
|  47|0x00000000a2f00000, 0x00000000a3000000, 0x00000000a3000000|100%| O|  |TAMS 0x00000000a3000000, 0x00000000a2f00000| Untracked 
|  48|0x00000000a3000000, 0x00000000a3100000, 0x00000000a3100000|100%| O|  |TAMS 0x00000000a3100000, 0x00000000a3000000| Untracked 
|  49|0x00000000a3100000, 0x00000000a3200000, 0x00000000a3200000|100%| O|  |TAMS 0x00000000a3200000, 0x00000000a3100000| Untracked 
|  50|0x00000000a3200000, 0x00000000a3300000, 0x00000000a3300000|100%| O|  |TAMS 0x00000000a3300000, 0x00000000a3200000| Untracked 
|  51|0x00000000a3300000, 0x00000000a3400000, 0x00000000a3400000|100%| O|  |TAMS 0x00000000a3400000, 0x00000000a3300000| Untracked 
|  52|0x00000000a3400000, 0x00000000a3500000, 0x00000000a3500000|100%| O|  |TAMS 0x00000000a3500000, 0x00000000a3400000| Untracked 
|  53|0x00000000a3500000, 0x00000000a3600000, 0x00000000a3600000|100%| O|  |TAMS 0x00000000a3600000, 0x00000000a3500000| Untracked 
|  54|0x00000000a3600000, 0x00000000a3700000, 0x00000000a3700000|100%| O|  |TAMS 0x00000000a3700000, 0x00000000a3600000| Untracked 
|  55|0x00000000a3700000, 0x00000000a3800000, 0x00000000a3800000|100%| O|  |TAMS 0x00000000a3800000, 0x00000000a3700000| Untracked 
|  56|0x00000000a3800000, 0x00000000a3900000, 0x00000000a3900000|100%| O|  |TAMS 0x00000000a3900000, 0x00000000a3800000| Untracked 
|  57|0x00000000a3900000, 0x00000000a3a00000, 0x00000000a3a00000|100%| O|  |TAMS 0x00000000a3a00000, 0x00000000a3900000| Untracked 
|  58|0x00000000a3a00000, 0x00000000a3b00000, 0x00000000a3b00000|100%| O|  |TAMS 0x00000000a3b00000, 0x00000000a3a00000| Untracked 
|  59|0x00000000a3b00000, 0x00000000a3c00000, 0x00000000a3c00000|100%| O|  |TAMS 0x00000000a3c00000, 0x00000000a3b00000| Untracked 
|  60|0x00000000a3c00000, 0x00000000a3d00000, 0x00000000a3d00000|100%| O|  |TAMS 0x00000000a3d00000, 0x00000000a3c00000| Untracked 
|  61|0x00000000a3d00000, 0x00000000a3e00000, 0x00000000a3e00000|100%| O|  |TAMS 0x00000000a3e00000, 0x00000000a3d00000| Untracked 
|  62|0x00000000a3e00000, 0x00000000a3f00000, 0x00000000a3f00000|100%| O|  |TAMS 0x00000000a3f00000, 0x00000000a3e00000| Untracked 
|  63|0x00000000a3f00000, 0x00000000a4000000, 0x00000000a4000000|100%| O|  |TAMS 0x00000000a4000000, 0x00000000a3f00000| Untracked 
|  64|0x00000000a4000000, 0x00000000a4100000, 0x00000000a4100000|100%| O|  |TAMS 0x00000000a4100000, 0x00000000a4000000| Untracked 
|  65|0x00000000a4100000, 0x00000000a4200000, 0x00000000a4200000|100%| O|  |TAMS 0x00000000a4200000, 0x00000000a4100000| Untracked 
|  66|0x00000000a4200000, 0x00000000a4300000, 0x00000000a4300000|100%| O|  |TAMS 0x00000000a4300000, 0x00000000a4200000| Untracked 
|  67|0x00000000a4300000, 0x00000000a4400000, 0x00000000a4400000|100%|HS|  |TAMS 0x00000000a4400000, 0x00000000a4300000| Complete 
|  68|0x00000000a4400000, 0x00000000a4500000, 0x00000000a4500000|100%|HS|  |TAMS 0x00000000a4500000, 0x00000000a4400000| Complete 
|  69|0x00000000a4500000, 0x00000000a4600000, 0x00000000a4600000|100%| O|  |TAMS 0x00000000a4600000, 0x00000000a4500000| Untracked 
|  70|0x00000000a4600000, 0x00000000a4700000, 0x00000000a4700000|100%| O|  |TAMS 0x00000000a4700000, 0x00000000a4600000| Untracked 
|  71|0x00000000a4700000, 0x00000000a4800000, 0x00000000a4800000|100%| O|  |TAMS 0x00000000a4800000, 0x00000000a4700000| Untracked 
|  72|0x00000000a4800000, 0x00000000a4900000, 0x00000000a4900000|100%| O|  |TAMS 0x00000000a4900000, 0x00000000a4800000| Untracked 
|  73|0x00000000a4900000, 0x00000000a4a00000, 0x00000000a4a00000|100%| O|  |TAMS 0x00000000a4a00000, 0x00000000a4900000| Untracked 
|  74|0x00000000a4a00000, 0x00000000a4b00000, 0x00000000a4b00000|100%| O|  |TAMS 0x00000000a4b00000, 0x00000000a4a00000| Untracked 
|  75|0x00000000a4b00000, 0x00000000a4c00000, 0x00000000a4c00000|100%| O|  |TAMS 0x00000000a4c00000, 0x00000000a4b00000| Untracked 
|  76|0x00000000a4c00000, 0x00000000a4d00000, 0x00000000a4d00000|100%| O|  |TAMS 0x00000000a4d00000, 0x00000000a4c00000| Untracked 
|  77|0x00000000a4d00000, 0x00000000a4e00000, 0x00000000a4e00000|100%| O|  |TAMS 0x00000000a4e00000, 0x00000000a4d00000| Untracked 
|  78|0x00000000a4e00000, 0x00000000a4f00000, 0x00000000a4f00000|100%| O|  |TAMS 0x00000000a4f00000, 0x00000000a4e00000| Untracked 
|  79|0x00000000a4f00000, 0x00000000a5000000, 0x00000000a5000000|100%| O|  |TAMS 0x00000000a5000000, 0x00000000a4f00000| Untracked 
|  80|0x00000000a5000000, 0x00000000a5100000, 0x00000000a5100000|100%| O|  |TAMS 0x00000000a5100000, 0x00000000a5000000| Untracked 
|  81|0x00000000a5100000, 0x00000000a5200000, 0x00000000a5200000|100%|HS|  |TAMS 0x00000000a5200000, 0x00000000a5100000| Complete 
|  82|0x00000000a5200000, 0x00000000a5300000, 0x00000000a5300000|100%|HC|  |TAMS 0x00000000a5300000, 0x00000000a5200000| Complete 
|  83|0x00000000a5300000, 0x00000000a5400000, 0x00000000a5400000|100%| O|  |TAMS 0x00000000a5400000, 0x00000000a5300000| Untracked 
|  84|0x00000000a5400000, 0x00000000a5500000, 0x00000000a5500000|100%| O|  |TAMS 0x00000000a5500000, 0x00000000a5400000| Untracked 
|  85|0x00000000a5500000, 0x00000000a5600000, 0x00000000a5600000|100%| O|  |TAMS 0x00000000a5600000, 0x00000000a5500000| Untracked 
|  86|0x00000000a5600000, 0x00000000a5700000, 0x00000000a5700000|100%| O|  |TAMS 0x00000000a5700000, 0x00000000a5600000| Untracked 
|  87|0x00000000a5700000, 0x00000000a5800000, 0x00000000a5800000|100%| O|  |TAMS 0x00000000a5800000, 0x00000000a5700000| Untracked 
|  88|0x00000000a5800000, 0x00000000a5900000, 0x00000000a5900000|100%| O|  |TAMS 0x00000000a5900000, 0x00000000a5800000| Untracked 
|  89|0x00000000a5900000, 0x00000000a5a00000, 0x00000000a5a00000|100%| O|  |TAMS 0x00000000a5a00000, 0x00000000a5900000| Untracked 
|  90|0x00000000a5a00000, 0x00000000a5b00000, 0x00000000a5b00000|100%| O|  |TAMS 0x00000000a5b00000, 0x00000000a5a00000| Untracked 
|  91|0x00000000a5b00000, 0x00000000a5c00000, 0x00000000a5c00000|100%| O|  |TAMS 0x00000000a5c00000, 0x00000000a5b00000| Untracked 
|  92|0x00000000a5c00000, 0x00000000a5d00000, 0x00000000a5d00000|100%| O|  |TAMS 0x00000000a5d00000, 0x00000000a5c00000| Untracked 
|  93|0x00000000a5d00000, 0x00000000a5e00000, 0x00000000a5e00000|100%| O|  |TAMS 0x00000000a5e00000, 0x00000000a5d00000| Untracked 
|  94|0x00000000a5e00000, 0x00000000a5f00000, 0x00000000a5f00000|100%| O|  |TAMS 0x00000000a5f00000, 0x00000000a5e00000| Untracked 
|  95|0x00000000a5f00000, 0x00000000a6000000, 0x00000000a6000000|100%| O|  |TAMS 0x00000000a6000000, 0x00000000a5f00000| Untracked 
|  96|0x00000000a6000000, 0x00000000a6100000, 0x00000000a6100000|100%| O|  |TAMS 0x00000000a6100000, 0x00000000a6000000| Untracked 
|  97|0x00000000a6100000, 0x00000000a6200000, 0x00000000a6200000|100%| O|  |TAMS 0x00000000a6200000, 0x00000000a6100000| Untracked 
|  98|0x00000000a6200000, 0x00000000a6300000, 0x00000000a6300000|100%| O|  |TAMS 0x00000000a6300000, 0x00000000a6200000| Untracked 
|  99|0x00000000a6300000, 0x00000000a6400000, 0x00000000a6400000|100%| O|  |TAMS 0x00000000a6300000, 0x00000000a6300000| Untracked 
| 100|0x00000000a6400000, 0x00000000a6500000, 0x00000000a6500000|100%| O|  |TAMS 0x00000000a6500000, 0x00000000a6400000| Untracked 
| 101|0x00000000a6500000, 0x00000000a6600000, 0x00000000a6600000|100%| O|  |TAMS 0x00000000a6600000, 0x00000000a6500000| Untracked 
| 102|0x00000000a6600000, 0x00000000a6700000, 0x00000000a6700000|100%| O|  |TAMS 0x00000000a6700000, 0x00000000a6600000| Untracked 
| 103|0x00000000a6700000, 0x00000000a6800000, 0x00000000a6800000|100%| O|  |TAMS 0x00000000a6800000, 0x00000000a6700000| Untracked 
| 104|0x00000000a6800000, 0x00000000a6900000, 0x00000000a6900000|100%| O|  |TAMS 0x00000000a6900000, 0x00000000a6800000| Untracked 
| 105|0x00000000a6900000, 0x00000000a6a00000, 0x00000000a6a00000|100%| O|  |TAMS 0x00000000a6a00000, 0x00000000a6900000| Untracked 
| 106|0x00000000a6a00000, 0x00000000a6b00000, 0x00000000a6b00000|100%| O|  |TAMS 0x00000000a6b00000, 0x00000000a6a00000| Untracked 
| 107|0x00000000a6b00000, 0x00000000a6c00000, 0x00000000a6c00000|100%| O|  |TAMS 0x00000000a6c00000, 0x00000000a6b00000| Untracked 
| 108|0x00000000a6c00000, 0x00000000a6d00000, 0x00000000a6d00000|100%| O|  |TAMS 0x00000000a6c00000, 0x00000000a6c00000| Untracked 
| 109|0x00000000a6d00000, 0x00000000a6e00000, 0x00000000a6e00000|100%| O|  |TAMS 0x00000000a6d00000, 0x00000000a6d00000| Untracked 
| 110|0x00000000a6e00000, 0x00000000a6f00000, 0x00000000a6f00000|100%| O|  |TAMS 0x00000000a6e00000, 0x00000000a6e00000| Untracked 
| 111|0x00000000a6f00000, 0x00000000a7000000, 0x00000000a7000000|100%| O|  |TAMS 0x00000000a6f00000, 0x00000000a6f00000| Untracked 
| 112|0x00000000a7000000, 0x00000000a7100000, 0x00000000a7100000|100%| O|  |TAMS 0x00000000a7000000, 0x00000000a7000000| Untracked 
| 113|0x00000000a7100000, 0x00000000a7200000, 0x00000000a7200000|100%| O|  |TAMS 0x00000000a7100000, 0x00000000a7100000| Untracked 
| 114|0x00000000a7200000, 0x00000000a7300000, 0x00000000a7300000|100%| O|  |TAMS 0x00000000a7200000, 0x00000000a7200000| Untracked 
| 115|0x00000000a7300000, 0x00000000a7400000, 0x00000000a7400000|100%| O|  |TAMS 0x00000000a7300000, 0x00000000a7300000| Untracked 
| 116|0x00000000a7400000, 0x00000000a7500000, 0x00000000a7500000|100%| O|  |TAMS 0x00000000a7400000, 0x00000000a7400000| Untracked 
| 117|0x00000000a7500000, 0x00000000a7600000, 0x00000000a7600000|100%|HS|  |TAMS 0x00000000a7500000, 0x00000000a7500000| Complete 
| 118|0x00000000a7600000, 0x00000000a7700000, 0x00000000a7700000|100%|HS|  |TAMS 0x00000000a7600000, 0x00000000a7600000| Complete 
| 119|0x00000000a7700000, 0x00000000a7800000, 0x00000000a7800000|100%| O|  |TAMS 0x00000000a7700000, 0x00000000a7700000| Untracked 
| 120|0x00000000a7800000, 0x00000000a7900000, 0x00000000a7900000|100%| O|  |TAMS 0x00000000a7800000, 0x00000000a7800000| Untracked 
| 121|0x00000000a7900000, 0x00000000a7a00000, 0x00000000a7a00000|100%| O|  |TAMS 0x00000000a7900000, 0x00000000a7900000| Untracked 
| 122|0x00000000a7a00000, 0x00000000a7b00000, 0x00000000a7b00000|100%| O|  |TAMS 0x00000000a7a00000, 0x00000000a7a00000| Untracked 
| 123|0x00000000a7b00000, 0x00000000a7c00000, 0x00000000a7c00000|100%| O|  |TAMS 0x00000000a7b00000, 0x00000000a7b00000| Untracked 
| 124|0x00000000a7c00000, 0x00000000a7d00000, 0x00000000a7d00000|100%| O|  |TAMS 0x00000000a7c00000, 0x00000000a7c00000| Untracked 
| 125|0x00000000a7d00000, 0x00000000a7e00000, 0x00000000a7e00000|100%| O|  |TAMS 0x00000000a7d00000, 0x00000000a7d00000| Untracked 
| 126|0x00000000a7e00000, 0x00000000a7f00000, 0x00000000a7f00000|100%| O|  |TAMS 0x00000000a7e00000, 0x00000000a7e00000| Untracked 
| 127|0x00000000a7f00000, 0x00000000a8000000, 0x00000000a8000000|100%| O|  |TAMS 0x00000000a7f00000, 0x00000000a7f00000| Untracked 
| 128|0x00000000a8000000, 0x00000000a8100000, 0x00000000a8100000|100%| O|  |TAMS 0x00000000a8000000, 0x00000000a8000000| Untracked 
| 129|0x00000000a8100000, 0x00000000a8200000, 0x00000000a8200000|100%| O|  |TAMS 0x00000000a8100000, 0x00000000a8100000| Untracked 
| 130|0x00000000a8200000, 0x00000000a8300000, 0x00000000a8300000|100%| O|  |TAMS 0x00000000a8200000, 0x00000000a8200000| Untracked 
| 131|0x00000000a8300000, 0x00000000a8400000, 0x00000000a8400000|100%| O|  |TAMS 0x00000000a8300000, 0x00000000a8300000| Untracked 
| 132|0x00000000a8400000, 0x00000000a84c1200, 0x00000000a8500000| 75%| O|  |TAMS 0x00000000a8400000, 0x00000000a8400000| Untracked 
| 133|0x00000000a8500000, 0x00000000a8500000, 0x00000000a8600000|  0%| F|  |TAMS 0x00000000a8500000, 0x00000000a8500000| Untracked 
| 134|0x00000000a8600000, 0x00000000a8600000, 0x00000000a8700000|  0%| F|  |TAMS 0x00000000a8600000, 0x00000000a8600000| Untracked 
| 135|0x00000000a8700000, 0x00000000a8700000, 0x00000000a8800000|  0%| F|  |TAMS 0x00000000a8700000, 0x00000000a8700000| Untracked 
| 136|0x00000000a8800000, 0x00000000a8800000, 0x00000000a8900000|  0%| F|  |TAMS 0x00000000a8800000, 0x00000000a8800000| Untracked 
| 137|0x00000000a8900000, 0x00000000a8900000, 0x00000000a8a00000|  0%| F|  |TAMS 0x00000000a8900000, 0x00000000a8900000| Untracked 
| 138|0x00000000a8a00000, 0x00000000a8a00000, 0x00000000a8b00000|  0%| F|  |TAMS 0x00000000a8a00000, 0x00000000a8a00000| Untracked 
| 139|0x00000000a8b00000, 0x00000000a8b00000, 0x00000000a8c00000|  0%| F|  |TAMS 0x00000000a8b00000, 0x00000000a8b00000| Untracked 
| 140|0x00000000a8c00000, 0x00000000a8c00000, 0x00000000a8d00000|  0%| F|  |TAMS 0x00000000a8c00000, 0x00000000a8c00000| Untracked 
| 141|0x00000000a8d00000, 0x00000000a8d00000, 0x00000000a8e00000|  0%| F|  |TAMS 0x00000000a8d00000, 0x00000000a8d00000| Untracked 
| 142|0x00000000a8e00000, 0x00000000a8e00000, 0x00000000a8f00000|  0%| F|  |TAMS 0x00000000a8e00000, 0x00000000a8e00000| Untracked 
| 143|0x00000000a8f00000, 0x00000000a8f00000, 0x00000000a9000000|  0%| F|  |TAMS 0x00000000a8f00000, 0x00000000a8f00000| Untracked 
| 144|0x00000000a9000000, 0x00000000a9000000, 0x00000000a9100000|  0%| F|  |TAMS 0x00000000a9000000, 0x00000000a9000000| Untracked 
| 145|0x00000000a9100000, 0x00000000a9100000, 0x00000000a9200000|  0%| F|  |TAMS 0x00000000a9100000, 0x00000000a9100000| Untracked 
| 146|0x00000000a9200000, 0x00000000a9200000, 0x00000000a9300000|  0%| F|  |TAMS 0x00000000a9200000, 0x00000000a9200000| Untracked 
| 147|0x00000000a9300000, 0x00000000a9300000, 0x00000000a9400000|  0%| F|  |TAMS 0x00000000a9300000, 0x00000000a9300000| Untracked 
| 148|0x00000000a9400000, 0x00000000a9400000, 0x00000000a9500000|  0%| F|  |TAMS 0x00000000a9400000, 0x00000000a9400000| Untracked 
| 149|0x00000000a9500000, 0x00000000a9500000, 0x00000000a9600000|  0%| F|  |TAMS 0x00000000a9500000, 0x00000000a9500000| Untracked 
| 150|0x00000000a9600000, 0x00000000a9600000, 0x00000000a9700000|  0%| F|  |TAMS 0x00000000a9600000, 0x00000000a9600000| Untracked 
| 151|0x00000000a9700000, 0x00000000a9700000, 0x00000000a9800000|  0%| F|  |TAMS 0x00000000a9700000, 0x00000000a9700000| Untracked 
| 152|0x00000000a9800000, 0x00000000a9800000, 0x00000000a9900000|  0%| F|  |TAMS 0x00000000a9800000, 0x00000000a9800000| Untracked 
| 153|0x00000000a9900000, 0x00000000a9900000, 0x00000000a9a00000|  0%| F|  |TAMS 0x00000000a9900000, 0x00000000a9900000| Untracked 
| 154|0x00000000a9a00000, 0x00000000a9a00000, 0x00000000a9b00000|  0%| F|  |TAMS 0x00000000a9a00000, 0x00000000a9a00000| Untracked 
| 155|0x00000000a9b00000, 0x00000000a9b00000, 0x00000000a9c00000|  0%| F|  |TAMS 0x00000000a9b00000, 0x00000000a9b00000| Untracked 
| 156|0x00000000a9c00000, 0x00000000a9c00000, 0x00000000a9d00000|  0%| F|  |TAMS 0x00000000a9c00000, 0x00000000a9c00000| Untracked 
| 157|0x00000000a9d00000, 0x00000000a9d00000, 0x00000000a9e00000|  0%| F|  |TAMS 0x00000000a9d00000, 0x00000000a9d00000| Untracked 
| 158|0x00000000a9e00000, 0x00000000a9e00000, 0x00000000a9f00000|  0%| F|  |TAMS 0x00000000a9e00000, 0x00000000a9e00000| Untracked 
| 159|0x00000000a9f00000, 0x00000000a9f00000, 0x00000000aa000000|  0%| F|  |TAMS 0x00000000a9f00000, 0x00000000a9f00000| Untracked 
| 160|0x00000000aa000000, 0x00000000aa000000, 0x00000000aa100000|  0%| F|  |TAMS 0x00000000aa000000, 0x00000000aa000000| Untracked 
| 161|0x00000000aa100000, 0x00000000aa100000, 0x00000000aa200000|  0%| F|  |TAMS 0x00000000aa100000, 0x00000000aa100000| Untracked 
| 162|0x00000000aa200000, 0x00000000aa200000, 0x00000000aa300000|  0%| F|  |TAMS 0x00000000aa200000, 0x00000000aa200000| Untracked 
| 163|0x00000000aa300000, 0x00000000aa300000, 0x00000000aa400000|  0%| F|  |TAMS 0x00000000aa300000, 0x00000000aa300000| Untracked 
| 164|0x00000000aa400000, 0x00000000aa400000, 0x00000000aa500000|  0%| F|  |TAMS 0x00000000aa400000, 0x00000000aa400000| Untracked 
| 165|0x00000000aa500000, 0x00000000aa500000, 0x00000000aa600000|  0%| F|  |TAMS 0x00000000aa500000, 0x00000000aa500000| Untracked 
| 166|0x00000000aa600000, 0x00000000aa600000, 0x00000000aa700000|  0%| F|  |TAMS 0x00000000aa600000, 0x00000000aa600000| Untracked 
| 167|0x00000000aa700000, 0x00000000aa700000, 0x00000000aa800000|  0%| F|  |TAMS 0x00000000aa700000, 0x00000000aa700000| Untracked 
| 168|0x00000000aa800000, 0x00000000aa800000, 0x00000000aa900000|  0%| F|  |TAMS 0x00000000aa800000, 0x00000000aa800000| Untracked 
| 169|0x00000000aa900000, 0x00000000aa900000, 0x00000000aaa00000|  0%| F|  |TAMS 0x00000000aa900000, 0x00000000aa900000| Untracked 
| 170|0x00000000aaa00000, 0x00000000aab00000, 0x00000000aab00000|100%| S|CS|TAMS 0x00000000aaa00000, 0x00000000aaa00000| Complete 
| 171|0x00000000aab00000, 0x00000000aac00000, 0x00000000aac00000|100%| S|CS|TAMS 0x00000000aab00000, 0x00000000aab00000| Complete 
| 172|0x00000000aac00000, 0x00000000aad00000, 0x00000000aad00000|100%| S|CS|TAMS 0x00000000aac00000, 0x00000000aac00000| Complete 
| 173|0x00000000aad00000, 0x00000000aae00000, 0x00000000aae00000|100%| S|CS|TAMS 0x00000000aad00000, 0x00000000aad00000| Complete 
| 174|0x00000000aae00000, 0x00000000aaf00000, 0x00000000aaf00000|100%| S|CS|TAMS 0x00000000aae00000, 0x00000000aae00000| Complete 
| 175|0x00000000aaf00000, 0x00000000aaf00000, 0x00000000ab000000|  0%| F|  |TAMS 0x00000000aaf00000, 0x00000000aaf00000| Untracked 
| 176|0x00000000ab000000, 0x00000000ab000000, 0x00000000ab100000|  0%| F|  |TAMS 0x00000000ab000000, 0x00000000ab000000| Untracked 
| 177|0x00000000ab100000, 0x00000000ab100000, 0x00000000ab200000|  0%| F|  |TAMS 0x00000000ab100000, 0x00000000ab100000| Untracked 
| 178|0x00000000ab200000, 0x00000000ab200000, 0x00000000ab300000|  0%| F|  |TAMS 0x00000000ab200000, 0x00000000ab200000| Untracked 
| 179|0x00000000ab300000, 0x00000000ab300000, 0x00000000ab400000|  0%| F|  |TAMS 0x00000000ab300000, 0x00000000ab300000| Untracked 
| 180|0x00000000ab400000, 0x00000000ab400000, 0x00000000ab500000|  0%| F|  |TAMS 0x00000000ab400000, 0x00000000ab400000| Untracked 
| 181|0x00000000ab500000, 0x00000000ab500000, 0x00000000ab600000|  0%| F|  |TAMS 0x00000000ab500000, 0x00000000ab500000| Untracked 
| 182|0x00000000ab600000, 0x00000000ab600000, 0x00000000ab700000|  0%| F|  |TAMS 0x00000000ab600000, 0x00000000ab600000| Untracked 
| 183|0x00000000ab700000, 0x00000000ab700000, 0x00000000ab800000|  0%| F|  |TAMS 0x00000000ab700000, 0x00000000ab700000| Untracked 
| 184|0x00000000ab800000, 0x00000000ab800000, 0x00000000ab900000|  0%| F|  |TAMS 0x00000000ab800000, 0x00000000ab800000| Untracked 
| 185|0x00000000ab900000, 0x00000000ab900000, 0x00000000aba00000|  0%| F|  |TAMS 0x00000000ab900000, 0x00000000ab900000| Untracked 
| 186|0x00000000aba00000, 0x00000000aba00000, 0x00000000abb00000|  0%| F|  |TAMS 0x00000000aba00000, 0x00000000aba00000| Untracked 
| 187|0x00000000abb00000, 0x00000000abb00000, 0x00000000abc00000|  0%| F|  |TAMS 0x00000000abb00000, 0x00000000abb00000| Untracked 
| 188|0x00000000abc00000, 0x00000000abc00000, 0x00000000abd00000|  0%| F|  |TAMS 0x00000000abc00000, 0x00000000abc00000| Untracked 
| 189|0x00000000abd00000, 0x00000000abd00000, 0x00000000abe00000|  0%| F|  |TAMS 0x00000000abd00000, 0x00000000abd00000| Untracked 
| 190|0x00000000abe00000, 0x00000000abe00000, 0x00000000abf00000|  0%| F|  |TAMS 0x00000000abe00000, 0x00000000abe00000| Untracked 
| 191|0x00000000abf00000, 0x00000000abf00000, 0x00000000ac000000|  0%| F|  |TAMS 0x00000000abf00000, 0x00000000abf00000| Untracked 
| 192|0x00000000ac000000, 0x00000000ac000000, 0x00000000ac100000|  0%| F|  |TAMS 0x00000000ac000000, 0x00000000ac000000| Untracked 
| 193|0x00000000ac100000, 0x00000000ac100000, 0x00000000ac200000|  0%| F|  |TAMS 0x00000000ac100000, 0x00000000ac100000| Untracked 
| 194|0x00000000ac200000, 0x00000000ac200000, 0x00000000ac300000|  0%| F|  |TAMS 0x00000000ac200000, 0x00000000ac200000| Untracked 
| 195|0x00000000ac300000, 0x00000000ac300000, 0x00000000ac400000|  0%| F|  |TAMS 0x00000000ac300000, 0x00000000ac300000| Untracked 
| 196|0x00000000ac400000, 0x00000000ac400000, 0x00000000ac500000|  0%| F|  |TAMS 0x00000000ac400000, 0x00000000ac400000| Untracked 
| 197|0x00000000ac500000, 0x00000000ac500000, 0x00000000ac600000|  0%| F|  |TAMS 0x00000000ac500000, 0x00000000ac500000| Untracked 
| 198|0x00000000ac600000, 0x00000000ac600000, 0x00000000ac700000|  0%| F|  |TAMS 0x00000000ac600000, 0x00000000ac600000| Untracked 
| 199|0x00000000ac700000, 0x00000000ac700000, 0x00000000ac800000|  0%| F|  |TAMS 0x00000000ac700000, 0x00000000ac700000| Untracked 
| 200|0x00000000ac800000, 0x00000000ac800000, 0x00000000ac900000|  0%| F|  |TAMS 0x00000000ac800000, 0x00000000ac800000| Untracked 
| 201|0x00000000ac900000, 0x00000000ac900000, 0x00000000aca00000|  0%| F|  |TAMS 0x00000000ac900000, 0x00000000ac900000| Untracked 
| 202|0x00000000aca00000, 0x00000000aca00000, 0x00000000acb00000|  0%| F|  |TAMS 0x00000000aca00000, 0x00000000aca00000| Untracked 
| 203|0x00000000acb00000, 0x00000000acb00000, 0x00000000acc00000|  0%| F|  |TAMS 0x00000000acb00000, 0x00000000acb00000| Untracked 
| 204|0x00000000acc00000, 0x00000000acc00000, 0x00000000acd00000|  0%| F|  |TAMS 0x00000000acc00000, 0x00000000acc00000| Untracked 
| 205|0x00000000acd00000, 0x00000000acd00000, 0x00000000ace00000|  0%| F|  |TAMS 0x00000000acd00000, 0x00000000acd00000| Untracked 
| 206|0x00000000ace00000, 0x00000000ace00000, 0x00000000acf00000|  0%| F|  |TAMS 0x00000000ace00000, 0x00000000ace00000| Untracked 
| 207|0x00000000acf00000, 0x00000000acf00000, 0x00000000ad000000|  0%| F|  |TAMS 0x00000000acf00000, 0x00000000acf00000| Untracked 
| 208|0x00000000ad000000, 0x00000000ad000000, 0x00000000ad100000|  0%| F|  |TAMS 0x00000000ad000000, 0x00000000ad000000| Untracked 
| 209|0x00000000ad100000, 0x00000000ad100000, 0x00000000ad200000|  0%| F|  |TAMS 0x00000000ad100000, 0x00000000ad100000| Untracked 

Card table byte_map: [0x0000020da9bf0000,0x0000020da9ef0000] _byte_map_base: 0x0000020da96f0000

Marking Bits (Prev, Next): (CMBitMap*) 0x0000020d926d0960, (CMBitMap*) 0x0000020d926d0920
 Prev Bits: [0x0000020dab9f0000, 0x0000020dad1f0000)
 Next Bits: [0x0000020daa1f0000, 0x0000020dab9f0000)

Polling page: 0x0000020d90570000

Metaspace:

Usage:
  Non-class:     66.41 MB used.
      Class:     10.37 MB used.
       Both:     76.77 MB used.

Virtual space:
  Non-class space:      128.00 MB reserved,      67.56 MB ( 53%) committed,  2 nodes.
      Class space:        1.00 GB reserved,      11.44 MB (  1%) committed,  1 nodes.
             Both:        1.12 GB reserved,      79.00 MB (  7%) committed. 

Chunk freelists:
   Non-Class:  3.88 MB
       Class:  424.00 KB
        Both:  4.29 MB

MaxMetaspaceSize: unlimited
CompressedClassSpaceSize: 1.00 GB
Initial GC threshold: 21.00 MB
Current GC threshold: 130.88 MB
CDS: on
MetaspaceReclaimPolicy: balanced
 - commit_granule_bytes: 65536.
 - commit_granule_words: 8192.
 - virtual_space_node_default_size: 8388608.
 - enlarge_chunks_in_place: 1.
 - new_chunks_are_fully_committed: 0.
 - uncommit_free_chunks: 1.
 - use_allocation_guard: 0.


Internal statistics:

num_allocs_failed_limit: 9.
num_arena_births: 3584.
num_arena_deaths: 0.
num_vsnodes_births: 3.
num_vsnodes_deaths: 0.
num_space_committed: 1264.
num_space_uncommitted: 0.
num_chunks_returned_to_freelist: 9.
num_chunks_taken_from_freelist: 7382.
num_chunk_merges: 9.
num_chunk_splits: 4775.
num_chunks_enlarged: 2917.
num_inconsistent_stats: 0.

CodeHeap 'non-profiled nmethods': size=120000Kb used=5885Kb max_used=5885Kb free=114114Kb
 bounds [0x0000020da2090000, 0x0000020da2650000, 0x0000020da95c0000]
CodeHeap 'profiled nmethods': size=120000Kb used=20588Kb max_used=20588Kb free=99411Kb
 bounds [0x0000020d9a5c0000, 0x0000020d9b9e0000, 0x0000020da1af0000]
CodeHeap 'non-nmethods': size=5760Kb used=2488Kb max_used=2621Kb free=3271Kb
 bounds [0x0000020da1af0000, 0x0000020da1d90000, 0x0000020da2090000]
 total_blobs=11522 nmethods=10600 adapters=830
 compilation: enabled
              stopped_count=0, restarted_count=0
 full_count=0

Compilation events (20 events):
Event: 104.559 Thread 0x0000020dafc23380 nmethod 12590 0x0000020d9b9d9b10 code [0x0000020d9b9d9cc0, 0x0000020d9b9d9e88]
Event: 104.559 Thread 0x0000020dafc23380 12586       3       org.gradle.api.internal.artifacts.ivyservice.ivyresolve.ErrorHandlingModuleComponentRepository$ErrorHandlingModuleComponentRepositoryAccess$$Lambda$631/0x00000008016733f0::<init> (26 bytes)
Event: 104.560 Thread 0x0000020dafc23380 nmethod 12586 0x0000020d9b9d9f90 code [0x0000020d9b9da140, 0x0000020d9b9da418]
Event: 104.561 Thread 0x0000020dafc23380 12588       3       org.gradle.api.internal.artifacts.ivyservice.ivyresolve.ErrorHandlingModuleComponentRepository$ErrorHandlingModuleComponentRepositoryAccess::performOperationWithRetries (41 bytes)
Event: 104.562 Thread 0x0000020dafc23380 nmethod 12588 0x0000020d9b9da510 code [0x0000020d9b9da700, 0x0000020d9b9dac38]
Event: 104.563 Thread 0x0000020dafc23380 12591       3       org.gradle.api.internal.artifacts.ivyservice.resolutionstrategy.DefaultCachePolicy$$Lambda$513/0x0000000801611448::execute (16 bytes)
Event: 104.564 Thread 0x0000020dafc23380 nmethod 12591 0x0000020d9b9dad90 code [0x0000020d9b9daf60, 0x0000020d9b9db408]
Event: 104.564 Thread 0x0000020dafc23380 12592       3       org.gradle.api.internal.artifacts.ivyservice.resolutionstrategy.DefaultCachePolicy::lambda$cacheMissingArtifactsFor$6 (18 bytes)
Event: 104.565 Thread 0x0000020dafc23380 nmethod 12592 0x0000020d9b9db590 code [0x0000020d9b9db740, 0x0000020d9b9dba48]
Event: 104.566 Thread 0x0000020dafc23380 12593       3       org.gradle.api.internal.artifacts.ivyservice.resolutionstrategy.DefaultCachePolicy$$Lambda$512/0x0000000801611238::execute (16 bytes)
Event: 104.567 Thread 0x0000020dafc23380 nmethod 12593 0x0000020d9b9dbb90 code [0x0000020d9b9dbd60, 0x0000020d9b9dc188]
Event: 104.567 Thread 0x0000020dafc23380 12594       3       org.gradle.api.internal.artifacts.ivyservice.resolutionstrategy.DefaultCachePolicy::lambda$cacheChangingModulesFor$5 (18 bytes)
Event: 104.568 Thread 0x0000020dafc23380 nmethod 12594 0x0000020d9b9dc310 code [0x0000020d9b9dc4c0, 0x0000020d9b9dc748]
Event: 104.569 Thread 0x0000020dafc23380 12595       1       org.gradle.internal.logging.events.ProgressStartEvent::getStatus (5 bytes)
Event: 104.569 Thread 0x0000020dafc23380 nmethod 12595 0x0000020da264a590 code [0x0000020da264a720, 0x0000020da264a7d8]
Event: 104.582 Thread 0x0000020dafc21a00 12596       4       org.gradle.launcher.daemon.server.exec.DaemonConnectionBackedEventConsumer$ForwardEvents::moreMessagesToSend (35 bytes)
Event: 104.586 Thread 0x0000020dafc21a00 nmethod 12596 0x0000020da264a890 code [0x0000020da264aa20, 0x0000020da264aad8]
Event: 104.598 Thread 0x0000020dafc21a00 12597   !   4       org.gradle.launcher.daemon.server.exec.DaemonConnectionBackedEventConsumer$ForwardEvents::getNextEvent (27 bytes)
Event: 104.682 Thread 0x0000020db83e0080 nmethod 12491 0x0000020da264ab90 code [0x0000020da264aea0, 0x0000020da264d168]
Event: 104.683 Thread 0x0000020db83e0080 12600       4       org.gradle.internal.serialize.kryo.KryoBackedEncoder::writeString (23 bytes)

GC Heap History (20 events):
Event: 56.726 GC heap after
{Heap after GC invocations=22 (full 0):
 garbage-first heap   total 198656K, used 62779K [0x00000000a0000000, 0x0000000100000000)
  region size 1024K, 1 young (1024K), 1 survivors (1024K)
 Metaspace       used 58708K, committed 60416K, reserved 1114112K
  class space    used 7773K, committed 8640K, reserved 1048576K
}
Event: 64.562 GC heap before
{Heap before GC invocations=22 (full 0):
 garbage-first heap   total 198656K, used 148795K [0x00000000a0000000, 0x0000000100000000)
  region size 1024K, 84 young (86016K), 1 survivors (1024K)
 Metaspace       used 63951K, committed 65728K, reserved 1114112K
  class space    used 8402K, committed 9344K, reserved 1048576K
}
Event: 64.594 GC heap after
{Heap after GC invocations=23 (full 0):
 garbage-first heap   total 198656K, used 68528K [0x00000000a0000000, 0x0000000100000000)
  region size 1024K, 7 young (7168K), 7 survivors (7168K)
 Metaspace       used 63951K, committed 65728K, reserved 1114112K
  class space    used 8402K, committed 9344K, reserved 1048576K
}
Event: 71.483 GC heap before
{Heap before GC invocations=23 (full 0):
 garbage-first heap   total 198656K, used 150448K [0x00000000a0000000, 0x0000000100000000)
  region size 1024K, 87 young (89088K), 7 survivors (7168K)
 Metaspace       used 66698K, committed 68672K, reserved 1114112K
  class space    used 8802K, committed 9792K, reserved 1048576K
}
Event: 71.546 GC heap after
{Heap after GC invocations=24 (full 0):
 garbage-first heap   total 198656K, used 73486K [0x00000000a0000000, 0x0000000100000000)
  region size 1024K, 6 young (6144K), 6 survivors (6144K)
 Metaspace       used 66698K, committed 68672K, reserved 1114112K
  class space    used 8802K, committed 9792K, reserved 1048576K
}
Event: 78.684 GC heap before
{Heap before GC invocations=24 (full 0):
 garbage-first heap   total 198656K, used 153358K [0x00000000a0000000, 0x0000000100000000)
  region size 1024K, 84 young (86016K), 6 survivors (6144K)
 Metaspace       used 73234K, committed 75200K, reserved 1114112K
  class space    used 9887K, committed 10880K, reserved 1048576K
}
Event: 78.745 GC heap after
{Heap after GC invocations=25 (full 0):
 garbage-first heap   total 198656K, used 79235K [0x00000000a0000000, 0x0000000100000000)
  region size 1024K, 11 young (11264K), 11 survivors (11264K)
 Metaspace       used 73234K, committed 75200K, reserved 1114112K
  class space    used 9887K, committed 10880K, reserved 1048576K
}
Event: 87.507 GC heap before
{Heap before GC invocations=25 (full 0):
 garbage-first heap   total 198656K, used 158083K [0x00000000a0000000, 0x0000000100000000)
  region size 1024K, 86 young (88064K), 11 survivors (11264K)
 Metaspace       used 76398K, committed 78464K, reserved 1179648K
  class space    used 10366K, committed 11392K, reserved 1048576K
}
Event: 87.604 GC heap after
{Heap after GC invocations=26 (full 0):
 garbage-first heap   total 198656K, used 92394K [0x00000000a0000000, 0x0000000100000000)
  region size 1024K, 11 young (11264K), 11 survivors (11264K)
 Metaspace       used 76398K, committed 78464K, reserved 1179648K
  class space    used 10366K, committed 11392K, reserved 1048576K
}
Event: 94.056 GC heap before
{Heap before GC invocations=26 (full 0):
 garbage-first heap   total 198656K, used 155882K [0x00000000a0000000, 0x0000000100000000)
  region size 1024K, 72 young (73728K), 11 survivors (11264K)
 Metaspace       used 77434K, committed 79552K, reserved 1179648K
  class space    used 10463K, committed 11520K, reserved 1048576K
}
Event: 94.178 GC heap after
{Heap after GC invocations=27 (full 0):
 garbage-first heap   total 198656K, used 109178K [0x00000000a0000000, 0x0000000100000000)
  region size 1024K, 9 young (9216K), 9 survivors (9216K)
 Metaspace       used 77434K, committed 79552K, reserved 1179648K
  class space    used 10463K, committed 11520K, reserved 1048576K
}
Event: 98.125 GC heap before
{Heap before GC invocations=27 (full 0):
 garbage-first heap   total 198656K, used 155258K [0x00000000a0000000, 0x0000000100000000)
  region size 1024K, 54 young (55296K), 9 survivors (9216K)
 Metaspace       used 77873K, committed 80064K, reserved 1179648K
  class space    used 10511K, committed 11584K, reserved 1048576K
}
Event: 98.225 GC heap after
{Heap after GC invocations=28 (full 0):
 garbage-first heap   total 198656K, used 118704K [0x00000000a0000000, 0x0000000100000000)
  region size 1024K, 7 young (7168K), 7 survivors (7168K)
 Metaspace       used 77873K, committed 80064K, reserved 1179648K
  class space    used 10511K, committed 11584K, reserved 1048576K
}
Event: 98.873 GC heap before
{Heap before GC invocations=28 (full 0):
 garbage-first heap   total 198656K, used 127920K [0x00000000a0000000, 0x0000000100000000)
  region size 1024K, 17 young (17408K), 7 survivors (7168K)
 Metaspace       used 77976K, committed 80128K, reserved 1179648K
  class space    used 10523K, committed 11584K, reserved 1048576K
}
Event: 98.933 GC heap after
{Heap after GC invocations=29 (full 0):
 garbage-first heap   total 198656K, used 122340K [0x00000000a0000000, 0x0000000100000000)
  region size 1024K, 3 young (3072K), 3 survivors (3072K)
 Metaspace       used 77976K, committed 80128K, reserved 1179648K
  class space    used 10523K, committed 11584K, reserved 1048576K
}
Event: 101.966 GC heap before
{Heap before GC invocations=30 (full 0):
 garbage-first heap   total 215040K, used 156132K [0x00000000a0000000, 0x0000000100000000)
  region size 1024K, 34 young (34816K), 3 survivors (3072K)
 Metaspace       used 78268K, committed 80576K, reserved 1179648K
  class space    used 10566K, committed 11648K, reserved 1048576K
}
Event: 102.030 GC heap after
{Heap after GC invocations=31 (full 0):
 garbage-first heap   total 215040K, used 132830K [0x00000000a0000000, 0x0000000100000000)
  region size 1024K, 5 young (5120K), 5 survivors (5120K)
 Metaspace       used 78268K, committed 80576K, reserved 1179648K
  class space    used 10566K, committed 11648K, reserved 1048576K
}
Event: 102.282 GC heap before
{Heap before GC invocations=31 (full 0):
 garbage-first heap   total 215040K, used 137950K [0x00000000a0000000, 0x0000000100000000)
  region size 1024K, 10 young (10240K), 5 survivors (5120K)
 Metaspace       used 78268K, committed 80576K, reserved 1179648K
  class space    used 10566K, committed 11648K, reserved 1048576K
}
Event: 102.319 GC heap after
{Heap after GC invocations=32 (full 0):
 garbage-first heap   total 215040K, used 132976K [0x00000000a0000000, 0x0000000100000000)
  region size 1024K, 1 young (1024K), 1 survivors (1024K)
 Metaspace       used 78268K, committed 80576K, reserved 1179648K
  class space    used 10566K, committed 11648K, reserved 1048576K
}
Event: 104.694 GC heap before
{Heap before GC invocations=32 (full 0):
 garbage-first heap   total 215040K, used 167792K [0x00000000a0000000, 0x0000000100000000)
  region size 1024K, 35 young (35840K), 1 survivors (1024K)
 Metaspace       used 78614K, committed 80896K, reserved 1179648K
  class space    used 10613K, committed 11712K, reserved 1048576K
}

Dll operation events (13 events):
Event: 0.063 Loaded shared library C:\Program Files\Java\jdk-19\bin\java.dll
Event: 0.117 Loaded shared library C:\Program Files\Java\jdk-19\bin\jsvml.dll
Event: 0.555 Loaded shared library C:\Program Files\Java\jdk-19\bin\net.dll
Event: 0.574 Loaded shared library C:\Program Files\Java\jdk-19\bin\nio.dll
Event: 0.623 Loaded shared library C:\Program Files\Java\jdk-19\bin\zip.dll
Event: 2.471 Loaded shared library C:\Program Files\Java\jdk-19\bin\jimage.dll
Event: 3.131 Loaded shared library C:\Program Files\Java\jdk-19\bin\verify.dll
Event: 4.552 Loaded shared library C:\Users\User\.gradle\native\68d5fa5c4cc2d200863cafc0d521ce42e7d3e7ee720ec0a83991735586a16f82\windows-amd64\native-platform.dll
Event: 4.610 Loaded shared library C:\Users\User\.gradle\native\e376f236ea51e6404a007f0833ffe2c6e607c4080706a723a18a27aeea778392\windows-amd64\native-platform-file-events.dll
Event: 11.109 Loaded shared library C:\Program Files\Java\jdk-19\bin\management.dll
Event: 11.127 Loaded shared library C:\Program Files\Java\jdk-19\bin\management_ext.dll
Event: 12.446 Loaded shared library C:\Program Files\Java\jdk-19\bin\extnet.dll
Event: 13.832 Loaded shared library C:\Program Files\Java\jdk-19\bin\sunmscapi.dll

Deoptimization events (20 events):
Event: 101.003 Thread 0x0000020db49b5db0 DEOPT PACKING pc=0x0000020d9b17f534 sp=0x000000314f0f6700
Event: 101.003 Thread 0x0000020db49b5db0 DEOPT UNPACKING pc=0x0000020da1b57543 sp=0x000000314f0f5b70 mode 0
Event: 101.043 Thread 0x0000020db49b5db0 DEOPT PACKING pc=0x0000020d9b17f534 sp=0x000000314f0f6700
Event: 101.043 Thread 0x0000020db49b5db0 DEOPT UNPACKING pc=0x0000020da1b57543 sp=0x000000314f0f5b70 mode 0
Event: 101.070 Thread 0x0000020db49b5db0 DEOPT PACKING pc=0x0000020d9b17f534 sp=0x000000314f0f6700
Event: 101.071 Thread 0x0000020db49b5db0 DEOPT UNPACKING pc=0x0000020da1b57543 sp=0x000000314f0f5b70 mode 0
Event: 101.074 Thread 0x0000020db49b5db0 DEOPT PACKING pc=0x0000020d9b17f534 sp=0x000000314f0f6700
Event: 101.074 Thread 0x0000020db49b5db0 DEOPT UNPACKING pc=0x0000020da1b57543 sp=0x000000314f0f5b70 mode 0
Event: 101.139 Thread 0x0000020db49b5db0 DEOPT PACKING pc=0x0000020d9b17f534 sp=0x000000314f0f6700
Event: 101.139 Thread 0x0000020db49b5db0 DEOPT UNPACKING pc=0x0000020da1b57543 sp=0x000000314f0f5b70 mode 0
Event: 101.731 Thread 0x0000020db49b5db0 DEOPT PACKING pc=0x0000020d9ac00002 sp=0x000000314f0f8bf0
Event: 101.731 Thread 0x0000020db49b5db0 DEOPT UNPACKING pc=0x0000020da1b57543 sp=0x000000314f0f7f88 mode 0
Event: 102.903 Thread 0x0000020db49b5db0 DEOPT PACKING pc=0x0000020d9a6766dc sp=0x000000314f0f9f90
Event: 102.904 Thread 0x0000020db49b5db0 DEOPT UNPACKING pc=0x0000020da1b57543 sp=0x000000314f0f9428 mode 0
Event: 103.886 Thread 0x0000020db49b5db0 DEOPT PACKING pc=0x0000020d9b34ec5b sp=0x000000314f0f9820
Event: 103.887 Thread 0x0000020db49b5db0 DEOPT UNPACKING pc=0x0000020da1b57543 sp=0x000000314f0f8d70 mode 0
Event: 104.371 Thread 0x0000020db49b5db0 Uncommon trap: trap_request=0xffffff45 fr.pc=0x0000020da2627708 relative=0x0000000000000308
Event: 104.371 Thread 0x0000020db49b5db0 Uncommon trap: reason=unstable_if action=reinterpret pc=0x0000020da2627708 method=org.gradle.internal.component.model.DefaultComponentOverrideMetadata.forDependency(ZLorg/gradle/internal/component/model/IvyArtifactName;Lorg/gradle/api/artifacts/ClientModu
Event: 104.371 Thread 0x0000020db49b5db0 DEOPT PACKING pc=0x0000020da2627708 sp=0x000000314f0f9170
Event: 104.371 Thread 0x0000020db49b5db0 DEOPT UNPACKING pc=0x0000020da1b56da3 sp=0x000000314f0f90b8 mode 2

Classes loaded (20 events):
Event: 86.477 Loading class java/util/regex/MatcherBeanInfo
Event: 86.477 Loading class java/util/regex/MatcherBeanInfo done
Event: 86.479 Loading class java/util/regex/MatcherBeanInfo
Event: 86.480 Loading class java/util/regex/MatcherBeanInfo done
Event: 86.480 Loading class java/util/regex/MatcherCustomizer
Event: 86.481 Loading class java/util/regex/MatcherCustomizer done
Event: 86.482 Loading class java/util/regex/MatcherCustomizer
Event: 86.482 Loading class java/util/regex/MatcherCustomizer done
Event: 86.663 Loading class java/lang/MathBeanInfo
Event: 86.663 Loading class java/lang/MathBeanInfo done
Event: 86.664 Loading class java/lang/MathBeanInfo
Event: 86.664 Loading class java/lang/MathBeanInfo done
Event: 86.665 Loading class java/lang/MathCustomizer
Event: 86.665 Loading class java/lang/MathCustomizer done
Event: 86.665 Loading class java/lang/MathCustomizer
Event: 86.665 Loading class java/lang/MathCustomizer done
Event: 90.279 Loading class java/beans/ParameterDescriptor
Event: 90.280 Loading class java/beans/ParameterDescriptor done
Event: 90.425 Loading class java/util/regex/Pattern$Pos
Event: 90.425 Loading class java/util/regex/Pattern$Pos done

Classes unloaded (0 events):
No events

Classes redefined (0 events):
No events

Internal exceptions (20 events):
Event: 101.246 Thread 0x0000020db49b5db0 Exception <a 'java/lang/ClassNotFoundException'{0x00000000abfddec8}: com/android/build/gradle/internal/dsl/TestOptionsCustomizer> (0x00000000abfddec8) 
thrown [s\open\src\hotspot\share\classfile\systemDictionary.cpp, line 255]
Event: 101.255 Thread 0x0000020db49b5db0 Exception <a 'java/lang/ClassNotFoundException'{0x00000000abb05fb8}: com/android/build/gradle/internal/dsl/TestOptions_DecoratedCustomizer> (0x00000000abb05fb8) 
thrown [s\open\src\hotspot\share\classfile\systemDictionary.cpp, line 255]
Event: 101.272 Thread 0x0000020db49b5db0 Exception <a 'java/lang/ClassNotFoundException'{0x00000000abb5ddb0}: com/android/build/gradle/internal/dsl/TestOptions$UnitTestOptions_DecoratedBeanInfo> (0x00000000abb5ddb0) 
thrown [s\open\src\hotspot\share\classfile\systemDictionary.cpp, line 255]
Event: 101.276 Thread 0x0000020db49b5db0 Exception <a 'java/lang/ClassNotFoundException'{0x00000000abb6b518}: com/android/build/gradle/internal/dsl/TestOptions$UnitTestOptionsBeanInfo> (0x00000000abb6b518) 
thrown [s\open\src\hotspot\share\classfile\systemDictionary.cpp, line 255]
Event: 101.281 Thread 0x0000020db49b5db0 Exception <a 'java/lang/ClassNotFoundException'{0x00000000abb787e0}: com/android/build/gradle/internal/dsl/TestOptions$UnitTestOptionsCustomizer> (0x00000000abb787e0) 
thrown [s\open\src\hotspot\share\classfile\systemDictionary.cpp, line 255]
Event: 101.286 Thread 0x0000020db49b5db0 Exception <a 'java/lang/ClassNotFoundException'{0x00000000abb8c4c8}: com/android/build/gradle/internal/dsl/TestOptions$UnitTestOptions_DecoratedCustomizer> (0x00000000abb8c4c8) 
thrown [s\open\src\hotspot\share\classfile\systemDictionary.cpp, line 255]
Event: 101.570 Thread 0x0000020db49b5db0 Exception <a 'java/lang/ClassNotFoundException'{0x00000000ab4adbd8}: build_2o3eyjxj6ijo9tqury1tab1eqBeanInfo> (0x00000000ab4adbd8) 
thrown [s\open\src\hotspot\share\classfile\systemDictionary.cpp, line 255]
Event: 101.571 Thread 0x0000020db49b5db0 Exception <a 'java/lang/ClassNotFoundException'{0x00000000ab4b3fa8}: build_2o3eyjxj6ijo9tqury1tab1eqCustomizer> (0x00000000ab4b3fa8) 
thrown [s\open\src\hotspot\share\classfile\systemDictionary.cpp, line 255]
Event: 102.472 Thread 0x0000020db49b5db0 Exception <a 'java/lang/ClassNotFoundException'{0x00000000ad1c9728}: build_2o3eyjxj6ijo9tqury1tab1eqBeanInfo> (0x00000000ad1c9728) 
thrown [s\open\src\hotspot\share\classfile\systemDictionary.cpp, line 255]
Event: 102.474 Thread 0x0000020db49b5db0 Exception <a 'java/lang/ClassNotFoundException'{0x00000000ad1cfa98}: build_2o3eyjxj6ijo9tqury1tab1eqCustomizer> (0x00000000ad1cfa98) 
thrown [s\open\src\hotspot\share\classfile\systemDictionary.cpp, line 255]
Event: 102.997 Thread 0x0000020db49b5db0 Exception <a 'java/lang/ClassNotFoundException'{0x00000000acb4f540}: build_a811vqbk2ipbirevpjz3a03pcBeanInfo> (0x00000000acb4f540) 
thrown [s\open\src\hotspot\share\classfile\systemDictionary.cpp, line 255]
Event: 103.000 Thread 0x0000020db49b5db0 Exception <a 'java/lang/ClassNotFoundException'{0x00000000acb55910}: build_a811vqbk2ipbirevpjz3a03pcCustomizer> (0x00000000acb55910) 
thrown [s\open\src\hotspot\share\classfile\systemDictionary.cpp, line 255]
Event: 103.251 Thread 0x0000020db49b5db0 Exception <a 'java/lang/ClassNotFoundException'{0x00000000ac547008}: build_a811vqbk2ipbirevpjz3a03pcBeanInfo> (0x00000000ac547008) 
thrown [s\open\src\hotspot\share\classfile\systemDictionary.cpp, line 255]
Event: 103.253 Thread 0x0000020db49b5db0 Exception <a 'java/lang/ClassNotFoundException'{0x00000000ac54d5b8}: build_a811vqbk2ipbirevpjz3a03pcCustomizer> (0x00000000ac54d5b8) 
thrown [s\open\src\hotspot\share\classfile\systemDictionary.cpp, line 255]
Event: 103.665 Thread 0x0000020db49b5db0 Exception <a 'java/lang/ClassNotFoundException'{0x00000000ac043b58}: build_1f5os9zjmi0xiuqkcbl1hkimeBeanInfo> (0x00000000ac043b58) 
thrown [s\open\src\hotspot\share\classfile\systemDictionary.cpp, line 255]
Event: 103.667 Thread 0x0000020db49b5db0 Exception <a 'java/lang/ClassNotFoundException'{0x00000000ac049f28}: build_1f5os9zjmi0xiuqkcbl1hkimeCustomizer> (0x00000000ac049f28) 
thrown [s\open\src\hotspot\share\classfile\systemDictionary.cpp, line 255]
Event: 103.878 Thread 0x0000020db49b5db0 Exception <a 'java/lang/ClassNotFoundException'{0x00000000aba384d0}: build_1f5os9zjmi0xiuqkcbl1hkimeBeanInfo> (0x00000000aba384d0) 
thrown [s\open\src\hotspot\share\classfile\systemDictionary.cpp, line 255]
Event: 103.880 Thread 0x0000020db49b5db0 Exception <a 'java/lang/ClassNotFoundException'{0x00000000aba3e840}: build_1f5os9zjmi0xiuqkcbl1hkimeCustomizer> (0x00000000aba3e840) 
thrown [s\open\src\hotspot\share\classfile\systemDictionary.cpp, line 255]
Event: 104.247 Thread 0x0000020db49b5db0 Exception <a 'java/lang/ClassNotFoundException'{0x00000000ab52d0c8}: build_9rpm08im4igb6m02oy2hrc2tpBeanInfo> (0x00000000ab52d0c8) 
thrown [s\open\src\hotspot\share\classfile\systemDictionary.cpp, line 255]
Event: 104.249 Thread 0x0000020db49b5db0 Exception <a 'java/lang/ClassNotFoundException'{0x00000000ab533498}: build_9rpm08im4igb6m02oy2hrc2tpCustomizer> (0x00000000ab533498) 
thrown [s\open\src\hotspot\share\classfile\systemDictionary.cpp, line 255]

VM Operations (20 events):
Event: 97.229 Executing VM operation: Cleanup done
Event: 98.125 Executing VM operation: G1CollectForAllocation
Event: 98.225 Executing VM operation: G1CollectForAllocation done
Event: 98.873 Executing VM operation: CollectForMetadataAllocation
Event: 98.934 Executing VM operation: CollectForMetadataAllocation done
Event: 99.868 Executing VM operation: G1PauseRemark
Event: 99.901 Executing VM operation: G1PauseRemark done
Event: 100.318 Executing VM operation: G1PauseCleanup
Event: 100.320 Executing VM operation: G1PauseCleanup done
Event: 101.326 Executing VM operation: Cleanup
Event: 101.330 Executing VM operation: Cleanup done
Event: 101.965 Executing VM operation: G1CollectForAllocation
Event: 102.030 Executing VM operation: G1CollectForAllocation done
Event: 102.282 Executing VM operation: G1CollectForAllocation
Event: 102.320 Executing VM operation: G1CollectForAllocation done
Event: 103.329 Executing VM operation: Cleanup
Event: 103.331 Executing VM operation: Cleanup done
Event: 104.333 Executing VM operation: Cleanup
Event: 104.334 Executing VM operation: Cleanup done
Event: 104.693 Executing VM operation: G1CollectForAllocation

Events (20 events):
Event: 89.803 Thread 0x0000020dafc517d0 flushing nmethod 0x0000020d9b582090
Event: 89.803 Thread 0x0000020dafc517d0 flushing nmethod 0x0000020d9b59fb90
Event: 89.803 Thread 0x0000020dafc517d0 flushing nmethod 0x0000020d9b5a1490
Event: 89.803 Thread 0x0000020dafc517d0 flushing nmethod 0x0000020d9b5a3010
Event: 89.803 Thread 0x0000020dafc517d0 flushing nmethod 0x0000020d9b5a4390
Event: 89.803 Thread 0x0000020dafc517d0 flushing nmethod 0x0000020d9b5a4890
Event: 89.803 Thread 0x0000020dafc517d0 flushing nmethod 0x0000020d9b5a4e90
Event: 89.803 Thread 0x0000020dafc517d0 flushing nmethod 0x0000020d9b5b5190
Event: 89.803 Thread 0x0000020dafc517d0 flushing nmethod 0x0000020d9b5c5210
Event: 89.805 Thread 0x0000020dafc517d0 flushing nmethod 0x0000020d9b631190
Event: 89.805 Thread 0x0000020dafc517d0 flushing nmethod 0x0000020d9b631890
Event: 93.642 Thread 0x0000020db4208d40 Thread exited: 0x0000020db4208d40
Event: 94.986 Thread 0x0000020db4208220 Thread exited: 0x0000020db4208220
Event: 95.082 Thread 0x0000020db83e1c50 Thread added: 0x0000020db83e1c50
Event: 95.340 Thread 0x0000020db83e1c50 Thread exited: 0x0000020db83e1c50
Event: 95.551 Thread 0x0000020db83dfaf0 Thread added: 0x0000020db83dfaf0
Event: 96.303 Thread 0x0000020db83dfaf0 Thread exited: 0x0000020db83dfaf0
Event: 96.448 Thread 0x0000020db83e0080 Thread added: 0x0000020db83e0080
Event: 101.260 Thread 0x0000020db83e0080 Thread exited: 0x0000020db83e0080
Event: 101.442 Thread 0x0000020db83e0080 Thread added: 0x0000020db83e0080


Dynamic libraries:
0x00007ff670cd0000 - 0x00007ff670ce0000 	C:\Program Files\Java\jdk-19\bin\java.exe
0x00007ffba99d0000 - 0x00007ffba9bc8000 	C:\Windows\SYSTEM32\ntdll.dll
0x00007ffba94d0000 - 0x00007ffba958f000 	C:\Windows\System32\KERNEL32.DLL
0x00007ffba7690000 - 0x00007ffba7986000 	C:\Windows\System32\KERNELBASE.dll
0x00007ffba7260000 - 0x00007ffba7360000 	C:\Windows\System32\ucrtbase.dll
0x00007ffba18b0000 - 0x00007ffba18c8000 	C:\Program Files\Java\jdk-19\bin\jli.dll
0x00007ffb9f080000 - 0x00007ffb9f09b000 	C:\Program Files\Java\jdk-19\bin\VCRUNTIME140.dll
0x00007ffba9040000 - 0x00007ffba90ef000 	C:\Windows\System32\ADVAPI32.dll
0x00007ffba98f0000 - 0x00007ffba998e000 	C:\Windows\System32\msvcrt.dll
0x00007ffba8900000 - 0x00007ffba899c000 	C:\Windows\System32\sechost.dll
0x00007ffba8b70000 - 0x00007ffba8c96000 	C:\Windows\System32\RPCRT4.dll
0x00007ffba7a30000 - 0x00007ffba7bcd000 	C:\Windows\System32\USER32.dll
0x00007ffba7360000 - 0x00007ffba7382000 	C:\Windows\System32\win32u.dll
0x00007ffba8180000 - 0x00007ffba81ac000 	C:\Windows\System32\GDI32.dll
0x00007ffba7140000 - 0x00007ffba7255000 	C:\Windows\System32\gdi32full.dll
0x00007ffb90e20000 - 0x00007ffb910ba000 	C:\Windows\WinSxS\amd64_microsoft.windows.common-controls_6595b64144ccf1df_6.0.19041.1110_none_60b5254171f9507e\COMCTL32.dll
0x00007ffba7990000 - 0x00007ffba7a2d000 	C:\Windows\System32\msvcp_win.dll
0x00007ffba6c30000 - 0x00007ffba6c3a000 	C:\Windows\SYSTEM32\VERSION.dll
0x00007ffba9010000 - 0x00007ffba9040000 	C:\Windows\System32\IMM32.DLL
0x000000006dfd0000 - 0x000000006dfdc000 	C:\Program Files (x86)\360\Total Security\safemon\SafeWrapper.dll
0x00007ffb93e10000 - 0x00007ffb93ea2000 	C:\Program Files (x86)\360\Total Security\safemon\libzdtp64.dll
0x00007ffba81b0000 - 0x00007ffba88f4000 	C:\Windows\System32\SHELL32.dll
0x00007ffba8fa0000 - 0x00007ffba8ff5000 	C:\Windows\System32\SHLWAPI.dll
0x00007ffb9f070000 - 0x00007ffb9f07c000 	C:\Program Files\Java\jdk-19\bin\vcruntime140_1.dll
0x00007ffb93d80000 - 0x00007ffb93e0e000 	C:\Program Files\Java\jdk-19\bin\msvcp140.dll
0x00007ffb680b0000 - 0x00007ffb68d70000 	C:\Program Files\Java\jdk-19\bin\server\jvm.dll
0x00007ffba42e0000 - 0x00007ffba4307000 	C:\Windows\SYSTEM32\WINMM.dll
0x00007ffb8bf90000 - 0x00007ffb8bf99000 	C:\Windows\SYSTEM32\WSOCK32.dll
0x00007ffba7bd0000 - 0x00007ffba7c3b000 	C:\Windows\System32\WS2_32.dll
0x00007ffba5880000 - 0x00007ffba5892000 	C:\Windows\SYSTEM32\kernel.appcore.dll
0x00007ffb9f060000 - 0x00007ffb9f06a000 	C:\Program Files\Java\jdk-19\bin\jimage.dll
0x00007ffba55a0000 - 0x00007ffba5784000 	C:\Windows\SYSTEM32\DBGHELP.DLL
0x00007ffba42a0000 - 0x00007ffba42d4000 	C:\Windows\SYSTEM32\dbgcore.DLL
0x00007ffba70b0000 - 0x00007ffba7132000 	C:\Windows\System32\bcryptPrimitives.dll
0x00007ffb93eb0000 - 0x00007ffb93ed6000 	C:\Program Files\Java\jdk-19\bin\java.dll
0x00007ffb71100000 - 0x00007ffb711d7000 	C:\Program Files\Java\jdk-19\bin\jsvml.dll
0x00007ffba4e00000 - 0x00007ffba5593000 	C:\Windows\SYSTEM32\windows.storage.dll
0x00007ffba9590000 - 0x00007ffba98e4000 	C:\Windows\System32\combase.dll
0x00007ffba6a90000 - 0x00007ffba6abe000 	C:\Windows\SYSTEM32\Wldp.dll
0x00007ffba9220000 - 0x00007ffba92cd000 	C:\Windows\System32\SHCORE.dll
0x00007ffba6ff0000 - 0x00007ffba700f000 	C:\Windows\SYSTEM32\profapi.dll
0x00007ffb93d60000 - 0x00007ffb93d73000 	C:\Program Files\Java\jdk-19\bin\net.dll
0x00007ffb9edb0000 - 0x00007ffb9eeba000 	C:\Windows\SYSTEM32\WINHTTP.dll
0x00007ffba67f0000 - 0x00007ffba685a000 	C:\Windows\system32\mswsock.dll
0x00007ffb93d40000 - 0x00007ffb93d56000 	C:\Program Files\Java\jdk-19\bin\nio.dll
0x00007ffb92fa0000 - 0x00007ffb92fb8000 	C:\Program Files\Java\jdk-19\bin\zip.dll
0x00007ffb9c150000 - 0x00007ffb9c160000 	C:\Program Files\Java\jdk-19\bin\verify.dll
0x00007ffb91c90000 - 0x00007ffb91cb7000 	C:\Users\User\.gradle\native\68d5fa5c4cc2d200863cafc0d521ce42e7d3e7ee720ec0a83991735586a16f82\windows-amd64\native-platform.dll
0x00007ffb70fb0000 - 0x00007ffb710f4000 	C:\Users\User\.gradle\native\e376f236ea51e6404a007f0833ffe2c6e607c4080706a723a18a27aeea778392\windows-amd64\native-platform-file-events.dll
0x00007ffb9b370000 - 0x00007ffb9b37a000 	C:\Program Files\Java\jdk-19\bin\management.dll
0x00007ffb93d30000 - 0x00007ffb93d3b000 	C:\Program Files\Java\jdk-19\bin\management_ext.dll
0x00007ffba8dc0000 - 0x00007ffba8dc8000 	C:\Windows\System32\PSAPI.DLL
0x00007ffba69e0000 - 0x00007ffba69f8000 	C:\Windows\SYSTEM32\CRYPTSP.dll
0x00007ffba60a0000 - 0x00007ffba60d4000 	C:\Windows\system32\rsaenh.dll
0x00007ffba7400000 - 0x00007ffba7427000 	C:\Windows\System32\bcrypt.dll
0x00007ffba6fb0000 - 0x00007ffba6fde000 	C:\Windows\SYSTEM32\USERENV.dll
0x00007ffba6a00000 - 0x00007ffba6a0c000 	C:\Windows\SYSTEM32\CRYPTBASE.dll
0x00007ffba6490000 - 0x00007ffba64cc000 	C:\Windows\SYSTEM32\IPHLPAPI.DLL
0x00007ffba9000000 - 0x00007ffba9008000 	C:\Windows\System32\NSI.dll
0x00007ffb9f7b0000 - 0x00007ffb9f7c7000 	C:\Windows\SYSTEM32\dhcpcsvc6.DLL
0x00007ffb9f9b0000 - 0x00007ffb9f9cd000 	C:\Windows\SYSTEM32\dhcpcsvc.DLL
0x00007ffba64e0000 - 0x00007ffba65aa000 	C:\Windows\SYSTEM32\DNSAPI.dll
0x00007ffb92f90000 - 0x00007ffb92f98000 	C:\Program Files\Java\jdk-19\bin\extnet.dll
0x00007ffb92e80000 - 0x00007ffb92e8e000 	C:\Program Files\Java\jdk-19\bin\sunmscapi.dll
0x00007ffba7530000 - 0x00007ffba768e000 	C:\Windows\System32\CRYPT32.dll
0x00007ffba6b00000 - 0x00007ffba6b28000 	C:\Windows\SYSTEM32\ncrypt.dll
0x00007ffba6ac0000 - 0x00007ffba6afb000 	C:\Windows\SYSTEM32\NTASN1.dll
0x00007ffb83690000 - 0x00007ffb83697000 	C:\Windows\system32\wshunix.dll

dbghelp: loaded successfully - version: 4.0.5 - missing functions: none
symbol engine: initialized successfully - sym options: 0x614 - pdb path: .;C:\Program Files\Java\jdk-19\bin;C:\Windows\SYSTEM32;C:\Windows\WinSxS\amd64_microsoft.windows.common-controls_6595b64144ccf1df_6.0.19041.1110_none_60b5254171f9507e;C:\Program Files (x86)\360\Total Security\safemon;C:\Program Files\Java\jdk-19\bin\server;C:\Users\User\.gradle\native\68d5fa5c4cc2d200863cafc0d521ce42e7d3e7ee720ec0a83991735586a16f82\windows-amd64;C:\Users\User\.gradle\native\e376f236ea51e6404a007f0833ffe2c6e607c4080706a723a18a27aeea778392\windows-amd64

VM Arguments:
jvm_args: --add-opens=java.base/java.util=ALL-UNNAMED --add-opens=java.base/java.lang=ALL-UNNAMED --add-opens=java.base/java.lang.invoke=ALL-UNNAMED --add-opens=java.prefs/java.util.prefs=ALL-UNNAMED --add-opens=java.base/java.nio.charset=ALL-UNNAMED --add-opens=java.base/java.net=ALL-UNNAMED --add-opens=java.base/java.util.concurrent.atomic=ALL-UNNAMED -Xmx1536M -Dfile.encoding=UTF-8 -Duser.country=US -Duser.language=en -Duser.variant 
java_command: org.gradle.launcher.daemon.bootstrap.GradleDaemon 7.6
java_class_path (initial): C:\Users\User\.gradle\wrapper\dists\gradle-7.6-all\9f832ih6bniajn45pbmqhk2cw\gradle-7.6\lib\gradle-launcher-7.6.jar
Launcher Type: SUN_STANDARD

[Global flags]
     intx CICompilerCount                          = 4                                         {product} {ergonomic}
     uint ConcGCThreads                            = 2                                         {product} {ergonomic}
     uint G1ConcRefinementThreads                  = 8                                         {product} {ergonomic}
   size_t G1HeapRegionSize                         = 1048576                                   {product} {ergonomic}
    uintx GCDrainStackTargetSize                   = 64                                        {product} {ergonomic}
   size_t InitialHeapSize                          = 134217728                                 {product} {ergonomic}
   size_t MarkStackSize                            = 4194304                                   {product} {ergonomic}
   size_t MaxHeapSize                              = 1610612736                                {product} {command line}
   size_t MaxNewSize                               = 965738496                                 {product} {ergonomic}
   size_t MinHeapDeltaBytes                        = 1048576                                   {product} {ergonomic}
   size_t MinHeapSize                              = 8388608                                   {product} {ergonomic}
    uintx NonNMethodCodeHeapSize                   = 5839372                                {pd product} {ergonomic}
    uintx NonProfiledCodeHeapSize                  = 122909434                              {pd product} {ergonomic}
    uintx ProfiledCodeHeapSize                     = 122909434                              {pd product} {ergonomic}
    uintx ReservedCodeCacheSize                    = 251658240                              {pd product} {ergonomic}
     bool SegmentedCodeCache                       = true                                      {product} {ergonomic}
   size_t SoftMaxHeapSize                          = 1610612736                             {manageable} {ergonomic}
     bool UseCompressedClassPointers               = true                           {product lp64_product} {ergonomic}
     bool UseCompressedOops                        = true                           {product lp64_product} {ergonomic}
     bool UseG1GC                                  = true                                      {product} {ergonomic}
     bool UseLargePagesIndividualAllocation        = false                                  {pd product} {ergonomic}

Logging:
Log output configuration:
 #0: stdout all=warning uptime,level,tags foldmultilines=false
 #1: stderr all=off uptime,level,tags foldmultilines=false

Environment Variables:
JAVA_HOME=C:\Program Files\Java\jdk-19
CLASSPATH=E:\ss\flutter\zflutter project\final_project\android\\gradle\wrapper\gradle-wrapper.jar
PATH=C:\Program Files\Common Files\Oracle\Java\javapath;C:\Program Files (x86)\Common Files\Oracle\Java\javapath;C:\Windows\system32;C:\Windows;C:\Windows\System32\Wbem;C:\Windows\System32\WindowsPowerShell\v1.0\;C:\Windows\System32\OpenSSH\;"C:\src\flutter\bin;";"C:\Program Files\Dart\dart-sdk\bin;";C:\Program Files\Git\cmd;C:\Users\User\anaconda3\Lib\venv\scripts\nt;C:\Users\User\AppData\Local\Programs\Python\Python311;C:\Program Files\nodejs\;C:\Users\User\AppData\Local\Microsoft\WindowsApps;"C:\Program Files\Dart\dart-sdk\bin;";"C:\src\flutter\bin;";C:\Users\User\AppData\Local\Programs\Microsoft VS Code\bin;C:\Users\User\AppData\Local\Programs\Python\Python311;C:\src\flutter\bin;C:\Users\User\AppData\Roaming\npm;;C:\src\flutter\bin\mingit\cmd
USERNAME=User
OS=Windows_NT
PROCESSOR_IDENTIFIER=Intel64 Family 6 Model 142 Stepping 12, GenuineIntel
TMP=C:\Users\User\AppData\Local\Temp
TEMP=C:\Users\User\AppData\Local\Temp



---------------  S Y S T E M  ---------------

OS:
 Windows 10 , 64 bit Build 19041 (10.0.19041.3031)
OS uptime: 1 days 6:47 hours

CPU: total 8 (initial active 8) (4 cores per cpu, 2 threads per core) family 6 model 142 stepping 12 microcode 0xb8, cx8, cmov, fxsr, ht, mmx, 3dnowpref, sse, sse2, sse3, ssse3, sse4.1, sse4.2, popcnt, lzcnt, tsc, tscinvbit, avx, avx2, aes, erms, clmul, bmi1, bmi2, adx, fma, vzeroupper, clflush, clflushopt, rdtscp

Memory: 4k page, system-wide physical 8068M (419M free)
TotalPageFile size 18067M (AvailPageFile size 98M)
current process WorkingSet (physical memory assigned to process): 436M, peak: 440M
current process commit charge ("private bytes"): 504M, peak: 714M

vm_info: Java HotSpot(TM) 64-Bit Server VM (19+36-2238) for windows-amd64 JRE (19+36-2238), built on 2022-08-12T20:29:01Z by "mach5one" with MS VC++ 17.1 (VS2022)

END.
