#
# There is insufficient memory for the Java Runtime Environment to continue.
# Native memory allocation (malloc) failed to allocate 32744 bytes for Chunk::new
# Possible reasons:
#   The system is out of physical RAM or swap space
#   The process is running with CompressedOops enabled, and the Java Heap may be blocking the growth of the native heap
# Possible solutions:
#   Reduce memory load on the system
#   Increase physical memory or swap space
#   Check if swap backing store is full
#   Decrease Java heap size (-Xmx/-Xms)
#   Decrease number of Java threads
#   Decrease Java thread stack sizes (-Xss)
#   Set larger code cache with -XX:ReservedCodeCacheSize=
#   JVM is running with Unscaled Compressed Oops mode in which the Java heap is
#     placed in the first 4GB address space. The Java Heap base address is the
#     maximum limit for the native heap growth. Please use -XX:HeapBaseMinAddress
#     to set the Java Heap base and to place the Java Heap above 4GB virtual address.
# This output file may be truncated or incomplete.
#
#  Out of Memory Error (arena.cpp:184), pid=972, tid=12064
#
# JRE version: Java(TM) SE Runtime Environment (19.0+36) (build 19+36-2238)
# Java VM: Java HotSpot(TM) 64-Bit Server VM (19+36-2238, mixed mode, sharing, tiered, compressed oops, compressed class ptrs, g1 gc, windows-amd64)
# No core dump will be written. Minidumps are not enabled by default on client versions of Windows
#

---------------  S U M M A R Y ------------

Command Line: -Dorg.gradle.appname=gradlew org.gradle.wrapper.GradleWrapperMain -q -Ptarget-platform=android-x86 -Ptarget=E:\ss\flutter\zflutter project\final_project\lib\main.dart -Pbase-application-name=android.app.Application -Pdart-defines=Zmx1dHRlci5pbnNwZWN0b3Iuc3RydWN0dXJlZEVycm9ycz10cnVl,RkxVVFRFUl9XRUJfQVVUT19ERVRFQ1Q9dHJ1ZQ==,RkxVVFRFUl9XRUJfQ0FOVkFTS0lUX1VSTD1odHRwczovL3d3dy5nc3RhdGljLmNvbS9mbHV0dGVyLWNhbnZhc2tpdC9iNGZiMTEyMTRkZDJkZGE2Y2UwMTJkZDk4ZWE0OThlOWU4YjkxMjYyLw== -Pdart-obfuscation=false -Ptrack-widget-creation=true -Ptree-shake-icons=false -Pfilesystem-scheme=org-dartlang-root assembleDebug

Host: Intel(R) Core(TM) i7-8565U CPU @ 1.80GHz, 8 cores, 7G,  Windows 10 , 64 bit Build 19041 (10.0.19041.3031)
Time: Thu Jun 29 08:13:22 2023 Egypt Daylight Time elapsed time: 11.484372 seconds (0d 0h 0m 11s)

---------------  T H R E A D  ---------------

Current thread (0x0000024b4bdc6df0):  JavaThread "C1 CompilerThread0" daemon [_thread_in_native, id=12064, stack(0x00000093de400000,0x00000093de500000)]


Current CompileTask:
C1:  11484 1287       3       jdk.internal.org.objectweb.asm.MethodWriter::computeAllFrames (510 bytes)

Stack: [0x00000093de400000,0x00000093de500000]
Native frames: (J=compiled Java code, j=interpreted, Vv=VM code, C=native code)
V  [jvm.dll+0x6ee8fa]
V  [jvm.dll+0x857a1e]
V  [jvm.dll+0x85940e]
V  [jvm.dll+0x859ac3]
V  [jvm.dll+0x28291f]
V  [jvm.dll+0xc9b5f]
V  [jvm.dll+0xc9ee5]
V  [jvm.dll+0x164d1d]
V  [jvm.dll+0x165145]
V  [jvm.dll+0x175076]
V  [jvm.dll+0x160c20]
V  [jvm.dll+0x160f93]
V  [jvm.dll+0x161278]
V  [jvm.dll+0x1606d6]
V  [jvm.dll+0x1623cd]
V  [jvm.dll+0x25b0fa]
V  [jvm.dll+0x259588]
V  [jvm.dll+0x807928]
V  [jvm.dll+0x8015fa]
V  [jvm.dll+0x6ed5eb]
C  [ucrtbase.dll+0x21bb2]
C  [KERNEL32.DLL+0x17614]
C  [ntdll.dll+0x526f1]


---------------  P R O C E S S  ---------------

Threads class SMR info:
_java_thread_list=0x0000024b513e5660, length=15, elements={
0x0000024b2dc0fcf0, 0x0000024b4bdb1390, 0x0000024b4bdb2180, 0x0000024b4bdb35b0,
0x0000024b4bdb74a0, 0x0000024b4bdb7dd0, 0x0000024b4bdb9710, 0x0000024b4bdba370,
0x0000024b4bdc6df0, 0x0000024b4bdbb4c0, 0x0000024b50934dd0, 0x0000024b50933340,
0x0000024b50932350, 0x0000024b509328a0, 0x0000024b50935320
}

Java Threads: ( => current thread )
  0x0000024b2dc0fcf0 JavaThread "main" [_thread_in_native, id=13196, stack(0x00000093dd600000,0x00000093dd700000)]
  0x0000024b4bdb1390 JavaThread "Reference Handler" daemon [_thread_blocked, id=6744, stack(0x00000093ddd00000,0x00000093dde00000)]
  0x0000024b4bdb2180 JavaThread "Finalizer" daemon [_thread_blocked, id=6660, stack(0x00000093dde00000,0x00000093ddf00000)]
  0x0000024b4bdb35b0 JavaThread "Signal Dispatcher" daemon [_thread_blocked, id=9092, stack(0x00000093ddf00000,0x00000093de000000)]
  0x0000024b4bdb74a0 JavaThread "Attach Listener" daemon [_thread_blocked, id=15984, stack(0x00000093de000000,0x00000093de100000)]
  0x0000024b4bdb7dd0 JavaThread "Service Thread" daemon [_thread_blocked, id=14244, stack(0x00000093de100000,0x00000093de200000)]
  0x0000024b4bdb9710 JavaThread "Monitor Deflation Thread" daemon [_thread_blocked, id=11596, stack(0x00000093de200000,0x00000093de300000)]
  0x0000024b4bdba370 JavaThread "C2 CompilerThread0" daemon [_thread_blocked, id=10236, stack(0x00000093de300000,0x00000093de400000)]
=>0x0000024b4bdc6df0 JavaThread "C1 CompilerThread0" daemon [_thread_in_native, id=12064, stack(0x00000093de400000,0x00000093de500000)]
  0x0000024b4bdbb4c0 JavaThread "Sweeper thread" daemon [_thread_blocked, id=14928, stack(0x00000093de500000,0x00000093de600000)]
  0x0000024b50934dd0 JavaThread "Notification Thread" daemon [_thread_blocked, id=13944, stack(0x00000093de600000,0x00000093de700000)]
  0x0000024b50933340 JavaThread "Common-Cleaner" daemon [_thread_blocked, id=10656, stack(0x00000093de800000,0x00000093de900000)]
  0x0000024b50932350 JavaThread "pool-1-thread-1" [_thread_blocked, id=3724, stack(0x00000093de900000,0x00000093dea00000)]
  0x0000024b509328a0 JavaThread "DisconnectableInputStream source reader" daemon [_thread_in_native, id=3616, stack(0x00000093df000000,0x00000093df100000)]
  0x0000024b50935320 JavaThread "Forward input" [_thread_blocked, id=12616, stack(0x00000093df100000,0x00000093df200000)]

Other Threads:
  0x0000024b4bd96220 VMThread "VM Thread" [stack: 0x00000093ddc00000,0x00000093ddd00000] [id=11728]
  0x0000024b5093a5f0 WatcherThread "VM Periodic Task Thread" [stack: 0x00000093de700000,0x00000093de800000] [id=4864]
  0x0000024b2dc6ff90 WorkerThread "GC Thread#0" [stack: 0x00000093dd700000,0x00000093dd800000] [id=13008]
  0x0000024b51182180 WorkerThread "GC Thread#1" [stack: 0x00000093dea00000,0x00000093deb00000] [id=15836]
  0x0000024b512fe5e0 WorkerThread "GC Thread#2" [stack: 0x00000093deb00000,0x00000093dec00000] [id=4844]
  0x0000024b511f9bd0 WorkerThread "GC Thread#3" [stack: 0x00000093dec00000,0x00000093ded00000] [id=6028]
  0x0000024b511f8820 WorkerThread "GC Thread#4" [stack: 0x00000093ded00000,0x00000093dee00000] [id=10936]
  0x0000024b511f8dc0 WorkerThread "GC Thread#5" [stack: 0x00000093dee00000,0x00000093def00000] [id=16152]
  0x0000024b2dc81a50 ConcurrentGCThread "G1 Main Marker" [stack: 0x00000093dd800000,0x00000093dd900000] [id=15728]
  0x0000024b2dc82530 WorkerThread "G1 Conc#0" [stack: 0x00000093dd900000,0x00000093dda00000] [id=15872]
  0x0000024b4bc4f3f0 ConcurrentGCThread "G1 Refine#0" [stack: 0x00000093dda00000,0x00000093ddb00000] [id=12476]
  0x0000024b4bc4fbe0 ConcurrentGCThread "G1 Service" [stack: 0x00000093ddb00000,0x00000093ddc00000] [id=10272]

Threads with active compile tasks:
C1 CompilerThread0    11518 1287       3       jdk.internal.org.objectweb.asm.MethodWriter::computeAllFrames (510 bytes)

VM state: not at safepoint (normal execution)

VM Mutex/Monitor currently owned by a thread: None

Heap address: 0x0000000081e00000, size: 2018 MB, Compressed Oops mode: 32-bit

CDS archive(s) mapped at: [0x0000000800000000-0x0000000800c40000-0x0000000800c40000), size 12845056, SharedBaseAddress: 0x0000000800000000, ArchiveRelocationMode: 0.
Compressed class space mapped at: 0x0000000801000000-0x0000000841000000, reserved size: 1073741824
Narrow klass base: 0x0000000800000000, Narrow klass shift: 0, Narrow klass range: 0x100000000

GC Precious Log:
 CardTable entry size: 512
 Card Set container configuration: InlinePtr #cards 5 size 8 Array Of Cards #cards 12 size 40 Howl #buckets 4 coarsen threshold 1843 Howl Bitmap #cards 512 size 80 coarsen threshold 460 Card regions per heap region 1 cards per card region 2048
 CPUs: 8 total, 8 available
 Memory: 8068M
 Large Page Support: Disabled
 NUMA Support: Disabled
 Compressed Oops: Enabled (32-bit)
 Heap Region Size: 1M
 Heap Min Capacity: 8M
 Heap Initial Capacity: 128M
 Heap Max Capacity: 2018M
 Pre-touch: Disabled
 Parallel Workers: 8
 Concurrent Workers: 2
 Concurrent Refinement Workers: 8
 Periodic GC: Disabled

Heap:
 garbage-first heap   total 131072K, used 20512K [0x0000000081e00000, 0x0000000100000000)
  region size 1024K, 15 young (15360K), 3 survivors (3072K)
 Metaspace       used 8403K, committed 8704K, reserved 1114112K
  class space    used 1118K, committed 1280K, reserved 1048576K

Heap Regions: E=young(eden), S=young(survivor), O=old, HS=humongous(starts), HC=humongous(continues), CS=collection set, F=free, OA=open archive, CA=closed archive, TAMS=top-at-mark-start (previous, next)
|   0|0x0000000081e00000, 0x0000000081f00000, 0x0000000081f00000|100%|HS|  |TAMS 0x0000000081e00000, 0x0000000081e00000| Complete 
|   1|0x0000000081f00000, 0x0000000082000000, 0x0000000082000000|100%|HC|  |TAMS 0x0000000081f00000, 0x0000000081f00000| Complete 
|   2|0x0000000082000000, 0x0000000082100000, 0x0000000082100000|100%|HC|  |TAMS 0x0000000082000000, 0x0000000082000000| Complete 
|   3|0x0000000082100000, 0x0000000082200000, 0x0000000082200000|100%| O|  |TAMS 0x0000000082100000, 0x0000000082100000| Untracked 
|   4|0x0000000082200000, 0x0000000082300000, 0x0000000082300000|100%| O|  |TAMS 0x0000000082200000, 0x0000000082200000| Untracked 
|   5|0x0000000082300000, 0x0000000082400000, 0x0000000082400000|100%| O|  |TAMS 0x0000000082300000, 0x0000000082300000| Untracked 
|   6|0x0000000082400000, 0x0000000082408000, 0x0000000082500000|  3%| O|  |TAMS 0x0000000082400000, 0x0000000082400000| Untracked 
|   7|0x0000000082500000, 0x0000000082500000, 0x0000000082600000|  0%| F|  |TAMS 0x0000000082500000, 0x0000000082500000| Untracked 
|   8|0x0000000082600000, 0x0000000082600000, 0x0000000082700000|  0%| F|  |TAMS 0x0000000082600000, 0x0000000082600000| Untracked 
|   9|0x0000000082700000, 0x0000000082700000, 0x0000000082800000|  0%| F|  |TAMS 0x0000000082700000, 0x0000000082700000| Untracked 
|  10|0x0000000082800000, 0x0000000082800000, 0x0000000082900000|  0%| F|  |TAMS 0x0000000082800000, 0x0000000082800000| Untracked 
|  11|0x0000000082900000, 0x0000000082900000, 0x0000000082a00000|  0%| F|  |TAMS 0x0000000082900000, 0x0000000082900000| Untracked 
|  12|0x0000000082a00000, 0x0000000082a00000, 0x0000000082b00000|  0%| F|  |TAMS 0x0000000082a00000, 0x0000000082a00000| Untracked 
|  13|0x0000000082b00000, 0x0000000082b00000, 0x0000000082c00000|  0%| F|  |TAMS 0x0000000082b00000, 0x0000000082b00000| Untracked 
|  14|0x0000000082c00000, 0x0000000082c00000, 0x0000000082d00000|  0%| F|  |TAMS 0x0000000082c00000, 0x0000000082c00000| Untracked 
|  15|0x0000000082d00000, 0x0000000082d00000, 0x0000000082e00000|  0%| F|  |TAMS 0x0000000082d00000, 0x0000000082d00000| Untracked 
|  16|0x0000000082e00000, 0x0000000082e00000, 0x0000000082f00000|  0%| F|  |TAMS 0x0000000082e00000, 0x0000000082e00000| Untracked 
|  17|0x0000000082f00000, 0x0000000082f00000, 0x0000000083000000|  0%| F|  |TAMS 0x0000000082f00000, 0x0000000082f00000| Untracked 
|  18|0x0000000083000000, 0x0000000083000000, 0x0000000083100000|  0%| F|  |TAMS 0x0000000083000000, 0x0000000083000000| Untracked 
|  19|0x0000000083100000, 0x0000000083100000, 0x0000000083200000|  0%| F|  |TAMS 0x0000000083100000, 0x0000000083100000| Untracked 
|  20|0x0000000083200000, 0x0000000083200000, 0x0000000083300000|  0%| F|  |TAMS 0x0000000083200000, 0x0000000083200000| Untracked 
|  21|0x0000000083300000, 0x0000000083300000, 0x0000000083400000|  0%| F|  |TAMS 0x0000000083300000, 0x0000000083300000| Untracked 
|  22|0x0000000083400000, 0x0000000083400000, 0x0000000083500000|  0%| F|  |TAMS 0x0000000083400000, 0x0000000083400000| Untracked 
|  23|0x0000000083500000, 0x0000000083500000, 0x0000000083600000|  0%| F|  |TAMS 0x0000000083500000, 0x0000000083500000| Untracked 
|  24|0x0000000083600000, 0x0000000083600000, 0x0000000083700000|  0%| F|  |TAMS 0x0000000083600000, 0x0000000083600000| Untracked 
|  25|0x0000000083700000, 0x0000000083700000, 0x0000000083800000|  0%| F|  |TAMS 0x0000000083700000, 0x0000000083700000| Untracked 
|  26|0x0000000083800000, 0x0000000083800000, 0x0000000083900000|  0%| F|  |TAMS 0x0000000083800000, 0x0000000083800000| Untracked 
|  27|0x0000000083900000, 0x0000000083900000, 0x0000000083a00000|  0%| F|  |TAMS 0x0000000083900000, 0x0000000083900000| Untracked 
|  28|0x0000000083a00000, 0x0000000083a00000, 0x0000000083b00000|  0%| F|  |TAMS 0x0000000083a00000, 0x0000000083a00000| Untracked 
|  29|0x0000000083b00000, 0x0000000083b00000, 0x0000000083c00000|  0%| F|  |TAMS 0x0000000083b00000, 0x0000000083b00000| Untracked 
|  30|0x0000000083c00000, 0x0000000083c00000, 0x0000000083d00000|  0%| F|  |TAMS 0x0000000083c00000, 0x0000000083c00000| Untracked 
|  31|0x0000000083d00000, 0x0000000083d00000, 0x0000000083e00000|  0%| F|  |TAMS 0x0000000083d00000, 0x0000000083d00000| Untracked 
|  32|0x0000000083e00000, 0x0000000083e00000, 0x0000000083f00000|  0%| F|  |TAMS 0x0000000083e00000, 0x0000000083e00000| Untracked 
|  33|0x0000000083f00000, 0x0000000083f00000, 0x0000000084000000|  0%| F|  |TAMS 0x0000000083f00000, 0x0000000083f00000| Untracked 
|  34|0x0000000084000000, 0x0000000084000000, 0x0000000084100000|  0%| F|  |TAMS 0x0000000084000000, 0x0000000084000000| Untracked 
|  35|0x0000000084100000, 0x0000000084100000, 0x0000000084200000|  0%| F|  |TAMS 0x0000000084100000, 0x0000000084100000| Untracked 
|  36|0x0000000084200000, 0x0000000084200000, 0x0000000084300000|  0%| F|  |TAMS 0x0000000084200000, 0x0000000084200000| Untracked 
|  37|0x0000000084300000, 0x0000000084300000, 0x0000000084400000|  0%| F|  |TAMS 0x0000000084300000, 0x0000000084300000| Untracked 
|  38|0x0000000084400000, 0x0000000084400000, 0x0000000084500000|  0%| F|  |TAMS 0x0000000084400000, 0x0000000084400000| Untracked 
|  39|0x0000000084500000, 0x0000000084500000, 0x0000000084600000|  0%| F|  |TAMS 0x0000000084500000, 0x0000000084500000| Untracked 
|  40|0x0000000084600000, 0x0000000084600000, 0x0000000084700000|  0%| F|  |TAMS 0x0000000084600000, 0x0000000084600000| Untracked 
|  41|0x0000000084700000, 0x0000000084700000, 0x0000000084800000|  0%| F|  |TAMS 0x0000000084700000, 0x0000000084700000| Untracked 
|  42|0x0000000084800000, 0x0000000084800000, 0x0000000084900000|  0%| F|  |TAMS 0x0000000084800000, 0x0000000084800000| Untracked 
|  43|0x0000000084900000, 0x0000000084900000, 0x0000000084a00000|  0%| F|  |TAMS 0x0000000084900000, 0x0000000084900000| Untracked 
|  44|0x0000000084a00000, 0x0000000084a00000, 0x0000000084b00000|  0%| F|  |TAMS 0x0000000084a00000, 0x0000000084a00000| Untracked 
|  45|0x0000000084b00000, 0x0000000084b00000, 0x0000000084c00000|  0%| F|  |TAMS 0x0000000084b00000, 0x0000000084b00000| Untracked 
|  46|0x0000000084c00000, 0x0000000084c00000, 0x0000000084d00000|  0%| F|  |TAMS 0x0000000084c00000, 0x0000000084c00000| Untracked 
|  47|0x0000000084d00000, 0x0000000084d00000, 0x0000000084e00000|  0%| F|  |TAMS 0x0000000084d00000, 0x0000000084d00000| Untracked 
|  48|0x0000000084e00000, 0x0000000084e00000, 0x0000000084f00000|  0%| F|  |TAMS 0x0000000084e00000, 0x0000000084e00000| Untracked 
|  49|0x0000000084f00000, 0x0000000084f00000, 0x0000000085000000|  0%| F|  |TAMS 0x0000000084f00000, 0x0000000084f00000| Untracked 
|  50|0x0000000085000000, 0x0000000085000000, 0x0000000085100000|  0%| F|  |TAMS 0x0000000085000000, 0x0000000085000000| Untracked 
|  51|0x0000000085100000, 0x0000000085100000, 0x0000000085200000|  0%| F|  |TAMS 0x0000000085100000, 0x0000000085100000| Untracked 
|  52|0x0000000085200000, 0x0000000085200000, 0x0000000085300000|  0%| F|  |TAMS 0x0000000085200000, 0x0000000085200000| Untracked 
|  53|0x0000000085300000, 0x0000000085300000, 0x0000000085400000|  0%| F|  |TAMS 0x0000000085300000, 0x0000000085300000| Untracked 
|  54|0x0000000085400000, 0x0000000085400000, 0x0000000085500000|  0%| F|  |TAMS 0x0000000085400000, 0x0000000085400000| Untracked 
|  55|0x0000000085500000, 0x0000000085500000, 0x0000000085600000|  0%| F|  |TAMS 0x0000000085500000, 0x0000000085500000| Untracked 
|  56|0x0000000085600000, 0x0000000085600000, 0x0000000085700000|  0%| F|  |TAMS 0x0000000085600000, 0x0000000085600000| Untracked 
|  57|0x0000000085700000, 0x0000000085700000, 0x0000000085800000|  0%| F|  |TAMS 0x0000000085700000, 0x0000000085700000| Untracked 
|  58|0x0000000085800000, 0x0000000085800000, 0x0000000085900000|  0%| F|  |TAMS 0x0000000085800000, 0x0000000085800000| Untracked 
|  59|0x0000000085900000, 0x0000000085900000, 0x0000000085a00000|  0%| F|  |TAMS 0x0000000085900000, 0x0000000085900000| Untracked 
|  60|0x0000000085a00000, 0x0000000085a00000, 0x0000000085b00000|  0%| F|  |TAMS 0x0000000085a00000, 0x0000000085a00000| Untracked 
|  61|0x0000000085b00000, 0x0000000085b00000, 0x0000000085c00000|  0%| F|  |TAMS 0x0000000085b00000, 0x0000000085b00000| Untracked 
|  62|0x0000000085c00000, 0x0000000085c00000, 0x0000000085d00000|  0%| F|  |TAMS 0x0000000085c00000, 0x0000000085c00000| Untracked 
|  63|0x0000000085d00000, 0x0000000085d00000, 0x0000000085e00000|  0%| F|  |TAMS 0x0000000085d00000, 0x0000000085d00000| Untracked 
|  64|0x0000000085e00000, 0x0000000085e00000, 0x0000000085f00000|  0%| F|  |TAMS 0x0000000085e00000, 0x0000000085e00000| Untracked 
|  65|0x0000000085f00000, 0x0000000085f00000, 0x0000000086000000|  0%| F|  |TAMS 0x0000000085f00000, 0x0000000085f00000| Untracked 
|  66|0x0000000086000000, 0x0000000086000000, 0x0000000086100000|  0%| F|  |TAMS 0x0000000086000000, 0x0000000086000000| Untracked 
|  67|0x0000000086100000, 0x0000000086100000, 0x0000000086200000|  0%| F|  |TAMS 0x0000000086100000, 0x0000000086100000| Untracked 
|  68|0x0000000086200000, 0x0000000086200000, 0x0000000086300000|  0%| F|  |TAMS 0x0000000086200000, 0x0000000086200000| Untracked 
|  69|0x0000000086300000, 0x0000000086300000, 0x0000000086400000|  0%| F|  |TAMS 0x0000000086300000, 0x0000000086300000| Untracked 
|  70|0x0000000086400000, 0x0000000086400000, 0x0000000086500000|  0%| F|  |TAMS 0x0000000086400000, 0x0000000086400000| Untracked 
|  71|0x0000000086500000, 0x0000000086500000, 0x0000000086600000|  0%| F|  |TAMS 0x0000000086500000, 0x0000000086500000| Untracked 
|  72|0x0000000086600000, 0x0000000086600000, 0x0000000086700000|  0%| F|  |TAMS 0x0000000086600000, 0x0000000086600000| Untracked 
|  73|0x0000000086700000, 0x0000000086700000, 0x0000000086800000|  0%| F|  |TAMS 0x0000000086700000, 0x0000000086700000| Untracked 
|  74|0x0000000086800000, 0x0000000086800000, 0x0000000086900000|  0%| F|  |TAMS 0x0000000086800000, 0x0000000086800000| Untracked 
|  75|0x0000000086900000, 0x0000000086900000, 0x0000000086a00000|  0%| F|  |TAMS 0x0000000086900000, 0x0000000086900000| Untracked 
|  76|0x0000000086a00000, 0x0000000086a00000, 0x0000000086b00000|  0%| F|  |TAMS 0x0000000086a00000, 0x0000000086a00000| Untracked 
|  77|0x0000000086b00000, 0x0000000086b00000, 0x0000000086c00000|  0%| F|  |TAMS 0x0000000086b00000, 0x0000000086b00000| Untracked 
|  78|0x0000000086c00000, 0x0000000086c00000, 0x0000000086d00000|  0%| F|  |TAMS 0x0000000086c00000, 0x0000000086c00000| Untracked 
|  79|0x0000000086d00000, 0x0000000086d00000, 0x0000000086e00000|  0%| F|  |TAMS 0x0000000086d00000, 0x0000000086d00000| Untracked 
|  80|0x0000000086e00000, 0x0000000086e00000, 0x0000000086f00000|  0%| F|  |TAMS 0x0000000086e00000, 0x0000000086e00000| Untracked 
|  81|0x0000000086f00000, 0x0000000086f00000, 0x0000000087000000|  0%| F|  |TAMS 0x0000000086f00000, 0x0000000086f00000| Untracked 
|  82|0x0000000087000000, 0x0000000087000000, 0x0000000087100000|  0%| F|  |TAMS 0x0000000087000000, 0x0000000087000000| Untracked 
|  83|0x0000000087100000, 0x0000000087100000, 0x0000000087200000|  0%| F|  |TAMS 0x0000000087100000, 0x0000000087100000| Untracked 
|  84|0x0000000087200000, 0x0000000087200000, 0x0000000087300000|  0%| F|  |TAMS 0x0000000087200000, 0x0000000087200000| Untracked 
|  85|0x0000000087300000, 0x0000000087300000, 0x0000000087400000|  0%| F|  |TAMS 0x0000000087300000, 0x0000000087300000| Untracked 
|  86|0x0000000087400000, 0x0000000087400000, 0x0000000087500000|  0%| F|  |TAMS 0x0000000087400000, 0x0000000087400000| Untracked 
|  87|0x0000000087500000, 0x0000000087500000, 0x0000000087600000|  0%| F|  |TAMS 0x0000000087500000, 0x0000000087500000| Untracked 
|  88|0x0000000087600000, 0x0000000087600000, 0x0000000087700000|  0%| F|  |TAMS 0x0000000087600000, 0x0000000087600000| Untracked 
|  89|0x0000000087700000, 0x0000000087700000, 0x0000000087800000|  0%| F|  |TAMS 0x0000000087700000, 0x0000000087700000| Untracked 
|  90|0x0000000087800000, 0x0000000087800000, 0x0000000087900000|  0%| F|  |TAMS 0x0000000087800000, 0x0000000087800000| Untracked 
|  91|0x0000000087900000, 0x0000000087900000, 0x0000000087a00000|  0%| F|  |TAMS 0x0000000087900000, 0x0000000087900000| Untracked 
|  92|0x0000000087a00000, 0x0000000087a00000, 0x0000000087b00000|  0%| F|  |TAMS 0x0000000087a00000, 0x0000000087a00000| Untracked 
|  93|0x0000000087b00000, 0x0000000087b00000, 0x0000000087c00000|  0%| F|  |TAMS 0x0000000087b00000, 0x0000000087b00000| Untracked 
|  94|0x0000000087c00000, 0x0000000087c00000, 0x0000000087d00000|  0%| F|  |TAMS 0x0000000087c00000, 0x0000000087c00000| Untracked 
|  95|0x0000000087d00000, 0x0000000087d00000, 0x0000000087e00000|  0%| F|  |TAMS 0x0000000087d00000, 0x0000000087d00000| Untracked 
|  96|0x0000000087e00000, 0x0000000087e00000, 0x0000000087f00000|  0%| F|  |TAMS 0x0000000087e00000, 0x0000000087e00000| Untracked 
|  97|0x0000000087f00000, 0x0000000087f00000, 0x0000000088000000|  0%| F|  |TAMS 0x0000000087f00000, 0x0000000087f00000| Untracked 
|  98|0x0000000088000000, 0x0000000088000000, 0x0000000088100000|  0%| F|  |TAMS 0x0000000088000000, 0x0000000088000000| Untracked 
|  99|0x0000000088100000, 0x0000000088100000, 0x0000000088200000|  0%| F|  |TAMS 0x0000000088100000, 0x0000000088100000| Untracked 
| 100|0x0000000088200000, 0x0000000088200000, 0x0000000088300000|  0%| F|  |TAMS 0x0000000088200000, 0x0000000088200000| Untracked 
| 101|0x0000000088300000, 0x0000000088300000, 0x0000000088400000|  0%| F|  |TAMS 0x0000000088300000, 0x0000000088300000| Untracked 
| 102|0x0000000088400000, 0x0000000088500000, 0x0000000088500000|100%| S|CS|TAMS 0x0000000088400000, 0x0000000088400000| Complete 
| 103|0x0000000088500000, 0x0000000088600000, 0x0000000088600000|100%| S|CS|TAMS 0x0000000088500000, 0x0000000088500000| Complete 
| 104|0x0000000088600000, 0x0000000088700000, 0x0000000088700000|100%| S|CS|TAMS 0x0000000088600000, 0x0000000088600000| Complete 
| 105|0x0000000088700000, 0x0000000088700000, 0x0000000088800000|  0%| F|  |TAMS 0x0000000088700000, 0x0000000088700000| Untracked 
| 106|0x0000000088800000, 0x0000000088800000, 0x0000000088900000|  0%| F|  |TAMS 0x0000000088800000, 0x0000000088800000| Untracked 
| 107|0x0000000088900000, 0x0000000088900000, 0x0000000088a00000|  0%| F|  |TAMS 0x0000000088900000, 0x0000000088900000| Untracked 
| 108|0x0000000088a00000, 0x0000000088a00000, 0x0000000088b00000|  0%| F|  |TAMS 0x0000000088a00000, 0x0000000088a00000| Untracked 
| 109|0x0000000088b00000, 0x0000000088b00000, 0x0000000088c00000|  0%| F|  |TAMS 0x0000000088b00000, 0x0000000088b00000| Untracked 
| 110|0x0000000088c00000, 0x0000000088c00000, 0x0000000088d00000|  0%| F|  |TAMS 0x0000000088c00000, 0x0000000088c00000| Untracked 
| 111|0x0000000088d00000, 0x0000000088d00000, 0x0000000088e00000|  0%| F|  |TAMS 0x0000000088d00000, 0x0000000088d00000| Untracked 
| 112|0x0000000088e00000, 0x0000000088e00000, 0x0000000088f00000|  0%| F|  |TAMS 0x0000000088e00000, 0x0000000088e00000| Untracked 
| 113|0x0000000088f00000, 0x0000000088f00000, 0x0000000089000000|  0%| F|  |TAMS 0x0000000088f00000, 0x0000000088f00000| Untracked 
| 114|0x0000000089000000, 0x0000000089000000, 0x0000000089100000|  0%| F|  |TAMS 0x0000000089000000, 0x0000000089000000| Untracked 
| 115|0x0000000089100000, 0x0000000089100000, 0x0000000089200000|  0%| F|  |TAMS 0x0000000089100000, 0x0000000089100000| Untracked 
| 116|0x0000000089200000, 0x0000000089266ef0, 0x0000000089300000| 40%| E|  |TAMS 0x0000000089200000, 0x0000000089200000| Complete 
| 117|0x0000000089300000, 0x0000000089400000, 0x0000000089400000|100%| E|CS|TAMS 0x0000000089300000, 0x0000000089300000| Complete 
| 118|0x0000000089400000, 0x0000000089500000, 0x0000000089500000|100%| E|CS|TAMS 0x0000000089400000, 0x0000000089400000| Complete 
| 119|0x0000000089500000, 0x0000000089600000, 0x0000000089600000|100%| E|CS|TAMS 0x0000000089500000, 0x0000000089500000| Complete 
| 120|0x0000000089600000, 0x0000000089700000, 0x0000000089700000|100%| E|CS|TAMS 0x0000000089600000, 0x0000000089600000| Complete 
| 121|0x0000000089700000, 0x0000000089800000, 0x0000000089800000|100%| E|CS|TAMS 0x0000000089700000, 0x0000000089700000| Complete 
| 122|0x0000000089800000, 0x0000000089900000, 0x0000000089900000|100%| E|CS|TAMS 0x0000000089800000, 0x0000000089800000| Complete 
| 123|0x0000000089900000, 0x0000000089a00000, 0x0000000089a00000|100%| E|CS|TAMS 0x0000000089900000, 0x0000000089900000| Complete 
| 124|0x0000000089a00000, 0x0000000089b00000, 0x0000000089b00000|100%| E|CS|TAMS 0x0000000089a00000, 0x0000000089a00000| Complete 
| 125|0x0000000089b00000, 0x0000000089c00000, 0x0000000089c00000|100%| E|CS|TAMS 0x0000000089b00000, 0x0000000089b00000| Complete 
| 126|0x0000000089c00000, 0x0000000089d00000, 0x0000000089d00000|100%| E|CS|TAMS 0x0000000089c00000, 0x0000000089c00000| Complete 
| 127|0x0000000089d00000, 0x0000000089e00000, 0x0000000089e00000|100%| E|CS|TAMS 0x0000000089d00000, 0x0000000089d00000| Complete 

Card table byte_map: [0x0000024b45280000,0x0000024b45680000] _byte_map_base: 0x0000024b44e71000

Marking Bits (Prev, Next): (CMBitMap*) 0x0000024b2dc704d0, (CMBitMap*) 0x0000024b2dc70510
 Prev Bits: [0x0000024b45a80000, 0x0000024b47a08000)
 Next Bits: [0x0000024b47a10000, 0x0000024b49998000)

Polling page: 0x0000024b2bb70000

Metaspace:

Usage:
  Non-class:      7.11 MB used.
      Class:      1.09 MB used.
       Both:      8.21 MB used.

Virtual space:
  Non-class space:       64.00 MB reserved,       7.25 MB ( 11%) committed,  1 nodes.
      Class space:        1.00 GB reserved,       1.25 MB ( <1%) committed,  1 nodes.
             Both:        1.06 GB reserved,       8.50 MB ( <1%) committed. 

Chunk freelists:
   Non-Class:  420.00 KB
       Class:  2.64 MB
        Both:  3.05 MB

MaxMetaspaceSize: unlimited
CompressedClassSpaceSize: 1.00 GB
Initial GC threshold: 21.00 MB
Current GC threshold: 21.00 MB
CDS: on
MetaspaceReclaimPolicy: balanced
 - commit_granule_bytes: 65536.
 - commit_granule_words: 8192.
 - virtual_space_node_default_size: 8388608.
 - enlarge_chunks_in_place: 1.
 - new_chunks_are_fully_committed: 0.
 - uncommit_free_chunks: 1.
 - use_allocation_guard: 0.


Internal statistics:

num_allocs_failed_limit: 0.
num_arena_births: 206.
num_arena_deaths: 0.
num_vsnodes_births: 2.
num_vsnodes_deaths: 0.
num_space_committed: 136.
num_space_uncommitted: 0.
num_chunks_returned_to_freelist: 0.
num_chunks_taken_from_freelist: 444.
num_chunk_merges: 0.
num_chunk_splits: 275.
num_chunks_enlarged: 204.
num_inconsistent_stats: 0.

CodeHeap 'non-profiled nmethods': size=120000Kb used=463Kb max_used=463Kb free=119536Kb
 bounds [0x0000024b3d620000, 0x0000024b3d890000, 0x0000024b44b50000]
CodeHeap 'profiled nmethods': size=120000Kb used=2277Kb max_used=2277Kb free=117722Kb
 bounds [0x0000024b35b50000, 0x0000024b35dc0000, 0x0000024b3d080000]
CodeHeap 'non-nmethods': size=5760Kb used=1261Kb max_used=1280Kb free=4498Kb
 bounds [0x0000024b3d080000, 0x0000024b3d2f0000, 0x0000024b3d620000]
 total_blobs=1762 nmethods=1286 adapters=387
 compilation: enabled
              stopped_count=0, restarted_count=0
 full_count=0

Compilation events (20 events):
Event: 7.787 Thread 0x0000024b4bdc6df0 1278       3       org.gradle.internal.logging.text.AbstractLineChoppingStyledTextOutput$StateContext::isCurrentCharEquals (70 bytes)
Event: 7.788 Thread 0x0000024b4bdc6df0 nmethod 1278 0x0000024b35d86f90 code [0x0000024b35d871a0, 0x0000024b35d878b8]
Event: 7.788 Thread 0x0000024b4bdc6df0 1277       1       org.gradle.internal.logging.text.AbstractLineChoppingStyledTextOutput$StateContext::access$500 (5 bytes)
Event: 7.788 Thread 0x0000024b4bdc6df0 nmethod 1277 0x0000024b3d690a90 code [0x0000024b3d690c20, 0x0000024b3d690cd8]
Event: 8.695 Thread 0x0000024b4bdc6df0 1279       3       java.util.LinkedHashMap$LinkedHashIterator::<init> (31 bytes)
Event: 8.696 Thread 0x0000024b4bdc6df0 nmethod 1279 0x0000024b35d87c10 code [0x0000024b35d87dc0, 0x0000024b35d88018]
Event: 8.990 Thread 0x0000024b4bdc6df0 1280       3       java.util.concurrent.ThreadPoolExecutor::isShutdown (12 bytes)
Event: 8.991 Thread 0x0000024b4bdc6df0 nmethod 1280 0x0000024b35d88110 code [0x0000024b35d882c0, 0x0000024b35d884b8]
Event: 8.991 Thread 0x0000024b4bdc6df0 1281       3       java.util.concurrent.ScheduledThreadPoolExecutor::canRunInCurrentRunState (61 bytes)
Event: 8.991 Thread 0x0000024b4bdc6df0 nmethod 1281 0x0000024b35d88590 code [0x0000024b35d887a0, 0x0000024b35d88fa8]
Event: 10.490 Thread 0x0000024b4bdba370 1282       4       java.util.concurrent.locks.AbstractQueuedSynchronizer::compareAndSetState (13 bytes)
Event: 10.490 Thread 0x0000024b4bdba370 nmethod 1282 0x0000024b3d690d90 code [0x0000024b3d690f00, 0x0000024b3d690f98]
Event: 11.376 Thread 0x0000024b4bdc6df0 1283       1       org.gradle.internal.dispatch.MethodInvocation::getMethod (5 bytes)
Event: 11.376 Thread 0x0000024b4bdc6df0 nmethod 1283 0x0000024b3d691090 code [0x0000024b3d691220, 0x0000024b3d6912d8]
Event: 11.376 Thread 0x0000024b4bdc6df0 1284       1       org.gradle.internal.dispatch.MethodInvocation::getArguments (5 bytes)
Event: 11.376 Thread 0x0000024b4bdc6df0 nmethod 1284 0x0000024b3d691390 code [0x0000024b3d691520, 0x0000024b3d6915d8]
Event: 11.376 Thread 0x0000024b4bdc6df0 1285       3       java.lang.invoke.MethodHandleNatives::refKindIsGetter (32 bytes)
Event: 11.376 Thread 0x0000024b4bdba370 1286       4       jdk.internal.org.objectweb.asm.Frame::execute (2305 bytes)
Event: 11.376 Thread 0x0000024b4bdc6df0 nmethod 1285 0x0000024b35d89210 code [0x0000024b35d893a0, 0x0000024b35d894f8]
Event: 11.376 Thread 0x0000024b4bdc6df0 1287       3       jdk.internal.org.objectweb.asm.MethodWriter::computeAllFrames (510 bytes)

GC Heap History (2 events):
Event: 0.496 GC heap before
{Heap before GC invocations=0 (full 0):
 garbage-first heap   total 131072K, used 25600K [0x0000000081e00000, 0x0000000100000000)
  region size 1024K, 23 young (23552K), 0 survivors (0K)
 Metaspace       used 4460K, committed 4672K, reserved 1114112K
  class space    used 576K, committed 704K, reserved 1048576K
}
Event: 0.500 GC heap after
{Heap after GC invocations=1 (full 0):
 garbage-first heap   total 131072K, used 9248K [0x0000000081e00000, 0x0000000100000000)
  region size 1024K, 3 young (3072K), 3 survivors (3072K)
 Metaspace       used 4460K, committed 4672K, reserved 1114112K
  class space    used 576K, committed 704K, reserved 1048576K
}

Dll operation events (12 events):
Event: 0.005 Loaded shared library C:\Program Files\Java\jdk-19\bin\java.dll
Event: 0.012 Loaded shared library C:\Program Files\Java\jdk-19\bin\jsvml.dll
Event: 0.043 Loaded shared library C:\Program Files\Java\jdk-19\bin\net.dll
Event: 0.045 Loaded shared library C:\Program Files\Java\jdk-19\bin\nio.dll
Event: 0.048 Loaded shared library C:\Program Files\Java\jdk-19\bin\zip.dll
Event: 0.050 Loaded shared library C:\Program Files\Java\jdk-19\bin\verify.dll
Event: 0.081 Loaded shared library C:\Program Files\Java\jdk-19\bin\jimage.dll
Event: 0.467 Loaded shared library C:\Users\User\.gradle\native\68d5fa5c4cc2d200863cafc0d521ce42e7d3e7ee720ec0a83991735586a16f82\windows-amd64\native-platform.dll
Event: 0.556 Loaded shared library C:\Program Files\Java\jdk-19\bin\management.dll
Event: 0.557 Loaded shared library C:\Program Files\Java\jdk-19\bin\management_ext.dll
Event: 0.724 Loaded shared library C:\Program Files\Java\jdk-19\bin\extnet.dll
Event: 0.750 Loaded shared library C:\Program Files\Java\jdk-19\bin\sunmscapi.dll

Deoptimization events (20 events):
Event: 0.596 Thread 0x0000024b2dc0fcf0 DEOPT PACKING pc=0x0000024b35bc0357 sp=0x00000093dd6fb170
Event: 0.596 Thread 0x0000024b2dc0fcf0 DEOPT UNPACKING pc=0x0000024b3d0e7543 sp=0x00000093dd6fa5f0 mode 0
Event: 0.599 Thread 0x0000024b2dc0fcf0 DEOPT PACKING pc=0x0000024b35c3e821 sp=0x00000093dd6fb120
Event: 0.599 Thread 0x0000024b2dc0fcf0 DEOPT UNPACKING pc=0x0000024b3d0e7543 sp=0x00000093dd6fa628 mode 0
Event: 0.624 Thread 0x0000024b2dc0fcf0 Uncommon trap: trap_request=0xffffffc6 fr.pc=0x0000024b3d678cb4 relative=0x00000000000002f4
Event: 0.624 Thread 0x0000024b2dc0fcf0 Uncommon trap: reason=bimorphic_or_optimized_type_check action=maybe_recompile pc=0x0000024b3d678cb4 method=java.util.concurrent.ConcurrentHashMap.get(Ljava/lang/Object;)Ljava/lang/Object; @ 149 c2
Event: 0.624 Thread 0x0000024b2dc0fcf0 DEOPT PACKING pc=0x0000024b3d678cb4 sp=0x00000093dd6fc8e0
Event: 0.624 Thread 0x0000024b2dc0fcf0 DEOPT UNPACKING pc=0x0000024b3d0e6da3 sp=0x00000093dd6fc850 mode 2
Event: 0.644 Thread 0x0000024b2dc0fcf0 Uncommon trap: trap_request=0xffffff45 fr.pc=0x0000024b3d66e128 relative=0x00000000000016c8
Event: 0.644 Thread 0x0000024b2dc0fcf0 Uncommon trap: reason=unstable_if action=reinterpret pc=0x0000024b3d66e128 method=java.io.WinNTFileSystem.normalize(Ljava/lang/String;)Ljava/lang/String; @ 128 c2
Event: 0.644 Thread 0x0000024b2dc0fcf0 DEOPT PACKING pc=0x0000024b3d66e128 sp=0x00000093dd6fc8c0
Event: 0.644 Thread 0x0000024b2dc0fcf0 DEOPT UNPACKING pc=0x0000024b3d0e6da3 sp=0x00000093dd6fc898 mode 2
Event: 0.734 Thread 0x0000024b2dc0fcf0 Uncommon trap: trap_request=0xffffff45 fr.pc=0x0000024b3d65c49c relative=0x000000000000055c
Event: 0.734 Thread 0x0000024b2dc0fcf0 Uncommon trap: reason=unstable_if action=reinterpret pc=0x0000024b3d65c49c method=java.lang.AbstractStringBuilder.append(Ljava/lang/String;)Ljava/lang/AbstractStringBuilder; @ 1 c2
Event: 0.734 Thread 0x0000024b2dc0fcf0 DEOPT PACKING pc=0x0000024b3d65c49c sp=0x00000093dd6fd600
Event: 0.734 Thread 0x0000024b2dc0fcf0 DEOPT UNPACKING pc=0x0000024b3d0e6da3 sp=0x00000093dd6fd580 mode 2
Event: 0.735 Thread 0x0000024b2dc0fcf0 Uncommon trap: trap_request=0xffffff45 fr.pc=0x0000024b3d657b94 relative=0x0000000000000554
Event: 0.735 Thread 0x0000024b2dc0fcf0 Uncommon trap: reason=unstable_if action=reinterpret pc=0x0000024b3d657b94 method=java.lang.AbstractStringBuilder.append(Ljava/lang/String;)Ljava/lang/AbstractStringBuilder; @ 1 c2
Event: 0.735 Thread 0x0000024b2dc0fcf0 DEOPT PACKING pc=0x0000024b3d657b94 sp=0x00000093dd6fd590
Event: 0.735 Thread 0x0000024b2dc0fcf0 DEOPT UNPACKING pc=0x0000024b3d0e6da3 sp=0x00000093dd6fd578 mode 2

Classes loaded (20 events):
Event: 7.728 Loading class jdk/internal/logger/LazyLoggers$1
Event: 7.728 Loading class jdk/internal/logger/LazyLoggers$1 done
Event: 7.728 Loading class jdk/internal/logger/LazyLoggers$LazyLoggerFactories
Event: 7.728 Loading class jdk/internal/logger/LazyLoggers$LazyLoggerFactories done
Event: 7.730 Loading class jdk/internal/logger/LoggerFinderLoader
Event: 7.730 Loading class jdk/internal/logger/LoggerFinderLoader done
Event: 7.732 Loading class sun/util/logging/internal/LoggingProviderImpl$JULWrapper
Event: 7.732 Loading class sun/util/logging/PlatformLogger$ConfigurableBridge$LoggerConfiguration
Event: 7.732 Loading class sun/util/logging/PlatformLogger$ConfigurableBridge$LoggerConfiguration done
Event: 7.732 Loading class sun/util/logging/internal/LoggingProviderImpl$JULWrapper done
Event: 7.733 Loading class java/io/ObjectInputFilter$Config$BuiltinFilterFactory
Event: 7.733 Loading class java/io/ObjectInputFilter$Config$BuiltinFilterFactory done
Event: 7.733 Loading class jdk/internal/access/JavaObjectInputFilterAccess
Event: 7.733 Loading class jdk/internal/access/JavaObjectInputFilterAccess done
Event: 7.733 Loading class java/lang/System$Logger$Level
Event: 7.734 Loading class java/lang/System$Logger$Level done
Event: 7.734 Loading class java/io/Bits
Event: 7.734 Loading class java/io/Bits done
Event: 11.376 Loading class java/lang/invoke/MethodHandle$1
Event: 11.376 Loading class java/lang/invoke/MethodHandle$1 done

Classes unloaded (0 events):
No events

Classes redefined (0 events):
No events

Internal exceptions (20 events):
Event: 0.117 Thread 0x0000024b2dc0fcf0 Exception <a 'java/lang/NoSuchMethodError'{0x0000000089a7b760}: 'void java.lang.invoke.DirectMethodHandle$Holder.invokeStatic(java.lang.Object, java.lang.Object, java.lang.Object)'> (0x0000000089a7b760) 
thrown [s\open\src\hotspot\share\interpreter\linkResolver.cpp, line 774]
Event: 0.120 Thread 0x0000024b2dc0fcf0 Exception <a 'java/lang/NoSuchMethodError'{0x0000000089a8ec48}: 'java.lang.Object java.lang.invoke.Invokers$Holder.invokeExact_MT(java.lang.Object, java.lang.Object, java.lang.Object, java.lang.Object, java.lang.Object)'> (0x0000000089a8ec48) 
thrown [s\open\src\hotspot\share\interpreter\linkResolver.cpp, line 774]
Event: 0.123 Thread 0x0000024b2dc0fcf0 Exception <a 'java/lang/NoSuchMethodError'{0x0000000089abc3f8}: 'int java.lang.invoke.DirectMethodHandle$Holder.invokeStaticInit(java.lang.Object, java.lang.Object)'> (0x0000000089abc3f8) 
thrown [s\open\src\hotspot\share\interpreter\linkResolver.cpp, line 774]
Event: 0.439 Thread 0x0000024b2dc0fcf0 Exception <a 'java/lang/NoSuchMethodError'{0x0000000088ac31e8}: 'void java.lang.invoke.DirectMethodHandle$Holder.invokeInterface(java.lang.Object, java.lang.Object, java.lang.Object)'> (0x0000000088ac31e8) 
thrown [s\open\src\hotspot\share\interpreter\linkResolver.cpp, line 774]
Event: 0.446 Thread 0x0000024b2dc0fcf0 Exception <a 'java/lang/NoClassDefFoundError'{0x000000008890e670}: org/slf4j/impl/StaticMarkerBinder> (0x000000008890e670) 
thrown [s\open\src\hotspot\share\classfile\systemDictionary.cpp, line 244]
Event: 0.454 Thread 0x0000024b2dc0fcf0 Exception <a 'java/lang/NoSuchMethodError'{0x00000000889958a8}: 'java.lang.Object java.lang.invoke.DirectMethodHandle$Holder.invokeVirtual(java.lang.Object, java.lang.Object, java.lang.Object, java.lang.Object, java.lang.Object, java.lang.Object, java.lang.Object)'> (0x00000000889958a8) 
thrown [s\open\src\hotspot\share\interpreter\linkResolver.cpp, line 774]
Event: 0.455 Thread 0x0000024b2dc0fcf0 Exception <a 'java/lang/NoSuchMethodError'{0x00000000889a94f8}: 'java.lang.Object java.lang.invoke.DirectMethodHandle$Holder.invokeStatic(java.lang.Object, java.lang.Object, int)'> (0x00000000889a94f8) 
thrown [s\open\src\hotspot\share\interpreter\linkResolver.cpp, line 774]
Event: 0.456 Thread 0x0000024b2dc0fcf0 Exception <a 'java/lang/NoSuchMethodError'{0x00000000889b5220}: 'void java.lang.invoke.DelegatingMethodHandle$Holder.delegate(java.lang.Object, java.lang.Object, int, java.lang.Object)'> (0x00000000889b5220) 
thrown [s\open\src\hotspot\share\interpreter\linkResolver.cpp, line 774]
Event: 0.457 Thread 0x0000024b2dc0fcf0 Exception <a 'java/lang/NoSuchMethodError'{0x00000000889b9380}: 'int java.lang.invoke.DirectMethodHandle$Holder.invokeSpecial(java.lang.Object, java.lang.Object, java.lang.Object)'> (0x00000000889b9380) 
thrown [s\open\src\hotspot\share\interpreter\linkResolver.cpp, line 774]
Event: 0.472 Thread 0x0000024b2dc0fcf0 Exception <a 'java/lang/NoSuchMethodError'{0x0000000088851ea0}: 'java.lang.Object java.lang.invoke.DirectMethodHandle$Holder.invokeVirtual(java.lang.Object, java.lang.Object, java.lang.Object)'> (0x0000000088851ea0) 
thrown [s\open\src\hotspot\share\interpreter\linkResolver.cpp, line 774]
Event: 0.511 Thread 0x0000024b2dc0fcf0 Exception <a 'java/lang/NoSuchMethodError'{0x0000000089ddd8e0}: 'java.lang.Object java.lang.invoke.DirectMethodHandle$Holder.invokeVirtual(java.lang.Object, java.lang.Object, java.lang.Object, java.lang.Object)'> (0x0000000089ddd8e0) 
thrown [s\open\src\hotspot\share\interpreter\linkResolver.cpp, line 774]
Event: 0.522 Thread 0x0000024b2dc0fcf0 Exception <a 'java/lang/NoSuchMethodError'{0x0000000089c732c0}: 'java.lang.Object java.lang.invoke.DirectMethodHandle$Holder.invokeVirtual(java.lang.Object, java.lang.Object, java.lang.Object, java.lang.Object, java.lang.Object, java.lang.Object)'> (0x0000000089c732c0) 
thrown [s\open\src\hotspot\share\interpreter\linkResolver.cpp, line 774]
Event: 0.555 Thread 0x0000024b2dc0fcf0 Exception <a 'java/lang/NoSuchMethodError'{0x0000000089ab1320}: 'java.lang.Object java.lang.invoke.DirectMethodHandle$Holder.invokeStaticInit(java.lang.Object)'> (0x0000000089ab1320) 
thrown [s\open\src\hotspot\share\interpreter\linkResolver.cpp, line 774]
Event: 0.580 Thread 0x0000024b2dc0fcf0 Exception <a 'java/lang/NoSuchMethodError'{0x00000000899fd708}: 'java.lang.Object java.lang.invoke.DirectMethodHandle$Holder.invokeVirtual(java.lang.Object, java.lang.Object, java.lang.Object, java.lang.Object, java.lang.Object)'> (0x00000000899fd708) 
thrown [s\open\src\hotspot\share\interpreter\linkResolver.cpp, line 774]
Event: 0.581 Thread 0x0000024b2dc0fcf0 Exception <a 'java/lang/NoSuchMethodError'{0x0000000089811b30}: 'java.lang.Object java.lang.invoke.Invokers$Holder.invokeExact_MT(java.lang.Object, java.lang.Object, java.lang.Object, java.lang.Object, java.lang.Object, java.lang.Object)'> (0x0000000089811b30) 
thrown [s\open\src\hotspot\share\interpreter\linkResolver.cpp, line 774]
Event: 0.604 Thread 0x0000024b2dc0fcf0 Exception <a 'java/lang/NoSuchMethodError'{0x0000000089605160}: 'java.lang.Object java.lang.invoke.DirectMethodHandle$Holder.invokeVirtual(java.lang.Object, java.lang.Object, java.lang.Object, java.lang.Object, java.lang.Object, java.lang.Object, java.lang.Object, java.lang.Object)'> (0x0000000089605160) 
thrown [s\open\src\hotspot\share\interpreter\linkResolver.cpp, line 774]
Event: 0.621 Thread 0x0000024b2dc0fcf0 Exception <a 'java/lang/NoSuchMethodError'{0x000000008952c480}: 'java.lang.Object java.lang.invoke.DirectMethodHandle$Holder.invokeStaticInit(java.lang.Object, int, int, int, int)'> (0x000000008952c480) 
thrown [s\open\src\hotspot\share\interpreter\linkResolver.cpp, line 774]
Event: 0.646 Thread 0x0000024b2dc0fcf0 Exception <a 'java/lang/NoSuchMethodError'{0x0000000089548540}: 'java.lang.Object java.lang.invoke.DirectMethodHandle$Holder.invokeStaticInit(java.lang.Object, java.lang.Object, int, int, int, int)'> (0x0000000089548540) 
thrown [s\open\src\hotspot\share\interpreter\linkResolver.cpp, line 774]
Event: 0.734 Thread 0x0000024b2dc0fcf0 Implicit null exception at 0x0000024b3d65bf72 to 0x0000024b3d65c484
Event: 0.735 Thread 0x0000024b2dc0fcf0 Implicit null exception at 0x0000024b3d657672 to 0x0000024b3d657b7c

VM Operations (16 events):
Event: 0.048 Executing VM operation: HandshakeAllThreads
Event: 0.048 Executing VM operation: HandshakeAllThreads done
Event: 0.376 Executing VM operation: HandshakeAllThreads
Event: 0.376 Executing VM operation: HandshakeAllThreads done
Event: 0.455 Executing VM operation: HandshakeAllThreads
Event: 0.455 Executing VM operation: HandshakeAllThreads done
Event: 0.496 Executing VM operation: G1CollectForAllocation
Event: 0.500 Executing VM operation: G1CollectForAllocation done
Event: 0.504 Executing VM operation: HandshakeAllThreads
Event: 0.504 Executing VM operation: HandshakeAllThreads done
Event: 0.596 Executing VM operation: HandshakeAllThreads
Event: 0.596 Executing VM operation: HandshakeAllThreads done
Event: 0.645 Executing VM operation: HandshakeAllThreads
Event: 0.645 Executing VM operation: HandshakeAllThreads done
Event: 1.653 Executing VM operation: Cleanup
Event: 1.654 Executing VM operation: Cleanup done

Events (15 events):
Event: 0.012 Thread 0x0000024b2dc0fcf0 Thread added: 0x0000024b2dc0fcf0
Event: 0.020 Thread 0x0000024b4bdb1390 Thread added: 0x0000024b4bdb1390
Event: 0.020 Thread 0x0000024b4bdb2180 Thread added: 0x0000024b4bdb2180
Event: 0.021 Thread 0x0000024b4bdb35b0 Thread added: 0x0000024b4bdb35b0
Event: 0.021 Thread 0x0000024b4bdb74a0 Thread added: 0x0000024b4bdb74a0
Event: 0.021 Thread 0x0000024b4bdb7dd0 Thread added: 0x0000024b4bdb7dd0
Event: 0.021 Thread 0x0000024b4bdb9710 Thread added: 0x0000024b4bdb9710
Event: 0.021 Thread 0x0000024b4bdba370 Thread added: 0x0000024b4bdba370
Event: 0.021 Thread 0x0000024b4bdc6df0 Thread added: 0x0000024b4bdc6df0
Event: 0.021 Thread 0x0000024b4bdbb4c0 Thread added: 0x0000024b4bdbb4c0
Event: 0.036 Thread 0x0000024b50934dd0 Thread added: 0x0000024b50934dd0
Event: 0.040 Thread 0x0000024b50933340 Thread added: 0x0000024b50933340
Event: 0.482 Thread 0x0000024b50932350 Thread added: 0x0000024b50932350
Event: 0.796 Thread 0x0000024b509328a0 Thread added: 0x0000024b509328a0
Event: 0.797 Thread 0x0000024b50935320 Thread added: 0x0000024b50935320


Dynamic libraries:
0x00007ff76fc10000 - 0x00007ff76fc20000 	C:\Program Files\Java\jdk-19\bin\java.exe
0x00007ffba99d0000 - 0x00007ffba9bc8000 	C:\Windows\SYSTEM32\ntdll.dll
0x00007ffba94d0000 - 0x00007ffba958f000 	C:\Windows\System32\KERNEL32.DLL
0x00007ffba7690000 - 0x00007ffba7986000 	C:\Windows\System32\KERNELBASE.dll
0x00007ffba7260000 - 0x00007ffba7360000 	C:\Windows\System32\ucrtbase.dll
0x00007ffb9f0d0000 - 0x00007ffb9f0e8000 	C:\Program Files\Java\jdk-19\bin\jli.dll
0x00007ffb9f0f0000 - 0x00007ffb9f10b000 	C:\Program Files\Java\jdk-19\bin\VCRUNTIME140.dll
0x00007ffba9040000 - 0x00007ffba90ef000 	C:\Windows\System32\ADVAPI32.dll
0x00007ffba98f0000 - 0x00007ffba998e000 	C:\Windows\System32\msvcrt.dll
0x00007ffba8900000 - 0x00007ffba899c000 	C:\Windows\System32\sechost.dll
0x00007ffba8b70000 - 0x00007ffba8c96000 	C:\Windows\System32\RPCRT4.dll
0x00007ffba7a30000 - 0x00007ffba7bcd000 	C:\Windows\System32\USER32.dll
0x00007ffba7360000 - 0x00007ffba7382000 	C:\Windows\System32\win32u.dll
0x00007ffba8180000 - 0x00007ffba81ac000 	C:\Windows\System32\GDI32.dll
0x00007ffba7140000 - 0x00007ffba7255000 	C:\Windows\System32\gdi32full.dll
0x00007ffb90e20000 - 0x00007ffb910ba000 	C:\Windows\WinSxS\amd64_microsoft.windows.common-controls_6595b64144ccf1df_6.0.19041.1110_none_60b5254171f9507e\COMCTL32.dll
0x00007ffba7990000 - 0x00007ffba7a2d000 	C:\Windows\System32\msvcp_win.dll
0x00007ffba6c30000 - 0x00007ffba6c3a000 	C:\Windows\SYSTEM32\VERSION.dll
0x00007ffba9010000 - 0x00007ffba9040000 	C:\Windows\System32\IMM32.DLL
0x000000006da20000 - 0x000000006da2c000 	C:\Program Files (x86)\360\Total Security\safemon\SafeWrapper.dll
0x00007ffb797e0000 - 0x00007ffb79872000 	C:\Program Files (x86)\360\Total Security\safemon\libzdtp64.dll
0x00007ffba81b0000 - 0x00007ffba88f4000 	C:\Windows\System32\SHELL32.dll
0x00007ffba8fa0000 - 0x00007ffba8ff5000 	C:\Windows\System32\SHLWAPI.dll
0x00007ffba1240000 - 0x00007ffba124c000 	C:\Program Files\Java\jdk-19\bin\vcruntime140_1.dll
0x00007ffb79a40000 - 0x00007ffb79ace000 	C:\Program Files\Java\jdk-19\bin\msvcp140.dll
0x00007ffb5a020000 - 0x00007ffb5ace0000 	C:\Program Files\Java\jdk-19\bin\server\jvm.dll
0x00007ffba42e0000 - 0x00007ffba4307000 	C:\Windows\SYSTEM32\WINMM.dll
0x00007ffba0fb0000 - 0x00007ffba0fb9000 	C:\Windows\SYSTEM32\WSOCK32.dll
0x00007ffba7bd0000 - 0x00007ffba7c3b000 	C:\Windows\System32\WS2_32.dll
0x00007ffba5880000 - 0x00007ffba5892000 	C:\Windows\SYSTEM32\kernel.appcore.dll
0x00007ffba1180000 - 0x00007ffba118a000 	C:\Program Files\Java\jdk-19\bin\jimage.dll
0x00007ffba55a0000 - 0x00007ffba5784000 	C:\Windows\SYSTEM32\DBGHELP.DLL
0x00007ffba42a0000 - 0x00007ffba42d4000 	C:\Windows\SYSTEM32\dbgcore.DLL
0x00007ffba70b0000 - 0x00007ffba7132000 	C:\Windows\System32\bcryptPrimitives.dll
0x00007ffb86550000 - 0x00007ffb86576000 	C:\Program Files\Java\jdk-19\bin\java.dll
0x00007ffb6d6f0000 - 0x00007ffb6d7c7000 	C:\Program Files\Java\jdk-19\bin\jsvml.dll
0x00007ffba4e00000 - 0x00007ffba5593000 	C:\Windows\SYSTEM32\windows.storage.dll
0x00007ffba9590000 - 0x00007ffba98e4000 	C:\Windows\System32\combase.dll
0x00007ffba6a90000 - 0x00007ffba6abe000 	C:\Windows\SYSTEM32\Wldp.dll
0x00007ffba9220000 - 0x00007ffba92cd000 	C:\Windows\System32\SHCORE.dll
0x00007ffba6ff0000 - 0x00007ffba700f000 	C:\Windows\SYSTEM32\profapi.dll
0x00007ffb9b100000 - 0x00007ffb9b113000 	C:\Program Files\Java\jdk-19\bin\net.dll
0x00007ffb9edb0000 - 0x00007ffb9eeba000 	C:\Windows\SYSTEM32\WINHTTP.dll
0x00007ffba67f0000 - 0x00007ffba685a000 	C:\Windows\system32\mswsock.dll
0x00007ffb8dca0000 - 0x00007ffb8dcb6000 	C:\Program Files\Java\jdk-19\bin\nio.dll
0x00007ffb8da20000 - 0x00007ffb8da38000 	C:\Program Files\Java\jdk-19\bin\zip.dll
0x00007ffb92250000 - 0x00007ffb92260000 	C:\Program Files\Java\jdk-19\bin\verify.dll
0x00007ffb85bc0000 - 0x00007ffb85be7000 	C:\Users\User\.gradle\native\68d5fa5c4cc2d200863cafc0d521ce42e7d3e7ee720ec0a83991735586a16f82\windows-amd64\native-platform.dll
0x00007ffb918a0000 - 0x00007ffb918aa000 	C:\Program Files\Java\jdk-19\bin\management.dll
0x00007ffb8fdb0000 - 0x00007ffb8fdbb000 	C:\Program Files\Java\jdk-19\bin\management_ext.dll
0x00007ffba8dc0000 - 0x00007ffba8dc8000 	C:\Windows\System32\PSAPI.DLL
0x00007ffba69e0000 - 0x00007ffba69f8000 	C:\Windows\SYSTEM32\CRYPTSP.dll
0x00007ffba60a0000 - 0x00007ffba60d4000 	C:\Windows\system32\rsaenh.dll
0x00007ffba7400000 - 0x00007ffba7427000 	C:\Windows\System32\bcrypt.dll
0x00007ffba6fb0000 - 0x00007ffba6fde000 	C:\Windows\SYSTEM32\USERENV.dll
0x00007ffba6a00000 - 0x00007ffba6a0c000 	C:\Windows\SYSTEM32\CRYPTBASE.dll
0x00007ffba6490000 - 0x00007ffba64cc000 	C:\Windows\SYSTEM32\IPHLPAPI.DLL
0x00007ffba9000000 - 0x00007ffba9008000 	C:\Windows\System32\NSI.dll
0x00007ffb9f7b0000 - 0x00007ffb9f7c7000 	C:\Windows\SYSTEM32\dhcpcsvc6.DLL
0x00007ffb9f9b0000 - 0x00007ffb9f9cd000 	C:\Windows\SYSTEM32\dhcpcsvc.DLL
0x00007ffba64e0000 - 0x00007ffba65aa000 	C:\Windows\SYSTEM32\DNSAPI.dll
0x00007ffb8dc10000 - 0x00007ffb8dc18000 	C:\Program Files\Java\jdk-19\bin\extnet.dll
0x00007ffb8d920000 - 0x00007ffb8d92e000 	C:\Program Files\Java\jdk-19\bin\sunmscapi.dll
0x00007ffba7530000 - 0x00007ffba768e000 	C:\Windows\System32\CRYPT32.dll
0x00007ffba6b00000 - 0x00007ffba6b28000 	C:\Windows\SYSTEM32\ncrypt.dll
0x00007ffba6ac0000 - 0x00007ffba6afb000 	C:\Windows\SYSTEM32\NTASN1.dll
0x00007ffb7df60000 - 0x00007ffb7df67000 	C:\Windows\system32\wshunix.dll

dbghelp: loaded successfully - version: 4.0.5 - missing functions: none
symbol engine: initialized successfully - sym options: 0x614 - pdb path: .;C:\Program Files\Java\jdk-19\bin;C:\Windows\SYSTEM32;C:\Windows\WinSxS\amd64_microsoft.windows.common-controls_6595b64144ccf1df_6.0.19041.1110_none_60b5254171f9507e;C:\Program Files (x86)\360\Total Security\safemon;C:\Program Files\Java\jdk-19\bin\server;C:\Users\User\.gradle\native\68d5fa5c4cc2d200863cafc0d521ce42e7d3e7ee720ec0a83991735586a16f82\windows-amd64

VM Arguments:
jvm_args: -Dorg.gradle.appname=gradlew 
java_command: org.gradle.wrapper.GradleWrapperMain -q -Ptarget-platform=android-x86 -Ptarget=E:\ss\flutter\zflutter project\final_project\lib\main.dart -Pbase-application-name=android.app.Application -Pdart-defines=Zmx1dHRlci5pbnNwZWN0b3Iuc3RydWN0dXJlZEVycm9ycz10cnVl,RkxVVFRFUl9XRUJfQVVUT19ERVRFQ1Q9dHJ1ZQ==,RkxVVFRFUl9XRUJfQ0FOVkFTS0lUX1VSTD1odHRwczovL3d3dy5nc3RhdGljLmNvbS9mbHV0dGVyLWNhbnZhc2tpdC9iNGZiMTEyMTRkZDJkZGE2Y2UwMTJkZDk4ZWE0OThlOWU4YjkxMjYyLw== -Pdart-obfuscation=false -Ptrack-widget-creation=true -Ptree-shake-icons=false -Pfilesystem-scheme=org-dartlang-root assembleDebug
java_class_path (initial): E:\ss\flutter\zflutter project\final_project\android\\gradle\wrapper\gradle-wrapper.jar
Launcher Type: SUN_STANDARD

[Global flags]
     intx CICompilerCount                          = 4                                         {product} {ergonomic}
     uint ConcGCThreads                            = 2                                         {product} {ergonomic}
     uint G1ConcRefinementThreads                  = 8                                         {product} {ergonomic}
   size_t G1HeapRegionSize                         = 1048576                                   {product} {ergonomic}
    uintx GCDrainStackTargetSize                   = 64                                        {product} {ergonomic}
   size_t InitialHeapSize                          = 134217728                                 {product} {ergonomic}
   size_t MarkStackSize                            = 4194304                                   {product} {ergonomic}
   size_t MaxHeapSize                              = 2116026368                                {product} {ergonomic}
   size_t MaxNewSize                               = 1268776960                                {product} {ergonomic}
   size_t MinHeapDeltaBytes                        = 1048576                                   {product} {ergonomic}
   size_t MinHeapSize                              = 8388608                                   {product} {ergonomic}
    uintx NonNMethodCodeHeapSize                   = 5839372                                {pd product} {ergonomic}
    uintx NonProfiledCodeHeapSize                  = 122909434                              {pd product} {ergonomic}
    uintx ProfiledCodeHeapSize                     = 122909434                              {pd product} {ergonomic}
    uintx ReservedCodeCacheSize                    = 251658240                              {pd product} {ergonomic}
     bool SegmentedCodeCache                       = true                                      {product} {ergonomic}
   size_t SoftMaxHeapSize                          = 2116026368                             {manageable} {ergonomic}
     bool UseCompressedClassPointers               = true                           {product lp64_product} {ergonomic}
     bool UseCompressedOops                        = true                           {product lp64_product} {ergonomic}
     bool UseG1GC                                  = true                                      {product} {ergonomic}
     bool UseLargePagesIndividualAllocation        = false                                  {pd product} {ergonomic}

Logging:
Log output configuration:
 #0: stdout all=warning uptime,level,tags foldmultilines=false
 #1: stderr all=off uptime,level,tags foldmultilines=false

Environment Variables:
JAVA_HOME=C:\Program Files\Java\jdk-19
CLASSPATH=E:\ss\flutter\zflutter project\final_project\android\\gradle\wrapper\gradle-wrapper.jar
PATH=C:\Program Files\Common Files\Oracle\Java\javapath;C:\Program Files (x86)\Common Files\Oracle\Java\javapath;C:\Windows\system32;C:\Windows;C:\Windows\System32\Wbem;C:\Windows\System32\WindowsPowerShell\v1.0\;C:\Windows\System32\OpenSSH\;"C:\src\flutter\bin;";"C:\Program Files\Dart\dart-sdk\bin;";C:\Program Files\Git\cmd;C:\Users\User\anaconda3\Lib\venv\scripts\nt;C:\Users\User\AppData\Local\Programs\Python\Python311;C:\Program Files\nodejs\;C:\Users\User\AppData\Local\Microsoft\WindowsApps;"C:\Program Files\Dart\dart-sdk\bin;";"C:\src\flutter\bin;";C:\Users\User\AppData\Local\Programs\Microsoft VS Code\bin;C:\Users\User\AppData\Local\Programs\Python\Python311;C:\src\flutter\bin;C:\Users\User\AppData\Roaming\npm;;C:\src\flutter\bin\mingit\cmd
USERNAME=User
OS=Windows_NT
PROCESSOR_IDENTIFIER=Intel64 Family 6 Model 142 Stepping 12, GenuineIntel
TMP=C:\Users\User\AppData\Local\Temp
TEMP=C:\Users\User\AppData\Local\Temp



---------------  S Y S T E M  ---------------

OS:
 Windows 10 , 64 bit Build 19041 (10.0.19041.3031)
OS uptime: 0 days 12:05 hours

CPU: total 8 (initial active 8) (4 cores per cpu, 2 threads per core) family 6 model 142 stepping 12 microcode 0xb8, cx8, cmov, fxsr, ht, mmx, 3dnowpref, sse, sse2, sse3, ssse3, sse4.1, sse4.2, popcnt, lzcnt, tsc, tscinvbit, avx, avx2, aes, erms, clmul, bmi1, bmi2, adx, fma, vzeroupper, clflush, clflushopt, rdtscp

Memory: 4k page, system-wide physical 8068M (226M free)
TotalPageFile size 18067M (AvailPageFile size 129M)
current process WorkingSet (physical memory assigned to process): 37M, peak: 87M
current process commit charge ("private bytes"): 232M, peak: 232M

vm_info: Java HotSpot(TM) 64-Bit Server VM (19+36-2238) for windows-amd64 JRE (19+36-2238), built on 2022-08-12T20:29:01Z by "mach5one" with MS VC++ 17.1 (VS2022)

END.
