#
# There is insufficient memory for the Java Runtime Environment to continue.
# Native memory allocation (mmap) failed to map 134217728 bytes for G1 virtual space
# Possible reasons:
#   The system is out of physical RAM or swap space
#   The process is running with CompressedOops enabled, and the Java Heap may be blocking the growth of the native heap
# Possible solutions:
#   Reduce memory load on the system
#   Increase physical memory or swap space
#   Check if swap backing store is full
#   Decrease Java heap size (-Xmx/-Xms)
#   Decrease number of Java threads
#   Decrease Java thread stack sizes (-Xss)
#   Set larger code cache with -XX:ReservedCodeCacheSize=
#   JVM is running with Unscaled Compressed Oops mode in which the Java heap is
#     placed in the first 4GB address space. The Java Heap base address is the
#     maximum limit for the native heap growth. Please use -XX:HeapBaseMinAddress
#     to set the Java Heap base and to place the Java Heap above 4GB virtual address.
# This output file may be truncated or incomplete.
#
#  Out of Memory Error (os_windows.cpp:3527), pid=3876, tid=6944
#
# JRE version:  (19.0+36) (build )
# Java VM: Java HotSpot(TM) 64-Bit Server VM (19+36-2238, mixed mode, sharing, tiered, compressed oops, compressed class ptrs, g1 gc, windows-amd64)
# No core dump will be written. Minidumps are not enabled by default on client versions of Windows
#

---------------  S U M M A R Y ------------

Command Line: -Dorg.gradle.appname=gradlew org.gradle.wrapper.GradleWrapperMain -q -Ptarget-platform=android-x86 -Ptarget=E:\ss\flutter\zflutter project\final_project\lib\main.dart -Pbase-application-name=android.app.Application -Pdart-defines=Zmx1dHRlci5pbnNwZWN0b3Iuc3RydWN0dXJlZEVycm9ycz10cnVl,RkxVVFRFUl9XRUJfQVVUT19ERVRFQ1Q9dHJ1ZQ==,RkxVVFRFUl9XRUJfQ0FOVkFTS0lUX1VSTD1odHRwczovL3d3dy5nc3RhdGljLmNvbS9mbHV0dGVyLWNhbnZhc2tpdC9iNGZiMTEyMTRkZDJkZGE2Y2UwMTJkZDk4ZWE0OThlOWU4YjkxMjYyLw== -Pdart-obfuscation=false -Ptrack-widget-creation=true -Ptree-shake-icons=false -Pfilesystem-scheme=org-dartlang-root assembleDebug

Host: Intel(R) Core(TM) i7-8565U CPU @ 1.80GHz, 8 cores, 7G,  Windows 10 , 64 bit Build 19041 (10.0.19041.3031)
Time: Sun Jul  2 08:31:07 2023 Egypt Daylight Time elapsed time: 0.138822 seconds (0d 0h 0m 0s)

---------------  T H R E A D  ---------------

Current thread (0x000001d55669fdf0):  JavaThread "Unknown thread" [_thread_in_vm, id=6944, stack(0x000000423a800000,0x000000423a900000)]

Stack: [0x000000423a800000,0x000000423a900000]
Native frames: (J=compiled Java code, j=interpreted, Vv=VM code, C=native code)
V  [jvm.dll+0x6ee8fa]
V  [jvm.dll+0x857a1e]
V  [jvm.dll+0x85940e]
V  [jvm.dll+0x859ac3]
V  [jvm.dll+0x28291f]
V  [jvm.dll+0x6eb6e9]
V  [jvm.dll+0x6e028a]
V  [jvm.dll+0x357136]
V  [jvm.dll+0x35eb96]
V  [jvm.dll+0x3b555e]
V  [jvm.dll+0x3b578f]
V  [jvm.dll+0x32c6ea]
V  [jvm.dll+0x32d59e]
V  [jvm.dll+0x821b20]
V  [jvm.dll+0x3c27c1]
V  [jvm.dll+0x8022f1]
V  [jvm.dll+0x44b30f]
V  [jvm.dll+0x44cc91]
C  [jli.dll+0x5287]
C  [ucrtbase.dll+0x21bb2]
C  [KERNEL32.DLL+0x17614]
C  [ntdll.dll+0x526f1]


---------------  P R O C E S S  ---------------

Threads class SMR info:
_java_thread_list=0x00007ff9fb98d048, length=0, elements={
}

Java Threads: ( => current thread )

Other Threads:
  0x000001d5567018e0 WorkerThread "GC Thread#0" [stack: 0x000000423a900000,0x000000423aa00000] [id=7544]
  0x000001d556714150 ConcurrentGCThread "G1 Main Marker" [stack: 0x000000423aa00000,0x000000423ab00000] [id=5276]
  0x000001d556714a90 WorkerThread "G1 Conc#0" [stack: 0x000000423ab00000,0x000000423ac00000] [id=7112]

[error occurred during error reporting (printing all threads), id 0xc0000005, EXCEPTION_ACCESS_VIOLATION (0xc0000005) at pc=0x00007ff9fb14d127]

VM state: not at safepoint (not fully initialized)

VM Mutex/Monitor currently owned by a thread:  ([mutex/lock_event])
[0x000001d55669fae0] Heap_lock - owner thread: 0x000001d55669fdf0

Heap address: 0x0000000081e00000, size: 2018 MB, Compressed Oops mode: 32-bit

CDS archive(s) mapped at: [0x0000000000000000-0x0000000000000000-0x0000000000000000), size 0, SharedBaseAddress: 0x0000000800000000, ArchiveRelocationMode: 0.
Narrow klass base: 0x0000000000000000, Narrow klass shift: 0, Narrow klass range: 0x0

GC Precious Log:
 CardTable entry size: 512
 Card Set container configuration: InlinePtr #cards 5 size 8 Array Of Cards #cards 12 size 40 Howl #buckets 4 coarsen threshold 1843 Howl Bitmap #cards 512 size 80 coarsen threshold 460 Card regions per heap region 1 cards per card region 2048

Heap:
 garbage-first heap   total 0K, used 0K [0x0000000081e00000, 0x0000000100000000)
  region size 1024K, 0 young (0K), 0 survivors (0K)

[error occurred during error reporting (printing heap information), id 0xc0000005, EXCEPTION_ACCESS_VIOLATION (0xc0000005) at pc=0x00007ff9fb556959]

GC Heap History (0 events):
No events

Dll operation events (1 events):
Event: 0.030 Loaded shared library C:\Program Files\Java\jdk-19\bin\java.dll

Deoptimization events (0 events):
No events

Classes loaded (0 events):
No events

Classes unloaded (0 events):
No events

Classes redefined (0 events):
No events

Internal exceptions (0 events):
No events

VM Operations (0 events):
No events

Events (0 events):
No events


Dynamic libraries:
0x00007ff6001f0000 - 0x00007ff600200000 	C:\Program Files\Java\jdk-19\bin\java.exe
0x00007ffa3cf90000 - 0x00007ffa3d188000 	C:\Windows\SYSTEM32\ntdll.dll
0x00007ffa3ba80000 - 0x00007ffa3bb3f000 	C:\Windows\System32\KERNEL32.DLL
0x00007ffa3ab80000 - 0x00007ffa3ae76000 	C:\Windows\System32\KERNELBASE.dll
0x00007ffa3a6a0000 - 0x00007ffa3a7a0000 	C:\Windows\System32\ucrtbase.dll
0x00007ffa2e9f0000 - 0x00007ffa2ea08000 	C:\Program Files\Java\jdk-19\bin\jli.dll
0x00007ffa35510000 - 0x00007ffa3552b000 	C:\Program Files\Java\jdk-19\bin\VCRUNTIME140.dll
0x00007ffa3bb40000 - 0x00007ffa3bbef000 	C:\Windows\System32\ADVAPI32.dll
0x00007ffa3c4f0000 - 0x00007ffa3c58e000 	C:\Windows\System32\msvcrt.dll
0x00007ffa3cde0000 - 0x00007ffa3ce7c000 	C:\Windows\System32\sechost.dll
0x00007ffa3aff0000 - 0x00007ffa3b116000 	C:\Windows\System32\RPCRT4.dll
0x00007ffa3c350000 - 0x00007ffa3c4ed000 	C:\Windows\System32\USER32.dll
0x00007ffa3a670000 - 0x00007ffa3a692000 	C:\Windows\System32\win32u.dll
0x00007ffa3c640000 - 0x00007ffa3c66c000 	C:\Windows\System32\GDI32.dll
0x00007ffa3ae80000 - 0x00007ffa3af95000 	C:\Windows\System32\gdi32full.dll
0x00007ffa3a950000 - 0x00007ffa3a9ed000 	C:\Windows\System32\msvcp_win.dll
0x00007ffa24a60000 - 0x00007ffa24cfa000 	C:\Windows\WinSxS\amd64_microsoft.windows.common-controls_6595b64144ccf1df_6.0.19041.1110_none_60b5254171f9507e\COMCTL32.dll
0x00007ffa3a1f0000 - 0x00007ffa3a1fa000 	C:\Windows\SYSTEM32\VERSION.dll
0x00007ffa3b970000 - 0x00007ffa3b9a0000 	C:\Windows\System32\IMM32.DLL
0x000000005e3f0000 - 0x000000005e3fc000 	C:\Program Files (x86)\360\Total Security\safemon\SafeWrapper.dll
0x00007ffa0e520000 - 0x00007ffa0e5b2000 	C:\Program Files (x86)\360\Total Security\safemon\libzdtp64.dll
0x00007ffa3bbf0000 - 0x00007ffa3c334000 	C:\Windows\System32\SHELL32.dll
0x00007ffa3b9a0000 - 0x00007ffa3b9f5000 	C:\Windows\System32\SHLWAPI.dll
0x00007ffa36440000 - 0x00007ffa3644c000 	C:\Program Files\Java\jdk-19\bin\vcruntime140_1.dll
0x00007ffa0d3e0000 - 0x00007ffa0d46e000 	C:\Program Files\Java\jdk-19\bin\msvcp140.dll
0x00007ff9fae10000 - 0x00007ff9fbad0000 	C:\Program Files\Java\jdk-19\bin\server\jvm.dll
0x00007ffa257d0000 - 0x00007ffa257f7000 	C:\Windows\SYSTEM32\WINMM.dll
0x00007ffa36430000 - 0x00007ffa36439000 	C:\Windows\SYSTEM32\WSOCK32.dll
0x00007ffa3ba00000 - 0x00007ffa3ba6b000 	C:\Windows\System32\ws2_32.DLL
0x00007ffa38e40000 - 0x00007ffa38e52000 	C:\Windows\SYSTEM32\kernel.appcore.dll
0x00007ffa36410000 - 0x00007ffa3641a000 	C:\Program Files\Java\jdk-19\bin\jimage.dll
0x00007ffa38b70000 - 0x00007ffa38d54000 	C:\Windows\SYSTEM32\DBGHELP.DLL
0x00007ffa24450000 - 0x00007ffa24484000 	C:\Windows\SYSTEM32\dbgcore.DLL
0x00007ffa3a810000 - 0x00007ffa3a892000 	C:\Windows\System32\bcryptPrimitives.dll
0x00007ffa2d440000 - 0x00007ffa2d466000 	C:\Program Files\Java\jdk-19\bin\java.dll

dbghelp: loaded successfully - version: 4.0.5 - missing functions: none
symbol engine: initialized successfully - sym options: 0x614 - pdb path: .;C:\Program Files\Java\jdk-19\bin;C:\Windows\SYSTEM32;C:\Windows\WinSxS\amd64_microsoft.windows.common-controls_6595b64144ccf1df_6.0.19041.1110_none_60b5254171f9507e;C:\Program Files (x86)\360\Total Security\safemon;C:\Program Files\Java\jdk-19\bin\server

VM Arguments:
jvm_args: -Dorg.gradle.appname=gradlew 
java_command: org.gradle.wrapper.GradleWrapperMain -q -Ptarget-platform=android-x86 -Ptarget=E:\ss\flutter\zflutter project\final_project\lib\main.dart -Pbase-application-name=android.app.Application -Pdart-defines=Zmx1dHRlci5pbnNwZWN0b3Iuc3RydWN0dXJlZEVycm9ycz10cnVl,RkxVVFRFUl9XRUJfQVVUT19ERVRFQ1Q9dHJ1ZQ==,RkxVVFRFUl9XRUJfQ0FOVkFTS0lUX1VSTD1odHRwczovL3d3dy5nc3RhdGljLmNvbS9mbHV0dGVyLWNhbnZhc2tpdC9iNGZiMTEyMTRkZDJkZGE2Y2UwMTJkZDk4ZWE0OThlOWU4YjkxMjYyLw== -Pdart-obfuscation=false -Ptrack-widget-creation=true -Ptree-shake-icons=false -Pfilesystem-scheme=org-dartlang-root assembleDebug
java_class_path (initial): E:\ss\flutter\zflutter project\final_project\android\\gradle\wrapper\gradle-wrapper.jar
Launcher Type: SUN_STANDARD

[Global flags]
     intx CICompilerCount                          = 4                                         {product} {ergonomic}
     uint ConcGCThreads                            = 2                                         {product} {ergonomic}
     uint G1ConcRefinementThreads                  = 8                                         {product} {ergonomic}
   size_t G1HeapRegionSize                         = 1048576                                   {product} {ergonomic}
    uintx GCDrainStackTargetSize                   = 64                                        {product} {ergonomic}
   size_t InitialHeapSize                          = 134217728                                 {product} {ergonomic}
   size_t MarkStackSize                            = 4194304                                   {product} {ergonomic}
   size_t MaxHeapSize                              = 2116026368                                {product} {ergonomic}
   size_t MinHeapDeltaBytes                        = 1048576                                   {product} {ergonomic}
   size_t MinHeapSize                              = 8388608                                   {product} {ergonomic}
    uintx NonNMethodCodeHeapSize                   = 5839372                                {pd product} {ergonomic}
    uintx NonProfiledCodeHeapSize                  = 122909434                              {pd product} {ergonomic}
    uintx ProfiledCodeHeapSize                     = 122909434                              {pd product} {ergonomic}
    uintx ReservedCodeCacheSize                    = 251658240                              {pd product} {ergonomic}
     bool SegmentedCodeCache                       = true                                      {product} {ergonomic}
   size_t SoftMaxHeapSize                          = 2116026368                             {manageable} {ergonomic}
     bool UseCompressedClassPointers               = true                           {product lp64_product} {ergonomic}
     bool UseCompressedOops                        = true                           {product lp64_product} {ergonomic}
     bool UseG1GC                                  = true                                      {product} {ergonomic}
     bool UseLargePagesIndividualAllocation        = false                                  {pd product} {ergonomic}

Logging:
Log output configuration:
 #0: stdout all=warning uptime,level,tags foldmultilines=false
 #1: stderr all=off uptime,level,tags foldmultilines=false

Environment Variables:
JAVA_HOME=C:\Program Files\Java\jdk-19
CLASSPATH=E:\ss\flutter\zflutter project\final_project\android\\gradle\wrapper\gradle-wrapper.jar
PATH=C:\Program Files\Common Files\Oracle\Java\javapath;C:\Program Files (x86)\Common Files\Oracle\Java\javapath;C:\Windows\system32;C:\Windows;C:\Windows\System32\Wbem;C:\Windows\System32\WindowsPowerShell\v1.0\;C:\Windows\System32\OpenSSH\;"C:\src\flutter\bin;";"C:\Program Files\Dart\dart-sdk\bin;";C:\Program Files\Git\cmd;C:\Users\User\anaconda3\Lib\venv\scripts\nt;C:\Users\User\AppData\Local\Programs\Python\Python311;C:\Program Files\nodejs\;C:\Users\User\AppData\Local\Microsoft\WindowsApps;"C:\Program Files\Dart\dart-sdk\bin;";"C:\src\flutter\bin;";C:\Users\User\AppData\Local\Programs\Microsoft VS Code\bin;C:\Users\User\AppData\Local\Programs\Python\Python311;C:\src\flutter\bin;C:\Users\User\AppData\Roaming\npm;;C:\src\flutter\bin\mingit\cmd
USERNAME=User
OS=Windows_NT
PROCESSOR_IDENTIFIER=Intel64 Family 6 Model 142 Stepping 12, GenuineIntel
TMP=C:\Users\User\AppData\Local\Temp
TEMP=C:\Users\User\AppData\Local\Temp



---------------  S Y S T E M  ---------------

OS:
 Windows 10 , 64 bit Build 19041 (10.0.19041.3031)
OS uptime: 2 days 0:47 hours

CPU: total 8 (initial active 8) (4 cores per cpu, 2 threads per core) family 6 model 142 stepping 12 microcode 0xb8, cx8, cmov, fxsr, ht, mmx, 3dnowpref, sse, sse2, sse3, ssse3, sse4.1, sse4.2, popcnt, lzcnt, tsc, tscinvbit, avx, avx2, aes, erms, clmul, bmi1, bmi2, adx, fma, vzeroupper, clflush, clflushopt, rdtscp

Memory: 4k page, system-wide physical 8068M (211M free)
TotalPageFile size 18063M (AvailPageFile size 81M)
current process WorkingSet (physical memory assigned to process): 11M, peak: 11M
current process commit charge ("private bytes"): 60M, peak: 188M

vm_info: Java HotSpot(TM) 64-Bit Server VM (19+36-2238) for windows-amd64 JRE (19+36-2238), built on 2022-08-12T20:29:01Z by "mach5one" with MS VC++ 17.1 (VS2022)

END.
