#
# There is insufficient memory for the Java Runtime Environment to continue.
# Native memory allocation (malloc) failed to allocate 32744 bytes for Chunk::new
# Possible reasons:
#   The system is out of physical RAM or swap space
#   The process is running with CompressedOops enabled, and the Java Heap may be blocking the growth of the native heap
# Possible solutions:
#   Reduce memory load on the system
#   Increase physical memory or swap space
#   Check if swap backing store is full
#   Decrease Java heap size (-Xmx/-Xms)
#   Decrease number of Java threads
#   Decrease Java thread stack sizes (-Xss)
#   Set larger code cache with -XX:ReservedCodeCacheSize=
#   JVM is running with Unscaled Compressed Oops mode in which the Java heap is
#     placed in the first 4GB address space. The Java Heap base address is the
#     maximum limit for the native heap growth. Please use -XX:HeapBaseMinAddress
#     to set the Java Heap base and to place the Java Heap above 4GB virtual address.
# This output file may be truncated or incomplete.
#
#  Out of Memory Error (arena.cpp:184), pid=14940, tid=14844
#
# JRE version: Java(TM) SE Runtime Environment (19.0+36) (build 19+36-2238)
# Java VM: Java HotSpot(TM) 64-Bit Server VM (19+36-2238, mixed mode, sharing, tiered, compressed oops, compressed class ptrs, g1 gc, windows-amd64)
# No core dump will be written. Minidumps are not enabled by default on client versions of Windows
#

---------------  S U M M A R Y ------------

Command Line: -Dorg.gradle.appname=gradlew org.gradle.wrapper.GradleWrapperMain -q -Ptarget-platform=android-x86 -Ptarget=E:\ss\flutter\zflutter project\final_project\lib\main.dart -Pbase-application-name=android.app.Application -Pdart-defines=Zmx1dHRlci5pbnNwZWN0b3Iuc3RydWN0dXJlZEVycm9ycz10cnVl,RkxVVFRFUl9XRUJfQVVUT19ERVRFQ1Q9dHJ1ZQ==,RkxVVFRFUl9XRUJfQ0FOVkFTS0lUX1VSTD1odHRwczovL3d3dy5nc3RhdGljLmNvbS9mbHV0dGVyLWNhbnZhc2tpdC9iNGZiMTEyMTRkZDJkZGE2Y2UwMTJkZDk4ZWE0OThlOWU4YjkxMjYyLw== -Pdart-obfuscation=false -Ptrack-widget-creation=true -Ptree-shake-icons=false -Pfilesystem-scheme=org-dartlang-root assembleDebug

Host: Intel(R) Core(TM) i7-8565U CPU @ 1.80GHz, 8 cores, 7G,  Windows 10 , 64 bit Build 19041 (10.0.19041.3031)
Time: Wed Jun 28 01:31:45 2023 Egypt Daylight Time elapsed time: 25.480642 seconds (0d 0h 0m 25s)

---------------  T H R E A D  ---------------

Current thread (0x000002687f4196b0):  JavaThread "C1 CompilerThread0" daemon [_thread_in_native, id=14844, stack(0x000000fcfd700000,0x000000fcfd800000)]


Current CompileTask:
C1:  25480 1620   !   3       java.util.concurrent.locks.AbstractQueuedSynchronizer::acquire (407 bytes)

Stack: [0x000000fcfd700000,0x000000fcfd800000]
Native frames: (J=compiled Java code, j=interpreted, Vv=VM code, C=native code)
V  [jvm.dll+0x6ee8fa]
V  [jvm.dll+0x857a1e]
V  [jvm.dll+0x85940e]
V  [jvm.dll+0x859ac3]
V  [jvm.dll+0x28291f]
V  [jvm.dll+0xc9b5f]
V  [jvm.dll+0xc9ee5]
V  [jvm.dll+0x1a8db1]
V  [jvm.dll+0x1abb1e]
V  [jvm.dll+0x1ac127]
V  [jvm.dll+0x1abfb0]
V  [jvm.dll+0x1a42f5]
V  [jvm.dll+0x1a335b]
V  [jvm.dll+0x1acc1b]
V  [jvm.dll+0x1a44c8]
V  [jvm.dll+0x1a7c5f]
V  [jvm.dll+0x161743]
V  [jvm.dll+0x161022]
V  [jvm.dll+0x161278]
V  [jvm.dll+0x1606d6]
V  [jvm.dll+0x1623cd]
V  [jvm.dll+0x25b0fa]
V  [jvm.dll+0x259588]
V  [jvm.dll+0x807928]
V  [jvm.dll+0x8015fa]
V  [jvm.dll+0x6ed5eb]
C  [ucrtbase.dll+0x21bb2]
C  [KERNEL32.DLL+0x17614]
C  [ntdll.dll+0x526f1]


---------------  P R O C E S S  ---------------

Threads class SMR info:
_java_thread_list=0x00000268219d5840, length=15, elements={
0x000002687d9d0810, 0x000002687f40d830, 0x000002687f40e360, 0x000002687f40fd40,
0x000002687f4144f0, 0x000002687f415390, 0x000002687f415cc0, 0x000002687f418d40,
0x000002687f4196b0, 0x000002687f41a020, 0x0000026821116ff0, 0x0000026821142a30,
0x0000026821a2a630, 0x0000026822369040, 0x0000026822071380
}

Java Threads: ( => current thread )
  0x000002687d9d0810 JavaThread "main" [_thread_in_native, id=13488, stack(0x000000fcfc900000,0x000000fcfca00000)]
  0x000002687f40d830 JavaThread "Reference Handler" daemon [_thread_blocked, id=16904, stack(0x000000fcfd000000,0x000000fcfd100000)]
  0x000002687f40e360 JavaThread "Finalizer" daemon [_thread_blocked, id=13696, stack(0x000000fcfd100000,0x000000fcfd200000)]
  0x000002687f40fd40 JavaThread "Signal Dispatcher" daemon [_thread_blocked, id=15412, stack(0x000000fcfd200000,0x000000fcfd300000)]
  0x000002687f4144f0 JavaThread "Attach Listener" daemon [_thread_blocked, id=6232, stack(0x000000fcfd300000,0x000000fcfd400000)]
  0x000002687f415390 JavaThread "Service Thread" daemon [_thread_blocked, id=11844, stack(0x000000fcfd400000,0x000000fcfd500000)]
  0x000002687f415cc0 JavaThread "Monitor Deflation Thread" daemon [_thread_blocked, id=4024, stack(0x000000fcfd500000,0x000000fcfd600000)]
  0x000002687f418d40 JavaThread "C2 CompilerThread0" daemon [_thread_blocked, id=1032, stack(0x000000fcfd600000,0x000000fcfd700000)]
=>0x000002687f4196b0 JavaThread "C1 CompilerThread0" daemon [_thread_in_native, id=14844, stack(0x000000fcfd700000,0x000000fcfd800000)]
  0x000002687f41a020 JavaThread "Sweeper thread" daemon [_thread_blocked, id=16912, stack(0x000000fcfd800000,0x000000fcfd900000)]
  0x0000026821116ff0 JavaThread "Notification Thread" daemon [_thread_blocked, id=8048, stack(0x000000fcfd900000,0x000000fcfda00000)]
  0x0000026821142a30 JavaThread "Common-Cleaner" daemon [_thread_blocked, id=16376, stack(0x000000fcfdb00000,0x000000fcfdc00000)]
  0x0000026821a2a630 JavaThread "pool-1-thread-1" [_thread_blocked, id=6748, stack(0x000000fcfdd00000,0x000000fcfde00000)]
  0x0000026822369040 JavaThread "DisconnectableInputStream source reader" daemon [_thread_in_native, id=9236, stack(0x000000fcfe400000,0x000000fcfe500000)]
  0x0000026822071380 JavaThread "Forward input" [_thread_blocked, id=9696, stack(0x000000fcfe500000,0x000000fcfe600000)]

Other Threads:
  0x000002687f3f5830 VMThread "VM Thread" [stack: 0x000000fcfcf00000,0x000000fcfd000000] [id=16692]
  0x0000026821140790 WatcherThread "VM Periodic Task Thread" [stack: 0x000000fcfda00000,0x000000fcfdb00000] [id=13684]
  0x000002687da313e0 WorkerThread "GC Thread#0" [stack: 0x000000fcfca00000,0x000000fcfcb00000] [id=7192]
  0x00000268213dc910 WorkerThread "GC Thread#1" [stack: 0x000000fcfde00000,0x000000fcfdf00000] [id=1388]
  0x0000026821a2b8c0 WorkerThread "GC Thread#2" [stack: 0x000000fcfdf00000,0x000000fcfe000000] [id=15144]
  0x0000026821c083c0 WorkerThread "GC Thread#3" [stack: 0x000000fcfe000000,0x000000fcfe100000] [id=9284]
  0x0000026821a9ba40 WorkerThread "GC Thread#4" [stack: 0x000000fcfe100000,0x000000fcfe200000] [id=16908]
  0x0000026821a9b4a0 WorkerThread "GC Thread#5" [stack: 0x000000fcfe200000,0x000000fcfe300000] [id=7564]
  0x000002687da426e0 ConcurrentGCThread "G1 Main Marker" [stack: 0x000000fcfcb00000,0x000000fcfcc00000] [id=6500]
  0x000002687da42ec0 WorkerThread "G1 Conc#0" [stack: 0x000000fcfcc00000,0x000000fcfcd00000] [id=14648]
  0x000002687f2b01a0 ConcurrentGCThread "G1 Refine#0" [stack: 0x000000fcfcd00000,0x000000fcfce00000] [id=5896]
  0x000002687f2b0990 ConcurrentGCThread "G1 Service" [stack: 0x000000fcfce00000,0x000000fcfcf00000] [id=12772]

Threads with active compile tasks:
C1 CompilerThread0    25514 1620   !   3       java.util.concurrent.locks.AbstractQueuedSynchronizer::acquire (407 bytes)

VM state: not at safepoint (normal execution)

VM Mutex/Monitor currently owned by a thread: None

Heap address: 0x0000000081e00000, size: 2018 MB, Compressed Oops mode: 32-bit

CDS archive(s) mapped at: [0x0000000800000000-0x0000000800c40000-0x0000000800c40000), size 12845056, SharedBaseAddress: 0x0000000800000000, ArchiveRelocationMode: 0.
Compressed class space mapped at: 0x0000000801000000-0x0000000841000000, reserved size: 1073741824
Narrow klass base: 0x0000000800000000, Narrow klass shift: 0, Narrow klass range: 0x100000000

GC Precious Log:
 CardTable entry size: 512
 Card Set container configuration: InlinePtr #cards 5 size 8 Array Of Cards #cards 12 size 40 Howl #buckets 4 coarsen threshold 1843 Howl Bitmap #cards 512 size 80 coarsen threshold 460 Card regions per heap region 1 cards per card region 2048
 CPUs: 8 total, 8 available
 Memory: 8068M
 Large Page Support: Disabled
 NUMA Support: Disabled
 Compressed Oops: Enabled (32-bit)
 Heap Region Size: 1M
 Heap Min Capacity: 8M
 Heap Initial Capacity: 128M
 Heap Max Capacity: 2018M
 Pre-touch: Disabled
 Parallel Workers: 8
 Concurrent Workers: 2
 Concurrent Refinement Workers: 8
 Periodic GC: Disabled

Heap:
 garbage-first heap   total 131072K, used 28542K [0x0000000081e00000, 0x0000000100000000)
  region size 1024K, 23 young (23552K), 3 survivors (3072K)
 Metaspace       used 9624K, committed 9920K, reserved 1114112K
  class space    used 1221K, committed 1344K, reserved 1048576K

Heap Regions: E=young(eden), S=young(survivor), O=old, HS=humongous(starts), HC=humongous(continues), CS=collection set, F=free, OA=open archive, CA=closed archive, TAMS=top-at-mark-start (previous, next)
|   0|0x0000000081e00000, 0x0000000081f00000, 0x0000000081f00000|100%|HS|  |TAMS 0x0000000081e00000, 0x0000000081e00000| Complete 
|   1|0x0000000081f00000, 0x0000000082000000, 0x0000000082000000|100%|HC|  |TAMS 0x0000000081f00000, 0x0000000081f00000| Complete 
|   2|0x0000000082000000, 0x0000000082100000, 0x0000000082100000|100%|HC|  |TAMS 0x0000000082000000, 0x0000000082000000| Complete 
|   3|0x0000000082100000, 0x0000000082200000, 0x0000000082200000|100%| O|  |TAMS 0x0000000082100000, 0x0000000082100000| Untracked 
|   4|0x0000000082200000, 0x0000000082300000, 0x0000000082300000|100%| O|  |TAMS 0x0000000082200000, 0x0000000082200000| Untracked 
|   5|0x0000000082300000, 0x00000000823df800, 0x0000000082400000| 87%| O|  |TAMS 0x0000000082300000, 0x0000000082300000| Untracked 
|   6|0x0000000082400000, 0x0000000082400000, 0x0000000082500000|  0%| F|  |TAMS 0x0000000082400000, 0x0000000082400000| Untracked 
|   7|0x0000000082500000, 0x0000000082500000, 0x0000000082600000|  0%| F|  |TAMS 0x0000000082500000, 0x0000000082500000| Untracked 
|   8|0x0000000082600000, 0x0000000082600000, 0x0000000082700000|  0%| F|  |TAMS 0x0000000082600000, 0x0000000082600000| Untracked 
|   9|0x0000000082700000, 0x0000000082700000, 0x0000000082800000|  0%| F|  |TAMS 0x0000000082700000, 0x0000000082700000| Untracked 
|  10|0x0000000082800000, 0x0000000082800000, 0x0000000082900000|  0%| F|  |TAMS 0x0000000082800000, 0x0000000082800000| Untracked 
|  11|0x0000000082900000, 0x0000000082900000, 0x0000000082a00000|  0%| F|  |TAMS 0x0000000082900000, 0x0000000082900000| Untracked 
|  12|0x0000000082a00000, 0x0000000082a00000, 0x0000000082b00000|  0%| F|  |TAMS 0x0000000082a00000, 0x0000000082a00000| Untracked 
|  13|0x0000000082b00000, 0x0000000082b00000, 0x0000000082c00000|  0%| F|  |TAMS 0x0000000082b00000, 0x0000000082b00000| Untracked 
|  14|0x0000000082c00000, 0x0000000082c00000, 0x0000000082d00000|  0%| F|  |TAMS 0x0000000082c00000, 0x0000000082c00000| Untracked 
|  15|0x0000000082d00000, 0x0000000082d00000, 0x0000000082e00000|  0%| F|  |TAMS 0x0000000082d00000, 0x0000000082d00000| Untracked 
|  16|0x0000000082e00000, 0x0000000082e00000, 0x0000000082f00000|  0%| F|  |TAMS 0x0000000082e00000, 0x0000000082e00000| Untracked 
|  17|0x0000000082f00000, 0x0000000082f00000, 0x0000000083000000|  0%| F|  |TAMS 0x0000000082f00000, 0x0000000082f00000| Untracked 
|  18|0x0000000083000000, 0x0000000083000000, 0x0000000083100000|  0%| F|  |TAMS 0x0000000083000000, 0x0000000083000000| Untracked 
|  19|0x0000000083100000, 0x0000000083100000, 0x0000000083200000|  0%| F|  |TAMS 0x0000000083100000, 0x0000000083100000| Untracked 
|  20|0x0000000083200000, 0x0000000083200000, 0x0000000083300000|  0%| F|  |TAMS 0x0000000083200000, 0x0000000083200000| Untracked 
|  21|0x0000000083300000, 0x0000000083300000, 0x0000000083400000|  0%| F|  |TAMS 0x0000000083300000, 0x0000000083300000| Untracked 
|  22|0x0000000083400000, 0x0000000083400000, 0x0000000083500000|  0%| F|  |TAMS 0x0000000083400000, 0x0000000083400000| Untracked 
|  23|0x0000000083500000, 0x0000000083500000, 0x0000000083600000|  0%| F|  |TAMS 0x0000000083500000, 0x0000000083500000| Untracked 
|  24|0x0000000083600000, 0x0000000083600000, 0x0000000083700000|  0%| F|  |TAMS 0x0000000083600000, 0x0000000083600000| Untracked 
|  25|0x0000000083700000, 0x0000000083700000, 0x0000000083800000|  0%| F|  |TAMS 0x0000000083700000, 0x0000000083700000| Untracked 
|  26|0x0000000083800000, 0x0000000083800000, 0x0000000083900000|  0%| F|  |TAMS 0x0000000083800000, 0x0000000083800000| Untracked 
|  27|0x0000000083900000, 0x0000000083900000, 0x0000000083a00000|  0%| F|  |TAMS 0x0000000083900000, 0x0000000083900000| Untracked 
|  28|0x0000000083a00000, 0x0000000083a00000, 0x0000000083b00000|  0%| F|  |TAMS 0x0000000083a00000, 0x0000000083a00000| Untracked 
|  29|0x0000000083b00000, 0x0000000083b00000, 0x0000000083c00000|  0%| F|  |TAMS 0x0000000083b00000, 0x0000000083b00000| Untracked 
|  30|0x0000000083c00000, 0x0000000083c00000, 0x0000000083d00000|  0%| F|  |TAMS 0x0000000083c00000, 0x0000000083c00000| Untracked 
|  31|0x0000000083d00000, 0x0000000083d00000, 0x0000000083e00000|  0%| F|  |TAMS 0x0000000083d00000, 0x0000000083d00000| Untracked 
|  32|0x0000000083e00000, 0x0000000083e00000, 0x0000000083f00000|  0%| F|  |TAMS 0x0000000083e00000, 0x0000000083e00000| Untracked 
|  33|0x0000000083f00000, 0x0000000083f00000, 0x0000000084000000|  0%| F|  |TAMS 0x0000000083f00000, 0x0000000083f00000| Untracked 
|  34|0x0000000084000000, 0x0000000084000000, 0x0000000084100000|  0%| F|  |TAMS 0x0000000084000000, 0x0000000084000000| Untracked 
|  35|0x0000000084100000, 0x0000000084100000, 0x0000000084200000|  0%| F|  |TAMS 0x0000000084100000, 0x0000000084100000| Untracked 
|  36|0x0000000084200000, 0x0000000084200000, 0x0000000084300000|  0%| F|  |TAMS 0x0000000084200000, 0x0000000084200000| Untracked 
|  37|0x0000000084300000, 0x0000000084300000, 0x0000000084400000|  0%| F|  |TAMS 0x0000000084300000, 0x0000000084300000| Untracked 
|  38|0x0000000084400000, 0x0000000084400000, 0x0000000084500000|  0%| F|  |TAMS 0x0000000084400000, 0x0000000084400000| Untracked 
|  39|0x0000000084500000, 0x0000000084500000, 0x0000000084600000|  0%| F|  |TAMS 0x0000000084500000, 0x0000000084500000| Untracked 
|  40|0x0000000084600000, 0x0000000084600000, 0x0000000084700000|  0%| F|  |TAMS 0x0000000084600000, 0x0000000084600000| Untracked 
|  41|0x0000000084700000, 0x0000000084700000, 0x0000000084800000|  0%| F|  |TAMS 0x0000000084700000, 0x0000000084700000| Untracked 
|  42|0x0000000084800000, 0x0000000084800000, 0x0000000084900000|  0%| F|  |TAMS 0x0000000084800000, 0x0000000084800000| Untracked 
|  43|0x0000000084900000, 0x0000000084900000, 0x0000000084a00000|  0%| F|  |TAMS 0x0000000084900000, 0x0000000084900000| Untracked 
|  44|0x0000000084a00000, 0x0000000084a00000, 0x0000000084b00000|  0%| F|  |TAMS 0x0000000084a00000, 0x0000000084a00000| Untracked 
|  45|0x0000000084b00000, 0x0000000084b00000, 0x0000000084c00000|  0%| F|  |TAMS 0x0000000084b00000, 0x0000000084b00000| Untracked 
|  46|0x0000000084c00000, 0x0000000084c00000, 0x0000000084d00000|  0%| F|  |TAMS 0x0000000084c00000, 0x0000000084c00000| Untracked 
|  47|0x0000000084d00000, 0x0000000084d00000, 0x0000000084e00000|  0%| F|  |TAMS 0x0000000084d00000, 0x0000000084d00000| Untracked 
|  48|0x0000000084e00000, 0x0000000084e00000, 0x0000000084f00000|  0%| F|  |TAMS 0x0000000084e00000, 0x0000000084e00000| Untracked 
|  49|0x0000000084f00000, 0x0000000084f00000, 0x0000000085000000|  0%| F|  |TAMS 0x0000000084f00000, 0x0000000084f00000| Untracked 
|  50|0x0000000085000000, 0x0000000085000000, 0x0000000085100000|  0%| F|  |TAMS 0x0000000085000000, 0x0000000085000000| Untracked 
|  51|0x0000000085100000, 0x0000000085100000, 0x0000000085200000|  0%| F|  |TAMS 0x0000000085100000, 0x0000000085100000| Untracked 
|  52|0x0000000085200000, 0x0000000085200000, 0x0000000085300000|  0%| F|  |TAMS 0x0000000085200000, 0x0000000085200000| Untracked 
|  53|0x0000000085300000, 0x0000000085300000, 0x0000000085400000|  0%| F|  |TAMS 0x0000000085300000, 0x0000000085300000| Untracked 
|  54|0x0000000085400000, 0x0000000085400000, 0x0000000085500000|  0%| F|  |TAMS 0x0000000085400000, 0x0000000085400000| Untracked 
|  55|0x0000000085500000, 0x0000000085500000, 0x0000000085600000|  0%| F|  |TAMS 0x0000000085500000, 0x0000000085500000| Untracked 
|  56|0x0000000085600000, 0x0000000085600000, 0x0000000085700000|  0%| F|  |TAMS 0x0000000085600000, 0x0000000085600000| Untracked 
|  57|0x0000000085700000, 0x0000000085700000, 0x0000000085800000|  0%| F|  |TAMS 0x0000000085700000, 0x0000000085700000| Untracked 
|  58|0x0000000085800000, 0x0000000085800000, 0x0000000085900000|  0%| F|  |TAMS 0x0000000085800000, 0x0000000085800000| Untracked 
|  59|0x0000000085900000, 0x0000000085900000, 0x0000000085a00000|  0%| F|  |TAMS 0x0000000085900000, 0x0000000085900000| Untracked 
|  60|0x0000000085a00000, 0x0000000085a00000, 0x0000000085b00000|  0%| F|  |TAMS 0x0000000085a00000, 0x0000000085a00000| Untracked 
|  61|0x0000000085b00000, 0x0000000085b00000, 0x0000000085c00000|  0%| F|  |TAMS 0x0000000085b00000, 0x0000000085b00000| Untracked 
|  62|0x0000000085c00000, 0x0000000085c00000, 0x0000000085d00000|  0%| F|  |TAMS 0x0000000085c00000, 0x0000000085c00000| Untracked 
|  63|0x0000000085d00000, 0x0000000085d00000, 0x0000000085e00000|  0%| F|  |TAMS 0x0000000085d00000, 0x0000000085d00000| Untracked 
|  64|0x0000000085e00000, 0x0000000085e00000, 0x0000000085f00000|  0%| F|  |TAMS 0x0000000085e00000, 0x0000000085e00000| Untracked 
|  65|0x0000000085f00000, 0x0000000085f00000, 0x0000000086000000|  0%| F|  |TAMS 0x0000000085f00000, 0x0000000085f00000| Untracked 
|  66|0x0000000086000000, 0x0000000086000000, 0x0000000086100000|  0%| F|  |TAMS 0x0000000086000000, 0x0000000086000000| Untracked 
|  67|0x0000000086100000, 0x0000000086100000, 0x0000000086200000|  0%| F|  |TAMS 0x0000000086100000, 0x0000000086100000| Untracked 
|  68|0x0000000086200000, 0x0000000086200000, 0x0000000086300000|  0%| F|  |TAMS 0x0000000086200000, 0x0000000086200000| Untracked 
|  69|0x0000000086300000, 0x0000000086300000, 0x0000000086400000|  0%| F|  |TAMS 0x0000000086300000, 0x0000000086300000| Untracked 
|  70|0x0000000086400000, 0x0000000086400000, 0x0000000086500000|  0%| F|  |TAMS 0x0000000086400000, 0x0000000086400000| Untracked 
|  71|0x0000000086500000, 0x0000000086500000, 0x0000000086600000|  0%| F|  |TAMS 0x0000000086500000, 0x0000000086500000| Untracked 
|  72|0x0000000086600000, 0x0000000086600000, 0x0000000086700000|  0%| F|  |TAMS 0x0000000086600000, 0x0000000086600000| Untracked 
|  73|0x0000000086700000, 0x0000000086700000, 0x0000000086800000|  0%| F|  |TAMS 0x0000000086700000, 0x0000000086700000| Untracked 
|  74|0x0000000086800000, 0x0000000086800000, 0x0000000086900000|  0%| F|  |TAMS 0x0000000086800000, 0x0000000086800000| Untracked 
|  75|0x0000000086900000, 0x0000000086900000, 0x0000000086a00000|  0%| F|  |TAMS 0x0000000086900000, 0x0000000086900000| Untracked 
|  76|0x0000000086a00000, 0x0000000086a00000, 0x0000000086b00000|  0%| F|  |TAMS 0x0000000086a00000, 0x0000000086a00000| Untracked 
|  77|0x0000000086b00000, 0x0000000086b00000, 0x0000000086c00000|  0%| F|  |TAMS 0x0000000086b00000, 0x0000000086b00000| Untracked 
|  78|0x0000000086c00000, 0x0000000086c00000, 0x0000000086d00000|  0%| F|  |TAMS 0x0000000086c00000, 0x0000000086c00000| Untracked 
|  79|0x0000000086d00000, 0x0000000086d00000, 0x0000000086e00000|  0%| F|  |TAMS 0x0000000086d00000, 0x0000000086d00000| Untracked 
|  80|0x0000000086e00000, 0x0000000086e00000, 0x0000000086f00000|  0%| F|  |TAMS 0x0000000086e00000, 0x0000000086e00000| Untracked 
|  81|0x0000000086f00000, 0x0000000086f00000, 0x0000000087000000|  0%| F|  |TAMS 0x0000000086f00000, 0x0000000086f00000| Untracked 
|  82|0x0000000087000000, 0x0000000087000000, 0x0000000087100000|  0%| F|  |TAMS 0x0000000087000000, 0x0000000087000000| Untracked 
|  83|0x0000000087100000, 0x0000000087100000, 0x0000000087200000|  0%| F|  |TAMS 0x0000000087100000, 0x0000000087100000| Untracked 
|  84|0x0000000087200000, 0x0000000087200000, 0x0000000087300000|  0%| F|  |TAMS 0x0000000087200000, 0x0000000087200000| Untracked 
|  85|0x0000000087300000, 0x0000000087300000, 0x0000000087400000|  0%| F|  |TAMS 0x0000000087300000, 0x0000000087300000| Untracked 
|  86|0x0000000087400000, 0x0000000087400000, 0x0000000087500000|  0%| F|  |TAMS 0x0000000087400000, 0x0000000087400000| Untracked 
|  87|0x0000000087500000, 0x0000000087500000, 0x0000000087600000|  0%| F|  |TAMS 0x0000000087500000, 0x0000000087500000| Untracked 
|  88|0x0000000087600000, 0x0000000087600000, 0x0000000087700000|  0%| F|  |TAMS 0x0000000087600000, 0x0000000087600000| Untracked 
|  89|0x0000000087700000, 0x0000000087700000, 0x0000000087800000|  0%| F|  |TAMS 0x0000000087700000, 0x0000000087700000| Untracked 
|  90|0x0000000087800000, 0x0000000087800000, 0x0000000087900000|  0%| F|  |TAMS 0x0000000087800000, 0x0000000087800000| Untracked 
|  91|0x0000000087900000, 0x0000000087900000, 0x0000000087a00000|  0%| F|  |TAMS 0x0000000087900000, 0x0000000087900000| Untracked 
|  92|0x0000000087a00000, 0x0000000087a00000, 0x0000000087b00000|  0%| F|  |TAMS 0x0000000087a00000, 0x0000000087a00000| Untracked 
|  93|0x0000000087b00000, 0x0000000087b00000, 0x0000000087c00000|  0%| F|  |TAMS 0x0000000087b00000, 0x0000000087b00000| Untracked 
|  94|0x0000000087c00000, 0x0000000087c00000, 0x0000000087d00000|  0%| F|  |TAMS 0x0000000087c00000, 0x0000000087c00000| Untracked 
|  95|0x0000000087d00000, 0x0000000087d00000, 0x0000000087e00000|  0%| F|  |TAMS 0x0000000087d00000, 0x0000000087d00000| Untracked 
|  96|0x0000000087e00000, 0x0000000087e00000, 0x0000000087f00000|  0%| F|  |TAMS 0x0000000087e00000, 0x0000000087e00000| Untracked 
|  97|0x0000000087f00000, 0x0000000087f00000, 0x0000000088000000|  0%| F|  |TAMS 0x0000000087f00000, 0x0000000087f00000| Untracked 
|  98|0x0000000088000000, 0x0000000088000000, 0x0000000088100000|  0%| F|  |TAMS 0x0000000088000000, 0x0000000088000000| Untracked 
|  99|0x0000000088100000, 0x0000000088100000, 0x0000000088200000|  0%| F|  |TAMS 0x0000000088100000, 0x0000000088100000| Untracked 
| 100|0x0000000088200000, 0x0000000088200000, 0x0000000088300000|  0%| F|  |TAMS 0x0000000088200000, 0x0000000088200000| Untracked 
| 101|0x0000000088300000, 0x0000000088300000, 0x0000000088400000|  0%| F|  |TAMS 0x0000000088300000, 0x0000000088300000| Untracked 
| 102|0x0000000088400000, 0x0000000088500000, 0x0000000088500000|100%| S|CS|TAMS 0x0000000088400000, 0x0000000088400000| Complete 
| 103|0x0000000088500000, 0x0000000088600000, 0x0000000088600000|100%| S|CS|TAMS 0x0000000088500000, 0x0000000088500000| Complete 
| 104|0x0000000088600000, 0x0000000088700000, 0x0000000088700000|100%| S|CS|TAMS 0x0000000088600000, 0x0000000088600000| Complete 
| 105|0x0000000088700000, 0x0000000088700000, 0x0000000088800000|  0%| F|  |TAMS 0x0000000088700000, 0x0000000088700000| Untracked 
| 106|0x0000000088800000, 0x0000000088800000, 0x0000000088900000|  0%| F|  |TAMS 0x0000000088800000, 0x0000000088800000| Untracked 
| 107|0x0000000088900000, 0x0000000088900000, 0x0000000088a00000|  0%| F|  |TAMS 0x0000000088900000, 0x0000000088900000| Untracked 
| 108|0x0000000088a00000, 0x0000000088a67030, 0x0000000088b00000| 40%| E|  |TAMS 0x0000000088a00000, 0x0000000088a00000| Complete 
| 109|0x0000000088b00000, 0x0000000088c00000, 0x0000000088c00000|100%| E|CS|TAMS 0x0000000088b00000, 0x0000000088b00000| Complete 
| 110|0x0000000088c00000, 0x0000000088d00000, 0x0000000088d00000|100%| E|CS|TAMS 0x0000000088c00000, 0x0000000088c00000| Complete 
| 111|0x0000000088d00000, 0x0000000088e00000, 0x0000000088e00000|100%| E|CS|TAMS 0x0000000088d00000, 0x0000000088d00000| Complete 
| 112|0x0000000088e00000, 0x0000000088f00000, 0x0000000088f00000|100%| E|CS|TAMS 0x0000000088e00000, 0x0000000088e00000| Complete 
| 113|0x0000000088f00000, 0x0000000089000000, 0x0000000089000000|100%| E|CS|TAMS 0x0000000088f00000, 0x0000000088f00000| Complete 
| 114|0x0000000089000000, 0x0000000089100000, 0x0000000089100000|100%| E|CS|TAMS 0x0000000089000000, 0x0000000089000000| Complete 
| 115|0x0000000089100000, 0x0000000089200000, 0x0000000089200000|100%| E|CS|TAMS 0x0000000089100000, 0x0000000089100000| Complete 
| 116|0x0000000089200000, 0x0000000089300000, 0x0000000089300000|100%| E|CS|TAMS 0x0000000089200000, 0x0000000089200000| Complete 
| 117|0x0000000089300000, 0x0000000089400000, 0x0000000089400000|100%| E|CS|TAMS 0x0000000089300000, 0x0000000089300000| Complete 
| 118|0x0000000089400000, 0x0000000089500000, 0x0000000089500000|100%| E|CS|TAMS 0x0000000089400000, 0x0000000089400000| Complete 
| 119|0x0000000089500000, 0x0000000089600000, 0x0000000089600000|100%| E|CS|TAMS 0x0000000089500000, 0x0000000089500000| Complete 
| 120|0x0000000089600000, 0x0000000089700000, 0x0000000089700000|100%| E|CS|TAMS 0x0000000089600000, 0x0000000089600000| Complete 
| 121|0x0000000089700000, 0x0000000089800000, 0x0000000089800000|100%| E|CS|TAMS 0x0000000089700000, 0x0000000089700000| Complete 
| 122|0x0000000089800000, 0x0000000089900000, 0x0000000089900000|100%| E|CS|TAMS 0x0000000089800000, 0x0000000089800000| Complete 
| 123|0x0000000089900000, 0x0000000089a00000, 0x0000000089a00000|100%| E|CS|TAMS 0x0000000089900000, 0x0000000089900000| Complete 
| 124|0x0000000089a00000, 0x0000000089b00000, 0x0000000089b00000|100%| E|CS|TAMS 0x0000000089a00000, 0x0000000089a00000| Complete 
| 125|0x0000000089b00000, 0x0000000089c00000, 0x0000000089c00000|100%| E|CS|TAMS 0x0000000089b00000, 0x0000000089b00000| Complete 
| 126|0x0000000089c00000, 0x0000000089d00000, 0x0000000089d00000|100%| E|CS|TAMS 0x0000000089c00000, 0x0000000089c00000| Complete 
| 127|0x0000000089d00000, 0x0000000089e00000, 0x0000000089e00000|100%| E|CS|TAMS 0x0000000089d00000, 0x0000000089d00000| Complete 

Card table byte_map: [0x000002687e1c0000,0x000002687e5c0000] _byte_map_base: 0x000002687ddb1000

Marking Bits (Prev, Next): (CMBitMap*) 0x000002687da317c0, (CMBitMap*) 0x000002687da31800
 Prev Bits: [0x0000026816e90000, 0x0000026818e18000)
 Next Bits: [0x0000026818e20000, 0x000002681ada8000)

Polling page: 0x000002687b910000

Metaspace:

Usage:
  Non-class:      8.21 MB used.
      Class:      1.19 MB used.
       Both:      9.40 MB used.

Virtual space:
  Non-class space:       64.00 MB reserved,       8.38 MB ( 13%) committed,  1 nodes.
      Class space:        1.00 GB reserved,       1.31 MB ( <1%) committed,  1 nodes.
             Both:        1.06 GB reserved,       9.69 MB ( <1%) committed. 

Chunk freelists:
   Non-Class:  2.92 MB
       Class:  2.57 MB
        Both:  5.49 MB

MaxMetaspaceSize: unlimited
CompressedClassSpaceSize: 1.00 GB
Initial GC threshold: 21.00 MB
Current GC threshold: 21.00 MB
CDS: on
MetaspaceReclaimPolicy: balanced
 - commit_granule_bytes: 65536.
 - commit_granule_words: 8192.
 - virtual_space_node_default_size: 8388608.
 - enlarge_chunks_in_place: 1.
 - new_chunks_are_fully_committed: 0.
 - uncommit_free_chunks: 1.
 - use_allocation_guard: 0.


Internal statistics:

num_allocs_failed_limit: 0.
num_arena_births: 222.
num_arena_deaths: 0.
num_vsnodes_births: 2.
num_vsnodes_deaths: 0.
num_space_committed: 155.
num_space_uncommitted: 0.
num_chunks_returned_to_freelist: 0.
num_chunks_taken_from_freelist: 491.
num_chunk_merges: 0.
num_chunk_splits: 299.
num_chunks_enlarged: 221.
num_inconsistent_stats: 0.

CodeHeap 'non-profiled nmethods': size=120000Kb used=617Kb max_used=617Kb free=119383Kb
 bounds [0x000002680f960000, 0x000002680fbd0000, 0x0000026816e90000]
CodeHeap 'profiled nmethods': size=120000Kb used=3129Kb max_used=3129Kb free=116870Kb
 bounds [0x0000026807e90000, 0x00000268081a0000, 0x000002680f3c0000]
CodeHeap 'non-nmethods': size=5760Kb used=1278Kb max_used=1298Kb free=4481Kb
 bounds [0x000002680f3c0000, 0x000002680f630000, 0x000002680f960000]
 total_blobs=2116 nmethods=1618 adapters=409
 compilation: enabled
              stopped_count=0, restarted_count=0
 full_count=0

Compilation events (20 events):
Event: 23.577 Thread 0x000002687f4196b0 nmethod 1607 0x000002680819b090 code [0x000002680819b220, 0x000002680819b358]
Event: 24.668 Thread 0x000002687f4196b0 1609       3       java.util.concurrent.locks.ReentrantLock$NonfairSync::tryAcquire (27 bytes)
Event: 24.668 Thread 0x000002687f4196b0 nmethod 1609 0x000002680819b410 code [0x000002680819b5c0, 0x000002680819b848]
Event: 24.668 Thread 0x000002687f4196b0 1610       3       org.gradle.internal.time.TimeSource$1::nanoTime (4 bytes)
Event: 24.668 Thread 0x000002687f4196b0 nmethod 1610 0x000002680819b910 code [0x000002680819baa0, 0x000002680819bbd8]
Event: 24.668 Thread 0x000002687f4196b0 1611       3       java.util.concurrent.locks.AbstractQueuedSynchronizer$Node::<init> (5 bytes)
Event: 24.669 Thread 0x000002687f4196b0 nmethod 1611 0x000002680819bc90 code [0x000002680819be40, 0x000002680819bf98]
Event: 24.776 Thread 0x000002687f4196b0 1612       3       jdk.internal.misc.Unsafe::getAndBitwiseAndInt (27 bytes)
Event: 24.776 Thread 0x000002687f4196b0 nmethod 1612 0x000002680819c090 code [0x000002680819c240, 0x000002680819c488]
Event: 25.166 Thread 0x000002687f4196b0 1613       3       java.util.concurrent.locks.AbstractQueuedSynchronizer$Node::getAndUnsetStatus (14 bytes)
Event: 25.166 Thread 0x000002687f4196b0 nmethod 1613 0x000002680819c590 code [0x000002680819c740, 0x000002680819ca08]
Event: 25.166 Thread 0x000002687f4196b0 1614       3       java.util.concurrent.locks.AbstractQueuedSynchronizer$ConditionNode::<init> (5 bytes)
Event: 25.166 Thread 0x000002687f4196b0 nmethod 1614 0x000002680819cb10 code [0x000002680819ccc0, 0x000002680819ce78]
Event: 25.166 Thread 0x000002687f4196b0 1615       3       java.util.concurrent.locks.AbstractQueuedSynchronizer$ConditionObject::enableWait (84 bytes)
Event: 25.167 Thread 0x000002687f4196b0 nmethod 1615 0x000002680819cf90 code [0x000002680819d1c0, 0x000002680819d908]
Event: 25.274 Thread 0x000002687f4196b0 1616       3       java.util.concurrent.ThreadPoolExecutor$Worker::unlock (7 bytes)
Event: 25.275 Thread 0x000002687f4196b0 nmethod 1616 0x000002680819db90 code [0x000002680819dd40, 0x000002680819dfa8]
Event: 25.369 Thread 0x000002687f4196b0 1617       3       java.util.concurrent.locks.AbstractQueuedSynchronizer$Node::clearStatus (12 bytes)
Event: 25.369 Thread 0x000002687f4196b0 nmethod 1617 0x000002680819e090 code [0x000002680819e240, 0x000002680819e408]
Event: 25.369 Thread 0x000002687f4196b0 1620   !   3       java.util.concurrent.locks.AbstractQueuedSynchronizer::acquire (407 bytes)

GC Heap History (2 events):
Event: 0.468 GC heap before
{Heap before GC invocations=0 (full 0):
 garbage-first heap   total 131072K, used 25600K [0x0000000081e00000, 0x0000000100000000)
  region size 1024K, 23 young (23552K), 0 survivors (0K)
 Metaspace       used 4280K, committed 4480K, reserved 1114112K
  class space    used 539K, committed 640K, reserved 1048576K
}
Event: 0.473 GC heap after
{Heap after GC invocations=1 (full 0):
 garbage-first heap   total 131072K, used 9086K [0x0000000081e00000, 0x0000000100000000)
  region size 1024K, 3 young (3072K), 3 survivors (3072K)
 Metaspace       used 4280K, committed 4480K, reserved 1114112K
  class space    used 539K, committed 640K, reserved 1048576K
}

Dll operation events (12 events):
Event: 0.006 Loaded shared library C:\Program Files\Java\jdk-19\bin\java.dll
Event: 0.012 Loaded shared library C:\Program Files\Java\jdk-19\bin\jsvml.dll
Event: 0.034 Loaded shared library C:\Program Files\Java\jdk-19\bin\net.dll
Event: 0.036 Loaded shared library C:\Program Files\Java\jdk-19\bin\nio.dll
Event: 0.037 Loaded shared library C:\Program Files\Java\jdk-19\bin\zip.dll
Event: 0.039 Loaded shared library C:\Program Files\Java\jdk-19\bin\verify.dll
Event: 0.062 Loaded shared library C:\Program Files\Java\jdk-19\bin\jimage.dll
Event: 0.443 Loaded shared library C:\Users\User\.gradle\native\68d5fa5c4cc2d200863cafc0d521ce42e7d3e7ee720ec0a83991735586a16f82\windows-amd64\native-platform.dll
Event: 0.542 Loaded shared library C:\Program Files\Java\jdk-19\bin\management.dll
Event: 0.544 Loaded shared library C:\Program Files\Java\jdk-19\bin\management_ext.dll
Event: 0.728 Loaded shared library C:\Program Files\Java\jdk-19\bin\extnet.dll
Event: 2.388 Loaded shared library C:\Program Files\Java\jdk-19\bin\sunmscapi.dll

Deoptimization events (20 events):
Event: 2.356 Thread 0x000002687d9d0810 Uncommon trap: trap_request=0xffffffc6 fr.pc=0x000002680f9de678 relative=0x00000000000015b8
Event: 2.356 Thread 0x000002687d9d0810 Uncommon trap: reason=bimorphic_or_optimized_type_check action=maybe_recompile pc=0x000002680f9de678 method=java.io.DataInputStream.readFully([BII)V @ 30 c2
Event: 2.356 Thread 0x000002687d9d0810 DEOPT PACKING pc=0x000002680f9de678 sp=0x000000fcfc9fda80
Event: 2.356 Thread 0x000002687d9d0810 DEOPT UNPACKING pc=0x000002680f426da3 sp=0x000000fcfc9fd9e8 mode 2
Event: 2.375 Thread 0x000002687d9d0810 Uncommon trap: trap_request=0xffffffde fr.pc=0x000002680f9ec2e4 relative=0x0000000000000844
Event: 2.375 Thread 0x000002687d9d0810 Uncommon trap: reason=class_check action=maybe_recompile pc=0x000002680f9ec2e4 method=java.util.HashMap.putVal(ILjava/lang/Object;Ljava/lang/Object;ZZ)Ljava/lang/Object; @ 203 c2
Event: 2.375 Thread 0x000002687d9d0810 DEOPT PACKING pc=0x000002680f9ec2e4 sp=0x000000fcfc9fb330
Event: 2.376 Thread 0x000002687d9d0810 DEOPT UNPACKING pc=0x000002680f426da3 sp=0x000000fcfc9fb2c0 mode 2
Event: 2.376 Thread 0x000002687d9d0810 Uncommon trap: trap_request=0xffffffde fr.pc=0x000002680f9ec2e4 relative=0x0000000000000844
Event: 2.376 Thread 0x000002687d9d0810 Uncommon trap: reason=class_check action=maybe_recompile pc=0x000002680f9ec2e4 method=java.util.HashMap.putVal(ILjava/lang/Object;Ljava/lang/Object;ZZ)Ljava/lang/Object; @ 203 c2
Event: 2.376 Thread 0x000002687d9d0810 DEOPT PACKING pc=0x000002680f9ec2e4 sp=0x000000fcfc9fb330
Event: 2.376 Thread 0x000002687d9d0810 DEOPT UNPACKING pc=0x000002680f426da3 sp=0x000000fcfc9fb2c0 mode 2
Event: 2.376 Thread 0x000002687d9d0810 Uncommon trap: trap_request=0xffffffde fr.pc=0x000002680f9ec2e4 relative=0x0000000000000844
Event: 2.376 Thread 0x000002687d9d0810 Uncommon trap: reason=class_check action=maybe_recompile pc=0x000002680f9ec2e4 method=java.util.HashMap.putVal(ILjava/lang/Object;Ljava/lang/Object;ZZ)Ljava/lang/Object; @ 203 c2
Event: 2.376 Thread 0x000002687d9d0810 DEOPT PACKING pc=0x000002680f9ec2e4 sp=0x000000fcfc9fb330
Event: 2.376 Thread 0x000002687d9d0810 DEOPT UNPACKING pc=0x000002680f426da3 sp=0x000000fcfc9fb2c0 mode 2
Event: 2.378 Thread 0x000002687d9d0810 Uncommon trap: trap_request=0xffffffde fr.pc=0x000002680f9ec2e4 relative=0x0000000000000844
Event: 2.378 Thread 0x000002687d9d0810 Uncommon trap: reason=class_check action=maybe_recompile pc=0x000002680f9ec2e4 method=java.util.HashMap.putVal(ILjava/lang/Object;Ljava/lang/Object;ZZ)Ljava/lang/Object; @ 203 c2
Event: 2.378 Thread 0x000002687d9d0810 DEOPT PACKING pc=0x000002680f9ec2e4 sp=0x000000fcfc9fb330
Event: 2.378 Thread 0x000002687d9d0810 DEOPT UNPACKING pc=0x000002680f426da3 sp=0x000000fcfc9fb2c0 mode 2

Classes loaded (20 events):
Event: 13.752 Loading class jdk/internal/logger/LazyLoggers
Event: 13.752 Loading class jdk/internal/logger/LazyLoggers done
Event: 13.752 Loading class jdk/internal/logger/LazyLoggers$1
Event: 13.752 Loading class jdk/internal/logger/LazyLoggers$1 done
Event: 13.752 Loading class jdk/internal/logger/LazyLoggers$LazyLoggerFactories
Event: 13.753 Loading class jdk/internal/logger/LazyLoggers$LazyLoggerFactories done
Event: 13.753 Loading class jdk/internal/logger/LoggerFinderLoader
Event: 13.754 Loading class jdk/internal/logger/LoggerFinderLoader done
Event: 13.755 Loading class sun/util/logging/internal/LoggingProviderImpl$JULWrapper
Event: 13.755 Loading class sun/util/logging/PlatformLogger$ConfigurableBridge$LoggerConfiguration
Event: 13.755 Loading class sun/util/logging/PlatformLogger$ConfigurableBridge$LoggerConfiguration done
Event: 13.755 Loading class sun/util/logging/internal/LoggingProviderImpl$JULWrapper done
Event: 13.756 Loading class java/io/ObjectInputFilter$Config$BuiltinFilterFactory
Event: 13.756 Loading class java/io/ObjectInputFilter$Config$BuiltinFilterFactory done
Event: 13.756 Loading class jdk/internal/access/JavaObjectInputFilterAccess
Event: 13.756 Loading class jdk/internal/access/JavaObjectInputFilterAccess done
Event: 13.757 Loading class java/lang/System$Logger$Level
Event: 13.757 Loading class java/lang/System$Logger$Level done
Event: 13.757 Loading class java/io/Bits
Event: 13.757 Loading class java/io/Bits done

Classes unloaded (0 events):
No events

Classes redefined (0 events):
No events

Internal exceptions (20 events):
Event: 0.108 Thread 0x000002687d9d0810 Exception <a 'java/lang/NoSuchMethodError'{0x0000000089abc440}: 'int java.lang.invoke.DirectMethodHandle$Holder.invokeStaticInit(java.lang.Object, java.lang.Object)'> (0x0000000089abc440) 
thrown [s\open\src\hotspot\share\interpreter\linkResolver.cpp, line 774]
Event: 0.417 Thread 0x000002687d9d0810 Exception <a 'java/lang/NoSuchMethodError'{0x000000008892a670}: 'void java.lang.invoke.DirectMethodHandle$Holder.invokeInterface(java.lang.Object, java.lang.Object, java.lang.Object)'> (0x000000008892a670) 
thrown [s\open\src\hotspot\share\interpreter\linkResolver.cpp, line 774]
Event: 0.423 Thread 0x000002687d9d0810 Exception <a 'java/lang/NoClassDefFoundError'{0x0000000088975388}: org/slf4j/impl/StaticMarkerBinder> (0x0000000088975388) 
thrown [s\open\src\hotspot\share\classfile\systemDictionary.cpp, line 244]
Event: 0.431 Thread 0x000002687d9d0810 Exception <a 'java/lang/NoSuchMethodError'{0x00000000889fc3b8}: 'java.lang.Object java.lang.invoke.DirectMethodHandle$Holder.invokeVirtual(java.lang.Object, java.lang.Object, java.lang.Object, java.lang.Object, java.lang.Object, java.lang.Object, java.lang.Object)'> (0x00000000889fc3b8) 
thrown [s\open\src\hotspot\share\interpreter\linkResolver.cpp, line 774]
Event: 0.433 Thread 0x000002687d9d0810 Exception <a 'java/lang/NoSuchMethodError'{0x0000000088810678}: 'java.lang.Object java.lang.invoke.DirectMethodHandle$Holder.invokeStatic(java.lang.Object, java.lang.Object, int)'> (0x0000000088810678) 
thrown [s\open\src\hotspot\share\interpreter\linkResolver.cpp, line 774]
Event: 0.434 Thread 0x000002687d9d0810 Exception <a 'java/lang/NoSuchMethodError'{0x000000008881c3a0}: 'void java.lang.invoke.DelegatingMethodHandle$Holder.delegate(java.lang.Object, java.lang.Object, int, java.lang.Object)'> (0x000000008881c3a0) 
thrown [s\open\src\hotspot\share\interpreter\linkResolver.cpp, line 774]
Event: 0.435 Thread 0x000002687d9d0810 Exception <a 'java/lang/NoSuchMethodError'{0x0000000088820500}: 'int java.lang.invoke.DirectMethodHandle$Holder.invokeSpecial(java.lang.Object, java.lang.Object, java.lang.Object)'> (0x0000000088820500) 
thrown [s\open\src\hotspot\share\interpreter\linkResolver.cpp, line 774]
Event: 0.450 Thread 0x000002687d9d0810 Exception <a 'java/lang/NoSuchMethodError'{0x00000000888b8a40}: 'java.lang.Object java.lang.invoke.DirectMethodHandle$Holder.invokeVirtual(java.lang.Object, java.lang.Object, java.lang.Object)'> (0x00000000888b8a40) 
thrown [s\open\src\hotspot\share\interpreter\linkResolver.cpp, line 774]
Event: 0.498 Thread 0x000002687d9d0810 Exception <a 'java/lang/NoSuchMethodError'{0x0000000089cda038}: 'java.lang.Object java.lang.invoke.DirectMethodHandle$Holder.invokeVirtual(java.lang.Object, java.lang.Object, java.lang.Object, java.lang.Object)'> (0x0000000089cda038) 
thrown [s\open\src\hotspot\share\interpreter\linkResolver.cpp, line 774]
Event: 0.507 Thread 0x000002687d9d0810 Exception <a 'java/lang/NoSuchMethodError'{0x0000000089b6f210}: 'java.lang.Object java.lang.invoke.DirectMethodHandle$Holder.invokeVirtual(java.lang.Object, java.lang.Object, java.lang.Object, java.lang.Object, java.lang.Object, java.lang.Object)'> (0x0000000089b6f210) 
thrown [s\open\src\hotspot\share\interpreter\linkResolver.cpp, line 774]
Event: 0.540 Thread 0x000002687d9d0810 Exception <a 'java/lang/NoSuchMethodError'{0x00000000899b4e70}: 'java.lang.Object java.lang.invoke.DirectMethodHandle$Holder.invokeStaticInit(java.lang.Object)'> (0x00000000899b4e70) 
thrown [s\open\src\hotspot\share\interpreter\linkResolver.cpp, line 774]
Event: 0.566 Thread 0x000002687d9d0810 Exception <a 'java/lang/NoSuchMethodError'{0x0000000089704860}: 'java.lang.Object java.lang.invoke.DirectMethodHandle$Holder.invokeVirtual(java.lang.Object, java.lang.Object, java.lang.Object, java.lang.Object, java.lang.Object)'> (0x0000000089704860) 
thrown [s\open\src\hotspot\share\interpreter\linkResolver.cpp, line 774]
Event: 0.567 Thread 0x000002687d9d0810 Exception <a 'java/lang/NoSuchMethodError'{0x0000000089718c60}: 'java.lang.Object java.lang.invoke.Invokers$Holder.invokeExact_MT(java.lang.Object, java.lang.Object, java.lang.Object, java.lang.Object, java.lang.Object, java.lang.Object)'> (0x0000000089718c60) 
thrown [s\open\src\hotspot\share\interpreter\linkResolver.cpp, line 774]
Event: 0.592 Thread 0x000002687d9d0810 Exception <a 'java/lang/NoSuchMethodError'{0x00000000896ddad0}: 'java.lang.Object java.lang.invoke.DirectMethodHandle$Holder.invokeVirtual(java.lang.Object, java.lang.Object, java.lang.Object, java.lang.Object, java.lang.Object, java.lang.Object, java.lang.Object, java.lang.Object)'> (0x00000000896ddad0) 
thrown [s\open\src\hotspot\share\interpreter\linkResolver.cpp, line 774]
Event: 0.610 Thread 0x000002687d9d0810 Exception <a 'java/lang/NoSuchMethodError'{0x0000000089404658}: 'java.lang.Object java.lang.invoke.DirectMethodHandle$Holder.invokeStaticInit(java.lang.Object, int, int, int, int)'> (0x0000000089404658) 
thrown [s\open\src\hotspot\share\interpreter\linkResolver.cpp, line 774]
Event: 0.643 Thread 0x000002687d9d0810 Exception <a 'java/lang/NoSuchMethodError'{0x000000008943a858}: 'java.lang.Object java.lang.invoke.DirectMethodHandle$Holder.invokeStaticInit(java.lang.Object, java.lang.Object, int, int, int, int)'> (0x000000008943a858) 
thrown [s\open\src\hotspot\share\interpreter\linkResolver.cpp, line 774]
Event: 0.909 Thread 0x000002682218d450 Exception <a 'java/lang/NoSuchMethodError'{0x0000000088ddcb48}: 'void java.lang.invoke.DirectMethodHandle$Holder.invokeStatic(java.lang.Object, long)'> (0x0000000088ddcb48) 
thrown [s\open\src\hotspot\share\interpreter\linkResolver.cpp, line 774]
Event: 0.910 Thread 0x000002682218d450 Exception <a 'java/lang/NoSuchMethodError'{0x0000000088de2200}: 'java.lang.Object java.lang.invoke.DirectMethodHandle$Holder.newInvokeSpecial(java.lang.Object, long)'> (0x0000000088de2200) 
thrown [s\open\src\hotspot\share\interpreter\linkResolver.cpp, line 774]
Event: 0.911 Thread 0x000002682218d450 Exception <a 'java/lang/NoSuchMethodError'{0x0000000088de96d8}: 'java.lang.Object java.lang.invoke.DirectMethodHandle$Holder.invokeStatic(java.lang.Object, long, java.lang.Object)'> (0x0000000088de96d8) 
thrown [s\open\src\hotspot\share\interpreter\linkResolver.cpp, line 774]
Event: 0.911 Thread 0x000002682218d450 Exception <a 'java/lang/NoSuchMethodError'{0x0000000088ded108}: 'java.lang.Object java.lang.invoke.DirectMethodHandle$Holder.invokeStaticInit(java.lang.Object, long, java.lang.Object)'> (0x0000000088ded108) 
thrown [s\open\src\hotspot\share\interpreter\linkResolver.cpp, line 774]

VM Operations (20 events):
Event: 0.750 Executing VM operation: HandshakeAllThreads
Event: 0.750 Executing VM operation: HandshakeAllThreads done
Event: 0.917 Executing VM operation: HandshakeAllThreads
Event: 0.917 Executing VM operation: HandshakeAllThreads done
Event: 0.925 Executing VM operation: HandshakeAllThreads
Event: 0.925 Executing VM operation: HandshakeAllThreads done
Event: 1.931 Executing VM operation: Cleanup
Event: 1.931 Executing VM operation: Cleanup done
Event: 2.374 Executing VM operation: HandshakeAllThreads
Event: 2.374 Executing VM operation: HandshakeAllThreads done
Event: 3.388 Executing VM operation: Cleanup
Event: 3.388 Executing VM operation: Cleanup done
Event: 10.453 Executing VM operation: Cleanup
Event: 10.453 Executing VM operation: Cleanup done
Event: 14.490 Executing VM operation: Cleanup
Event: 14.491 Executing VM operation: Cleanup done
Event: 15.498 Executing VM operation: Cleanup
Event: 15.498 Executing VM operation: Cleanup done
Event: 17.512 Executing VM operation: Cleanup
Event: 17.512 Executing VM operation: Cleanup done

Events (20 events):
Event: 0.021 Thread 0x000002687f418d40 Thread added: 0x000002687f418d40
Event: 0.021 Thread 0x000002687f4196b0 Thread added: 0x000002687f4196b0
Event: 0.021 Thread 0x000002687f41a020 Thread added: 0x000002687f41a020
Event: 0.031 Thread 0x0000026821116ff0 Thread added: 0x0000026821116ff0
Event: 0.032 Thread 0x0000026821142a30 Thread added: 0x0000026821142a30
Event: 0.241 Thread 0x00000268213db7f0 Thread added: 0x00000268213db7f0
Event: 0.465 Thread 0x0000026821a2a630 Thread added: 0x0000026821a2a630
Event: 0.742 Thread 0x00000268213db7f0 Thread exited: 0x00000268213db7f0
Event: 0.770 Thread 0x00000268219d1e10 Thread added: 0x00000268219d1e10
Event: 0.897 Thread 0x000002682218d450 Thread added: 0x000002682218d450
Event: 0.916 Thread 0x0000026821cf4440 Thread added: 0x0000026821cf4440
Event: 0.917 Thread 0x0000026822151b10 Thread added: 0x0000026822151b10
Event: 0.917 Thread 0x0000026821cf4440 Thread exited: 0x0000026821cf4440
Event: 1.667 Thread 0x00000268219d1e10 Thread exited: 0x00000268219d1e10
Event: 2.356 Thread 0x000002682218d450 Thread exited: 0x000002682218d450
Event: 2.356 Thread 0x0000026822151b10 Thread exited: 0x0000026822151b10
Event: 2.391 Thread 0x0000026821d45200 Thread added: 0x0000026821d45200
Event: 2.427 Thread 0x0000026822369040 Thread added: 0x0000026822369040
Event: 2.427 Thread 0x0000026822071380 Thread added: 0x0000026822071380
Event: 3.679 Thread 0x0000026821d45200 Thread exited: 0x0000026821d45200


Dynamic libraries:
0x00007ff621510000 - 0x00007ff621520000 	C:\Program Files\Java\jdk-19\bin\java.exe
0x00007ffaf4e30000 - 0x00007ffaf5028000 	C:\Windows\SYSTEM32\ntdll.dll
0x00007ffaf34b0000 - 0x00007ffaf356f000 	C:\Windows\System32\KERNEL32.DLL
0x00007ffaf2640000 - 0x00007ffaf2936000 	C:\Windows\System32\KERNELBASE.dll
0x00007ffaf2d90000 - 0x00007ffaf2e90000 	C:\Windows\System32\ucrtbase.dll
0x00007ffae03a0000 - 0x00007ffae03b8000 	C:\Program Files\Java\jdk-19\bin\jli.dll
0x00007ffae0380000 - 0x00007ffae039b000 	C:\Program Files\Java\jdk-19\bin\VCRUNTIME140.dll
0x00007ffaf3570000 - 0x00007ffaf361f000 	C:\Windows\System32\ADVAPI32.dll
0x00007ffaf41f0000 - 0x00007ffaf428e000 	C:\Windows\System32\msvcrt.dll
0x00007ffaf4960000 - 0x00007ffaf49fc000 	C:\Windows\System32\sechost.dll
0x00007ffaf3150000 - 0x00007ffaf3276000 	C:\Windows\System32\RPCRT4.dll
0x00007ffaf4a00000 - 0x00007ffaf4b9d000 	C:\Windows\System32\USER32.dll
0x00007ffaf2940000 - 0x00007ffaf2962000 	C:\Windows\System32\win32u.dll
0x00007ffaf3df0000 - 0x00007ffaf3e1c000 	C:\Windows\System32\GDI32.dll
0x00007ffaf2970000 - 0x00007ffaf2a85000 	C:\Windows\System32\gdi32full.dll
0x00007ffaf2510000 - 0x00007ffaf25ad000 	C:\Windows\System32\msvcp_win.dll
0x00007ffadd090000 - 0x00007ffadd32a000 	C:\Windows\WinSxS\amd64_microsoft.windows.common-controls_6595b64144ccf1df_6.0.19041.1110_none_60b5254171f9507e\COMCTL32.dll
0x00007ffaf2260000 - 0x00007ffaf226a000 	C:\Windows\SYSTEM32\VERSION.dll
0x00007ffaf4cd0000 - 0x00007ffaf4d00000 	C:\Windows\System32\IMM32.DLL
0x000000005ac40000 - 0x000000005ac4c000 	C:\Program Files (x86)\360\Total Security\safemon\SafeWrapper.dll
0x00007ffac6b30000 - 0x00007ffac6bc2000 	C:\Program Files (x86)\360\Total Security\safemon\libzdtp64.dll
0x00007ffaf3690000 - 0x00007ffaf3dd4000 	C:\Windows\System32\SHELL32.dll
0x00007ffaf3e30000 - 0x00007ffaf3e85000 	C:\Windows\System32\SHLWAPI.dll
0x00007ffaede60000 - 0x00007ffaede6c000 	C:\Program Files\Java\jdk-19\bin\vcruntime140_1.dll
0x00007ffac4c60000 - 0x00007ffac4cee000 	C:\Program Files\Java\jdk-19\bin\msvcp140.dll
0x00007ffab54e0000 - 0x00007ffab61a0000 	C:\Program Files\Java\jdk-19\bin\server\jvm.dll
0x00007ffaee170000 - 0x00007ffaee179000 	C:\Windows\SYSTEM32\WSOCK32.dll
0x00007ffade850000 - 0x00007ffade877000 	C:\Windows\SYSTEM32\WINMM.dll
0x00007ffaf3620000 - 0x00007ffaf368b000 	C:\Windows\System32\WS2_32.dll
0x00007ffaf0350000 - 0x00007ffaf0362000 	C:\Windows\SYSTEM32\kernel.appcore.dll
0x00007ffaed710000 - 0x00007ffaed71a000 	C:\Program Files\Java\jdk-19\bin\jimage.dll
0x00007ffaded30000 - 0x00007ffadef14000 	C:\Windows\SYSTEM32\DBGHELP.DLL
0x00007ffadc480000 - 0x00007ffadc4b4000 	C:\Windows\SYSTEM32\dbgcore.DLL
0x00007ffaf25b0000 - 0x00007ffaf2632000 	C:\Windows\System32\bcryptPrimitives.dll
0x00007ffadfe90000 - 0x00007ffadfeb6000 	C:\Program Files\Java\jdk-19\bin\java.dll
0x00007ffabdce0000 - 0x00007ffabddb7000 	C:\Program Files\Java\jdk-19\bin\jsvml.dll
0x00007ffaf0550000 - 0x00007ffaf0ce3000 	C:\Windows\SYSTEM32\windows.storage.dll
0x00007ffaf3e90000 - 0x00007ffaf41e4000 	C:\Windows\System32\combase.dll
0x00007ffaf1ef0000 - 0x00007ffaf1f1e000 	C:\Windows\SYSTEM32\Wldp.dll
0x00007ffaf4700000 - 0x00007ffaf47ad000 	C:\Windows\System32\SHCORE.dll
0x00007ffaf2450000 - 0x00007ffaf246f000 	C:\Windows\SYSTEM32\profapi.dll
0x00007ffadfde0000 - 0x00007ffadfdf3000 	C:\Program Files\Java\jdk-19\bin\net.dll
0x00007ffaea430000 - 0x00007ffaea53a000 	C:\Windows\SYSTEM32\WINHTTP.dll
0x00007ffaf1c50000 - 0x00007ffaf1cba000 	C:\Windows\system32\mswsock.dll
0x00007ffadfdc0000 - 0x00007ffadfdd6000 	C:\Program Files\Java\jdk-19\bin\nio.dll
0x00007ffadf840000 - 0x00007ffadf858000 	C:\Program Files\Java\jdk-19\bin\zip.dll
0x00007ffae29b0000 - 0x00007ffae29c0000 	C:\Program Files\Java\jdk-19\bin\verify.dll
0x00007ffade630000 - 0x00007ffade657000 	C:\Users\User\.gradle\native\68d5fa5c4cc2d200863cafc0d521ce42e7d3e7ee720ec0a83991735586a16f82\windows-amd64\native-platform.dll
0x00007ffae06c0000 - 0x00007ffae06ca000 	C:\Program Files\Java\jdk-19\bin\management.dll
0x00007ffadfe80000 - 0x00007ffadfe8b000 	C:\Program Files\Java\jdk-19\bin\management_ext.dll
0x00007ffaf3de0000 - 0x00007ffaf3de8000 	C:\Windows\System32\PSAPI.DLL
0x00007ffaf1e40000 - 0x00007ffaf1e58000 	C:\Windows\SYSTEM32\CRYPTSP.dll
0x00007ffaf1500000 - 0x00007ffaf1534000 	C:\Windows\system32\rsaenh.dll
0x00007ffaf2d60000 - 0x00007ffaf2d87000 	C:\Windows\System32\bcrypt.dll
0x00007ffaf2410000 - 0x00007ffaf243e000 	C:\Windows\SYSTEM32\USERENV.dll
0x00007ffaf1e60000 - 0x00007ffaf1e6c000 	C:\Windows\SYSTEM32\CRYPTBASE.dll
0x00007ffaf18f0000 - 0x00007ffaf192c000 	C:\Windows\SYSTEM32\IPHLPAPI.DLL
0x00007ffaf4d00000 - 0x00007ffaf4d08000 	C:\Windows\System32\NSI.dll
0x00007ffaeaf40000 - 0x00007ffaeaf57000 	C:\Windows\SYSTEM32\dhcpcsvc6.DLL
0x00007ffaeb190000 - 0x00007ffaeb1ad000 	C:\Windows\SYSTEM32\dhcpcsvc.DLL
0x00007ffaf1980000 - 0x00007ffaf1a4a000 	C:\Windows\SYSTEM32\DNSAPI.dll
0x00007ffadfe50000 - 0x00007ffadfe58000 	C:\Program Files\Java\jdk-19\bin\extnet.dll
0x00007ffadfda0000 - 0x00007ffadfdae000 	C:\Program Files\Java\jdk-19\bin\sunmscapi.dll
0x00007ffaf2b40000 - 0x00007ffaf2c9e000 	C:\Windows\System32\CRYPT32.dll
0x00007ffaf1f60000 - 0x00007ffaf1f88000 	C:\Windows\SYSTEM32\ncrypt.dll
0x00007ffaf1f20000 - 0x00007ffaf1f5b000 	C:\Windows\SYSTEM32\NTASN1.dll
0x00007ffadfd90000 - 0x00007ffadfd97000 	C:\Windows\system32\wshunix.dll

dbghelp: loaded successfully - version: 4.0.5 - missing functions: none
symbol engine: initialized successfully - sym options: 0x614 - pdb path: .;C:\Program Files\Java\jdk-19\bin;C:\Windows\SYSTEM32;C:\Windows\WinSxS\amd64_microsoft.windows.common-controls_6595b64144ccf1df_6.0.19041.1110_none_60b5254171f9507e;C:\Program Files (x86)\360\Total Security\safemon;C:\Program Files\Java\jdk-19\bin\server;C:\Users\User\.gradle\native\68d5fa5c4cc2d200863cafc0d521ce42e7d3e7ee720ec0a83991735586a16f82\windows-amd64

VM Arguments:
jvm_args: -Dorg.gradle.appname=gradlew 
java_command: org.gradle.wrapper.GradleWrapperMain -q -Ptarget-platform=android-x86 -Ptarget=E:\ss\flutter\zflutter project\final_project\lib\main.dart -Pbase-application-name=android.app.Application -Pdart-defines=Zmx1dHRlci5pbnNwZWN0b3Iuc3RydWN0dXJlZEVycm9ycz10cnVl,RkxVVFRFUl9XRUJfQVVUT19ERVRFQ1Q9dHJ1ZQ==,RkxVVFRFUl9XRUJfQ0FOVkFTS0lUX1VSTD1odHRwczovL3d3dy5nc3RhdGljLmNvbS9mbHV0dGVyLWNhbnZhc2tpdC9iNGZiMTEyMTRkZDJkZGE2Y2UwMTJkZDk4ZWE0OThlOWU4YjkxMjYyLw== -Pdart-obfuscation=false -Ptrack-widget-creation=true -Ptree-shake-icons=false -Pfilesystem-scheme=org-dartlang-root assembleDebug
java_class_path (initial): E:\ss\flutter\zflutter project\final_project\android\\gradle\wrapper\gradle-wrapper.jar
Launcher Type: SUN_STANDARD

[Global flags]
     intx CICompilerCount                          = 4                                         {product} {ergonomic}
     uint ConcGCThreads                            = 2                                         {product} {ergonomic}
     uint G1ConcRefinementThreads                  = 8                                         {product} {ergonomic}
   size_t G1HeapRegionSize                         = 1048576                                   {product} {ergonomic}
    uintx GCDrainStackTargetSize                   = 64                                        {product} {ergonomic}
   size_t InitialHeapSize                          = 134217728                                 {product} {ergonomic}
   size_t MarkStackSize                            = 4194304                                   {product} {ergonomic}
   size_t MaxHeapSize                              = 2116026368                                {product} {ergonomic}
   size_t MaxNewSize                               = 1268776960                                {product} {ergonomic}
   size_t MinHeapDeltaBytes                        = 1048576                                   {product} {ergonomic}
   size_t MinHeapSize                              = 8388608                                   {product} {ergonomic}
    uintx NonNMethodCodeHeapSize                   = 5839372                                {pd product} {ergonomic}
    uintx NonProfiledCodeHeapSize                  = 122909434                              {pd product} {ergonomic}
    uintx ProfiledCodeHeapSize                     = 122909434                              {pd product} {ergonomic}
    uintx ReservedCodeCacheSize                    = 251658240                              {pd product} {ergonomic}
     bool SegmentedCodeCache                       = true                                      {product} {ergonomic}
   size_t SoftMaxHeapSize                          = 2116026368                             {manageable} {ergonomic}
     bool UseCompressedClassPointers               = true                           {product lp64_product} {ergonomic}
     bool UseCompressedOops                        = true                           {product lp64_product} {ergonomic}
     bool UseG1GC                                  = true                                      {product} {ergonomic}
     bool UseLargePagesIndividualAllocation        = false                                  {pd product} {ergonomic}

Logging:
Log output configuration:
 #0: stdout all=warning uptime,level,tags foldmultilines=false
 #1: stderr all=off uptime,level,tags foldmultilines=false

Environment Variables:
JAVA_HOME=C:\Program Files\Java\jdk-19
CLASSPATH=E:\ss\flutter\zflutter project\final_project\android\\gradle\wrapper\gradle-wrapper.jar
PATH=C:\Program Files\Common Files\Oracle\Java\javapath;C:\Program Files (x86)\Common Files\Oracle\Java\javapath;C:\Windows\system32;C:\Windows;C:\Windows\System32\Wbem;C:\Windows\System32\WindowsPowerShell\v1.0\;C:\Windows\System32\OpenSSH\;"C:\src\flutter\bin;";"C:\Program Files\Dart\dart-sdk\bin;";C:\Program Files\Git\cmd;C:\Users\User\anaconda3\Lib\venv\scripts\nt;C:\Users\User\AppData\Local\Programs\Python\Python311;C:\Program Files\nodejs\;C:\Users\User\AppData\Local\Microsoft\WindowsApps;"C:\Program Files\Dart\dart-sdk\bin;";"C:\src\flutter\bin;";C:\Users\User\AppData\Local\Programs\Microsoft VS Code\bin;C:\Users\User\AppData\Local\Programs\Python\Python311;C:\src\flutter\bin;C:\Users\User\AppData\Roaming\npm;;C:\src\flutter\bin\mingit\cmd
USERNAME=User
OS=Windows_NT
PROCESSOR_IDENTIFIER=Intel64 Family 6 Model 142 Stepping 12, GenuineIntel
TMP=C:\Users\User\AppData\Local\Temp
TEMP=C:\Users\User\AppData\Local\Temp



---------------  S Y S T E M  ---------------

OS:
 Windows 10 , 64 bit Build 19041 (10.0.19041.3031)
OS uptime: 1 days 22:17 hours

CPU: total 8 (initial active 8) (4 cores per cpu, 2 threads per core) family 6 model 142 stepping 12 microcode 0xb8, cx8, cmov, fxsr, ht, mmx, 3dnowpref, sse, sse2, sse3, ssse3, sse4.1, sse4.2, popcnt, lzcnt, tsc, tscinvbit, avx, avx2, aes, erms, clmul, bmi1, bmi2, adx, fma, vzeroupper, clflush, clflushopt, rdtscp

Memory: 4k page, system-wide physical 8068M (311M free)
TotalPageFile size 18067M (AvailPageFile size 0M)
current process WorkingSet (physical memory assigned to process): 55M, peak: 98M
current process commit charge ("private bytes"): 236M, peak: 241M

vm_info: Java HotSpot(TM) 64-Bit Server VM (19+36-2238) for windows-amd64 JRE (19+36-2238), built on 2022-08-12T20:29:01Z by "mach5one" with MS VC++ 17.1 (VS2022)

END.
